{"data":{"created_at":"2024-03-26T00:00:42.588Z","data":{"buyer":{"id":"e551ace9-b10d-47a3-8c60-cdb7ccbb7f89","username":"TigerLyeTKO"},"droid":{"name":"OU637"},"seller":{"id":"589786c4-fb3b-4734-8f02-db58818bfef1","username":"cangshu888"},"price":"0.91"},"id":"af3e8e86-3c51-47de-9db4-5fecc60f4eeb","activity_type":"DROID_BOUGHT","topic":null,"event":"activity-feed"}}
{"data":{"created_at":"2024-03-26T00:00:52.822Z","data":{"buyer":{"id":"e551ace9-b10d-47a3-8c60-cdb7ccbb7f89","username":"TigerLyeTKO"},"droid":{"name":"TU121"},"seller":{"id":"589786c4-fb3b-4734-8f02-db58818bfef1","username":"cangshu888"},"price":"0.91"},"id":"b762c0f2-fbf8-4ec8-912f-fb68b38c0ea1","activity_type":"DROID_BOUGHT","topic":null,"event":"activity-feed"}}
{"data":{"created_at":"2024-03-26T00:00:53.675Z","data":{"buyer":{"id":"e551ace9-b10d-47a3-8c60-cdb7ccbb7f89","username":"TigerLyeTKO"},"droid":{"name":"BZ464"},"seller":{},"price":"0.91"},"id":"961d4e7b-8cb8-441c-933c-f49b07c0e245","activity_type":"DROID_BOUGHT","topic":null,"event":"activity-feed"}}
{"data":{"id":"254aa347-606c-473c-b7ca-c214630ea062","activity_type":"NEW_LANDFIELD_BOUGHT","data":{"buyer":{},"landfield":{"tilesCount":4,"country":"Senegal","landfieldTier":2}},"created_at":"2024-03-26 00:01:01.174166"}}
{"data":{"created_at":"2024-03-26T00:01:04.307Z","data":{"buyer":{"id":"e551ace9-b10d-47a3-8c60-cdb7ccbb7f89","username":"TigerLyeTKO"},"droid":{"name":"HJ642"},"seller":{},"price":"0.92"},"id":"db418b6e-b1fd-4b9d-b060-43ca63061df9","activity_type":"DROID_BOUGHT","topic":null,"event":"activity-feed"}}
{"data":{"created_at":"2024-03-26T00:01:15.413Z","data":{"buyer":{"id":"e551ace9-b10d-47a3-8c60-cdb7ccbb7f89","username":"TigerLyeTKO"},"droid":{"name":"YF613 AUR"},"seller":{},"price":"0.92"},"id":"700b4a64-8ea7-4f25-b7b4-2eb1f60a8357","activity_type":"DROID_BOUGHT","topic":null,"event":"activity-feed"}}
{"data":{"created_at":"2024-03-26T00:01:32.202Z","data":{"buyer":{"id":"e551ace9-b10d-47a3-8c60-cdb7ccbb7f89","username":"TigerLyeTKO"},"droid":{"name":"SQ987 AUR"},"seller":{},"price":"0.92"},"id":"05fe6f0f-41bd-493e-aa20-d185f65bb42e","activity_type":"DROID_BOUGHT","topic":null,"event":"activity-feed"}}
{"data":{"created_at":"2024-03-26T00:01:40.165Z","data":{"buyer":{"id":"e551ace9-b10d-47a3-8c60-cdb7ccbb7f89","username":"TigerLyeTKO"},"droid":{"name":"FD365 AUR"},"seller":{},"price":"0.92"},"id":"3de89f6b-648b-452c-8e38-e5178d6b7368","activity_type":"DROID_BOUGHT","topic":null,"event":"activity-feed"}}
{"data":{"created_at":"2024-03-26T00:01:49.388Z","data":{"buyer":{"id":"e551ace9-b10d-47a3-8c60-cdb7ccbb7f89","username":"TigerLyeTKO"},"droid":{"name":"DL661 AUR"},"seller":{},"price":"0.92"},"id":"6cbd1aa7-512d-486e-845a-7116f97b4fb9","activity_type":"DROID_BOUGHT","topic":null,"event":"activity-feed"}}
{"data":{"created_at":"2024-03-26T00:01:56.806Z","data":{"buyer":{"id":"e551ace9-b10d-47a3-8c60-cdb7ccbb7f89","username":"TigerLyeTKO"},"droid":{"name":"BV356 AUR"},"seller":{},"price":"0.92"},"id":"a98ea280-0106-480a-970b-35be517d9f2a","activity_type":"DROID_BOUGHT","topic":null,"event":"activity-feed"}}
{"data":{"created_at":"2024-03-26T00:02:05.045Z","data":{"buyer":{"id":"e551ace9-b10d-47a3-8c60-cdb7ccbb7f89","username":"TigerLyeTKO"},"droid":{"name":"EU886 AUR"},"seller":{},"price":"0.92"},"id":"61389264-2e02-48bd-9745-5833302e0cdd","activity_type":"DROID_BOUGHT","topic":null,"event":"activity-feed"}}
{"data":{"id":"c815722f-d638-474a-b8a2-1dc756fa5c55","activity_type":"NEW_LANDFIELD_BOUGHT","data":{"buyer":{},"landfield":{"tilesCount":4,"country":"Gabon","landfieldTier":2}},"created_at":"2024-03-26 00:02:15.225093"}}
{"data":{"created_at":"2024-03-26T00:02:19.510Z","data":{"buyer":{"id":"e551ace9-b10d-47a3-8c60-cdb7ccbb7f89","username":"TigerLyeTKO"},"droid":{"name":"WU769 AUR"},"seller":{},"price":"0.92"},"id":"61985dde-690e-4d63-8561-ed4050242c60","activity_type":"DROID_BOUGHT","topic":null,"event":"activity-feed"}}
{"data":{"created_at":"2024-03-26T00:02:28.763Z","data":{"buyer":{},"droid":{"name":"CM-PHANTOM"},"seller":{"id":"404d805b-0fc0-4570-b37a-a8c23afbe10a","username":"F3R"},"price":"0.59"},"id":"0ce1b538-5750-4152-9035-d491aec45182","activity_type":"DROID_BOUGHT","topic":null,"event":"activity-feed"}}
{"data":{"created_at":"2024-03-26T00:02:34.430Z","data":{"buyer":{"id":"e551ace9-b10d-47a3-8c60-cdb7ccbb7f89","username":"TigerLyeTKO"},"droid":{"name":"AI183 AUR"},"seller":{},"price":"0.92"},"id":"99cce550-c837-456e-9ce4-a00d7f080c4e","activity_type":"DROID_BOUGHT","topic":null,"event":"activity-feed"}}
{"data":{"created_at":"2024-03-26T00:02:41.172Z","data":{"buyer":{},"civilian":{"name":"IUA-SF-CT1-M1"},"seller":{},"price":"0.64"},"id":"634a9fc9-b2f0-4199-8796-83fa74529f1b","activity_type":"CIVILIAN_BOUGHT","topic":null,"event":"activity-feed"}}
{"data":{"created_at":"2024-03-26T00:02:42.832Z","data":{"buyer":{"id":"e551ace9-b10d-47a3-8c60-cdb7ccbb7f89","username":"TigerLyeTKO"},"droid":{"name":"AN849 AUR"},"seller":{},"price":"0.92"},"id":"3502358e-842b-4c99-9298-d3045dc9c078","activity_type":"DROID_BOUGHT","topic":null,"event":"activity-feed"}}
{"data":{"id":"225406be-aaaa-4634-8e72-c86c2481579f","activity_type":"BID_DECLINED","data":{"buyer":{},"seller":{"id":"f7be46ad-9235-43ae-b47b-79ac02458971","username":"captpython007"},"landfield":{}},"created_at":"2024-03-26 00:02:58.476480"}}
{"data":{"created_at":"2024-03-26T00:03:26.616Z","data":{"offer":{"id":11182,"name":"A Cabana Hangout","full_price":"0.02"},"buyer":{"id":"07d2d995-bd62-4777-bcda-0e524b05dd6a","username":"MandMEnterprises"},"seller":{"id":"b7b0d4d8-f46c-4f10-8100-03eabf0a865c","username":"Setroc"}},"id":"81dc21fe-c0f5-4579-aa33-29c73a60b01e","activity_type":"BLUEPRINT_BOUGHT","topic":null,"event":"activity-feed"}}
{"data":{"created_at":"2024-03-26T00:03:57.448Z","data":{"buyer":{},"civilian":{"name":"OGJ-EG-ED1-M1"},"seller":{},"price":"0.52"},"id":"e2e8dbf4-eb27-4e39-b915-263f0d35c981","activity_type":"CIVILIAN_BOUGHT","topic":null,"event":"activity-feed"}}
{"data":{"id":"d3a800e2-bd74-4520-ad22-d800f77fabc4","activity_type":"NEW_LANDFIELD_BOUGHT","data":{"buyer":{},"landfield":{"tilesCount":4,"country":"Bahamas","landfieldTier":2}},"created_at":"2024-03-26 00:04:53.067179"}}
{"data":{"created_at":"2024-03-26T00:05:07.761Z","data":{"buyer":{},"civilian":{"name":"YWF-EG-CT1-M1"},"seller":{},"price":"0.62"},"id":"3cdb34ad-d127-4e5d-b301-088884467255","activity_type":"CIVILIAN_BOUGHT","topic":null,"event":"activity-feed"}}
{"data":{"created_at":"2024-03-26T00:05:32.367Z","data":{"buyer":{},"droid":{"name":"MY622"},"seller":{},"price":"0.73"},"id":"871cbd24-2a4f-4d00-98fd-258150c9e5d7","activity_type":"DROID_BOUGHT","topic":null,"event":"activity-feed"}}
{"data":{"created_at":"2024-03-26T00:05:46.563Z","data":{"offer":{"id":5084,"name":"Pyramid Wan -","full_price":"0.02"},"buyer":{"id":"07d2d995-bd62-4777-bcda-0e524b05dd6a","username":"MandMEnterprises"},"seller":{}},"id":"75a7aa8d-3ac0-45d2-bda4-75b18427d21c","activity_type":"BLUEPRINT_BOUGHT","topic":null,"event":"activity-feed"}}
{"data":{"created_at":"2024-03-26T00:06:08.998Z","data":{"buyer":{"id":"e551ace9-b10d-47a3-8c60-cdb7ccbb7f89","username":"TigerLyeTKO"},"droid":{"name":"HA402 AUR"},"seller":{},"price":"0.92"},"id":"77881bd7-1249-41cf-b5a6-8d14527b1929","activity_type":"DROID_BOUGHT","topic":null,"event":"activity-feed"}}
{"data":{"created_at":"2024-03-26T00:06:17.733Z","data":{"buyer":{"id":"e551ace9-b10d-47a3-8c60-cdb7ccbb7f89","username":"TigerLyeTKO"},"droid":{"name":"ZR535 AUR"},"seller":{},"price":"0.92"},"id":"8db026b4-5d4a-4deb-b515-6211f42978e8","activity_type":"DROID_BOUGHT","topic":null,"event":"activity-feed"}}
{"data":{"created_at":"2024-03-26T00:06:26.955Z","data":{"buyer":{"id":"e551ace9-b10d-47a3-8c60-cdb7ccbb7f89","username":"TigerLyeTKO"},"droid":{"name":"EO394 AUR"},"seller":{},"price":"0.92"},"id":"b74d42e9-d7f2-4772-a27e-3c79ccff6ee6","activity_type":"DROID_BOUGHT","topic":null,"event":"activity-feed"}}
{"data":{"created_at":"2024-03-26T00:06:40.172Z","data":{"buyer":{"id":"e551ace9-b10d-47a3-8c60-cdb7ccbb7f89","username":"TigerLyeTKO"},"droid":{"name":"KG769 AUR"},"seller":{},"price":"0.92"},"id":"69f98153-192c-4e20-81f9-0cc9d7ec93cc","activity_type":"DROID_BOUGHT","topic":null,"event":"activity-feed"}}
{"data":{"id":"0e6b040f-d5de-4106-9937-d36e31017d5b","activity_type":"BID_PLACED","data":{"buyer":{"id":"c76883c7-f34e-4fc0-b197-de29e32521eb","username":"LaD"},"seller":{"id":"4ff1687d-d89f-467e-a0c3-9028e05e17ee","username":"Alamicrodev"},"landfield":{"id":"f63db8ad-16c7-4688-a8ed-6ff1b638862b","location":"Uvea, Wallis and Futuna"}},"created_at":"2024-03-26 00:07:02.374990"}}
{"data":{"created_at":"2024-03-26T00:07:32.969Z","data":{"buyer":{},"civilian":{"name":"PJQ-SF-RC1-M1"},"seller":{},"price":"0.71"},"id":"974b6bbc-3888-451c-a87c-ced2e2dce5be","activity_type":"CIVILIAN_BOUGHT","topic":null,"event":"activity-feed"}}
{"data":{"id":"0faa27d3-d995-4892-9431-a5df2a2f1895","activity_type":"NEW_LANDFIELD_BOUGHT","data":{"buyer":{},"landfield":{"tilesCount":4,"country":"Zimbabwe","landfieldTier":3}},"created_at":"2024-03-26 00:08:28.079353"}}
{"data":{"id":"79ff88af-246b-4a8f-8550-35238ee0abc3","activity_type":"NEW_LANDFIELD_BOUGHT","data":{"buyer":{},"landfield":{"tilesCount":4,"country":"Zimbabwe","landfieldTier":3}},"created_at":"2024-03-26 00:08:28.221496"}}
{"data":{"id":"d9aa1b1d-747a-41ba-af02-0071dc5ac9f4","activity_type":"NEW_LANDFIELD_BOUGHT","data":{"buyer":{},"landfield":{"tilesCount":4,"country":"Zimbabwe","landfieldTier":3}},"created_at":"2024-03-26 00:08:28.304769"}}
{"data":{"id":"a4fecb1e-a8bb-4339-8bb2-f79109fd88ff","activity_type":"NEW_LANDFIELD_BOUGHT","data":{"buyer":{},"landfield":{"tilesCount":4,"country":"Zimbabwe","landfieldTier":3}},"created_at":"2024-03-26 00:08:28.544087"}}
{"data":{"id":"91e3cd4b-38bd-4db6-868c-727c4b9be346","activity_type":"NEW_LANDFIELD_BOUGHT","data":{"buyer":{},"landfield":{"tilesCount":4,"country":"Zimbabwe","landfieldTier":3}},"created_at":"2024-03-26 00:08:28.782865"}}
{"data":{"id":"a92d299b-3b29-4cc7-a658-54f16c9f0109","activity_type":"NEW_LANDFIELD_BOUGHT","data":{"buyer":{},"landfield":{"tilesCount":4,"country":"Zimbabwe","landfieldTier":3}},"created_at":"2024-03-26 00:08:29.076664"}}
{"data":{"id":"67b1848a-63d0-4c30-8145-4eabf1b3a24d","activity_type":"NEW_LANDFIELD_BOUGHT","data":{"buyer":{},"landfield":{"tilesCount":4,"country":"Zimbabwe","landfieldTier":3}},"created_at":"2024-03-26 00:08:29.573669"}}
{"data":{"id":"6bd3602d-9bea-4727-a9d7-fca0d54dcace","activity_type":"BID_PLACED","data":{"buyer":{"id":"c76883c7-f34e-4fc0-b197-de29e32521eb","username":"LaD"},"seller":{"id":"4ff1687d-d89f-467e-a0c3-9028e05e17ee","username":"Alamicrodev"},"landfield":{"id":"8258f746-1df4-4b8a-b178-82ee9c029b69","location":"Uvea, Wallis and Futuna"}},"created_at":"2024-03-26 00:09:19.993822"}}
{"data":{"created_at":"2024-03-26T00:09:50.975Z","data":{"offer":{"id":10114,"name":"Large CASTLE Version 2","full_price":"0.02"},"buyer":{"id":"07d2d995-bd62-4777-bcda-0e524b05dd6a","username":"MandMEnterprises"},"seller":{"id":"52eda062-542d-4f03-9337-c477312e9570","username":"DeanoDorkslayer007"}},"id":"fbe25302-d912-456f-b5ae-823e33c9ab2f","activity_type":"BLUEPRINT_BOUGHT","topic":null,"event":"activity-feed"}}
{"data":{"id":"2fdeef54-332d-4493-9dcd-15ca270ffe8f","activity_type":"BID_ACCEPTED","data":{"anonymous":true},"created_at":"2024-03-26 00:09:52.909630"}}
{"data":{"id":"a934ab90-b48d-425f-8fa3-c069dafbec6e","activity_type":"BID_PLACED","data":{"buyer":{},"seller":{"id":"a1110314-ebfa-4df7-97f8-ed6375382757","username":"user083441"},"landfield":{}},"created_at":"2024-03-26 00:09:57.768600"}}
{"data":{"created_at":"2024-03-26T00:10:09.615Z","data":{"buyer":{},"droid":{"name":"CW-TENTACLE"},"seller":{"id":"404d805b-0fc0-4570-b37a-a8c23afbe10a","username":"F3R"},"price":"1.85"},"id":"d74c8000-5ab9-4846-aaac-b2eeb1b4135c","activity_type":"DROID_BOUGHT","topic":null,"event":"activity-feed"}}
{"data":{"created_at":"2024-03-26T00:10:16.636Z","data":{"buyer":{},"droid":{"name":"LS-NEBULA"},"seller":{"id":"404d805b-0fc0-4570-b37a-a8c23afbe10a","username":"F3R"},"price":"1.85"},"id":"d61b13ee-7ece-4c5d-a020-845ab247238b","activity_type":"DROID_BOUGHT","topic":null,"event":"activity-feed"}}
{"data":{"created_at":"2024-03-26T00:10:55.042Z","data":{"buyer":{},"droid":{"name":"BV-DUNE"},"seller":{"id":"404d805b-0fc0-4570-b37a-a8c23afbe10a","username":"F3R"},"price":"0.59"},"id":"a5f33ede-b7d2-46ad-924b-aa5488134e30","activity_type":"DROID_BOUGHT","topic":null,"event":"activity-feed"}}
{"data":{"created_at":"2024-03-26T00:11:03.008Z","data":{"buyer":{},"droid":{"name":"FL-FLOAT"},"seller":{"id":"404d805b-0fc0-4570-b37a-a8c23afbe10a","username":"F3R"},"price":"0.59"},"id":"78ce052f-90e4-4942-b3fc-b9c9ee8146a9","activity_type":"DROID_BOUGHT","topic":null,"event":"activity-feed"}}
{"data":{"created_at":"2024-03-26T00:11:11.873Z","data":{"buyer":{},"droid":{"name":"IC-LINTERN"},"seller":{"id":"404d805b-0fc0-4570-b37a-a8c23afbe10a","username":"F3R"},"price":"0.59"},"id":"2203e9ff-fceb-4c8f-b2ac-4a87e64ac0b6","activity_type":"DROID_BOUGHT","topic":null,"event":"activity-feed"}}
{"data":{"created_at":"2024-03-26T00:11:21.391Z","data":{"buyer":{},"droid":{"name":"JN-DUNE"},"seller":{"id":"404d805b-0fc0-4570-b37a-a8c23afbe10a","username":"F3R"},"price":"0.59"},"id":"7ba3bd62-7a39-4a34-9627-1ff1befb81b6","activity_type":"DROID_BOUGHT","topic":null,"event":"activity-feed"}}
{"data":{"created_at":"2024-03-26T00:11:28.715Z","data":{"buyer":{},"droid":{"name":"KJ-ROTOBOT"},"seller":{"id":"404d805b-0fc0-4570-b37a-a8c23afbe10a","username":"F3R"},"price":"0.59"},"id":"06158282-cb2d-4b31-af8a-fc767962829f","activity_type":"DROID_BOUGHT","topic":null,"event":"activity-feed"}}
{"data":{"created_at":"2024-03-26T00:11:36.700Z","data":{"buyer":{},"droid":{"name":"JV-DUNE"},"seller":{"id":"404d805b-0fc0-4570-b37a-a8c23afbe10a","username":"F3R"},"price":"0.59"},"id":"c8805324-78d9-4e21-a9f6-766cdabff64d","activity_type":"DROID_BOUGHT","topic":null,"event":"activity-feed"}}
{"data":{"created_at":"2024-03-26T00:11:41.770Z","data":{"offer":{"id":103331,"name":"Amfia-theatre","full_price":"0.02"},"buyer":{"id":"07d2d995-bd62-4777-bcda-0e524b05dd6a","username":"MandMEnterprises"},"seller":{"id":"55d15743-14b6-446f-bdcc-eb96a89ea539","username":"Asweed"}},"id":"eaca5e38-e844-455b-8906-d1a0a4174230","activity_type":"BLUEPRINT_BOUGHT","topic":null,"event":"activity-feed"}}
{"data":{"created_at":"2024-03-26T00:11:44.540Z","data":{"buyer":{},"droid":{"name":"LD4-SEEKER"},"seller":{"id":"404d805b-0fc0-4570-b37a-a8c23afbe10a","username":"F3R"},"price":"0.59"},"id":"9a03a619-6454-431a-a83c-08b5da0b3942","activity_type":"DROID_BOUGHT","topic":null,"event":"activity-feed"}}
{"data":{"id":"fa928e36-c0e3-4d01-8504-765f7fbd27a2","activity_type":"BID_PLACED","data":{"buyer":{"id":"c76883c7-f34e-4fc0-b197-de29e32521eb","username":"LaD"},"seller":{"id":"4ff1687d-d89f-467e-a0c3-9028e05e17ee","username":"Alamicrodev"},"landfield":{"id":"5c0b8f35-6457-4539-aa1e-ecba725c5716","location":"Pago Pago, Western, American Samoa"}},"created_at":"2024-03-26 00:11:49.402866"}}
{"data":{"created_at":"2024-03-26T00:11:55.128Z","data":{"buyer":{},"droid":{"name":"MS-GOLEM"},"seller":{"id":"404d805b-0fc0-4570-b37a-a8c23afbe10a","username":"F3R"},"price":"0.59"},"id":"6aeeb6be-9476-4bd2-b912-0524f500c4e9","activity_type":"DROID_BOUGHT","topic":null,"event":"activity-feed"}}
{"data":{"created_at":"2024-03-26T00:11:58.017Z","data":{"offer":{"id":32974,"name":"Sky-scraper Hotel","full_price":"0.02"},"buyer":{"id":"07d2d995-bd62-4777-bcda-0e524b05dd6a","username":"MandMEnterprises"},"seller":{}},"id":"73d7fbfe-5796-414f-a620-9b00219fb547","activity_type":"BLUEPRINT_BOUGHT","topic":null,"event":"activity-feed"}}
{"data":{"created_at":"2024-03-26T00:12:04.731Z","data":{"buyer":{},"droid":{"name":"NB-GOLEM"},"seller":{"id":"404d805b-0fc0-4570-b37a-a8c23afbe10a","username":"F3R"},"price":"0.59"},"id":"4af6fe3c-a9ce-46f0-83a9-2337391c64f5","activity_type":"DROID_BOUGHT","topic":null,"event":"activity-feed"}}
{"data":{"created_at":"2024-03-26T00:12:44.742Z","data":{"offer":{"id":13192,"name":"Tree 2 by FleviussS","full_price":"0.02"},"buyer":{"id":"07d2d995-bd62-4777-bcda-0e524b05dd6a","username":"MandMEnterprises"},"seller":{}},"id":"55da1b0f-98a2-4bc0-a474-30a18ecae358","activity_type":"BLUEPRINT_BOUGHT","topic":null,"event":"activity-feed"}}
{"data":{"created_at":"2024-03-26T00:13:44.010Z","data":{"buyer":{},"civilian":{"name":"MWN-EG-RC1-M1"},"seller":{},"price":"1.09"},"id":"c7d3a3ce-e0fa-43f9-a964-4d3afb6818b3","activity_type":"CIVILIAN_BOUGHT","topic":null,"event":"activity-feed"}}
{"data":{"created_at":"2024-03-26T00:14:13.970Z","data":{"buyer":{},"civilian":{"name":"FGT-EG-RC1-M1"},"seller":{},"price":"1.1"},"id":"dd4f6cf4-1ca2-43f5-9a20-56c8a9980342","activity_type":"CIVILIAN_BOUGHT","topic":null,"event":"activity-feed"}}
{"data":{"created_at":"2024-03-26T00:14:21.558Z","data":{"buyer":{},"civilian":{"name":"NSE-EG-RC1-M1"},"seller":{},"price":"1.1"},"id":"6dc65658-afa7-4ada-94c7-d872a2275baf","activity_type":"CIVILIAN_BOUGHT","topic":null,"event":"activity-feed"}}
{"data":{"id":"7e07a0b8-645f-447d-a9a8-3548ab98af20","activity_type":"NEW_LANDFIELD_BOUGHT","data":{"buyer":{"id":"0b6d762a-d260-4031-bbcd-ed666cdbed06","username":"faalarconh"},"landfield":{"tilesCount":4,"id":"a04970b6-440f-4b30-b3a0-388febe806ab","location":"Medellín, Antioquia, Colombia","country":"Colombia","landfieldTier":2}},"created_at":"2024-03-26 00:14:32.109172"}}
{"data":{"id":"939f13fa-ad23-49fc-8bf7-d363ae54311e","activity_type":"NEW_LANDFIELD_BOUGHT","data":{"buyer":{"id":"0b6d762a-d260-4031-bbcd-ed666cdbed06","username":"faalarconh"},"landfield":{"tilesCount":4,"id":"493eb4c5-eaca-4a45-a91c-832710d3a53b","location":"Medellín, Antioquia, Colombia","country":"Colombia","landfieldTier":2}},"created_at":"2024-03-26 00:14:32.229484"}}
{"data":{"id":"1384563c-38af-41f1-93d2-018c59327f00","activity_type":"NEW_LANDFIELD_BOUGHT","data":{"buyer":{"id":"0b6d762a-d260-4031-bbcd-ed666cdbed06","username":"faalarconh"},"landfield":{"tilesCount":4,"id":"a9cfb10a-0515-44b6-96ee-fdd33e10a216","location":"Medellín, Antioquia, Colombia","country":"Colombia","landfieldTier":2}},"created_at":"2024-03-26 00:14:32.357367"}}
{"data":{"id":"da7b8ff4-1739-447b-bd7e-82d2b398c73a","activity_type":"NEW_LANDFIELD_BOUGHT","data":{"buyer":{"id":"0b6d762a-d260-4031-bbcd-ed666cdbed06","username":"faalarconh"},"landfield":{"tilesCount":4,"id":"90fdebd3-172f-4274-849d-a15ba30305c7","location":"Medellín, Antioquia, Colombia","country":"Colombia","landfieldTier":2}},"created_at":"2024-03-26 00:14:32.486701"}}
{"data":{"id":"e212ce2e-118e-46b3-9d81-d5403a3f37a0","activity_type":"NEW_LANDFIELD_BOUGHT","data":{"buyer":{"id":"0b6d762a-d260-4031-bbcd-ed666cdbed06","username":"faalarconh"},"landfield":{"tilesCount":4,"id":"50320fb5-079a-4b9c-8c63-f6f08c3e0553","location":"Medellín, Antioquia, Colombia","country":"Colombia","landfieldTier":2}},"created_at":"2024-03-26 00:14:32.804087"}}
{"data":{"id":"26dbb23f-48bd-464d-b1e8-99867ddb72cb","activity_type":"BID_PLACED","data":{"buyer":{},"seller":{"id":"ec7d5e4e-5f96-45f5-ac35-a96b25ac5f93","username":"𝒜𝓃ℴ𝓃𝓎𝓂0𝓊𝓈"},"landfield":{}},"created_at":"2024-03-26 00:15:00.006255"}}
{"data":{"created_at":"2024-03-26T00:15:00.371Z","data":{"buyer":{},"civilian":{"name":"GFS-EG-RC1-M1"},"seller":{},"price":"1.1"},"id":"cff6f151-0b5b-43e2-819e-7fda5c1c46ae","activity_type":"CIVILIAN_BOUGHT","topic":null,"event":"activity-feed"}}
{"data":{"id":"13189e7d-4c2e-4f81-a4bd-2733e67b88c0","activity_type":"BID_PLACED","data":{"buyer":{},"seller":{"id":"ec7d5e4e-5f96-45f5-ac35-a96b25ac5f93","username":"𝒜𝓃ℴ𝓃𝓎𝓂0𝓊𝓈"},"landfield":{}},"created_at":"2024-03-26 00:15:15.438369"}}
{"data":{"id":"edd54420-aa7f-437a-ab5f-791e37f9ffe7","activity_type":"NEW_LANDFIELD_BOUGHT","data":{"buyer":{},"landfield":{"tilesCount":4,"country":"Bahamas","landfieldTier":2}},"created_at":"2024-03-26 00:15:16.490091"}}
{"data":{"id":"fcd6d492-60a8-4bd7-937d-eeb6935ca3e1","activity_type":"BID_PLACED","data":{"buyer":{},"seller":{"id":"ec7d5e4e-5f96-45f5-ac35-a96b25ac5f93","username":"𝒜𝓃ℴ𝓃𝓎𝓂0𝓊𝓈"},"landfield":{}},"created_at":"2024-03-26 00:15:30.069576"}}
{"data":{"id":"19e8ad95-c3f2-44d6-a7a1-b5413ba36169","activity_type":"EXISTING_LANDFIELD_BOUGHT","data":{"seller":{},"buyer":{},"landfield":{"tilesCount":4,"country":"Nicaragua","landfieldTier":3}},"created_at":"2024-03-26 00:15:46.113638"}}
{"data":{"id":"ed174ca2-e836-4118-8b88-7cf600818302","activity_type":"EXISTING_LANDFIELD_BOUGHT","data":{"seller":{},"buyer":{},"landfield":{"tilesCount":4,"country":"Nicaragua","landfieldTier":3}},"created_at":"2024-03-26 00:16:01.992039"}}
{"data":{"created_at":"2024-03-26T00:16:08.979Z","data":{"buyer":{},"droid":{"name":"KN855"},"seller":{},"price":"0.73"},"id":"bd480580-4226-4ac2-9395-f0fb18dd4774","activity_type":"DROID_BOUGHT","topic":null,"event":"activity-feed"}}
{"data":{"id":"b75db356-9add-4543-8256-1542a0305695","activity_type":"BID_PLACED","data":{"buyer":{},"seller":{"id":"ec7d5e4e-5f96-45f5-ac35-a96b25ac5f93","username":"𝒜𝓃ℴ𝓃𝓎𝓂0𝓊𝓈"},"landfield":{}},"created_at":"2024-03-26 00:16:16.125087"}}
{"data":{"created_at":"2024-03-26T00:16:24.239Z","data":{"buyer":{},"civilian":{"name":"IGD-SF-RC1-M1"},"seller":{},"price":"0.1"},"id":"62da3713-f437-4c36-ac3b-6aaa5bc3856b","activity_type":"CIVILIAN_BOUGHT","topic":null,"event":"activity-feed"}}
{"data":{"created_at":"2024-03-26T00:16:31.673Z","data":{"buyer":{},"civilian":{"name":"IVS-SF-RC1-M1"},"seller":{},"price":"0.1"},"id":"0561db73-eaf9-4efc-b0e2-417a90d3a321","activity_type":"CIVILIAN_BOUGHT","topic":null,"event":"activity-feed"}}
{"data":{"created_at":"2024-03-26T00:18:21.609Z","data":{"buyer":{"id":"b05afbbb-eae9-4a0c-aa0d-423679c1e78a","username":"mont"},"jewel":{"color_name":"GREY","is_crafted":false,"level":1,"name":"Common Prime Grey Jewel","quality_level":"COMMON"},"seller":{},"price":"0.05"},"id":"c6653a2f-a8ec-40d7-933d-f2f3f4f8ae41","activity_type":"JEWEL_BOUGHT","topic":null,"event":"activity-feed"}}
{"data":{"id":"6addb0f9-9efc-4da7-97a2-f18387d98273","activity_type":"BID_DECLINED","data":{"buyer":{},"seller":{"id":"7f7693a7-2aee-4315-855e-736f9bca0a7f","username":"papatia"},"landfield":{}},"created_at":"2024-03-26 00:18:48.557196"}}
{"data":{"created_at":"2024-03-26T00:18:51.932Z","data":{"buyer":{"id":"b05afbbb-eae9-4a0c-aa0d-423679c1e78a","username":"mont"},"jewel":{"color_name":"GREEN","is_crafted":false,"level":1,"name":"Common Prime Green Jewel","quality_level":"COMMON"},"seller":{"id":"a4831a1a-e0bc-41ef-ac5f-43d255a121c0","username":"CodeAMOR"},"price":null},"id":"5744967d-42ff-4ebe-9861-c0f25ffa97cc","activity_type":"JEWEL_BOUGHT","topic":null,"event":"activity-feed"}}
{"data":{"created_at":"2024-03-26T00:18:52.157Z","data":{"buyer":{"id":"b05afbbb-eae9-4a0c-aa0d-423679c1e78a","username":"mont"},"jewel":{"color_name":"GREEN","is_crafted":false,"level":1,"name":"Common Prime Green Jewel","quality_level":"COMMON"},"seller":{},"price":"0.05"},"id":"46009625-2625-4ed3-a52c-969c5a988b08","activity_type":"JEWEL_BOUGHT","topic":null,"event":"activity-feed"}}
{"data":{"created_at":"2024-03-26T00:18:52.259Z","data":{"buyer":{"id":"b05afbbb-eae9-4a0c-aa0d-423679c1e78a","username":"mont"},"jewel":{"color_name":"GREEN","is_crafted":false,"level":1,"name":"Common Prime Green Jewel","quality_level":"COMMON"},"seller":{},"price":"0.05"},"id":"2e279aac-4c65-4c9b-9d09-2bbef92b3564","activity_type":"JEWEL_BOUGHT","topic":null,"event":"activity-feed"}}
{"data":{"created_at":"2024-03-26T00:18:52.324Z","data":{"buyer":{"id":"b05afbbb-eae9-4a0c-aa0d-423679c1e78a","username":"mont"},"jewel":{"color_name":"GREEN","is_crafted":false,"level":1,"name":"Common Prime Green Jewel","quality_level":"COMMON"},"seller":{},"price":"0.05"},"id":"0c78af31-2c9c-4bdc-bc8d-2078776bf416","activity_type":"JEWEL_BOUGHT","topic":null,"event":"activity-feed"}}
{"data":{"created_at":"2024-03-26T00:18:52.413Z","data":{"buyer":{"id":"b05afbbb-eae9-4a0c-aa0d-423679c1e78a","username":"mont"},"jewel":{"color_name":"GREEN","is_crafted":false,"level":1,"name":"Common Prime Green Jewel","quality_level":"COMMON"},"seller":{},"price":"0.05"},"id":"caa98637-2687-43e1-a111-be385902b24d","activity_type":"JEWEL_BOUGHT","topic":null,"event":"activity-feed"}}
{"data":{"created_at":"2024-03-26T00:18:52.484Z","data":{"buyer":{"id":"b05afbbb-eae9-4a0c-aa0d-423679c1e78a","username":"mont"},"jewel":{"color_name":"GREEN","is_crafted":false,"level":1,"name":"Common Prime Green Jewel","quality_level":"COMMON"},"seller":{},"price":"0.05"},"id":"4d54774f-080d-4561-a7e2-a4cc5be2aaa3","activity_type":"JEWEL_BOUGHT","topic":null,"event":"activity-feed"}}
{"data":{"created_at":"2024-03-26T00:18:52.529Z","data":{"buyer":{"id":"b05afbbb-eae9-4a0c-aa0d-423679c1e78a","username":"mont"},"jewel":{"color_name":"GREEN","is_crafted":false,"level":1,"name":"Common Prime Green Jewel","quality_level":"COMMON"},"seller":{},"price":"0.05"},"id":"73ff4cc6-9c6c-4b0b-b216-4e600f74a2f0","activity_type":"JEWEL_BOUGHT","topic":null,"event":"activity-feed"}}
{"data":{"id":"176f415d-0282-4de5-9743-12b2432f8374","activity_type":"EXISTING_LANDFIELD_BOUGHT","data":{"seller":{},"buyer":{},"landfield":{"tilesCount":135,"country":"Peru","landfieldTier":1}},"created_at":"2024-03-26 00:18:57.615424"}}
{"data":{"id":"6bf40a79-40eb-4b18-81b7-8cea12bd0992","activity_type":"NEW_LANDFIELD_BOUGHT","data":{"buyer":{},"landfield":{"tilesCount":4,"country":"Cayman Islands","landfieldTier":2}},"created_at":"2024-03-26 00:19:06.360367"}}
{"data":{"id":"4b0c13d3-b1e6-4d1a-9f53-20a02a7213ce","activity_type":"NEW_LANDFIELD_BOUGHT","data":{"buyer":{},"landfield":{"tilesCount":4,"country":"Cayman Islands","landfieldTier":2}},"created_at":"2024-03-26 00:19:35.887082"}}
{"data":{"created_at":"2024-03-26T00:20:12.027Z","data":{"buyer":{},"jewel":{"color_name":"ANTHRACITE","is_crafted":false,"level":1,"name":"Common Prime Anthracite Jewel","quality_level":"COMMON"},"seller":{"id":"b33a0d7b-bf52-4e35-a787-93d55298675d","username":"WestBromwichAlbionFC"},"price":"0.04"},"id":"9ffc7db2-fab8-4dbc-8e6b-e5f4c8c7e7a1","activity_type":"JEWEL_BOUGHT","topic":null,"event":"activity-feed"}}
{"data":{"created_at":"2024-03-26T00:20:13.884Z","data":{"buyer":{},"jewel":{"color_name":"ANTHRACITE","is_crafted":false,"level":1,"name":"Common Prime Anthracite Jewel","quality_level":"COMMON"},"seller":{"id":"b33a0d7b-bf52-4e35-a787-93d55298675d","username":"WestBromwichAlbionFC"},"price":"0.04"},"id":"ba28a47f-6bec-418f-817c-e6ddfdfa1605","activity_type":"JEWEL_BOUGHT","topic":null,"event":"activity-feed"}}
{"data":{"id":"ace2e034-bdfe-4cbe-bd59-3400536f5de5","activity_type":"NEW_LANDFIELD_BOUGHT","data":{"buyer":{},"landfield":{"tilesCount":4,"country":"Cayman Islands","landfieldTier":2}},"created_at":"2024-03-26 00:20:14.332678"}}
{"data":{"id":"eeb6d9b1-5801-4894-9d7f-41feefeab671","activity_type":"NEW_LANDFIELD_BOUGHT","data":{"buyer":{},"landfield":{"tilesCount":4,"country":"Cayman Islands","landfieldTier":2}},"created_at":"2024-03-26 00:20:49.364733"}}
{"data":{"id":"4ce83997-fb8c-4315-af88-c8217439bd37","activity_type":"NEW_LANDFIELD_BOUGHT","data":{"buyer":{},"landfield":{"tilesCount":4,"country":"Cayman Islands","landfieldTier":2}},"created_at":"2024-03-26 00:21:27.550331"}}
{"data":{"id":"42c4b446-167d-4f9b-9f18-dbd705402add","activity_type":"NEW_LANDFIELD_BOUGHT","data":{"buyer":{},"landfield":{"tilesCount":4,"country":"Cayman Islands","landfieldTier":2}},"created_at":"2024-03-26 00:21:57.361432"}}
{"data":{"id":"44a3734f-9fe1-406b-b14d-b249295985f7","activity_type":"NEW_LANDFIELD_BOUGHT","data":{"buyer":{},"landfield":{"tilesCount":4,"country":"Cayman Islands","landfieldTier":2}},"created_at":"2024-03-26 00:22:52.926206"}}
{"data":{"id":"8f74148f-85c6-42d6-a10a-118b2a084a6e","activity_type":"NEW_LANDFIELD_BOUGHT","data":{"buyer":{},"landfield":{"tilesCount":4,"country":"Cayman Islands","landfieldTier":2}},"created_at":"2024-03-26 00:23:26.697632"}}
{"data":{"created_at":"2024-03-26T00:23:39.775Z","data":{"landfield":{"id":"cd202e0b-81a8-4d4e-a2ed-4bb2724e849c","description":"Sadiola Gold Mine #1 ²"},"user":{"id":"07173eeb-96da-44f4-bf78-682db1e83f8f","username":"Morganix"}},"id":"ceef8bbe-bfc6-459f-8e90-84d360e26b11","activity_type":"EPL_RENAMED","topic":null,"event":"activity-feed"}}
{"data":{"created_at":"2024-03-26T00:23:48.290Z","data":{"buyer":{},"jewel":{"color_name":"GREEN","is_crafted":false,"level":1,"name":"Common Prime Green Jewel","quality_level":"COMMON"},"seller":{"id":"b33a0d7b-bf52-4e35-a787-93d55298675d","username":"WestBromwichAlbionFC"},"price":"0.04"},"id":"4c2eb841-bcd0-4732-9d9b-fa06cb9a201d","activity_type":"JEWEL_BOUGHT","topic":null,"event":"activity-feed"}}
{"data":{"id":"9d670b98-41e7-4b21-a127-c1c572728b0a","activity_type":"NEW_LANDFIELD_BOUGHT","data":{"buyer":{},"landfield":{"tilesCount":30,"country":"Turkey","landfieldTier":3}},"created_at":"2024-03-26 00:25:30.957478"}}
{"data":{"created_at":"2024-03-26T00:26:01.484Z","data":{"territory":{"code":"SH-TA","name":"Tristan da Cunha","center":[-12.263909,-37.106059]},"t1":0,"t2":0,"esnc":70,"value":70,"user":{}},"id":"88daa348-842d-41b4-bdd2-39fdd019598d","activity_type":"T3_VOTE_SUBMITTED","topic":"votes","event":"activity-feed"}}
{"data":{"created_at":"2024-03-26T00:26:23.166Z","data":{"buyer":{},"droid":{"name":"XM466"},"seller":{},"price":"0.73"},"id":"6a518af3-594c-4bfd-bfab-f97644c58358","activity_type":"DROID_BOUGHT","topic":null,"event":"activity-feed"}}
{"data":{"created_at":"2024-03-26T00:26:32.143Z","data":{"buyer":{},"droid":{"name":"GJ237"},"seller":{},"price":"0.73"},"id":"ef378c25-f823-4ddb-99bc-6adcef7fcff3","activity_type":"DROID_BOUGHT","topic":null,"event":"activity-feed"}}
{"data":{"created_at":"2024-03-26T00:26:39.039Z","data":{"buyer":{},"droid":{"name":"SH178"},"seller":{},"price":"0.73"},"id":"b97adec4-e143-4dbf-a59c-78305055f78d","activity_type":"DROID_BOUGHT","topic":null,"event":"activity-feed"}}
{"data":{"id":"bee7bf9c-e721-4ddc-8fb6-78fc130e0af1","activity_type":"NEW_LANDFIELD_BOUGHT","data":{"buyer":{},"landfield":{"tilesCount":4,"country":"Cayman Islands","landfieldTier":2}},"created_at":"2024-03-26 00:26:45.393417"}}
{"data":{"created_at":"2024-03-26T00:26:55.912Z","data":{"landfield":{"id":"628d0533-8201-40c9-bca3-4c636e4df2bd","description":"Siguiri Gold+Iron Mine ²"},"user":{"id":"07173eeb-96da-44f4-bf78-682db1e83f8f","username":"Morganix"}},"id":"18d9eebd-a453-44d0-a486-0476d0a1b508","activity_type":"EPL_PURCHASED","topic":null,"event":"activity-feed"}}
{"data":{"id":"d96f0406-88fa-4d00-bde8-317f44954047","activity_type":"NEW_LANDFIELD_BOUGHT","data":{"buyer":{},"landfield":{"tilesCount":4,"country":"Cayman Islands","landfieldTier":2}},"created_at":"2024-03-26 00:27:14.335320"}}
{"data":{"id":"79c66a1d-6644-4a0c-aae8-232e6984a8ba","activity_type":"NEW_LANDFIELD_BOUGHT","data":{"buyer":{},"landfield":{"tilesCount":4,"country":"Cayman Islands","landfieldTier":2}},"created_at":"2024-03-26 00:27:25.551047"}}
{"data":{"id":"ebccef94-3eaf-4700-a49e-fceadd12dfca","activity_type":"NEW_LANDFIELD_BOUGHT","data":{"buyer":{},"landfield":{"tilesCount":2,"country":"Israel","landfieldTier":3}},"created_at":"2024-03-26 00:28:19.243481"}}
{"data":{"id":"ad9559d5-5b6e-472e-9278-a9c2a7788883","activity_type":"BID_DECLINED","data":{"buyer":{"id":"8453088b-9581-43db-ac0b-47b139e1216e","username":"Cysmoke"},"seller":{"id":"e3a4f0e6-b6b7-4181-b840-432cab71df29","username":"simshong"},"landfield":{"id":"3500f3cc-b58f-4442-8f18-44e551f82f65","location":"Forest, Brussels-Capital, Belgium"}},"created_at":"2024-03-26 00:28:22.829448"}}
{"data":{"id":"d03a5722-523f-4adb-b328-44e4cdc885d4","activity_type":"NEW_LANDFIELD_BOUGHT","data":{"buyer":{},"landfield":{"tilesCount":1,"country":"French Polynesia","landfieldTier":2}},"created_at":"2024-03-26 00:28:24.924158"}}
{"data":{"id":"69f72a0a-7d5d-4ce2-880f-99fe67f9bd8a","activity_type":"NEW_LANDFIELD_BOUGHT","data":{"buyer":{},"landfield":{"tilesCount":4,"country":"Cayman Islands","landfieldTier":2}},"created_at":"2024-03-26 00:29:12.322446"}}
{"data":{"created_at":"2024-03-26T00:29:17.127Z","data":{"buyer":{},"droid":{"name":"CM181"},"seller":{},"price":"0.7"},"id":"41ff755c-2120-4ae4-b4f3-ed62d8dcb4de","activity_type":"DROID_BOUGHT","topic":null,"event":"activity-feed"}}
{"data":{"id":"f0aed7db-fb6c-4f56-ba0c-29210f7c1def","activity_type":"BID_DECLINED","data":{"buyer":{"id":"c76883c7-f34e-4fc0-b197-de29e32521eb","username":"LaD"},"seller":{"id":"4ff1687d-d89f-467e-a0c3-9028e05e17ee","username":"Alamicrodev"},"landfield":{"id":"5c0b8f35-6457-4539-aa1e-ecba725c5716","location":"Pago Pago, Western, American Samoa"}},"created_at":"2024-03-26 00:29:49.058845"}}
{"data":{"id":"20129a1d-7a4b-4838-81ec-c2655aecc1d6","activity_type":"NEW_LANDFIELD_BOUGHT","data":{"buyer":{},"landfield":{"tilesCount":4,"country":"Timor-Leste","landfieldTier":2}},"created_at":"2024-03-26 00:30:00.585059"}}
{"data":{"id":"4e47833b-09f6-489a-9d01-1378269d829a","activity_type":"NEW_LANDFIELD_BOUGHT","data":{"buyer":{},"landfield":{"tilesCount":4,"country":"Timor-Leste","landfieldTier":2}},"created_at":"2024-03-26 00:30:10.795430"}}
{"data":{"created_at":"2024-03-26T00:30:10.872Z","data":{"buyer":{},"droid":{"name":"KA639"},"seller":{},"price":"0.7"},"id":"4f86eca1-3e9e-445d-9867-8f36df0eb69e","activity_type":"DROID_BOUGHT","topic":null,"event":"activity-feed"}}
{"data":{"id":"1a2dfef1-6668-4dfe-b604-bf2b515e581b","activity_type":"NEW_LANDFIELD_BOUGHT","data":{"buyer":{},"landfield":{"tilesCount":4,"country":"Belgium","landfieldTier":2}},"created_at":"2024-03-26 00:30:58.967744"}}
{"data":{"created_at":"2024-03-26T00:31:00.372Z","data":{"buyer":{},"droid":{"name":"PO770"},"seller":{},"price":"0.7"},"id":"2fc6c592-51f6-4803-b089-38245e3383f9","activity_type":"DROID_BOUGHT","topic":null,"event":"activity-feed"}}
{"data":{"id":"63699074-ec3b-4dd6-80d8-027f800ce404","activity_type":"BID_DECLINED","data":{"buyer":{"id":"c76883c7-f34e-4fc0-b197-de29e32521eb","username":"LaD"},"seller":{"id":"4ff1687d-d89f-467e-a0c3-9028e05e17ee","username":"Alamicrodev"},"landfield":{"id":"8258f746-1df4-4b8a-b178-82ee9c029b69","location":"Uvea, Wallis and Futuna"}},"created_at":"2024-03-26 00:31:08.982168"}}
{"data":{"created_at":"2024-03-26T00:31:22.514Z","data":{"buyer":{},"droid":{"name":"YB891"},"seller":{"id":"7a91c951-19e0-4cb1-bd25-3d1f7560319e","username":"TheMoneyMaker"},"price":"0.6"},"id":"17bac9dd-a211-49c8-86ca-54a4d5dcd3ab","activity_type":"DROID_BOUGHT","topic":null,"event":"activity-feed"}}
{"data":{"created_at":"2024-03-26T00:31:33.906Z","data":{"landfield":{"id":"1b51528c-0c69-4974-838e-591ee01c6546","description":"Brownsweg Gold+Iron Mine ²"},"user":{"id":"07173eeb-96da-44f4-bf78-682db1e83f8f","username":"Morganix"}},"id":"1e466492-c7af-4158-92bc-f8fa4b99355a","activity_type":"EPL_PURCHASED","topic":null,"event":"activity-feed"}}
{"data":{"id":"fb99e597-62ad-4fa5-aca2-5d0579b3ea3a","activity_type":"BID_DECLINED","data":{"buyer":{"id":"c76883c7-f34e-4fc0-b197-de29e32521eb","username":"LaD"},"seller":{"id":"4ff1687d-d89f-467e-a0c3-9028e05e17ee","username":"Alamicrodev"},"landfield":{"id":"f63db8ad-16c7-4688-a8ed-6ff1b638862b","location":"Uvea, Wallis and Futuna"}},"created_at":"2024-03-26 00:31:50.269813"}}
{"data":{"id":"50b329c5-4594-43f8-aa06-35c2471bea81","activity_type":"NEW_LANDFIELD_BOUGHT","data":{"buyer":{},"landfield":{"tilesCount":4,"country":"Timor-Leste","landfieldTier":2}},"created_at":"2024-03-26 00:32:40.463886"}}
{"data":{"id":"556b7eaa-0b3f-4a1e-a452-d61629fea834","activity_type":"NEW_LANDFIELD_BOUGHT","data":{"buyer":{},"landfield":{"tilesCount":4,"country":"Timor-Leste","landfieldTier":2}},"created_at":"2024-03-26 00:32:51.774675"}}
{"data":{"id":"4b1ad392-4053-49eb-b003-0308e4f79068","activity_type":"EXISTING_LANDFIELD_BOUGHT","data":{"seller":{"id":"ae9bc0e6-c588-48ff-abfa-96e10e0bf626","username":"Arratel"},"buyer":{},"landfield":{"tilesCount":35,"country":"Isle of Man","landfieldTier":1}},"created_at":"2024-03-26 00:32:55.292994"}}
{"data":{"id":"8539a657-d315-4a6f-9c49-a45bd6558f6c","activity_type":"BID_PLACED","data":{"buyer":{},"seller":{"id":"ae9bc0e6-c588-48ff-abfa-96e10e0bf626","username":"Arratel"},"landfield":{}},"created_at":"2024-03-26 00:33:35.559587"}}
{"data":{"id":"d541fec7-ed89-4c1e-9858-f9361adf1448","activity_type":"NEW_LANDFIELD_BOUGHT","data":{"buyer":{},"landfield":{"tilesCount":4,"country":"Timor-Leste","landfieldTier":2}},"created_at":"2024-03-26 00:33:36.355717"}}
{"data":{"created_at":"2024-03-26T00:33:42.418Z","data":{"buyer":{},"civilian":{"name":"MDI-SF-RC1-M1"},"seller":{},"price":"3.71"},"id":"4553d51e-bce0-44cf-bf01-e5cc270ed69c","activity_type":"CIVILIAN_BOUGHT","topic":null,"event":"activity-feed"}}
{"data":{"id":"ea68193d-5640-432f-891d-5aa8314bcff8","activity_type":"BID_PLACED","data":{"buyer":{},"seller":{"id":"ae9bc0e6-c588-48ff-abfa-96e10e0bf626","username":"Arratel"},"landfield":{}},"created_at":"2024-03-26 00:33:50.325014"}}
{"data":{"id":"13144a4c-8c4c-4cf0-b815-2f3599921096","activity_type":"BID_PLACED","data":{"buyer":{},"seller":{"id":"ae9bc0e6-c588-48ff-abfa-96e10e0bf626","username":"Arratel"},"landfield":{}},"created_at":"2024-03-26 00:34:03.263213"}}
{"data":{"created_at":"2024-03-26T00:34:21.597Z","data":{"landfield":{"id":"00a1c681-15b5-4c2a-9e64-68585acf6f74","description":"Karouni Mine ²"},"user":{"id":"07173eeb-96da-44f4-bf78-682db1e83f8f","username":"Morganix"}},"id":"4224fd66-dc55-4096-a17b-0736d81d866f","activity_type":"EPL_PURCHASED","topic":null,"event":"activity-feed"}}
{"data":{"id":"cd3b05f8-fb17-42ba-94d9-5de81e5b2de1","activity_type":"NEW_LANDFIELD_BOUGHT","data":{"buyer":{},"landfield":{"tilesCount":4,"country":"Nepal","landfieldTier":2}},"created_at":"2024-03-26 00:34:40.356361"}}
{"data":{"created_at":"2024-03-26T00:34:41.556Z","data":{"buyer":{},"droid":{"name":"YJ183"},"seller":{},"price":"0.7"},"id":"5528d0e8-4517-42d6-9d24-bd69c4a41a97","activity_type":"DROID_BOUGHT","topic":null,"event":"activity-feed"}}
{"data":{"created_at":"2024-03-26T00:34:54.799Z","data":{"buyer":{},"civilian":{"name":"WGJ-SF-CT1-M1"},"seller":{"id":"8d887d79-5fd5-49ed-a14d-32f09d32d180","username":"EugeneBoondock"},"price":"0.67"},"id":"97f905c9-6152-49cf-89cc-ffdbe8c4ae15","activity_type":"CIVILIAN_BOUGHT","topic":null,"event":"activity-feed"}}
{"data":{"created_at":"2024-03-26T00:35:06.948Z","data":{"buyer":{},"civilian":{"name":"JXN-SF-ED1-M1"},"seller":{},"price":"1.4"},"id":"44d1b0d9-f3da-4d58-8b44-c9cd123db15b","activity_type":"CIVILIAN_BOUGHT","topic":null,"event":"activity-feed"}}
{"data":{"created_at":"2024-03-26T00:35:45.558Z","data":{"buyer":{},"droid":{"name":"HT170"},"seller":{"id":"589786c4-fb3b-4734-8f02-db58818bfef1","username":"cangshu888"},"price":"0.93"},"id":"1be0b56d-0205-4a05-840f-ca9e994d0cd6","activity_type":"DROID_BOUGHT","topic":null,"event":"activity-feed"}}
{"data":{"id":"3701e9fb-0438-4ea3-8176-947cea534db9","activity_type":"NEW_LANDFIELD_BOUGHT","data":{"buyer":{},"landfield":{"tilesCount":4,"country":"Nepal","landfieldTier":2}},"created_at":"2024-03-26 00:35:45.875314"}}
{"data":{"created_at":"2024-03-26T00:35:55.306Z","data":{"buyer":{},"droid":{"name":"IH584"},"seller":{},"price":"0.62"},"id":"18c98251-3070-40d5-9a54-6724119eb56e","activity_type":"DROID_BOUGHT","topic":null,"event":"activity-feed"}}
{"data":{"id":"f70f6975-8575-4904-ac91-40d5aecfbabc","activity_type":"NEW_LANDFIELD_BOUGHT","data":{"buyer":{},"landfield":{"tilesCount":4,"country":"Nepal","landfieldTier":2}},"created_at":"2024-03-26 00:36:00.053736"}}
{"data":{"created_at":"2024-03-26T00:36:07.269Z","data":{"buyer":{},"droid":{"name":"XB183"},"seller":{},"price":"0.74"},"id":"bf973ccf-104c-47fe-b784-cf767b8a271a","activity_type":"DROID_BOUGHT","topic":null,"event":"activity-feed"}}
{"data":{"id":"50f7a0ca-8179-4671-a376-bda6aeb95861","activity_type":"NEW_LANDFIELD_BOUGHT","data":{"buyer":{},"landfield":{"tilesCount":4,"country":"Cayman Islands","landfieldTier":2}},"created_at":"2024-03-26 00:37:16.580709"}}
{"data":{"id":"c04eab01-83a9-475b-ad3c-438973d3e647","activity_type":"NEW_LANDFIELD_BOUGHT","data":{"buyer":{},"landfield":{"tilesCount":4,"country":"Timor-Leste","landfieldTier":2}},"created_at":"2024-03-26 00:37:58.139952"}}
{"data":{"created_at":"2024-03-26T00:38:29.069Z","data":{"buyer":{},"jewel":{"color_name":"SLATE","is_crafted":true,"level":1,"name":"Cracked Slate Jewel","quality_level":"CRACKED"},"seller":{},"price":"0.85"},"id":"ecba5fbc-270e-40b7-855b-d509279612bc","activity_type":"JEWEL_BOUGHT","topic":null,"event":"activity-feed"}}
{"data":{"created_at":"2024-03-26T00:38:29.105Z","data":{"buyer":{},"jewel":{"color_name":"SLATE","is_crafted":true,"level":1,"name":"Cracked Slate Jewel","quality_level":"CRACKED"},"seller":{},"price":"0.85"},"id":"1c20a6c6-1d6c-49ae-91c6-2929f292065f","activity_type":"JEWEL_BOUGHT","topic":null,"event":"activity-feed"}}
{"data":{"created_at":"2024-03-26T00:38:29.145Z","data":{"buyer":{},"jewel":{"color_name":"SLATE","is_crafted":true,"level":1,"name":"Cracked Slate Jewel","quality_level":"CRACKED"},"seller":{},"price":"0.87"},"id":"5ba9a7bb-244b-4e1c-a08b-025939b39484","activity_type":"JEWEL_BOUGHT","topic":null,"event":"activity-feed"}}
{"data":{"created_at":"2024-03-26T00:38:29.177Z","data":{"buyer":{},"jewel":{"color_name":"SLATE","is_crafted":true,"level":1,"name":"Cracked Slate Jewel","quality_level":"CRACKED"},"seller":{},"price":"0.88"},"id":"75ce09cc-bee2-41d3-b88a-40c116d1147d","activity_type":"JEWEL_BOUGHT","topic":null,"event":"activity-feed"}}
{"data":{"created_at":"2024-03-26T00:38:29.212Z","data":{"buyer":{},"jewel":{"color_name":"SLATE","is_crafted":true,"level":1,"name":"Cracked Slate Jewel","quality_level":"CRACKED"},"seller":{},"price":"0.88"},"id":"d5c73ee0-a945-4eb6-89c4-73c39ae84c4e","activity_type":"JEWEL_BOUGHT","topic":null,"event":"activity-feed"}}
{"data":{"created_at":"2024-03-26T00:38:29.254Z","data":{"buyer":{},"jewel":{"color_name":"SLATE","is_crafted":true,"level":1,"name":"Cracked Slate Jewel","quality_level":"CRACKED"},"seller":{},"price":"0.88"},"id":"3f085c73-707f-4506-9516-ee81e4007551","activity_type":"JEWEL_BOUGHT","topic":null,"event":"activity-feed"}}
{"data":{"created_at":"2024-03-26T00:38:29.367Z","data":{"buyer":{},"jewel":{"color_name":"SLATE","is_crafted":true,"level":1,"name":"Cracked Slate Jewel","quality_level":"CRACKED"},"seller":{},"price":"0.88"},"id":"af4cb96b-cd83-411a-a11f-8782708a4451","activity_type":"JEWEL_BOUGHT","topic":null,"event":"activity-feed"}}
{"data":{"created_at":"2024-03-26T00:38:29.405Z","data":{"buyer":{},"jewel":{"color_name":"SLATE","is_crafted":true,"level":1,"name":"Cracked Slate Jewel","quality_level":"CRACKED"},"seller":{},"price":"0.88"},"id":"7700b611-266b-484f-8484-1eb8d62c4b60","activity_type":"JEWEL_BOUGHT","topic":null,"event":"activity-feed"}}
{"data":{"created_at":"2024-03-26T00:38:29.447Z","data":{"buyer":{},"jewel":{"color_name":"SLATE","is_crafted":true,"level":1,"name":"Cracked Slate Jewel","quality_level":"CRACKED"},"seller":{},"price":"0.88"},"id":"fe7ab5cb-9e7a-40dc-9148-1802ac882b4c","activity_type":"JEWEL_BOUGHT","topic":null,"event":"activity-feed"}}
{"data":{"created_at":"2024-03-26T00:38:29.549Z","data":{"buyer":{},"jewel":{"color_name":"SLATE","is_crafted":true,"level":1,"name":"Cracked Slate Jewel","quality_level":"CRACKED"},"seller":{},"price":"0.88"},"id":"c17e80c9-ba9a-4dde-94a9-6a9da93c7fd5","activity_type":"JEWEL_BOUGHT","topic":null,"event":"activity-feed"}}
{"data":{"id":"92704e9a-3be0-4060-a67f-23b358791f1a","activity_type":"NEW_LANDFIELD_BOUGHT","data":{"buyer":{},"landfield":{"tilesCount":4,"country":"Saint Vincent and the Grenadines","landfieldTier":2}},"created_at":"2024-03-26 00:38:41.007246"}}
{"data":{"created_at":"2024-03-26T00:39:07.583Z","data":{"landfield":{"id":"b88ac7a9-20c0-4c14-ab65-4ee08d46a38f","description":"Orapa Diamond Mine #1 ²"},"user":{"id":"07173eeb-96da-44f4-bf78-682db1e83f8f","username":"Morganix"}},"id":"4f6a0eff-7cb1-45a9-96a0-e50a2705d428","activity_type":"EPL_PURCHASED","topic":null,"event":"activity-feed"}}
{"data":{"id":"2e130237-f28a-4072-88fd-f7969c6d7887","activity_type":"NEW_LANDFIELD_BOUGHT","data":{"buyer":{},"landfield":{"tilesCount":4,"country":"Nepal","landfieldTier":2}},"created_at":"2024-03-26 00:39:37.883344"}}
{"data":{"id":"d768ec32-cab0-4eb6-83ba-ac073a385442","activity_type":"NEW_LANDFIELD_BOUGHT","data":{"buyer":{},"landfield":{"tilesCount":4,"country":"Nepal","landfieldTier":2}},"created_at":"2024-03-26 00:39:48.509830"}}
{"data":{"created_at":"2024-03-26T00:40:12.352Z","data":{"buyer":{},"civilian":{"name":"JKN-SF-ED1-M1"},"seller":{},"price":"0.62"},"id":"72a6d0d4-27b6-4ce5-b3cc-e3f0c05f10ab","activity_type":"CIVILIAN_BOUGHT","topic":null,"event":"activity-feed"}}
{"data":{"id":"0fb1ba64-238c-45bb-a368-5d906880f4a6","activity_type":"NEW_LANDFIELD_BOUGHT","data":{"buyer":{},"landfield":{"tilesCount":4,"country":"Niue","landfieldTier":2}},"created_at":"2024-03-26 00:40:24.628933"}}
{"data":{"id":"9d20335d-db51-445f-a814-d2d6911039d8","activity_type":"NEW_LANDFIELD_BOUGHT","data":{"buyer":{},"landfield":{"tilesCount":4,"country":"Niue","landfieldTier":2}},"created_at":"2024-03-26 00:40:36.395868"}}
{"data":{"created_at":"2024-03-26T00:40:42.815Z","data":{"buyer":{},"civilian":{"name":"WSY-SF-CT1-M1"},"seller":{"id":"8d887d79-5fd5-49ed-a14d-32f09d32d180","username":"EugeneBoondock"},"price":"0.67"},"id":"deee53ca-e1c3-433a-8724-f49d84836656","activity_type":"CIVILIAN_BOUGHT","topic":null,"event":"activity-feed"}}
{"data":{"id":"1d6813f7-f321-401b-94c2-3fc7655e7378","activity_type":"HOLOBUILDING_CREATED","data":{"user":{}},"created_at":"2024-03-26 00:40:49.050972"}}
{"data":{"created_at":"2024-03-26T00:41:13.785Z","data":{"buyer":{},"civilian":{"name":"TYA-SF-ED1-M1"},"seller":{},"price":"0.62"},"id":"a0778e9c-df56-42da-9f0c-9b7fa7ae7d1a","activity_type":"CIVILIAN_BOUGHT","topic":null,"event":"activity-feed"}}
{"data":{"id":"669a7019-ef9b-4c2d-979b-e37c31dde2a7","activity_type":"NEW_LANDFIELD_BOUGHT","data":{"buyer":{},"landfield":{"tilesCount":4,"country":"Honduras","landfieldTier":2}},"created_at":"2024-03-26 00:41:59.205708"}}
{"data":{"created_at":"2024-03-26T00:42:03.212Z","data":{"buyer":{},"droid":{"name":"MG562"},"seller":{},"price":"0.73"},"id":"774fa2eb-b272-4535-bbbc-ebac81d34baf","activity_type":"DROID_BOUGHT","topic":null,"event":"activity-feed"}}
{"data":{"created_at":"2024-03-26T00:42:14.606Z","data":{"buyer":{},"droid":{"name":"NM228"},"seller":{},"price":"0.73"},"id":"2036b560-4cb3-4f14-a082-955cbede1b3f","activity_type":"DROID_BOUGHT","topic":null,"event":"activity-feed"}}
{"data":{"created_at":"2024-03-26T00:42:25.889Z","data":{"buyer":{},"droid":{"name":"AS371"},"seller":{},"price":"0.73"},"id":"6fc83c88-be01-4eb4-8482-0195c5b3ed4d","activity_type":"DROID_BOUGHT","topic":null,"event":"activity-feed"}}
{"data":{"id":"efecbcae-2a1f-4b01-a3a5-0855c230583b","activity_type":"NEW_LANDFIELD_BOUGHT","data":{"buyer":{},"landfield":{"tilesCount":4,"country":"Honduras","landfieldTier":2}},"created_at":"2024-03-26 00:42:45.312471"}}
{"data":{"created_at":"2024-03-26T00:42:48.436Z","data":{"buyer":{},"droid":{"name":"PJ705"},"seller":{},"price":"0.73"},"id":"094fc033-c0ad-4684-a674-904efdde8511","activity_type":"DROID_BOUGHT","topic":null,"event":"activity-feed"}}
{"data":{"created_at":"2024-03-26T00:42:58.434Z","data":{"buyer":{},"civilian":{"name":"RTH-SF-ED1-M1"},"seller":{"id":"d896b4f3-a582-43c2-9506-e4cf7e3207f2","username":"JDJDJD"},"price":"0.3"},"id":"3273bd1c-30a1-48ad-88d3-d69323048914","activity_type":"CIVILIAN_BOUGHT","topic":null,"event":"activity-feed"}}
{"data":{"created_at":"2024-03-26T00:43:09.021Z","data":{"buyer":{},"civilian":{"name":"NIZ-SF-CT1-M1"},"seller":{"id":"78181f4f-6360-45b9-857c-cc5a43e11411","username":"Metarobot1982"},"price":"0.47"},"id":"87f9e3d0-7858-4d6e-b5e1-f6cae5a8c3a5","activity_type":"CIVILIAN_BOUGHT","topic":null,"event":"activity-feed"}}
{"data":{"created_at":"2024-03-26T00:43:20.035Z","data":{"buyer":{},"civilian":{"name":"AGE-SF-RC1-M1"},"seller":{"id":"78181f4f-6360-45b9-857c-cc5a43e11411","username":"Metarobot1982"},"price":"0.41"},"id":"aeedfca8-4f4a-4116-b029-9ed4a1e21932","activity_type":"CIVILIAN_BOUGHT","topic":null,"event":"activity-feed"}}
{"data":{"created_at":"2024-03-26T00:43:34.801Z","data":{"buyer":{},"civilian":{"name":"P0CKY"},"seller":{},"price":"0.44"},"id":"c495b5f6-0d76-40c6-b19c-23ecf2c73776","activity_type":"CIVILIAN_BOUGHT","topic":null,"event":"activity-feed"}}
{"data":{"id":"1f272c4c-78be-418b-a5ea-d1e5294d5655","activity_type":"NEW_LANDFIELD_BOUGHT","data":{"buyer":{},"landfield":{"tilesCount":4,"country":"Nepal","landfieldTier":2}},"created_at":"2024-03-26 00:43:36.116730"}}
{"data":{"created_at":"2024-03-26T00:43:45.356Z","data":{"buyer":{},"civilian":{"name":"TGP-SF-CT1-M1"},"seller":{"id":"d896b4f3-a582-43c2-9506-e4cf7e3207f2","username":"JDJDJD"},"price":"0.51"},"id":"e3292aeb-49f6-4c25-b771-0f794be55d11","activity_type":"CIVILIAN_BOUGHT","topic":null,"event":"activity-feed"}}
{"data":{"created_at":"2024-03-26T00:44:09.500Z","data":{"buyer":{},"civilian":{"name":"NJU-SF-ED1-M1"},"seller":{},"price":"0.3"},"id":"ac63c5fd-1159-4ab3-b363-131d83af4eea","activity_type":"CIVILIAN_BOUGHT","topic":null,"event":"activity-feed"}}
{"data":{"created_at":"2024-03-26T00:44:22.449Z","data":{"buyer":{},"civilian":{"name":"FGS-SF-ED1-M1"},"seller":{"id":"8d887d79-5fd5-49ed-a14d-32f09d32d180","username":"EugeneBoondock"},"price":"0.3"},"id":"f024bdf7-41a1-4c51-b413-4eb71ac2909a","activity_type":"CIVILIAN_BOUGHT","topic":null,"event":"activity-feed"}}
{"data":{"id":"37159aa1-6dd1-440d-9056-9cb255febdf8","activity_type":"NEW_LANDFIELD_BOUGHT","data":{"buyer":{},"landfield":{"tilesCount":4,"country":"Nepal","landfieldTier":2}},"created_at":"2024-03-26 00:44:23.693588"}}
{"data":{"created_at":"2024-03-26T00:44:34.951Z","data":{"buyer":{},"civilian":{"name":"GYN-SF-CT1-M1"},"seller":{},"price":"0.58"},"id":"0771dc32-a95e-4389-91b7-12e3b4a9ffd5","activity_type":"CIVILIAN_BOUGHT","topic":null,"event":"activity-feed"}}
{"data":{"created_at":"2024-03-26T00:44:47.262Z","data":{"buyer":{},"civilian":{"name":"P0CKY"},"seller":{},"price":"0.44"},"id":"4d4cd1d1-805c-4fbb-aae4-8bff47aa3864","activity_type":"CIVILIAN_BOUGHT","topic":null,"event":"activity-feed"}}
{"data":{"created_at":"2024-03-26T00:45:19.128Z","data":{"buyer":{"id":"f78cdda7-39f7-47cd-acc0-256af552190e","username":"ROZLENEKI"},"jewel":{"color_name":"AQUAMARINE","is_crafted":true,"level":1,"name":"Cracked Aquamarine Jewel","quality_level":"CRACKED"},"seller":{},"price":"0.8"},"id":"1384b473-5bb2-461a-9ead-7ddad2a8cb42","activity_type":"JEWEL_BOUGHT","topic":null,"event":"activity-feed"}}
{"data":{"created_at":"2024-03-26T00:45:19.430Z","data":{"buyer":{"id":"f78cdda7-39f7-47cd-acc0-256af552190e","username":"ROZLENEKI"},"jewel":{"color_name":"AQUAMARINE","is_crafted":true,"level":1,"name":"Cracked Aquamarine Jewel","quality_level":"CRACKED"},"seller":{},"price":"0.8"},"id":"443d8e55-2da8-48b0-903b-901dd11c2f13","activity_type":"JEWEL_BOUGHT","topic":null,"event":"activity-feed"}}
{"data":{"created_at":"2024-03-26T00:45:19.688Z","data":{"buyer":{"id":"f78cdda7-39f7-47cd-acc0-256af552190e","username":"ROZLENEKI"},"jewel":{"color_name":"AQUAMARINE","is_crafted":true,"level":1,"name":"Cracked Aquamarine Jewel","quality_level":"CRACKED"},"seller":{},"price":"0.8"},"id":"0fd7a74e-4ad3-49b5-8014-2df3746bde99","activity_type":"JEWEL_BOUGHT","topic":null,"event":"activity-feed"}}
{"data":{"created_at":"2024-03-26T00:45:19.723Z","data":{"buyer":{"id":"f78cdda7-39f7-47cd-acc0-256af552190e","username":"ROZLENEKI"},"jewel":{"color_name":"AQUAMARINE","is_crafted":true,"level":1,"name":"Cracked Aquamarine Jewel","quality_level":"CRACKED"},"seller":{},"price":"0.8"},"id":"96fe58f6-286e-4e52-a37b-8282b70b0040","activity_type":"JEWEL_BOUGHT","topic":null,"event":"activity-feed"}}
{"data":{"created_at":"2024-03-26T00:45:19.991Z","data":{"buyer":{"id":"f78cdda7-39f7-47cd-acc0-256af552190e","username":"ROZLENEKI"},"jewel":{"color_name":"AQUAMARINE","is_crafted":true,"level":1,"name":"Cracked Aquamarine Jewel","quality_level":"CRACKED"},"seller":{},"price":"0.8"},"id":"965eb95b-208a-4334-a93f-f1506662fad8","activity_type":"JEWEL_BOUGHT","topic":null,"event":"activity-feed"}}
{"data":{"created_at":"2024-03-26T00:45:20.077Z","data":{"buyer":{"id":"f78cdda7-39f7-47cd-acc0-256af552190e","username":"ROZLENEKI"},"jewel":{"color_name":"AQUAMARINE","is_crafted":true,"level":1,"name":"Cracked Aquamarine Jewel","quality_level":"CRACKED"},"seller":{},"price":"0.8"},"id":"88067dce-e96f-4ace-a38c-a57a5e92777d","activity_type":"JEWEL_BOUGHT","topic":null,"event":"activity-feed"}}
{"data":{"created_at":"2024-03-26T00:45:20.118Z","data":{"buyer":{"id":"f78cdda7-39f7-47cd-acc0-256af552190e","username":"ROZLENEKI"},"jewel":{"color_name":"AQUAMARINE","is_crafted":true,"level":1,"name":"Cracked Aquamarine Jewel","quality_level":"CRACKED"},"seller":{},"price":"0.8"},"id":"93b23b83-cdbd-4352-a06e-fe3ad1025725","activity_type":"JEWEL_BOUGHT","topic":null,"event":"activity-feed"}}
{"data":{"created_at":"2024-03-26T00:45:20.491Z","data":{"buyer":{"id":"f78cdda7-39f7-47cd-acc0-256af552190e","username":"ROZLENEKI"},"jewel":{"color_name":"AQUAMARINE","is_crafted":true,"level":1,"name":"Cracked Aquamarine Jewel","quality_level":"CRACKED"},"seller":{},"price":"0.8"},"id":"64f5224b-35a2-48c0-b164-16720e48ca47","activity_type":"JEWEL_BOUGHT","topic":null,"event":"activity-feed"}}
{"data":{"created_at":"2024-03-26T00:45:20.580Z","data":{"buyer":{"id":"f78cdda7-39f7-47cd-acc0-256af552190e","username":"ROZLENEKI"},"jewel":{"color_name":"AQUAMARINE","is_crafted":true,"level":1,"name":"Cracked Aquamarine Jewel","quality_level":"CRACKED"},"seller":{},"price":"0.8"},"id":"a04ec935-4cd1-4b6f-8de2-b70adeee27e7","activity_type":"JEWEL_BOUGHT","topic":null,"event":"activity-feed"}}
{"data":{"created_at":"2024-03-26T00:45:21.480Z","data":{"buyer":{"id":"f78cdda7-39f7-47cd-acc0-256af552190e","username":"ROZLENEKI"},"jewel":{"color_name":"AQUAMARINE","is_crafted":true,"level":1,"name":"Cracked Aquamarine Jewel","quality_level":"CRACKED"},"seller":{},"price":"0.8"},"id":"dca248c7-a3e0-403b-9c49-abc552ddcf03","activity_type":"JEWEL_BOUGHT","topic":null,"event":"activity-feed"}}
{"data":{"created_at":"2024-03-26T00:46:28.416Z","data":{"landfield":{"id":"f44d6421-ae8b-4178-b1cc-e42818e91e9c","description":"Eye Of The Sahara #1 ¹"},"user":{"id":"07173eeb-96da-44f4-bf78-682db1e83f8f","username":"Morganix"}},"id":"cafe166c-3166-4c4f-8d70-4dff82f74a70","activity_type":"EPL_PURCHASED","topic":null,"event":"activity-feed"}}
{"data":{"id":"d0661fa3-5e47-4e34-bc6c-1e68fd8d2180","activity_type":"NEW_LANDFIELD_BOUGHT","data":{"buyer":{},"landfield":{"tilesCount":4,"country":"Belgium","landfieldTier":2}},"created_at":"2024-03-26 00:46:30.809670"}}
{"data":{"created_at":"2024-03-26T00:46:58.183Z","data":{"buyer":{},"droid":{"name":"DP878"},"seller":{"id":"adc13271-fd83-4d88-9524-71b99ce758e0","username":"TomJackson"},"price":"0.6"},"id":"d7210c08-0f7b-455b-96f5-5208c58a8cbf","activity_type":"DROID_BOUGHT","topic":null,"event":"activity-feed"}}
{"data":{"id":"780c80df-8941-4880-b6ba-e188159748d3","activity_type":"EXISTING_LANDFIELD_BOUGHT","data":{"seller":{},"buyer":{},"landfield":{"tilesCount":32,"country":"Lithuania","landfieldTier":1}},"created_at":"2024-03-26 00:48:13.088039"}}
{"data":{"created_at":"2024-03-26T00:48:45.431Z","data":{"landfield":{"id":"8c043c76-81d2-4fba-94a4-3fc3339d6301","description":"Husab Uranium Project ²"},"user":{"id":"07173eeb-96da-44f4-bf78-682db1e83f8f","username":"Morganix"}},"id":"f9223344-60e8-4ed9-9dd6-37fef4046a6f","activity_type":"EPL_RENAMED","topic":null,"event":"activity-feed"}}
{"data":{"id":"3f4ba584-949d-4b70-88b0-ecf1d04d5e42","activity_type":"EXISTING_LANDFIELD_BOUGHT","data":{"seller":{},"buyer":{},"landfield":{"tilesCount":17,"country":"Turkey","landfieldTier":1}},"created_at":"2024-03-26 00:49:04.030641"}}
{"data":{"id":"eef3d984-c83c-46e1-bf15-22841c43b370","activity_type":"NEW_LANDFIELD_BOUGHT","data":{"buyer":{},"landfield":{"tilesCount":10,"country":"Germany","landfieldTier":2}},"created_at":"2024-03-26 00:49:26.103447"}}
{"data":{"created_at":"2024-03-26T00:51:33.202Z","data":{"buyer":{},"droid":{"name":"TU990"},"seller":{},"price":"0.62"},"id":"93e913b1-fe0d-438b-b624-b153cb054bca","activity_type":"DROID_BOUGHT","topic":null,"event":"activity-feed"}}
{"data":{"id":"37ec3786-d472-40fd-b5f8-3743ddfad06f","activity_type":"NEW_LANDFIELD_BOUGHT","data":{"buyer":{},"landfield":{"tilesCount":4,"country":"Fiji","landfieldTier":2}},"created_at":"2024-03-26 00:51:47.512646"}}
{"data":{"created_at":"2024-03-26T00:52:23.774Z","data":{"buyer":{},"droid":{"name":"HF294"},"seller":{},"price":"0.73"},"id":"7c9b7bf2-77cd-42ee-871b-677fd36b4f76","activity_type":"DROID_BOUGHT","topic":null,"event":"activity-feed"}}
{"data":{"created_at":"2024-03-26T00:52:55.849Z","data":{"buyer":{},"civilian":{"name":"JGL-SF-RC1-M1"},"seller":{},"price":"0.1"},"id":"da19a6c6-3c03-4b9f-aa00-7317ab411a0f","activity_type":"CIVILIAN_BOUGHT","topic":null,"event":"activity-feed"}}
{"data":{"created_at":"2024-03-26T00:53:11.857Z","data":{"buyer":{},"civilian":{"name":"MSC-EG-RC1-M1"},"seller":{},"price":"2.6"},"id":"f8ca9731-f619-49eb-94d7-cc86e8aec980","activity_type":"CIVILIAN_BOUGHT","topic":null,"event":"activity-feed"}}
{"data":{"created_at":"2024-03-26T00:54:11.886Z","data":{"buyer":{},"civilian":{"name":"LGT-SF-RC1-M1"},"seller":{},"price":"0.05"},"id":"87c458db-b5c2-4cb3-b2b5-03818975bd1c","activity_type":"CIVILIAN_BOUGHT","topic":null,"event":"activity-feed"}}
{"data":{"created_at":"2024-03-26T00:54:15.337Z","data":{"buyer":{},"civilian":{"name":"JTN-SF-CT1-M1"},"seller":{},"price":"0.05"},"id":"b523a867-06ac-4269-b918-c7108b819b9f","activity_type":"CIVILIAN_BOUGHT","topic":null,"event":"activity-feed"}}
{"data":{"created_at":"2024-03-26T00:54:18.415Z","data":{"buyer":{},"civilian":{"name":"BXG-SF-ED1-M1"},"seller":{},"price":"0.05"},"id":"f2164461-0e9c-4747-a8ff-8605d149e97b","activity_type":"CIVILIAN_BOUGHT","topic":null,"event":"activity-feed"}}
{"data":{"created_at":"2024-03-26T00:54:21.482Z","data":{"buyer":{},"civilian":{"name":"BGU-SF-RC1-M1"},"seller":{"id":"78181f4f-6360-45b9-857c-cc5a43e11411","username":"Metarobot1982"},"price":"0.12"},"id":"601cb783-9bd3-45b1-926e-3bca45a742cc","activity_type":"CIVILIAN_BOUGHT","topic":null,"event":"activity-feed"}}
{"data":{"created_at":"2024-03-26T00:55:30.314Z","data":{"buyer":{},"civilian":{"name":"UAV-R-ED1-M1"},"seller":{"id":"78181f4f-6360-45b9-857c-cc5a43e11411","username":"Metarobot1982"},"price":"0.13"},"id":"20f85b5b-dbb6-4b76-843d-40e5188807a8","activity_type":"CIVILIAN_BOUGHT","topic":null,"event":"activity-feed"}}
{"data":{"id":"cef3e01f-1671-4ba5-939e-90af95242cd0","activity_type":"HOLOBUILDING_CREATED","data":{"user":{}},"created_at":"2024-03-26 00:55:34.400251"}}
{"data":{"id":"ace88483-6da9-402d-9e24-96b93ff04534","activity_type":"BID_PLACED","data":{"buyer":{},"seller":{"id":"e0eb2fb5-3c01-4259-889e-b1b67bdb8030","username":"IceInvestments541db55"},"landfield":{}},"created_at":"2024-03-26 00:56:17.609935"}}
{"data":{"id":"bbe5e38f-c6e8-498e-906f-e7ed143cc4f4","activity_type":"HOLOBUILDING_CREATED","data":{"user":{}},"created_at":"2024-03-26 00:56:23.093731"}}
{"data":{"id":"d4838b08-855b-4493-b191-9349c6f0ba64","activity_type":"HOLOBUILDING_CREATED","data":{"user":{}},"created_at":"2024-03-26 00:57:04.246174"}}
{"data":{"id":"795c3820-3c83-4e1b-9497-2086d9de3557","activity_type":"BID_PLACED","data":{"buyer":{},"seller":{"id":"e0eb2fb5-3c01-4259-889e-b1b67bdb8030","username":"IceInvestments541db55"},"landfield":{}},"created_at":"2024-03-26 00:57:06.093140"}}
{"data":{"id":"cfacaf8d-0d2c-410f-bf86-b90cd0935871","activity_type":"BID_PLACED","data":{"buyer":{},"seller":{"id":"e0eb2fb5-3c01-4259-889e-b1b67bdb8030","username":"IceInvestments541db55"},"landfield":{}},"created_at":"2024-03-26 00:57:22.295903"}}
{"data":{"id":"0398b39f-9889-45dc-bfd3-610cfd3ebd55","activity_type":"BID_PLACED","data":{"buyer":{},"seller":{"id":"e0eb2fb5-3c01-4259-889e-b1b67bdb8030","username":"IceInvestments541db55"},"landfield":{}},"created_at":"2024-03-26 00:57:23.044168"}}
{"data":{"id":"7d447ff2-26e2-4414-8f64-7daa1550882b","activity_type":"BID_PLACED","data":{"buyer":{},"seller":{"id":"e0eb2fb5-3c01-4259-889e-b1b67bdb8030","username":"IceInvestments541db55"},"landfield":{}},"created_at":"2024-03-26 00:57:29.650185"}}
{"data":{"id":"7761914e-d997-4818-9cd6-0daa78b737af","activity_type":"BID_PLACED","data":{"buyer":{},"seller":{"id":"e0eb2fb5-3c01-4259-889e-b1b67bdb8030","username":"IceInvestments541db55"},"landfield":{}},"created_at":"2024-03-26 00:57:34.397187"}}
{"data":{"id":"bdd1d157-5ad2-449b-8d6d-355612ba543f","activity_type":"BID_PLACED","data":{"buyer":{},"seller":{"id":"e0eb2fb5-3c01-4259-889e-b1b67bdb8030","username":"IceInvestments541db55"},"landfield":{}},"created_at":"2024-03-26 00:57:38.442640"}}
{"data":{"id":"b639a070-cefb-4d8b-9b29-b72743815ca5","activity_type":"EXISTING_LANDFIELD_BOUGHT","data":{"seller":{"id":"c0856098-c2c7-472e-b439-321db68698b4","username":"tarkel77"},"buyer":{},"landfield":{"tilesCount":27,"country":"Bermuda","landfieldTier":1}},"created_at":"2024-03-26 00:57:51.108548"}}
{"data":{"id":"97bbb8b0-833e-4df7-b94f-404a48eced15","activity_type":"EXISTING_LANDFIELD_BOUGHT","data":{"seller":{"id":"c0856098-c2c7-472e-b439-321db68698b4","username":"tarkel77"},"buyer":{},"landfield":{"tilesCount":24,"country":"Bermuda","landfieldTier":1}},"created_at":"2024-03-26 00:58:16.232702"}}
{"data":{"created_at":"2024-03-26T00:58:28.742Z","data":{"buyer":{},"civilian":{"name":"QML-SF-CT1-M1"},"seller":{},"price":"3.99"},"id":"de0153b3-3d4e-401c-8df4-ac01363ed433","activity_type":"CIVILIAN_BOUGHT","topic":null,"event":"activity-feed"}}
{"data":{"created_at":"2024-03-26T00:58:28.750Z","data":{"buyer":{},"civilian":{"name":"QPB-SF-RC1-M1"},"seller":{},"price":"6.3"},"id":"5ee58408-4938-4ee7-83e3-09145ecbc75a","activity_type":"CIVILIAN_BOUGHT","topic":null,"event":"activity-feed"}}
{"data":{"created_at":"2024-03-26T00:58:28.757Z","data":{"buyer":{},"civilian":{"name":"BWC-SF-ED1-M1"},"seller":{},"price":"4.1"},"id":"04619bf4-49b8-4258-9683-6d40fcf36d01","activity_type":"CIVILIAN_BOUGHT","topic":null,"event":"activity-feed"}}
{"data":{"id":"02d97780-9b57-4efa-839a-f09560b196b6","activity_type":"EXISTING_LANDFIELD_BOUGHT","data":{"seller":{"id":"c0856098-c2c7-472e-b439-321db68698b4","username":"tarkel77"},"buyer":{},"landfield":{"tilesCount":19,"country":"Bermuda","landfieldTier":1}},"created_at":"2024-03-26 00:58:42.172210"}}
{"data":{"created_at":"2024-03-26T00:58:53.722Z","data":{"landfield":{"id":"20eb809c-0457-42f2-9bde-b8b26a977ab8","description":"N Red Sea Island - Inland ²"},"user":{"id":"07173eeb-96da-44f4-bf78-682db1e83f8f","username":"Morganix"}},"id":"c718ddc7-e481-4e30-8b66-97853e90581b","activity_type":"EPL_PURCHASED","topic":null,"event":"activity-feed"}}
{"data":{"id":"dc9d3321-5dbe-452a-a22a-11cfde24af9a","activity_type":"EXISTING_LANDFIELD_BOUGHT","data":{"seller":{"id":"248478ca-9a9b-4832-8a64-ccaaf2ea12da","username":"samuellythamaustin"},"buyer":{},"landfield":{"tilesCount":17,"country":"Bermuda","landfieldTier":1}},"created_at":"2024-03-26 00:59:11.205576"}}
{"data":{"created_at":"2024-03-26T00:59:37.808Z","data":{"buyer":{"id":"e551ace9-b10d-47a3-8c60-cdb7ccbb7f89","username":"TigerLyeTKO"},"droid":{"name":"IH312 AUR"},"seller":{},"price":"0.9"},"id":"902a3b4e-1106-4843-80bc-0d3ac18c4cce","activity_type":"DROID_BOUGHT","topic":null,"event":"activity-feed"}}
{"data":{"id":"e9151a69-315c-4447-9e00-6f72b40800d6","activity_type":"NEW_LANDFIELD_BOUGHT","data":{"buyer":{"id":"90207c2d-21b0-4539-a34d-9df71f4587fa","username":"macfabio95"},"landfield":{"tilesCount":1,"id":"39db96a2-98f9-4d2b-8aac-b2c56017df3d","location":"Miranda, Zulia, Venezuela","country":"Venezuela","landfieldTier":2}},"created_at":"2024-03-26 00:59:51.075791"}}
{"data":{"created_at":"2024-03-26T01:00:05.457Z","data":{"buyer":{"id":"e551ace9-b10d-47a3-8c60-cdb7ccbb7f89","username":"TigerLyeTKO"},"droid":{"name":"PY421 AUR"},"seller":{},"price":"0.91"},"id":"edd861a6-0e2d-4eeb-9edb-24e344a32738","activity_type":"DROID_BOUGHT","topic":null,"event":"activity-feed"}}
{"data":{"id":"057874ba-ea96-4674-8beb-1b09bde2b2b6","activity_type":"EXISTING_LANDFIELD_BOUGHT","data":{"seller":{},"buyer":{},"landfield":{"tilesCount":24,"country":"Malaysia","landfieldTier":1}},"created_at":"2024-03-26 01:00:08.556933"}}
{"data":{"id":"811e360a-f3af-43dd-b566-5e9009160d43","activity_type":"HOLOBUILDING_CREATED","data":{"user":{}},"created_at":"2024-03-26 01:00:09.097183"}}
{"data":{"created_at":"2024-03-26T01:00:31.020Z","data":{"buyer":{"id":"e551ace9-b10d-47a3-8c60-cdb7ccbb7f89","username":"TigerLyeTKO"},"droid":{"name":"DK371 AUR"},"seller":{},"price":"0.91"},"id":"4daee23d-14f6-4a4b-8392-660a92cd6fd4","activity_type":"DROID_BOUGHT","topic":null,"event":"activity-feed"}}
{"data":{"created_at":"2024-03-26T01:00:45.787Z","data":{"buyer":{},"civilian":{"name":"IZP-EG-RC1-M1"},"seller":{},"price":"1.1"},"id":"bfb95d21-3d14-4caa-a1f6-10d1f12ee4cf","activity_type":"CIVILIAN_BOUGHT","topic":null,"event":"activity-feed"}}
{"data":{"created_at":"2024-03-26T01:01:27.681Z","data":{"buyer":{"id":"e551ace9-b10d-47a3-8c60-cdb7ccbb7f89","username":"TigerLyeTKO"},"droid":{"name":"IF801 AUR"},"seller":{},"price":"0.91"},"id":"2993ab25-6bee-4ae4-9d87-81db288aeaf4","activity_type":"DROID_BOUGHT","topic":null,"event":"activity-feed"}}
{"data":{"created_at":"2024-03-26T01:01:45.637Z","data":{"buyer":{"id":"e551ace9-b10d-47a3-8c60-cdb7ccbb7f89","username":"TigerLyeTKO"},"droid":{"name":"BN338 AUR"},"seller":{},"price":"0.91"},"id":"dd2d8c39-ff56-4238-ad21-c1b28ddb1e14","activity_type":"DROID_BOUGHT","topic":null,"event":"activity-feed"}}
{"data":{"created_at":"2024-03-26T01:01:58.685Z","data":{"buyer":{"id":"e551ace9-b10d-47a3-8c60-cdb7ccbb7f89","username":"TigerLyeTKO"},"droid":{"name":"KO599 AUR"},"seller":{},"price":"0.91"},"id":"2a133d16-e76e-40af-9d95-38f7c3cda752","activity_type":"DROID_BOUGHT","topic":null,"event":"activity-feed"}}
{"data":{"created_at":"2024-03-26T01:02:08.494Z","data":{"buyer":{"id":"e551ace9-b10d-47a3-8c60-cdb7ccbb7f89","username":"TigerLyeTKO"},"droid":{"name":"MC229 AUR"},"seller":{},"price":"0.91"},"id":"ee26c215-6ac4-45ce-a3d9-b9048dcb4bae","activity_type":"DROID_BOUGHT","topic":null,"event":"activity-feed"}}
{"data":{"created_at":"2024-03-26T01:02:19.800Z","data":{"buyer":{"id":"e551ace9-b10d-47a3-8c60-cdb7ccbb7f89","username":"TigerLyeTKO"},"droid":{"name":"CW709 AUR"},"seller":{},"price":"0.91"},"id":"4f64879c-6a4d-4a7c-86ff-d7361f48fe5a","activity_type":"DROID_BOUGHT","topic":null,"event":"activity-feed"}}
{"data":{"created_at":"2024-03-26T01:02:27.158Z","data":{"buyer":{},"civilian":{"name":"REM-EG-RC1-M1"},"seller":{},"price":"1.1"},"id":"95b8be14-d742-4feb-ba68-f5703fa8693c","activity_type":"CIVILIAN_BOUGHT","topic":null,"event":"activity-feed"}}
{"data":{"created_at":"2024-03-26T01:02:31.333Z","data":{"buyer":{"id":"e551ace9-b10d-47a3-8c60-cdb7ccbb7f89","username":"TigerLyeTKO"},"droid":{"name":"QH299 AUR"},"seller":{},"price":"0.91"},"id":"fdcd426b-2e76-4757-aade-ceeccc9e8e3a","activity_type":"DROID_BOUGHT","topic":null,"event":"activity-feed"}}
{"data":{"created_at":"2024-03-26T01:03:00.837Z","data":{"buyer":{"id":"e551ace9-b10d-47a3-8c60-cdb7ccbb7f89","username":"TigerLyeTKO"},"droid":{"name":"VF744 AUR"},"seller":{},"price":"0.92"},"id":"9380d444-2291-4f98-b057-2900253737ce","activity_type":"DROID_BOUGHT","topic":null,"event":"activity-feed"}}
{"data":{"created_at":"2024-03-26T01:03:17.608Z","data":{"buyer":{"id":"e551ace9-b10d-47a3-8c60-cdb7ccbb7f89","username":"TigerLyeTKO"},"droid":{"name":"CN688 AUR"},"seller":{},"price":"0.92"},"id":"e2b61a7d-512b-4674-9605-029009baf4da","activity_type":"DROID_BOUGHT","topic":null,"event":"activity-feed"}}
{"data":{"created_at":"2024-03-26T01:03:58.403Z","data":{"buyer":{"id":"e551ace9-b10d-47a3-8c60-cdb7ccbb7f89","username":"TigerLyeTKO"},"droid":{"name":"AK357 AUR"},"seller":{},"price":"0.92"},"id":"f4484801-3d1f-4ea2-a6ca-e6279435592b","activity_type":"DROID_BOUGHT","topic":null,"event":"activity-feed"}}
{"data":{"created_at":"2024-03-26T01:04:10.088Z","data":{"buyer":{"id":"e551ace9-b10d-47a3-8c60-cdb7ccbb7f89","username":"TigerLyeTKO"},"droid":{"name":"QS974 AUR"},"seller":{},"price":"0.92"},"id":"68b91fd5-0a37-459c-bedb-37289c35fba1","activity_type":"DROID_BOUGHT","topic":null,"event":"activity-feed"}}
{"data":{"created_at":"2024-03-26T01:04:17.376Z","data":{"landfield":{"id":"a73f1d33-1539-4a9f-8c1e-4f0a68213dbd","description":"N Red Sea Island - Beach ²"},"user":{"id":"07173eeb-96da-44f4-bf78-682db1e83f8f","username":"Morganix"}},"id":"9da26e7f-1258-4281-8935-bd9559119da5","activity_type":"EPL_PURCHASED","topic":null,"event":"activity-feed"}}
{"data":{"created_at":"2024-03-26T01:04:32.169Z","data":{"buyer":{"id":"e551ace9-b10d-47a3-8c60-cdb7ccbb7f89","username":"TigerLyeTKO"},"droid":{"name":"SU664 AUR"},"seller":{},"price":"0.92"},"id":"0ed71bac-7171-4e81-8147-55e4499f76cc","activity_type":"DROID_BOUGHT","topic":null,"event":"activity-feed"}}
{"data":{"created_at":"2024-03-26T01:04:45.069Z","data":{"buyer":{"id":"e551ace9-b10d-47a3-8c60-cdb7ccbb7f89","username":"TigerLyeTKO"},"droid":{"name":"HL883 AUR"},"seller":{},"price":"0.92"},"id":"99c630c7-a7d5-4cbd-9857-127ce1ebecb0","activity_type":"DROID_BOUGHT","topic":null,"event":"activity-feed"}}
{"data":{"created_at":"2024-03-26T01:04:58.558Z","data":{"buyer":{"id":"e551ace9-b10d-47a3-8c60-cdb7ccbb7f89","username":"TigerLyeTKO"},"droid":{"name":"GL918 AUR"},"seller":{},"price":"0.92"},"id":"8da31b66-7e50-4039-a452-9e227f3eab1c","activity_type":"DROID_BOUGHT","topic":null,"event":"activity-feed"}}
