{"data":{"id":"96c5c19c-a196-47fc-8895-68785ea706e0","activity_type":"EXISTING_LANDFIELD_BOUGHT","data":{"seller":{},"buyer":{},"landfield":{"tilesCount":1,"country":"Georgia","landfieldTier":2}},"created_at":"2024-02-28 00:00:03.973856"}}
{"data":{"id":"dd352972-0d12-41a2-9fef-c89b54591ed2","activity_type":"BID_PLACED","data":{"anonymous":true},"created_at":"2024-02-28 00:00:07.331358"}}
{"data":{"id":"453ed508-6cee-4a17-87d0-e6e392106614","activity_type":"BID_PLACED","data":{"anonymous":true},"created_at":"2024-02-28 00:00:15.603109"}}
{"data":{"id":"260a4bf9-c894-48bb-bb80-7bee9a3fc38d","activity_type":"EXISTING_LANDFIELD_BOUGHT","data":{"seller":{},"buyer":{},"landfield":{"tilesCount":1,"country":"Georgia","landfieldTier":2}},"created_at":"2024-02-28 00:00:20.303508"}}
{"data":{"id":"13eea25d-0532-4470-8232-32a8e85241f2","activity_type":"BID_PLACED","data":{"anonymous":true},"created_at":"2024-02-28 00:00:23.803113"}}
{"data":{"id":"63416d2d-b4a4-40b5-8a2f-2fcc434fa44e","activity_type":"BID_PLACED","data":{"anonymous":true},"created_at":"2024-02-28 00:00:34.701781"}}
{"data":{"id":"5c61e652-6b49-4f12-9925-3cdbb03897e1","activity_type":"BID_ACCEPTED","data":{"anonymous":true},"created_at":"2024-02-28 00:00:34.929146"}}
{"data":{"id":"e0e19656-4072-443f-ad2f-0b0912e4551d","activity_type":"EXISTING_LANDFIELD_BOUGHT","data":{"seller":{},"buyer":{},"landfield":{"tilesCount":1,"country":"Georgia","landfieldTier":2}},"created_at":"2024-02-28 00:00:35.797872"}}
{"data":{"id":"eaad3839-6a85-4404-80c2-b82296150091","activity_type":"BID_PLACED","data":{"anonymous":true},"created_at":"2024-02-28 00:00:42.507814"}}
{"data":{"id":"108242c3-7f11-4106-8205-330711d474a2","activity_type":"EXISTING_LANDFIELD_BOUGHT","data":{"seller":{},"buyer":{},"landfield":{"tilesCount":1,"country":"Tajikistan","landfieldTier":2}},"created_at":"2024-02-28 00:00:50.437987"}}
{"data":{"id":"e6d8891e-97c6-43f5-a878-bd275a5bbec0","activity_type":"BID_ACCEPTED","data":{"anonymous":true},"created_at":"2024-02-28 00:00:54.099714"}}
{"data":{"id":"b5557513-a35f-41e7-944c-226af517e107","activity_type":"HOLOBUILDING_CREATED","data":{"user":{}},"created_at":"2024-02-28 00:00:54.558293"}}
{"data":{"id":"8aae2802-78cc-48a0-aae0-42144e663c89","activity_type":"BID_ACCEPTED","data":{"anonymous":true},"created_at":"2024-02-28 00:00:57.526612"}}
{"data":{"id":"e3cbe4d6-c6b9-4a84-b1ed-e6c8b9d31c08","activity_type":"HOLOBUILDING_CREATED","data":{"user":{}},"created_at":"2024-02-28 00:00:58.146503"}}
{"data":{"id":"dc8849be-2cd6-4e40-bfee-b2786bb78dc9","activity_type":"BID_ACCEPTED","data":{"anonymous":true},"created_at":"2024-02-28 00:01:02.591909"}}
{"data":{"id":"c44e4874-038a-43fc-b839-bd4ac7cd9bd3","activity_type":"HOLOBUILDING_CREATED","data":{"user":{}},"created_at":"2024-02-28 00:01:03.145232"}}
{"data":{"id":"667e75cd-5117-4306-9064-9c4a5367fb73","activity_type":"BID_ACCEPTED","data":{"anonymous":true},"created_at":"2024-02-28 00:01:05.780470"}}
{"data":{"id":"f1970fcc-7600-43df-9bd7-6126174d80a2","activity_type":"HOLOBUILDING_CREATED","data":{"user":{}},"created_at":"2024-02-28 00:01:06.348150"}}
{"data":{"id":"76f25f18-4bff-4237-8f52-3233295e1575","activity_type":"BID_ACCEPTED","data":{"anonymous":true},"created_at":"2024-02-28 00:01:09.057614"}}
{"data":{"id":"04bfe416-1105-4298-9897-786150a35093","activity_type":"HOLOBUILDING_CREATED","data":{"user":{}},"created_at":"2024-02-28 00:01:09.694526"}}
{"data":{"id":"488135d4-e4cc-4bcd-b63d-ca447dd3dac8","activity_type":"BID_ACCEPTED","data":{"anonymous":true},"created_at":"2024-02-28 00:01:12.641568"}}
{"data":{"id":"6d2b2291-5335-4008-b70f-5d966208415e","activity_type":"HOLOBUILDING_CREATED","data":{"user":{}},"created_at":"2024-02-28 00:01:13.220102"}}
{"data":{"id":"4f05e595-d7b3-47be-94e0-561d3e6df2a8","activity_type":"BID_ACCEPTED","data":{"anonymous":true},"created_at":"2024-02-28 00:01:14.417326"}}
{"data":{"id":"3a5e3104-9b32-43d0-bbc5-555685245ae0","activity_type":"BID_ACCEPTED","data":{"anonymous":true},"created_at":"2024-02-28 00:01:16.077345"}}
{"data":{"id":"35cab46f-be06-41bd-aac0-b1e8896a1448","activity_type":"HOLOBUILDING_CREATED","data":{"user":{}},"created_at":"2024-02-28 00:01:16.774565"}}
{"data":{"id":"df7caee5-9790-4084-ab12-d1fb62b1a1aa","activity_type":"BID_ACCEPTED","data":{"anonymous":true},"created_at":"2024-02-28 00:01:19.455620"}}
{"data":{"id":"e8c8d951-bb1f-42e5-a7bc-cf7978d530bf","activity_type":"HOLOBUILDING_CREATED","data":{"user":{}},"created_at":"2024-02-28 00:01:20.072753"}}
{"data":{"id":"76380ac9-d9f5-46b5-91ff-a9f9773cbd92","activity_type":"EXISTING_LANDFIELD_BOUGHT","data":{"seller":{},"buyer":{},"landfield":{"tilesCount":1,"country":"Tajikistan","landfieldTier":2}},"created_at":"2024-02-28 00:01:23.036546"}}
{"data":{"id":"b17d2b35-dd33-4c56-a1f3-75bcc69b9181","activity_type":"BID_ACCEPTED","data":{"anonymous":true},"created_at":"2024-02-28 00:01:28.414569"}}
{"data":{"id":"c91f3881-8bd4-4cbd-b1c6-e59e931044b2","activity_type":"HOLOBUILDING_CREATED","data":{"user":{}},"created_at":"2024-02-28 00:01:28.992846"}}
{"data":{"id":"10becec6-608f-400b-bad4-0aed0e8daa4f","activity_type":"BID_ACCEPTED","data":{"anonymous":true},"created_at":"2024-02-28 00:01:35.051691"}}
{"data":{"id":"e1d618b2-5fa2-4536-be44-1bc14f604300","activity_type":"HOLOBUILDING_CREATED","data":{"user":{}},"created_at":"2024-02-28 00:01:35.934054"}}
{"data":{"id":"1c9e0abc-f9d0-46a9-8512-cd2bd4f9cfcc","activity_type":"EXISTING_LANDFIELD_BOUGHT","data":{"seller":{},"buyer":{},"landfield":{"tilesCount":1,"country":"Georgia","landfieldTier":2}},"created_at":"2024-02-28 00:01:40.767935"}}
{"data":{"id":"32a2959a-f08b-4ddd-af03-15285c1b6d4e","activity_type":"EXISTING_LANDFIELD_BOUGHT","data":{"seller":{},"buyer":{},"landfield":{"tilesCount":1,"country":"Georgia","landfieldTier":2}},"created_at":"2024-02-28 00:01:59.859040"}}
{"data":{"id":"c0c211a1-2661-4fde-9450-6ffd3a323b7e","activity_type":"BID_PLACED","data":{"anonymous":true},"created_at":"2024-02-28 00:02:04.808322"}}
{"data":{"id":"28b4c63d-055f-4386-84dc-d27729108121","activity_type":"EXISTING_LANDFIELD_BOUGHT","data":{"seller":{},"buyer":{},"landfield":{"tilesCount":1,"country":"Tajikistan","landfieldTier":2}},"created_at":"2024-02-28 00:02:27.763849"}}
{"data":{"id":"cf937739-3a96-458a-ad2f-623a52b20083","activity_type":"EXISTING_LANDFIELD_BOUGHT","data":{"seller":{},"buyer":{},"landfield":{"tilesCount":1,"country":"Ecuador","landfieldTier":2}},"created_at":"2024-02-28 00:02:41.310145"}}
{"data":{"id":"c2359785-4d8f-41f7-b2b3-8c5e27b0881f","activity_type":"EXISTING_LANDFIELD_BOUGHT","data":{"seller":{},"buyer":{},"landfield":{"tilesCount":1,"country":"Tajikistan","landfieldTier":2}},"created_at":"2024-02-28 00:02:56.154197"}}
{"data":{"id":"6abea67b-377c-4255-8a4b-6d60bcf62edf","activity_type":"BID_ACCEPTED","data":{"anonymous":true},"created_at":"2024-02-28 00:03:05.997939"}}
{"data":{"id":"7edde0e9-3d30-465a-8051-091374ece74a","activity_type":"EXISTING_LANDFIELD_BOUGHT","data":{"seller":{},"buyer":{},"landfield":{"tilesCount":4,"country":"Sweden","landfieldTier":2}},"created_at":"2024-02-28 00:03:15.442424"}}
{"data":{"id":"df4e7969-3276-40ac-9d2c-3041c9be5edc","activity_type":"EXISTING_LANDFIELD_BOUGHT","data":{"seller":{},"buyer":{},"landfield":{"tilesCount":1,"country":"Tajikistan","landfieldTier":2}},"created_at":"2024-02-28 00:03:25.428757"}}
{"data":{"id":"0c966af6-6885-4184-990c-9441fb014ee3","activity_type":"EXISTING_LANDFIELD_BOUGHT","data":{"seller":{},"buyer":{},"landfield":{"tilesCount":4,"country":"Sweden","landfieldTier":2}},"created_at":"2024-02-28 00:03:42.668894"}}
{"data":{"id":"738e8781-4faf-4c1a-8ab5-72f2cec72f12","activity_type":"EXISTING_LANDFIELD_BOUGHT","data":{"seller":{},"buyer":{},"landfield":{"tilesCount":1,"country":"Botswana","landfieldTier":2}},"created_at":"2024-02-28 00:03:44.841947"}}
{"data":{"id":"1f4b184d-437f-456c-ae05-b86317bb5431","activity_type":"BID_ACCEPTED","data":{"anonymous":true},"created_at":"2024-02-28 00:03:51.922836"}}
{"data":{"created_at":"2024-02-28T00:03:53.010Z","data":{"buyer":{},"jewel":{"color_name":"GREY","is_crafted":true,"level":3,"name":"Cracked Prime Grey Jewel 3","quality_level":"CRACKED"},"seller":{},"price":"0.33"},"id":"2a26bfef-1d3e-4b72-a051-cf165430b6d7","activity_type":"JEWEL_BOUGHT","topic":null,"event":"activity-feed"}}
{"data":{"created_at":"2024-02-28T00:03:56.594Z","data":{"buyer":{},"jewel":{"color_name":"GREY","is_crafted":true,"level":3,"name":"Cracked Prime Grey Jewel 3","quality_level":"CRACKED"},"seller":{},"price":"0.33"},"id":"6754bb7d-8c38-45f9-9901-21c81d389afe","activity_type":"JEWEL_BOUGHT","topic":null,"event":"activity-feed"}}
{"data":{"id":"447dda3d-38f7-4814-abd5-1c530f10e3a6","activity_type":"EXISTING_LANDFIELD_BOUGHT","data":{"seller":{},"buyer":{},"landfield":{"tilesCount":1,"country":"Ecuador","landfieldTier":2}},"created_at":"2024-02-28 00:04:03.279691"}}
{"data":{"created_at":"2024-02-28T00:04:04.342Z","data":{"buyer":{},"jewel":{"color_name":"GREY","is_crafted":true,"level":3,"name":"Cracked Prime Grey Jewel 3","quality_level":"CRACKED"},"seller":{},"price":"0.33"},"id":"b64ef311-3ac8-4951-a465-5e4139177c4c","activity_type":"JEWEL_BOUGHT","topic":null,"event":"activity-feed"}}
{"data":{"id":"221ba25e-e034-4b37-95cb-8c25c65d72ec","activity_type":"NEW_LANDFIELD_BOUGHT","data":{"buyer":{},"landfield":{"tilesCount":36,"country":"Uganda","landfieldTier":2}},"created_at":"2024-02-28 00:04:17.455950"}}
{"data":{"id":"4b8f2d88-fd02-47c8-8435-222ee2960826","activity_type":"EXISTING_LANDFIELD_BOUGHT","data":{"seller":{},"buyer":{},"landfield":{"tilesCount":1,"country":"Tajikistan","landfieldTier":2}},"created_at":"2024-02-28 00:04:34.733922"}}
{"data":{"id":"edd06463-ce89-40d1-8ede-6da2ae5a402a","activity_type":"EXISTING_LANDFIELD_BOUGHT","data":{"seller":{},"buyer":{},"landfield":{"tilesCount":1,"country":"Ecuador","landfieldTier":2}},"created_at":"2024-02-28 00:04:51.277176"}}
{"data":{"id":"dd9c2cd5-1bbc-42a3-8daf-f63fc25aacf4","activity_type":"EXISTING_LANDFIELD_BOUGHT","data":{"seller":{},"buyer":{},"landfield":{"tilesCount":1,"country":"Tajikistan","landfieldTier":2}},"created_at":"2024-02-28 00:05:05.897399"}}
{"data":{"id":"b07a12e9-8f83-4acd-931e-82824afdc36c","activity_type":"BID_PLACED","data":{"anonymous":true},"created_at":"2024-02-28 00:05:17.594127"}}
{"data":{"id":"dbb08184-5975-4bdb-86d7-6a788122d42a","activity_type":"BID_PLACED","data":{"anonymous":true},"created_at":"2024-02-28 00:06:20.989922"}}
{"data":{"id":"92e3ceef-d42e-474c-a3ba-c8041220d8e3","activity_type":"BID_ACCEPTED","data":{"anonymous":true},"created_at":"2024-02-28 00:06:34.582916"}}
{"data":{"id":"1aed91cf-1cd4-481e-b3c7-69ea820f9bf8","activity_type":"BID_ACCEPTED","data":{"anonymous":true},"created_at":"2024-02-28 00:06:55.144849"}}
{"data":{"id":"d40aee18-ecf6-4702-a243-e477627311bc","activity_type":"BID_DECLINED","data":{"buyer":{},"seller":{"id":"4c9bbb2b-5e88-49d8-b44d-0300a08fb440","username":"JRedleyNZ"},"landfield":{}},"created_at":"2024-02-28 00:07:40.272218"}}
{"data":{"id":"abba92cb-bfeb-4f87-b7f5-bb27c1cbe067","activity_type":"BID_ACCEPTED","data":{"buyer":{},"seller":{"id":"4c9bbb2b-5e88-49d8-b44d-0300a08fb440","username":"JRedleyNZ"},"landfield":{}},"created_at":"2024-02-28 00:07:54.463130"}}
{"data":{"id":"564aac75-e5d9-4a19-b7ff-19b2b333e789","activity_type":"BID_DECLINED","data":{"buyer":{},"seller":{"id":"4c9bbb2b-5e88-49d8-b44d-0300a08fb440","username":"JRedleyNZ"},"landfield":{}},"created_at":"2024-02-28 00:08:05.021795"}}
{"data":{"id":"fb411471-c06e-4738-a55b-1aebe13b275c","activity_type":"BID_DECLINED","data":{"buyer":{},"seller":{"id":"4c9bbb2b-5e88-49d8-b44d-0300a08fb440","username":"JRedleyNZ"},"landfield":{}},"created_at":"2024-02-28 00:08:05.086900"}}
{"data":{"id":"18dd623d-13e2-4902-a1d3-5eb73e97dbfc","activity_type":"BID_ACCEPTED","data":{"buyer":{},"seller":{"id":"4c9bbb2b-5e88-49d8-b44d-0300a08fb440","username":"JRedleyNZ"},"landfield":{}},"created_at":"2024-02-28 00:08:09.575839"}}
{"data":{"id":"07d6ec70-1e17-4e90-8cf0-0f1f6a100f0d","activity_type":"EXISTING_LANDFIELD_BOUGHT","data":{"seller":{},"buyer":{},"landfield":{"tilesCount":4,"country":"Iraq","landfieldTier":3}},"created_at":"2024-02-28 00:08:15.357181"}}
{"data":{"id":"4ebf1ce8-de79-4eee-a469-9cd24f5feac7","activity_type":"BID_ACCEPTED","data":{"buyer":{},"seller":{"id":"4c9bbb2b-5e88-49d8-b44d-0300a08fb440","username":"JRedleyNZ"},"landfield":{}},"created_at":"2024-02-28 00:08:17.734772"}}
{"data":{"id":"ebdc1f43-00f1-4aba-bab6-36c77f23a802","activity_type":"BID_ACCEPTED","data":{"buyer":{},"seller":{"id":"4c9bbb2b-5e88-49d8-b44d-0300a08fb440","username":"JRedleyNZ"},"landfield":{}},"created_at":"2024-02-28 00:08:32.088529"}}
{"data":{"id":"f5f326e0-5b2d-4f38-8596-a8c16b89cfb7","activity_type":"BID_ACCEPTED","data":{"buyer":{},"seller":{"id":"4c9bbb2b-5e88-49d8-b44d-0300a08fb440","username":"JRedleyNZ"},"landfield":{}},"created_at":"2024-02-28 00:08:52.053768"}}
{"data":{"id":"2ff1563d-caa1-44b6-8973-c54429e44cb2","activity_type":"BID_PLACED","data":{"buyer":{},"seller":{"id":"4c9bbb2b-5e88-49d8-b44d-0300a08fb440","username":"JRedleyNZ"},"landfield":{}},"created_at":"2024-02-28 00:12:48.872460"}}
{"data":{"id":"9e543ef0-d0ab-430d-8e88-7d06b73d545d","activity_type":"EXISTING_LANDFIELD_BOUGHT","data":{"seller":{"id":"683aa5b1-11af-42b1-af30-7866197ffb47","username":"MeghsSB"},"buyer":{"id":"f78cdda7-39f7-47cd-acc0-256af552190e","username":"ROZLENEKI"},"landfield":{"tilesCount":11,"id":"7488d513-f23c-4de5-9285-60a453465170","location":"Adrar, Mauritania","country":"Mauritania","landfieldTier":1}},"created_at":"2024-02-28 00:13:26.783163"}}
{"data":{"id":"cbac0c4e-be1f-4e1c-92b9-2414b26a4d1b","activity_type":"BID_DECLINED","data":{"buyer":{},"seller":{"id":"0c8a1ae6-7851-47f1-8df3-72d634da4723","username":"sam61d1f4d5bee44266"},"landfield":{}},"created_at":"2024-02-28 00:16:03.842667"}}
{"data":{"id":"ccb809a0-f562-443b-8d09-9bb2c555a931","activity_type":"BID_PLACED","data":{"buyer":{},"seller":{"id":"4c9bbb2b-5e88-49d8-b44d-0300a08fb440","username":"JRedleyNZ"},"landfield":{}},"created_at":"2024-02-28 00:21:39.231472"}}
{"data":{"id":"42dd26e4-37e5-47b4-b66d-e798b725172d","activity_type":"BID_DECLINED","data":{"buyer":{},"seller":{"id":"4c9bbb2b-5e88-49d8-b44d-0300a08fb440","username":"JRedleyNZ"},"landfield":{}},"created_at":"2024-02-28 00:27:11.659453"}}
{"data":{"id":"66ee0274-bebf-4650-b342-bd4932aab383","activity_type":"BID_DECLINED","data":{"buyer":{},"seller":{"id":"4c9bbb2b-5e88-49d8-b44d-0300a08fb440","username":"JRedleyNZ"},"landfield":{}},"created_at":"2024-02-28 00:27:11.724498"}}
{"data":{"id":"04eacc51-0d79-4de9-907e-e0ea7c7c199b","activity_type":"BID_ACCEPTED","data":{"buyer":{"id":"06ce98b4-6941-4654-9cd7-9f33c7ebf44d","username":"CRYPTOMAFIA"},"seller":{"id":"eafcff25-d566-4d82-9156-2133d3186a20","username":"Strevenup"},"landfield":{"id":"ec1c5082-78d8-4116-9f92-8f49ad6588ab","location":"Barra Funda, São Paulo - São Paulo, Brazil"}},"created_at":"2024-02-28 00:29:26.891714"}}
{"data":{"id":"6e5e2e64-e93a-4c76-ae87-51104e8acfd2","activity_type":"EXISTING_LANDFIELD_BOUGHT","data":{"seller":{"id":"06ce98b4-6941-4654-9cd7-9f33c7ebf44d","username":"CRYPTOMAFIA"},"buyer":{"id":"f5c02a5a-0fc5-4e3b-ac82-02c41c7aa028","username":"DiamondHands"},"landfield":{"tilesCount":1,"id":"d83d2d8e-23e3-463b-a7eb-d2e19f2ece62","location":"British Indian Ocean Territory, British Indian Ocean Territory","country":"British Indian Ocean Territory","landfieldTier":2}},"created_at":"2024-02-28 00:29:48.744027"}}
{"data":{"id":"436eca2b-3a33-4298-926f-a211cb74c3ce","activity_type":"BID_ACCEPTED","data":{"buyer":{"id":"06ce98b4-6941-4654-9cd7-9f33c7ebf44d","username":"CRYPTOMAFIA"},"seller":{"id":"eafcff25-d566-4d82-9156-2133d3186a20","username":"Strevenup"},"landfield":{"id":"6aa41e1d-9c6c-4dfb-82b8-202d8541c880","location":"Barra Funda, São Paulo - São Paulo, Brazil"}},"created_at":"2024-02-28 00:29:54.520063"}}
{"data":{"id":"b3e42aad-68b8-4a54-876f-fdfa23351ce0","activity_type":"BID_DECLINED","data":{"buyer":{"id":"06ce98b4-6941-4654-9cd7-9f33c7ebf44d","username":"CRYPTOMAFIA"},"seller":{"id":"eafcff25-d566-4d82-9156-2133d3186a20","username":"Strevenup"},"landfield":{"id":"5333efa2-2c30-41b5-b773-3c41b62ab6e9","location":"Barra Funda, São Paulo - São Paulo, Brazil"}},"created_at":"2024-02-28 00:30:13.723838"}}
{"data":{"id":"ac6452cd-80be-45f1-924f-6b328ce5af03","activity_type":"BID_PLACED","data":{"buyer":{},"seller":{"id":"eafcff25-d566-4d82-9156-2133d3186a20","username":"Strevenup"},"landfield":{}},"created_at":"2024-02-28 00:30:33.652208"}}
{"data":{"id":"ac57db77-9a7c-4e94-b7e1-7db196b39e72","activity_type":"BID_PLACED","data":{"buyer":{},"seller":{"id":"eafcff25-d566-4d82-9156-2133d3186a20","username":"Strevenup"},"landfield":{}},"created_at":"2024-02-28 00:30:58.476067"}}
{"data":{"id":"3194bee9-9354-4031-b86b-448c70ec4b88","activity_type":"BID_PLACED","data":{"buyer":{},"seller":{"id":"eafcff25-d566-4d82-9156-2133d3186a20","username":"Strevenup"},"landfield":{}},"created_at":"2024-02-28 00:31:17.282094"}}
{"data":{"id":"898fecb3-76a2-4a55-84fe-1c5e577de95f","activity_type":"BID_DECLINED","data":{"buyer":{},"seller":{"id":"eafcff25-d566-4d82-9156-2133d3186a20","username":"Strevenup"},"landfield":{}},"created_at":"2024-02-28 00:32:18.377478"}}
{"data":{"id":"60c1daf2-b579-4bd5-b866-efafea8f9098","activity_type":"EXISTING_LANDFIELD_BOUGHT","data":{"seller":{},"buyer":{},"landfield":{"tilesCount":8,"country":"Russia","landfieldTier":1}},"created_at":"2024-02-28 00:32:24.387771"}}
{"data":{"id":"e8bfdaec-4a15-4b7f-a693-abad2ae3cbcd","activity_type":"NEW_LANDFIELD_BOUGHT","data":{"buyer":{},"landfield":{"tilesCount":30,"country":"Ethiopia","landfieldTier":2}},"created_at":"2024-02-28 00:33:02.656369"}}
{"data":{"id":"b2a21b79-6083-46da-8be8-28b250b204c9","activity_type":"EXISTING_LANDFIELD_BOUGHT","data":{"seller":{},"buyer":{},"landfield":{"tilesCount":6,"country":"Russia","landfieldTier":1}},"created_at":"2024-02-28 00:33:05.896728"}}
{"data":{"id":"5751a37c-04df-411e-a737-9bba8e93b275","activity_type":"BID_DECLINED","data":{"buyer":{},"seller":{"id":"eafcff25-d566-4d82-9156-2133d3186a20","username":"Strevenup"},"landfield":{}},"created_at":"2024-02-28 00:33:06.111606"}}
{"data":{"id":"438e233e-e76c-444b-8a82-b532d43d504e","activity_type":"BID_DECLINED","data":{"buyer":{},"seller":{"id":"eafcff25-d566-4d82-9156-2133d3186a20","username":"Strevenup"},"landfield":{}},"created_at":"2024-02-28 00:33:44.425638"}}
{"data":{"id":"099f5271-9e9f-47a4-b9a5-ef5a76eb3252","activity_type":"EXISTING_LANDFIELD_BOUGHT","data":{"seller":{},"buyer":{},"landfield":{"tilesCount":4,"country":"Russia","landfieldTier":1}},"created_at":"2024-02-28 00:33:57.558512"}}
{"data":{"created_at":"2024-02-28T00:34:29.812Z","data":{"buyer":{},"jewel":{"color_name":"SLATE","is_crafted":true,"level":1,"name":"Cracked Slate Jewel","quality_level":"CRACKED"},"seller":{},"price":"0.67"},"id":"a0b615a5-75fe-4fe3-b3ce-1d04880104c1","activity_type":"JEWEL_BOUGHT","topic":null,"event":"activity-feed"}}
{"data":{"created_at":"2024-02-28T00:34:29.865Z","data":{"buyer":{},"jewel":{"color_name":"SLATE","is_crafted":true,"level":1,"name":"Cracked Slate Jewel","quality_level":"CRACKED"},"seller":{},"price":"0.67"},"id":"12208b0f-68ab-4f9a-9877-91ea2d727ff4","activity_type":"JEWEL_BOUGHT","topic":null,"event":"activity-feed"}}
{"data":{"created_at":"2024-02-28T00:34:30.114Z","data":{"buyer":{},"jewel":{"color_name":"SLATE","is_crafted":true,"level":1,"name":"Cracked Slate Jewel","quality_level":"CRACKED"},"seller":{},"price":"0.67"},"id":"f2c32ef8-cd5c-4b53-9613-459b25515f3c","activity_type":"JEWEL_BOUGHT","topic":null,"event":"activity-feed"}}
{"data":{"created_at":"2024-02-28T00:34:30.158Z","data":{"buyer":{},"jewel":{"color_name":"SLATE","is_crafted":true,"level":1,"name":"Cracked Slate Jewel","quality_level":"CRACKED"},"seller":{},"price":"0.67"},"id":"4c053409-5564-49a4-843e-c3a89eb14989","activity_type":"JEWEL_BOUGHT","topic":null,"event":"activity-feed"}}
{"data":{"id":"451454c1-ee5c-4436-9853-1667ffb3a7e9","activity_type":"NEW_LANDFIELD_BOUGHT","data":{"buyer":{},"landfield":{"tilesCount":1,"country":"Netherlands","landfieldTier":2}},"created_at":"2024-02-28 00:36:26.897538"}}
{"data":{"id":"3e9d1771-7853-4d15-bc54-c8dd647088f9","activity_type":"NEW_LANDFIELD_BOUGHT","data":{"buyer":{},"landfield":{"tilesCount":73,"country":"Netherlands","landfieldTier":3}},"created_at":"2024-02-28 00:37:18.298544"}}
{"data":{"id":"887e6863-5073-4c9d-8dda-e8808c2d329c","activity_type":"BID_ACCEPTED","data":{"anonymous":true},"created_at":"2024-02-28 00:37:42.856739"}}
{"data":{"id":"503a7790-0248-47bf-a8ea-81590e9fa7a9","activity_type":"BID_ACCEPTED","data":{"anonymous":true},"created_at":"2024-02-28 00:37:43.905020"}}
{"data":{"id":"a8c78f4c-15b5-4050-9257-f3147a11a87c","activity_type":"BID_ACCEPTED","data":{"anonymous":true},"created_at":"2024-02-28 00:37:46.798431"}}
{"data":{"id":"ba9b022d-62a4-4aef-8f4b-a985b781889f","activity_type":"BID_ACCEPTED","data":{"anonymous":true},"created_at":"2024-02-28 00:37:48.086677"}}
{"data":{"id":"6016de67-5689-4f72-8a3e-f8d9580e7822","activity_type":"BID_ACCEPTED","data":{"anonymous":true},"created_at":"2024-02-28 00:37:55.048257"}}
{"data":{"id":"4c7a0709-92bd-4925-a729-fb318e28372d","activity_type":"BID_ACCEPTED","data":{"anonymous":true},"created_at":"2024-02-28 00:37:55.535816"}}
{"data":{"id":"9510d007-4506-4c93-b35d-a051ff2bde2e","activity_type":"BID_ACCEPTED","data":{"anonymous":true},"created_at":"2024-02-28 00:37:55.959211"}}
{"data":{"id":"6e6b0767-0162-479b-acb7-0af8f2eefa8a","activity_type":"BID_ACCEPTED","data":{"anonymous":true},"created_at":"2024-02-28 00:37:56.645322"}}
{"data":{"id":"4cd1054a-ad40-4a01-ac30-e8b62089a710","activity_type":"BID_PLACED","data":{"buyer":{},"seller":{"id":"01798eb7-205c-4b06-9707-f1d7d386bfcb","username":"SMARKETING5JHAN95NG2D"},"landfield":{}},"created_at":"2024-02-28 00:40:34.047627"}}
{"data":{"id":"62ce2fed-f812-46e2-838b-26825891caa6","activity_type":"NEW_LANDFIELD_BOUGHT","data":{"buyer":{},"landfield":{"tilesCount":30,"country":"Niger","landfieldTier":2}},"created_at":"2024-02-28 00:41:00.241451"}}
{"data":{"id":"48d4a03d-cb63-4ec2-bd1c-3d545c6f974d","activity_type":"BID_PLACED","data":{"buyer":{"id":"06ce98b4-6941-4654-9cd7-9f33c7ebf44d","username":"CRYPTOMAFIA"},"seller":{},"landfield":{}},"created_at":"2024-02-28 00:47:22.279038"}}
{"data":{"created_at":"2024-02-28T00:47:31.141Z","data":{"buyer":{"id":"77d1a4c6-0f52-4f87-9604-ce6e4bc94d96","username":"Damp63"},"jewel":{"color_name":"GREY","is_crafted":false,"level":1,"name":"Common Prime Grey Jewel","quality_level":"COMMON"},"seller":{},"price":"0.04"},"id":"b49a4050-09b0-4372-8f83-ec3eedb7350c","activity_type":"JEWEL_BOUGHT","topic":null,"event":"activity-feed"}}
{"data":{"created_at":"2024-02-28T00:47:34.358Z","data":{"buyer":{"id":"77d1a4c6-0f52-4f87-9604-ce6e4bc94d96","username":"Damp63"},"jewel":{"color_name":"GREY","is_crafted":false,"level":1,"name":"Common Prime Grey Jewel","quality_level":"COMMON"},"seller":{},"price":"0.04"},"id":"7423143e-d7a2-407a-bb35-62aa5b434ccb","activity_type":"JEWEL_BOUGHT","topic":null,"event":"activity-feed"}}
{"data":{"id":"6e5b20fb-be91-4085-8dd4-6217ba56630a","activity_type":"NEW_LANDFIELD_BOUGHT","data":{"buyer":{"id":"1254c357-0660-4d00-8d88-1afbd6c5ac40","username":"순장ㅡReferralCodeㅡbible"},"landfield":{"tilesCount":4,"id":"c03865a7-337e-47ed-afa2-3782236352dd","location":"Jerusalem Governorate, Palestinian Territories","country":"Palestine, State of","landfieldTier":2}},"created_at":"2024-02-28 00:48:53.362581"}}
{"data":{"id":"1b28f88f-3506-4d4a-90a6-abb89d51f592","activity_type":"BID_ACCEPTED","data":{"buyer":{},"seller":{"id":"aec612cd-09da-44b7-9d24-89e624ae1da3","username":"Atreide"},"landfield":{}},"created_at":"2024-02-28 00:49:01.892553"}}
{"data":{"id":"a84ac314-04b6-42af-bbb7-c10d8ba98f73","activity_type":"BID_ACCEPTED","data":{"buyer":{},"seller":{"id":"aec612cd-09da-44b7-9d24-89e624ae1da3","username":"Atreide"},"landfield":{}},"created_at":"2024-02-28 00:49:32.970045"}}
{"data":{"id":"cb4a4fdb-1a13-4eaf-afb1-cf41cf54eb47","activity_type":"BID_ACCEPTED","data":{"buyer":{},"seller":{"id":"aec612cd-09da-44b7-9d24-89e624ae1da3","username":"Atreide"},"landfield":{}},"created_at":"2024-02-28 00:49:53.416196"}}
{"data":{"id":"39c68db1-9a60-41f4-b85c-37bbd9711048","activity_type":"NEW_LANDFIELD_BOUGHT","data":{"buyer":{},"landfield":{"tilesCount":30,"country":"Fiji","landfieldTier":2}},"created_at":"2024-02-28 00:49:56.439638"}}
{"data":{"id":"aa7d8086-f38e-43ac-a882-456779b0d949","activity_type":"BID_ACCEPTED","data":{"buyer":{},"seller":{"id":"aec612cd-09da-44b7-9d24-89e624ae1da3","username":"Atreide"},"landfield":{}},"created_at":"2024-02-28 00:50:04.935872"}}
{"data":{"id":"e0e4ca68-6171-4b82-951d-9963f47c9c3a","activity_type":"BID_PLACED","data":{"buyer":{},"seller":{"id":"aec612cd-09da-44b7-9d24-89e624ae1da3","username":"Atreide"},"landfield":{}},"created_at":"2024-02-28 00:50:22.976549"}}
{"data":{"id":"63f147d5-518f-4edc-ba5d-fc3b1d3b7eb9","activity_type":"NEW_LANDFIELD_BOUGHT","data":{"buyer":{"id":"1254c357-0660-4d00-8d88-1afbd6c5ac40","username":"순장ㅡReferralCodeㅡbible"},"landfield":{"tilesCount":100,"id":"6b0119cc-5702-457f-9aa0-41f73131be5b","location":"Sodankylä, Lapland, Finland","country":"Finland","landfieldTier":2}},"created_at":"2024-02-28 00:51:36.730760"}}
{"data":{"id":"e579564c-82a8-4453-8da0-68fa23cbdf9f","activity_type":"BID_PLACED","data":{"buyer":{"id":"e102210d-95d8-48b9-b936-be3e9eb77a21","username":"CRYPTOMAFIA2"},"seller":{"id":"06ce98b4-6941-4654-9cd7-9f33c7ebf44d","username":"CRYPTOMAFIA"},"landfield":{"id":"ec1c5082-78d8-4116-9f92-8f49ad6588ab","location":"Barra Funda, São Paulo - São Paulo, Brazil"}},"created_at":"2024-02-28 00:51:55.737827"}}
{"data":{"id":"70cbec0d-eba3-4cf4-ae39-71080abb5221","activity_type":"HOLOBUILDING_CREATED","data":{"user":{"id":"1254c357-0660-4d00-8d88-1afbd6c5ac40","username":"순장ㅡReferralCodeㅡbible"}},"created_at":"2024-02-28 00:55:31.251771"}}
{"data":{"id":"2603cbe9-7d38-422e-91e3-c0a5c981f879","activity_type":"BID_PLACED","data":{"anonymous":true},"created_at":"2024-02-28 00:55:55.186645"}}
{"data":{"id":"7a23b761-6b9b-45e3-972e-81b9b6739311","activity_type":"BID_PLACED","data":{"buyer":{"id":"90b604fc-5a6d-4ae7-8dee-b46e72bc99b3","username":"E2MOON"},"seller":{},"landfield":{}},"created_at":"2024-02-28 00:56:32.661105"}}
{"data":{"id":"c41ece18-bdf7-4514-a224-d5164477e319","activity_type":"BID_PLACED","data":{"buyer":{},"seller":{"id":"aec612cd-09da-44b7-9d24-89e624ae1da3","username":"Atreide"},"landfield":{}},"created_at":"2024-02-28 00:56:32.839897"}}
{"data":{"id":"505dd818-3748-4df6-8790-37b828f6034b","activity_type":"BID_PLACED","data":{"buyer":{},"seller":{"id":"aec612cd-09da-44b7-9d24-89e624ae1da3","username":"Atreide"},"landfield":{}},"created_at":"2024-02-28 00:57:06.260089"}}
{"data":{"id":"00ff82ed-82af-4795-a8ab-710b72cc2c81","activity_type":"BID_PLACED","data":{"buyer":{},"seller":{"id":"aec612cd-09da-44b7-9d24-89e624ae1da3","username":"Atreide"},"landfield":{}},"created_at":"2024-02-28 00:57:19.614627"}}
{"data":{"created_at":"2024-02-28T00:58:29.296Z","data":{"buyer":{"id":"a2b09352-65b2-4a73-a83e-e31850b08d12","username":"Mohave"},"jewel":{"color_name":"SERPENTINE","is_crafted":true,"level":1,"name":"Cracked Serpentine Jewel","quality_level":"CRACKED"},"seller":{"id":"b4e6a887-ab18-42fd-8fc1-5d631c321f48","username":"KPhoenix"},"price":null},"id":"45b19b38-258c-4dce-9b56-231099a443d3","activity_type":"JEWEL_BOUGHT","topic":null,"event":"activity-feed"}}
{"data":{"created_at":"2024-02-28T00:58:32.461Z","data":{"buyer":{"id":"a2b09352-65b2-4a73-a83e-e31850b08d12","username":"Mohave"},"jewel":{"color_name":"SERPENTINE","is_crafted":true,"level":1,"name":"Cracked Serpentine Jewel","quality_level":"CRACKED"},"seller":{},"price":"0.69"},"id":"630dec8a-8479-4768-9f72-cfa88d5f213d","activity_type":"JEWEL_BOUGHT","topic":null,"event":"activity-feed"}}
{"data":{"created_at":"2024-02-28T00:58:34.654Z","data":{"buyer":{"id":"a2b09352-65b2-4a73-a83e-e31850b08d12","username":"Mohave"},"jewel":{"color_name":"SERPENTINE","is_crafted":true,"level":1,"name":"Cracked Serpentine Jewel","quality_level":"CRACKED"},"seller":{},"price":"0.69"},"id":"cb877022-215d-49d3-88dd-8d0b5256f35f","activity_type":"JEWEL_BOUGHT","topic":null,"event":"activity-feed"}}
{"data":{"created_at":"2024-02-28T00:58:37.485Z","data":{"buyer":{"id":"a2b09352-65b2-4a73-a83e-e31850b08d12","username":"Mohave"},"jewel":{"color_name":"SERPENTINE","is_crafted":true,"level":1,"name":"Cracked Serpentine Jewel","quality_level":"CRACKED"},"seller":{},"price":"0.69"},"id":"1447f738-dedf-405e-a46e-55bff594d2bb","activity_type":"JEWEL_BOUGHT","topic":null,"event":"activity-feed"}}
{"data":{"created_at":"2024-02-28T00:58:39.683Z","data":{"buyer":{"id":"a2b09352-65b2-4a73-a83e-e31850b08d12","username":"Mohave"},"jewel":{"color_name":"SERPENTINE","is_crafted":true,"level":1,"name":"Cracked Serpentine Jewel","quality_level":"CRACKED"},"seller":{},"price":"0.69"},"id":"3a4ced16-920f-42f4-abe7-ac1abe729a48","activity_type":"JEWEL_BOUGHT","topic":null,"event":"activity-feed"}}
{"data":{"created_at":"2024-02-28T00:58:42.460Z","data":{"buyer":{"id":"a2b09352-65b2-4a73-a83e-e31850b08d12","username":"Mohave"},"jewel":{"color_name":"SERPENTINE","is_crafted":true,"level":1,"name":"Cracked Serpentine Jewel","quality_level":"CRACKED"},"seller":{},"price":"0.69"},"id":"61e1c7b2-f6db-4499-ba53-77a6443ce069","activity_type":"JEWEL_BOUGHT","topic":null,"event":"activity-feed"}}
{"data":{"created_at":"2024-02-28T00:58:44.645Z","data":{"buyer":{"id":"a2b09352-65b2-4a73-a83e-e31850b08d12","username":"Mohave"},"jewel":{"color_name":"SERPENTINE","is_crafted":true,"level":1,"name":"Cracked Serpentine Jewel","quality_level":"CRACKED"},"seller":{},"price":"0.69"},"id":"912867ce-c4d2-4fae-9ad1-71ac958eace7","activity_type":"JEWEL_BOUGHT","topic":null,"event":"activity-feed"}}
{"data":{"created_at":"2024-02-28T00:58:47.241Z","data":{"buyer":{"id":"a2b09352-65b2-4a73-a83e-e31850b08d12","username":"Mohave"},"jewel":{"color_name":"SERPENTINE","is_crafted":true,"level":1,"name":"Cracked Serpentine Jewel","quality_level":"CRACKED"},"seller":{},"price":"0.69"},"id":"e948c0f4-13e4-4d74-87c5-af139751d483","activity_type":"JEWEL_BOUGHT","topic":null,"event":"activity-feed"}}
{"data":{"created_at":"2024-02-28T00:58:49.244Z","data":{"buyer":{"id":"a2b09352-65b2-4a73-a83e-e31850b08d12","username":"Mohave"},"jewel":{"color_name":"SERPENTINE","is_crafted":true,"level":1,"name":"Cracked Serpentine Jewel","quality_level":"CRACKED"},"seller":{},"price":"0.69"},"id":"46297506-0d6e-4cab-96b5-fc0730ba8f64","activity_type":"JEWEL_BOUGHT","topic":null,"event":"activity-feed"}}
{"data":{"created_at":"2024-02-28T00:58:51.300Z","data":{"buyer":{"id":"a2b09352-65b2-4a73-a83e-e31850b08d12","username":"Mohave"},"jewel":{"color_name":"SERPENTINE","is_crafted":true,"level":1,"name":"Cracked Serpentine Jewel","quality_level":"CRACKED"},"seller":{},"price":"0.69"},"id":"2729edc6-0174-4153-a348-c1d534a32501","activity_type":"JEWEL_BOUGHT","topic":null,"event":"activity-feed"}}
{"data":{"id":"cbe67083-4148-439f-b1c9-d0fb9e81ba60","activity_type":"BID_ACCEPTED","data":{"buyer":{},"seller":{"id":"aec612cd-09da-44b7-9d24-89e624ae1da3","username":"Atreide"},"landfield":{}},"created_at":"2024-02-28 00:59:30.922433"}}
{"data":{"id":"5fb4a457-bb34-4c21-8cd8-daf1ed3ee394","activity_type":"NEW_LANDFIELD_BOUGHT","data":{"buyer":{},"landfield":{"tilesCount":4,"country":"Turkey","landfieldTier":2}},"created_at":"2024-02-28 00:59:54.208009"}}
{"data":{"id":"5b2c7a54-02f8-4bba-9720-56f3b00465ba","activity_type":"BID_PLACED","data":{"buyer":{},"seller":{"id":"aec612cd-09da-44b7-9d24-89e624ae1da3","username":"Atreide"},"landfield":{}},"created_at":"2024-02-28 01:01:15.563061"}}
{"data":{"id":"90cece7b-4772-4261-8e28-09e6c9abba18","activity_type":"BID_ACCEPTED","data":{"buyer":{},"seller":{"id":"aec612cd-09da-44b7-9d24-89e624ae1da3","username":"Atreide"},"landfield":{}},"created_at":"2024-02-28 01:03:05.103784"}}
{"data":{"id":"c067df2a-7add-42c6-b423-99633b248b32","activity_type":"NEW_LANDFIELD_BOUGHT","data":{"buyer":{"id":"96f1cf96-585f-4ada-93bf-599ae61f0841","username":"Mgleason"},"landfield":{"tilesCount":297,"id":"9911942c-dca0-4d4d-a254-3d510a9eadf0","location":"Basra, Iraq","country":"Iraq","landfieldTier":3}},"created_at":"2024-02-28 01:04:33.734098"}}
{"data":{"id":"206dad69-0dad-4f8f-9c61-5980c2a544b6","activity_type":"EXISTING_LANDFIELD_BOUGHT","data":{"seller":{},"buyer":{"id":"f78cdda7-39f7-47cd-acc0-256af552190e","username":"ROZLENEKI"},"landfield":{"tilesCount":4,"country":"Suriname","landfieldTier":3}},"created_at":"2024-02-28 01:04:51.546159"}}
