{"data":{"id":"71b04f3e-de3c-47e2-bec6-e4a5651f80ff","activity_type":"EXISTING_LANDFIELD_BOUGHT","data":{"seller":{"id":"73ff3eeb-1abe-4513-9c73-3409fd74e54c","username":"engsaad606"},"buyer":{},"landfield":{"tilesCount":1,"country":"Bermuda","landfieldTier":1}},"created_at":"2024-03-20 00:00:31.680253"}}
{"data":{"created_at":"2024-03-20T00:00:44.070Z","data":{"buyer":{"id":"8597d120-457a-4bc2-bc82-10ddbdca6407","username":"ElJanoR75Code2023"},"civilian":{"name":"NJK-SF-ED1-M1"},"seller":{},"price":"0.08"},"id":"6d1bc287-9cf8-4023-93b3-8d24c1676a5b","activity_type":"CIVILIAN_BOUGHT","topic":null,"event":"activity-feed"}}
{"data":{"created_at":"2024-03-20T00:00:45.532Z","data":{"buyer":{},"civilian":{"name":"RYU-SF-RC1-M1"},"seller":{},"price":"0.07"},"id":"6c85ab44-424a-4f94-ae6b-8b88625f20b6","activity_type":"CIVILIAN_BOUGHT","topic":null,"event":"activity-feed"}}
{"data":{"id":"f20d4bcc-8705-42ae-8edb-c619dae55119","activity_type":"NEW_LANDFIELD_BOUGHT","data":{"buyer":{},"landfield":{"tilesCount":10,"country":"South Korea","landfieldTier":3}},"created_at":"2024-03-20 00:01:41.290209"}}
{"data":{"created_at":"2024-03-20T00:01:56.707Z","data":{"buyer":{"id":"2980065f-8cd5-4450-b808-5955bb0504da","username":"EmbyenH"},"civilian":{"name":"TVN-EG-ED1-M1"},"seller":{},"price":"1.21"},"id":"10fa2fc1-bee4-4d33-a398-deca32567bf3","activity_type":"CIVILIAN_BOUGHT","topic":null,"event":"activity-feed"}}
{"data":{"created_at":"2024-03-20T00:01:56.719Z","data":{"buyer":{"id":"2980065f-8cd5-4450-b808-5955bb0504da","username":"EmbyenH"},"civilian":{"name":"VRP-EG-RC1-M1"},"seller":{"id":"8d887d79-5fd5-49ed-a14d-32f09d32d180","username":"EugeneBoondock"},"price":"1.9"},"id":"6739675d-d14d-4414-aa44-66130fde991f","activity_type":"CIVILIAN_BOUGHT","topic":null,"event":"activity-feed"}}
{"data":{"created_at":"2024-03-20T00:01:56.735Z","data":{"buyer":{"id":"2980065f-8cd5-4450-b808-5955bb0504da","username":"EmbyenH"},"civilian":{"name":"EDG-EG-CT1-M1"},"seller":{},"price":"1.3"},"id":"01dad0eb-7adb-4671-81fe-3b62100261c8","activity_type":"CIVILIAN_BOUGHT","topic":null,"event":"activity-feed"}}
{"data":{"created_at":"2024-03-20T00:02:29.992Z","data":{"buyer":{"id":"6844b500-a95d-40e7-83c9-7240397e4d1b","username":"75ㅡpercentOFFㅡuseCODEㅡE89SX1XC0Vㅡ"},"civilian":{"name":"KFR-SF-ED1-M1"},"seller":{"id":"291f0d97-e7fa-4fcf-bf14-3fe8351e3ed8","username":"Zoltan"},"price":"0.08"},"id":"1aed5e0a-ca56-4f89-9bee-698bfb9f141d","activity_type":"CIVILIAN_BOUGHT","topic":null,"event":"activity-feed"}}
{"data":{"created_at":"2024-03-20T00:02:39.693Z","data":{"buyer":{"id":"6844b500-a95d-40e7-83c9-7240397e4d1b","username":"75ㅡpercentOFFㅡuseCODEㅡE89SX1XC0Vㅡ"},"civilian":{"name":"YHL-SF-RC1-M1"},"seller":{"id":"1fa1b3a6-3d2c-480e-bda8-a9245bb2738d","username":"JMTUrbex"},"price":"0.08"},"id":"0c2fb38f-ef59-4cf4-8841-b4aa04fb55ba","activity_type":"CIVILIAN_BOUGHT","topic":null,"event":"activity-feed"}}
{"data":{"created_at":"2024-03-20T00:02:55.014Z","data":{"buyer":{"id":"6844b500-a95d-40e7-83c9-7240397e4d1b","username":"75ㅡpercentOFFㅡuseCODEㅡE89SX1XC0Vㅡ"},"civilian":{"name":"AYI-SF-CT1-M1"},"seller":{},"price":"0.14"},"id":"12f54d80-a079-4a81-8196-e7b7cf0ff0b5","activity_type":"CIVILIAN_BOUGHT","topic":null,"event":"activity-feed"}}
{"data":{"created_at":"2024-03-20T00:02:59.972Z","data":{"buyer":{},"civilian":{"name":"ZTP-SF-RC1-M1"},"seller":{},"price":"5.88"},"id":"5ec57dd6-c420-4dbd-9a2c-13b659ce4e2b","activity_type":"CIVILIAN_BOUGHT","topic":null,"event":"activity-feed"}}
{"data":{"id":"41314747-cc46-4882-bc36-df413a2ebaa2","activity_type":"EXISTING_LANDFIELD_BOUGHT","data":{"seller":{"id":"63426d95-309b-4d40-868f-9aafcaa0889d","username":"Dennisfrx"},"buyer":{},"landfield":{"tilesCount":1,"country":"Laos","landfieldTier":1}},"created_at":"2024-03-20 00:03:48.797614"}}
{"data":{"id":"be391af9-3dd2-4116-921e-7fe95e0f0ba1","activity_type":"NEW_LANDFIELD_BOUGHT","data":{"buyer":{},"landfield":{"tilesCount":1,"country":"Zimbabwe","landfieldTier":3}},"created_at":"2024-03-20 00:03:53.716956"}}
{"data":{"created_at":"2024-03-20T00:04:25.165Z","data":{"buyer":{},"civilian":{"name":"SRF-EG-CT1-M1"},"seller":{},"price":"4.82"},"id":"ef3aed0c-680e-4250-ad23-7d8fc31a0e9f","activity_type":"CIVILIAN_BOUGHT","topic":null,"event":"activity-feed"}}
{"data":{"created_at":"2024-03-20T00:04:28.616Z","data":{"buyer":{"id":"2980065f-8cd5-4450-b808-5955bb0504da","username":"EmbyenH"},"jewel":{"color_name":"CATSEYE","is_crafted":true,"level":1,"name":"Cracked Catseye Jewel","quality_level":"CRACKED"},"seller":{"id":"3e39b700-9a66-436f-9e87-697a4844845b","username":"ＳＫＯＯＫＵＭᄽＩＮＤＵＳＴＲＩＥＳㅣe2ㆍmeﾉmancityㆍＳＫＯＯＫＵＭᄽＩＮＤＵＳＴＲＩＥＳ"},"price":null},"id":"72d15c92-9a76-4c59-a04e-1da8ef5c377b","activity_type":"JEWEL_BOUGHT","topic":null,"event":"activity-feed"}}
{"data":{"id":"b3d59eb4-e47d-4403-b2c6-d4621bdd9877","activity_type":"NEW_LANDFIELD_BOUGHT","data":{"buyer":{},"landfield":{"tilesCount":1,"country":"Zimbabwe","landfieldTier":2}},"created_at":"2024-03-20 00:04:31.142459"}}
{"data":{"created_at":"2024-03-20T00:04:47.113Z","data":{"buyer":{},"civilian":{"name":"AMU-R-ED1-M1"},"seller":{"id":"c184c020-7bf3-4a6f-8bd1-a85928bc8e98","username":"User620385f941af446d"},"price":"0.11"},"id":"b5d850a9-e4ee-4610-b2a6-dede7a5eb55d","activity_type":"CIVILIAN_BOUGHT","topic":null,"event":"activity-feed"}}
{"data":{"created_at":"2024-03-20T00:04:56.411Z","data":{"buyer":{},"civilian":{"name":"PZC-R-CT1-M1"},"seller":{},"price":"0.14"},"id":"25959e69-1657-447d-97b0-1caf3785533f","activity_type":"CIVILIAN_BOUGHT","topic":null,"event":"activity-feed"}}
{"data":{"id":"5269182f-de03-4ff3-a3a8-8127164ba7a9","activity_type":"EXISTING_LANDFIELD_BOUGHT","data":{"seller":{},"buyer":{},"landfield":{"tilesCount":4,"country":"Iraq","landfieldTier":3}},"created_at":"2024-03-20 00:05:02.526803"}}
{"data":{"created_at":"2024-03-20T00:05:18.292Z","data":{"buyer":{},"civilian":{"name":"YLF-R-RC1-M1"},"seller":{},"price":"0.09"},"id":"acfff39f-f014-4cc3-a47b-61645d3bfbb2","activity_type":"CIVILIAN_BOUGHT","topic":null,"event":"activity-feed"}}
{"data":{"created_at":"2024-03-20T00:05:38.883Z","data":{"buyer":{},"civilian":{"name":"KYC-EG-CT1-M1"},"seller":{},"price":"4.83"},"id":"f891856a-7caa-43f4-b5e7-4e1710d196da","activity_type":"CIVILIAN_BOUGHT","topic":null,"event":"activity-feed"}}
{"data":{"created_at":"2024-03-20T00:05:53.118Z","data":{"buyer":{},"droid":{"name":"ZC172"},"seller":{},"price":"0.7"},"id":"b90e4fe4-dcda-4f43-b9fd-e0f20f326239","activity_type":"DROID_BOUGHT","topic":null,"event":"activity-feed"}}
{"data":{"created_at":"2024-03-20T00:06:04.495Z","data":{"buyer":{},"droid":{"name":"TM857"},"seller":{},"price":"0.72"},"id":"e909b13f-9bbe-4385-a396-6eeb2725587c","activity_type":"DROID_BOUGHT","topic":null,"event":"activity-feed"}}
{"data":{"created_at":"2024-03-20T00:06:08.465Z","data":{"buyer":{},"civilian":{"name":"YWT-SF-ED1-M1"},"seller":{"id":"94abf17c-f48a-4dfb-9927-fae433ff03e4","username":"dduly12"},"price":"0.9"},"id":"f72b7b9b-4fdc-4890-94d5-a15bac750197","activity_type":"CIVILIAN_BOUGHT","topic":null,"event":"activity-feed"}}
{"data":{"created_at":"2024-03-20T00:06:26.343Z","data":{"buyer":{},"civilian":{"name":"Brazil-flip-CT"},"seller":{},"price":"4.84"},"id":"35fae7c0-7cbc-48a5-9b38-8ad126c5328d","activity_type":"CIVILIAN_BOUGHT","topic":null,"event":"activity-feed"}}
{"data":{"created_at":"2024-03-20T00:06:38.430Z","data":{"buyer":{},"droid":{"name":"FS875"},"seller":{},"price":"0.79"},"id":"f7c13138-8206-4ceb-9a79-791903e697d5","activity_type":"DROID_BOUGHT","topic":null,"event":"activity-feed"}}
{"data":{"created_at":"2024-03-20T00:06:38.438Z","data":{"buyer":{},"droid":{"name":"LX194"},"seller":{},"price":"0.79"},"id":"86c4b603-92c1-4d01-b33a-8a706a2e7332","activity_type":"DROID_BOUGHT","topic":null,"event":"activity-feed"}}
{"data":{"created_at":"2024-03-20T00:06:41.139Z","data":{"buyer":{},"civilian":{"name":"RZU-R-ED1-M1"},"seller":{"id":"78e3bcf4-5652-474c-9322-d53a1fab9c56","username":"rtclaus"},"price":"0.12"},"id":"c01145ee-9f12-4744-8776-c402e7fdd853","activity_type":"CIVILIAN_BOUGHT","topic":null,"event":"activity-feed"}}
{"data":{"id":"6426c47b-836e-45a5-b227-ae8143a1f518","activity_type":"NEW_LANDFIELD_BOUGHT","data":{"buyer":{},"landfield":{"tilesCount":23,"country":"South Korea","landfieldTier":3}},"created_at":"2024-03-20 00:06:47.181042"}}
{"data":{"created_at":"2024-03-20T00:06:51.547Z","data":{"buyer":{},"droid":{"name":"PC272"},"seller":{"id":"6844b500-a95d-40e7-83c9-7240397e4d1b","username":"75ㅡpercentOFFㅡuseCODEㅡE89SX1XC0Vㅡ"},"price":"0.75"},"id":"a1d16200-d2d2-4d28-a33a-72a11eb3bb1a","activity_type":"DROID_BOUGHT","topic":null,"event":"activity-feed"}}
{"data":{"created_at":"2024-03-20T00:06:52.021Z","data":{"buyer":{},"civilian":{"name":"IFJ-R-CT1-M1"},"seller":{"id":"6844b500-a95d-40e7-83c9-7240397e4d1b","username":"75ㅡpercentOFFㅡuseCODEㅡE89SX1XC0Vㅡ"},"price":"0.16"},"id":"c5bd3ab9-93ab-48f4-adf8-ed583af376d2","activity_type":"CIVILIAN_BOUGHT","topic":null,"event":"activity-feed"}}
{"data":{"id":"7cc0fe96-83e3-4d06-8b42-85807030099d","activity_type":"NEW_LANDFIELD_BOUGHT","data":{"buyer":{},"landfield":{"tilesCount":1,"country":"Zimbabwe","landfieldTier":2}},"created_at":"2024-03-20 00:07:02.580325"}}
{"data":{"created_at":"2024-03-20T00:07:02.853Z","data":{"buyer":{},"civilian":{"name":"CPG-R-RC1-M1"},"seller":{},"price":"0.09"},"id":"6a4f29c9-b21a-4a77-9b97-6ab822cf09ae","activity_type":"CIVILIAN_BOUGHT","topic":null,"event":"activity-feed"}}
{"data":{"id":"1f573864-9c01-40c0-9fd5-356e1e2e28c0","activity_type":"BID_DECLINED","data":{"buyer":{},"seller":{"id":"e5c30d92-f66c-4047-9a95-639a4bf96ccf","username":"Number1InMyCountry"},"landfield":{}},"created_at":"2024-03-20 00:07:11.323674"}}
{"data":{"id":"167ec23e-6b36-4aca-b9f0-d7341d1eb458","activity_type":"BID_DECLINED","data":{"buyer":{},"seller":{"id":"e5c30d92-f66c-4047-9a95-639a4bf96ccf","username":"Number1InMyCountry"},"landfield":{}},"created_at":"2024-03-20 00:07:18.146589"}}
{"data":{"created_at":"2024-03-20T00:07:24.397Z","data":{"buyer":{},"civilian":{"name":"BIM-SF-ED1-M1"},"seller":{},"price":"0.9"},"id":"50afc900-901d-4350-8e53-c4f0ae880290","activity_type":"CIVILIAN_BOUGHT","topic":null,"event":"activity-feed"}}
{"data":{"id":"2d84f127-6b71-4c80-821b-776aab110ec3","activity_type":"BID_DECLINED","data":{"buyer":{},"seller":{"id":"e5c30d92-f66c-4047-9a95-639a4bf96ccf","username":"Number1InMyCountry"},"landfield":{}},"created_at":"2024-03-20 00:07:24.987923"}}
{"data":{"id":"cc651198-7782-4a0d-b195-d7185c0ee3e6","activity_type":"NEW_LANDFIELD_BOUGHT","data":{"buyer":{},"landfield":{"tilesCount":1,"country":"Zimbabwe","landfieldTier":2}},"created_at":"2024-03-20 00:07:49.763347"}}
{"data":{"id":"efb6e3a7-826c-4ecd-a466-99146206f35c","activity_type":"NEW_LANDFIELD_BOUGHT","data":{"buyer":{},"landfield":{"tilesCount":1,"country":"Zimbabwe","landfieldTier":2}},"created_at":"2024-03-20 00:08:08.710157"}}
{"data":{"id":"5c881924-a5ee-450d-9ed1-a5e2419502ae","activity_type":"NEW_LANDFIELD_BOUGHT","data":{"buyer":{},"landfield":{"tilesCount":1,"country":"Zimbabwe","landfieldTier":2}},"created_at":"2024-03-20 00:08:52.753148"}}
{"data":{"created_at":"2024-03-20T00:09:13.395Z","data":{"buyer":{},"civilian":{"name":"SGQ-EG-RC1-M1"},"seller":{},"price":"2.75"},"id":"02490bf1-cd30-4ed6-8881-6394633ef128","activity_type":"CIVILIAN_BOUGHT","topic":null,"event":"activity-feed"}}
{"data":{"id":"4ed166ce-54ea-4e66-b13c-4e92e304c2ac","activity_type":"BID_PLACED","data":{"buyer":{"id":"07173eeb-96da-44f4-bf78-682db1e83f8f","username":"Morganix"},"seller":{"id":"6938be9a-c308-498f-878a-03f475fa6122","username":"Keanu1418"},"landfield":{"id":"f44d6421-ae8b-4178-b1cc-e42818e91e9c","location":"Adrar, Mauritania"}},"created_at":"2024-03-20 00:09:24.916716"}}
{"data":{"created_at":"2024-03-20T00:11:06.897Z","data":{"buyer":{},"civilian":{"name":"HIA-SF-RC1-M1"},"seller":{},"price":"0.72"},"id":"b4904653-8504-47e0-ae1b-f874fd3d1e86","activity_type":"CIVILIAN_BOUGHT","topic":null,"event":"activity-feed"}}
{"data":{"id":"f03b84c3-2835-400f-b96e-9624b2606645","activity_type":"EXISTING_LANDFIELD_BOUGHT","data":{"seller":{},"buyer":{},"landfield":{"tilesCount":58,"country":"Bermuda","landfieldTier":1}},"created_at":"2024-03-20 00:11:19.919956"}}
{"data":{"created_at":"2024-03-20T00:12:56.712Z","data":{"buyer":{},"droid":{"name":"HY770"},"seller":{},"price":"0.7"},"id":"d1598749-e0d8-417c-af20-431d89126c3e","activity_type":"DROID_BOUGHT","topic":null,"event":"activity-feed"}}
{"data":{"created_at":"2024-03-20T00:13:04.789Z","data":{"buyer":{},"droid":{"name":"HY618"},"seller":{},"price":"0.7"},"id":"57bf0cd5-0dae-4ce0-93de-f9a62a7e0c67","activity_type":"DROID_BOUGHT","topic":null,"event":"activity-feed"}}
{"data":{"created_at":"2024-03-20T00:13:13.077Z","data":{"buyer":{},"droid":{"name":"HI494"},"seller":{},"price":"0.7"},"id":"4ee98fa2-4402-4bbd-b77f-415204775af8","activity_type":"DROID_BOUGHT","topic":null,"event":"activity-feed"}}
{"data":{"created_at":"2024-03-20T00:13:18.112Z","data":{"buyer":{},"droid":{"name":"Jersey 🇯🇪 Gold&SLD"},"seller":{"id":"d0a57445-da18-4279-8083-c01c0ee38112","username":"XR4Jersey"},"price":"1.83"},"id":"c5ccfae6-0260-41a6-8a7d-092a89d472fb","activity_type":"DROID_BOUGHT","topic":null,"event":"activity-feed"}}
{"data":{"created_at":"2024-03-20T00:13:20.807Z","data":{"buyer":{},"droid":{"name":"UI458"},"seller":{},"price":"0.7"},"id":"8a433a87-ba72-4916-ae84-79df0f258895","activity_type":"DROID_BOUGHT","topic":null,"event":"activity-feed"}}
{"data":{"created_at":"2024-03-20T00:13:28.589Z","data":{"buyer":{},"droid":{"name":"OP269"},"seller":{},"price":"0.7"},"id":"1660bb44-b7f4-419e-9900-8d4efd0be456","activity_type":"DROID_BOUGHT","topic":null,"event":"activity-feed"}}
{"data":{"created_at":"2024-03-20T00:13:35.522Z","data":{"buyer":{},"civilian":{"name":"PFN-SF-RC1-M1"},"seller":{},"price":"1.6"},"id":"2d7ceac5-da64-49d2-a4e0-2f3f1c8d1ec4","activity_type":"CIVILIAN_BOUGHT","topic":null,"event":"activity-feed"}}
{"data":{"created_at":"2024-03-20T00:13:36.997Z","data":{"buyer":{},"droid":{"name":"NO550"},"seller":{},"price":"0.7"},"id":"4377dd8b-7db4-4ae2-8d4a-f92eaa64f393","activity_type":"DROID_BOUGHT","topic":null,"event":"activity-feed"}}
{"data":{"created_at":"2024-03-20T00:13:45.960Z","data":{"buyer":{},"droid":{"name":"DG333"},"seller":{},"price":"0.7"},"id":"5cc4f883-a8e9-4770-acf4-e23cf5550775","activity_type":"DROID_BOUGHT","topic":null,"event":"activity-feed"}}
{"data":{"created_at":"2024-03-20T00:13:55.761Z","data":{"buyer":{},"droid":{"name":"GJ633"},"seller":{},"price":"0.7"},"id":"4d502348-e5f1-4a2b-a3be-701c69fef406","activity_type":"DROID_BOUGHT","topic":null,"event":"activity-feed"}}
{"data":{"created_at":"2024-03-20T00:14:04.377Z","data":{"buyer":{},"droid":{"name":"LI548"},"seller":{"id":"52eda062-542d-4f03-9337-c477312e9570","username":"DeanoDorkslayer007"},"price":"0.71"},"id":"f72c35ab-0fd7-4cff-a1af-cce595998a2c","activity_type":"DROID_BOUGHT","topic":null,"event":"activity-feed"}}
{"data":{"id":"4e2378c3-e47a-4d7c-a360-783e409e555a","activity_type":"HOLOBUILDING_CREATED","data":{"user":{}},"created_at":"2024-03-20 00:14:05.072313"}}
{"data":{"created_at":"2024-03-20T00:14:07.683Z","data":{"buyer":{},"civilian":{"name":"LIY-SF-CT1-M1"},"seller":{},"price":"1.3"},"id":"7d027dd0-7d20-47de-b6e0-75aa4596b61c","activity_type":"CIVILIAN_BOUGHT","topic":null,"event":"activity-feed"}}
{"data":{"created_at":"2024-03-20T00:14:42.731Z","data":{"buyer":{},"civilian":{"name":"NAX-SF-RC1-M1"},"seller":{},"price":"1.6"},"id":"173c418d-574d-4111-92e7-df64689e2041","activity_type":"CIVILIAN_BOUGHT","topic":null,"event":"activity-feed"}}
{"data":{"created_at":"2024-03-20T00:14:51.720Z","data":{"buyer":{},"civilian":{"name":"DTW-SF-CT1-M1"},"seller":{},"price":"1.3"},"id":"1e74e36c-31be-44f9-9cad-7d523816ab04","activity_type":"CIVILIAN_BOUGHT","topic":null,"event":"activity-feed"}}
{"data":{"created_at":"2024-03-20T00:15:19.855Z","data":{"buyer":{"id":"6844b500-a95d-40e7-83c9-7240397e4d1b","username":"75ㅡpercentOFFㅡuseCODEㅡE89SX1XC0Vㅡ"},"civilian":{"name":"IVK-SF-CT1-M1"},"seller":{},"price":"0.14"},"id":"634a613f-ed1e-4930-bae7-fdc73d05eb02","activity_type":"CIVILIAN_BOUGHT","topic":null,"event":"activity-feed"}}
{"data":{"created_at":"2024-03-20T00:15:54.432Z","data":{"buyer":{"id":"6844b500-a95d-40e7-83c9-7240397e4d1b","username":"75ㅡpercentOFFㅡuseCODEㅡE89SX1XC0Vㅡ"},"civilian":{"name":"EDY-SF-ED1-M1"},"seller":{},"price":"0.08"},"id":"23f706fb-04fc-4cc5-a0ef-d82eab3476f7","activity_type":"CIVILIAN_BOUGHT","topic":null,"event":"activity-feed"}}
{"data":{"created_at":"2024-03-20T00:16:12.560Z","data":{"buyer":{"id":"6844b500-a95d-40e7-83c9-7240397e4d1b","username":"75ㅡpercentOFFㅡuseCODEㅡE89SX1XC0Vㅡ"},"civilian":{"name":"SBY-SF-RC1-M1"},"seller":{},"price":"0.09"},"id":"463f525c-f548-428a-9c59-12ebb1411fa0","activity_type":"CIVILIAN_BOUGHT","topic":null,"event":"activity-feed"}}
{"data":{"created_at":"2024-03-20T00:18:47.547Z","data":{"buyer":{},"civilian":{"name":"XCG-R-CT1-M1"},"seller":{"id":"94abf17c-f48a-4dfb-9927-fae433ff03e4","username":"dduly12"},"price":"0.9"},"id":"f90664b6-3087-4c9d-980a-6742a65de870","activity_type":"CIVILIAN_BOUGHT","topic":null,"event":"activity-feed"}}
{"data":{"created_at":"2024-03-20T00:18:51.099Z","data":{"buyer":{},"civilian":{"name":"ATR-SF-CT1-M1"},"seller":{},"price":"0.15"},"id":"c195914a-3fd8-4359-8c50-00943c5c108e","activity_type":"CIVILIAN_BOUGHT","topic":null,"event":"activity-feed"}}
{"data":{"created_at":"2024-03-20T00:19:17.558Z","data":{"buyer":{},"civilian":{"name":"YGF-SF-CT1-M1"},"seller":{},"price":"0.15"},"id":"acea4ee3-9821-4b4d-b44e-bb76c5dc258f","activity_type":"CIVILIAN_BOUGHT","topic":null,"event":"activity-feed"}}
{"data":{"id":"68fe769e-f8f0-4ffc-9d0e-3d501b6fc09d","activity_type":"NEW_LANDFIELD_BOUGHT","data":{"buyer":{},"landfield":{"tilesCount":750,"country":"Thailand","landfieldTier":3}},"created_at":"2024-03-20 00:20:57.373358"}}
{"data":{"created_at":"2024-03-20T00:22:09.018Z","data":{"buyer":{},"civilian":{"name":"FOA-EG-CT1-M1"},"seller":{},"price":"1.89"},"id":"dedebb4f-9fcc-49e9-87ba-d0244bb9a352","activity_type":"CIVILIAN_BOUGHT","topic":null,"event":"activity-feed"}}
{"data":{"created_at":"2024-03-20T00:22:29.972Z","data":{"buyer":{},"civilian":{"name":"YAI-EG-ED1-M1"},"seller":{"id":"c184c020-7bf3-4a6f-8bd1-a85928bc8e98","username":"User620385f941af446d"},"price":"0.42"},"id":"ac21cef9-9988-40d9-97fa-aee58d5c0c1f","activity_type":"CIVILIAN_BOUGHT","topic":null,"event":"activity-feed"}}
{"data":{"created_at":"2024-03-20T00:22:30.005Z","data":{"buyer":{},"civilian":{"name":"NJC-EG-ED1-M1"},"seller":{"id":"c184c020-7bf3-4a6f-8bd1-a85928bc8e98","username":"User620385f941af446d"},"price":"0.42"},"id":"fcd86141-3c97-4a4b-8231-502baef4dcb0","activity_type":"CIVILIAN_BOUGHT","topic":null,"event":"activity-feed"}}
{"data":{"id":"b5a7ce18-57ec-40fa-be47-463acd1d52d7","activity_type":"NEW_LANDFIELD_BOUGHT","data":{"buyer":{},"landfield":{"tilesCount":1,"country":"Zimbabwe","landfieldTier":2}},"created_at":"2024-03-20 00:23:41.199025"}}
{"data":{"id":"92d5bc02-16ce-4ad9-9bbe-36b67cba3d34","activity_type":"NEW_LANDFIELD_BOUGHT","data":{"buyer":{},"landfield":{"tilesCount":701,"country":"Fujairah, UAE","landfieldTier":3}},"created_at":"2024-03-20 00:23:47.271217"}}
{"data":{"created_at":"2024-03-20T00:24:20.141Z","data":{"buyer":{},"civilian":{"name":"RAP-R-RC1-M1"},"seller":{},"price":"1.6"},"id":"28077ca9-f8a9-4a17-ad0a-6f304fc6be0c","activity_type":"CIVILIAN_BOUGHT","topic":null,"event":"activity-feed"}}
{"data":{"created_at":"2024-03-20T00:24:27.208Z","data":{"buyer":{},"civilian":{"name":"EBT-EG-ED1-M1"},"seller":{"id":"1fa1b3a6-3d2c-480e-bda8-a9245bb2738d","username":"JMTUrbex"},"price":"0.43"},"id":"bfd90750-327d-4e97-b5a1-74b814381a33","activity_type":"CIVILIAN_BOUGHT","topic":null,"event":"activity-feed"}}
{"data":{"id":"625cdb51-083c-4ee3-921d-3fdf4e24bcd0","activity_type":"NEW_LANDFIELD_BOUGHT","data":{"buyer":{},"landfield":{"tilesCount":1,"country":"Zimbabwe","landfieldTier":2}},"created_at":"2024-03-20 00:25:31.010058"}}
{"data":{"created_at":"2024-03-20T00:25:32.663Z","data":{"buyer":{},"civilian":{"name":"KEL-R-RC1-M1"},"seller":{},"price":"1.65"},"id":"5a489929-92a4-4b0d-a3cd-728f9a1bee81","activity_type":"CIVILIAN_BOUGHT","topic":null,"event":"activity-feed"}}
{"data":{"created_at":"2024-03-20T00:25:42.081Z","data":{"buyer":{},"jewel":{"color_name":"BLACK","is_crafted":false,"level":1,"name":"Common Prime Black Jewel","quality_level":"COMMON"},"seller":{"id":"f0e5a8dc-6876-436a-8de9-c3d34be7b3da","username":"xxehdxx"},"price":"0.04"},"id":"98e17504-edb5-4243-966e-0b01724dd8a8","activity_type":"JEWEL_BOUGHT","topic":null,"event":"activity-feed"}}
{"data":{"created_at":"2024-03-20T00:25:47.500Z","data":{"buyer":{"id":"ccde203f-0b29-42b0-acab-145f71726f20","username":"Kjoker"},"droid":{"name":"KZ584"},"seller":{},"price":"0.64"},"id":"cc6ee5fc-e3af-412e-8fa3-a824e86e9095","activity_type":"DROID_BOUGHT","topic":null,"event":"activity-feed"}}
{"data":{"id":"a5f80969-d789-4d9d-8d41-9a3b86ee63dd","activity_type":"NEW_LANDFIELD_BOUGHT","data":{"buyer":{},"landfield":{"tilesCount":1,"country":"Zimbabwe","landfieldTier":2}},"created_at":"2024-03-20 00:25:58.058483"}}
{"data":{"created_at":"2024-03-20T00:26:04.207Z","data":{"buyer":{"id":"ccde203f-0b29-42b0-acab-145f71726f20","username":"Kjoker"},"droid":{"name":"YC555"},"seller":{},"price":"0.65"},"id":"2537de57-1c41-4c55-92be-7121eff0da49","activity_type":"DROID_BOUGHT","topic":null,"event":"activity-feed"}}
{"data":{"created_at":"2024-03-20T00:26:12.898Z","data":{"buyer":{"id":"ccde203f-0b29-42b0-acab-145f71726f20","username":"Kjoker"},"droid":{"name":"KA320"},"seller":{},"price":"0.65"},"id":"4c3c4e34-1c62-4b06-8800-dc98820a3923","activity_type":"DROID_BOUGHT","topic":null,"event":"activity-feed"}}
{"data":{"created_at":"2024-03-20T00:26:21.657Z","data":{"buyer":{"id":"ccde203f-0b29-42b0-acab-145f71726f20","username":"Kjoker"},"droid":{"name":"LE683"},"seller":{},"price":"0.65"},"id":"4f717bab-ed99-452c-92aa-cee14a4f4ca6","activity_type":"DROID_BOUGHT","topic":null,"event":"activity-feed"}}
{"data":{"created_at":"2024-03-20T00:26:31.315Z","data":{"buyer":{"id":"ccde203f-0b29-42b0-acab-145f71726f20","username":"Kjoker"},"droid":{"name":"JQ822"},"seller":{"id":"ae473fb8-27ee-4dca-9bf2-ceaf43f4b7c5","username":"LUCIDINTENT"},"price":"0.65"},"id":"a4ff19c2-280e-4265-ad5f-f5cfa5828aa1","activity_type":"DROID_BOUGHT","topic":null,"event":"activity-feed"}}
{"data":{"created_at":"2024-03-20T00:26:40.319Z","data":{"buyer":{"id":"ccde203f-0b29-42b0-acab-145f71726f20","username":"Kjoker"},"droid":{"name":"EO848"},"seller":{"id":"ae473fb8-27ee-4dca-9bf2-ceaf43f4b7c5","username":"LUCIDINTENT"},"price":"0.65"},"id":"c085b712-d0a3-4684-8480-4804ae0c2aef","activity_type":"DROID_BOUGHT","topic":null,"event":"activity-feed"}}
{"data":{"created_at":"2024-03-20T00:26:49.687Z","data":{"buyer":{"id":"ccde203f-0b29-42b0-acab-145f71726f20","username":"Kjoker"},"droid":{"name":"AU689"},"seller":{},"price":"0.65"},"id":"fd92d38f-f03a-4154-9aeb-8d8f401bb6cf","activity_type":"DROID_BOUGHT","topic":null,"event":"activity-feed"}}
{"data":{"created_at":"2024-03-20T00:26:58.000Z","data":{"buyer":{"id":"ccde203f-0b29-42b0-acab-145f71726f20","username":"Kjoker"},"droid":{"name":"KO100"},"seller":{},"price":"0.65"},"id":"41131487-38b4-49c8-8bc3-9f9c0fc5e3f0","activity_type":"DROID_BOUGHT","topic":null,"event":"activity-feed"}}
{"data":{"created_at":"2024-03-20T00:27:06.576Z","data":{"buyer":{"id":"ccde203f-0b29-42b0-acab-145f71726f20","username":"Kjoker"},"droid":{"name":"BT958"},"seller":{},"price":"0.65"},"id":"a7cc4e44-be0d-49c4-970f-477f1f3316b3","activity_type":"DROID_BOUGHT","topic":null,"event":"activity-feed"}}
{"data":{"created_at":"2024-03-20T00:27:14.369Z","data":{"buyer":{"id":"ccde203f-0b29-42b0-acab-145f71726f20","username":"Kjoker"},"droid":{"name":"NR256"},"seller":{},"price":"0.65"},"id":"c608597e-37e2-47e5-80a8-2dc67c1a469c","activity_type":"DROID_BOUGHT","topic":null,"event":"activity-feed"}}
{"data":{"created_at":"2024-03-20T00:27:22.710Z","data":{"buyer":{"id":"ccde203f-0b29-42b0-acab-145f71726f20","username":"Kjoker"},"droid":{"name":"LN441"},"seller":{},"price":"0.65"},"id":"8a635df1-01ff-4dec-9851-d93a604dd3b3","activity_type":"DROID_BOUGHT","topic":null,"event":"activity-feed"}}
{"data":{"created_at":"2024-03-20T00:27:31.084Z","data":{"buyer":{"id":"ccde203f-0b29-42b0-acab-145f71726f20","username":"Kjoker"},"droid":{"name":"IJ991"},"seller":{},"price":"0.65"},"id":"c4204787-36a6-4b4a-8d73-77466c1ec664","activity_type":"DROID_BOUGHT","topic":null,"event":"activity-feed"}}
{"data":{"created_at":"2024-03-20T00:27:38.534Z","data":{"buyer":{"id":"ccde203f-0b29-42b0-acab-145f71726f20","username":"Kjoker"},"droid":{"name":"OV503"},"seller":{},"price":"0.65"},"id":"59576c0e-029e-4168-852c-9d3e08b7f261","activity_type":"DROID_BOUGHT","topic":null,"event":"activity-feed"}}
{"data":{"created_at":"2024-03-20T00:27:46.142Z","data":{"buyer":{"id":"ccde203f-0b29-42b0-acab-145f71726f20","username":"Kjoker"},"droid":{"name":"SG554"},"seller":{"id":"93c96433-f0a4-4347-82c2-b204c3ba02ba","username":"PANDAVERSE"},"price":"0.65"},"id":"13e44ac2-ce02-4160-a31c-b27789714bec","activity_type":"DROID_BOUGHT","topic":null,"event":"activity-feed"}}
{"data":{"id":"394d6f81-5d99-41fb-8b8a-545277815349","activity_type":"NEW_LANDFIELD_BOUGHT","data":{"buyer":{},"landfield":{"tilesCount":750,"country":"Mauritius","landfieldTier":3}},"created_at":"2024-03-20 00:27:55.101023"}}
{"data":{"created_at":"2024-03-20T00:27:55.836Z","data":{"buyer":{},"civilian":{"name":"KGX-R-RC1-M1"},"seller":{},"price":"0.72"},"id":"d2417c99-b609-4dec-aef9-5966fe21d12e","activity_type":"CIVILIAN_BOUGHT","topic":null,"event":"activity-feed"}}
{"data":{"created_at":"2024-03-20T00:27:56.799Z","data":{"buyer":{"id":"ccde203f-0b29-42b0-acab-145f71726f20","username":"Kjoker"},"droid":{"name":"KR168"},"seller":{},"price":"0.65"},"id":"6ca68fd8-3d90-4734-8742-ea9f3a1c9ed7","activity_type":"DROID_BOUGHT","topic":null,"event":"activity-feed"}}
{"data":{"created_at":"2024-03-20T00:28:26.553Z","data":{"buyer":{"id":"ccde203f-0b29-42b0-acab-145f71726f20","username":"Kjoker"},"droid":{"name":"UJ243"},"seller":{},"price":"0.65"},"id":"22b3cf9a-0b85-46f3-93f7-6b080799572d","activity_type":"DROID_BOUGHT","topic":null,"event":"activity-feed"}}
{"data":{"created_at":"2024-03-20T00:28:37.752Z","data":{"buyer":{"id":"ccde203f-0b29-42b0-acab-145f71726f20","username":"Kjoker"},"droid":{"name":"HM388"},"seller":{},"price":"0.65"},"id":"8dac5ffc-e69b-4a2d-9273-16ccab5c021f","activity_type":"DROID_BOUGHT","topic":null,"event":"activity-feed"}}
{"data":{"created_at":"2024-03-20T00:28:46.864Z","data":{"buyer":{"id":"ccde203f-0b29-42b0-acab-145f71726f20","username":"Kjoker"},"droid":{"name":"PR797"},"seller":{},"price":"0.65"},"id":"0e12c386-0ac2-4082-a923-6ba292485091","activity_type":"DROID_BOUGHT","topic":null,"event":"activity-feed"}}
{"data":{"created_at":"2024-03-20T00:28:56.541Z","data":{"buyer":{"id":"ccde203f-0b29-42b0-acab-145f71726f20","username":"Kjoker"},"droid":{"name":"QK813"},"seller":{},"price":"0.65"},"id":"6c6ccd7e-e08b-42f0-9d29-3f71bc6178b6","activity_type":"DROID_BOUGHT","topic":null,"event":"activity-feed"}}
{"data":{"created_at":"2024-03-20T00:29:04.204Z","data":{"buyer":{"id":"ccde203f-0b29-42b0-acab-145f71726f20","username":"Kjoker"},"droid":{"name":"YL455"},"seller":{},"price":"0.65"},"id":"3aab1537-f939-4963-b1b7-451bae70126b","activity_type":"DROID_BOUGHT","topic":null,"event":"activity-feed"}}
{"data":{"created_at":"2024-03-20T00:30:42.823Z","data":{"buyer":{},"jewel":{"color_name":"YELLOW","is_crafted":true,"level":3,"name":"Cracked Prime Yellow Jewel 3","quality_level":"CRACKED"},"seller":{},"price":"0.2"},"id":"6375a7e1-7c56-47fb-bf90-6de014342f1e","activity_type":"JEWEL_BOUGHT","topic":null,"event":"activity-feed"}}
{"data":{"created_at":"2024-03-20T00:30:44.575Z","data":{"buyer":{},"jewel":{"color_name":"YELLOW","is_crafted":true,"level":3,"name":"Cracked Prime Yellow Jewel 3","quality_level":"CRACKED"},"seller":{},"price":"0.2"},"id":"a39e7246-de86-4802-a7d4-6b6821dad37b","activity_type":"JEWEL_BOUGHT","topic":null,"event":"activity-feed"}}
{"data":{"created_at":"2024-03-20T00:30:46.072Z","data":{"buyer":{},"jewel":{"color_name":"YELLOW","is_crafted":true,"level":3,"name":"Cracked Prime Yellow Jewel 3","quality_level":"CRACKED"},"seller":{},"price":"0.2"},"id":"00a14ba9-4abc-4fcc-a548-1c1b6b7b243a","activity_type":"JEWEL_BOUGHT","topic":null,"event":"activity-feed"}}
{"data":{"created_at":"2024-03-20T00:32:06.524Z","data":{"territory":{"code":"KR-41","name":"Gyeonggi-do","center":[127.0540786,37.2887689]},"t1":24,"t2":216,"esnc":0,"value":1320,"user":{}},"id":"2b5776f1-e0d6-468b-b2b2-1c0d1b384ae7","activity_type":"T3_VOTE_SUBMITTED","topic":"votes","event":"activity-feed"}}
{"data":{"id":"80a91905-4b59-4b8f-bab1-8489e1d1765b","activity_type":"NEW_LANDFIELD_BOUGHT","data":{"buyer":{},"landfield":{"tilesCount":750,"country":"Mauritius","landfieldTier":3}},"created_at":"2024-03-20 00:32:24.033291"}}
{"data":{"id":"20e0a565-98f3-4c2b-8a25-6eaac80914bf","activity_type":"NEW_LANDFIELD_BOUGHT","data":{"buyer":{},"landfield":{"tilesCount":1,"country":"Zimbabwe","landfieldTier":2}},"created_at":"2024-03-20 00:33:55.913945"}}
{"data":{"id":"3beed86f-bd4a-43b0-ab06-b7ec8feca5ad","activity_type":"NEW_LANDFIELD_BOUGHT","data":{"buyer":{},"landfield":{"tilesCount":1,"country":"Zimbabwe","landfieldTier":2}},"created_at":"2024-03-20 00:34:15.086765"}}
{"data":{"id":"b0dcd97d-6f1d-4c57-a496-2729912f242a","activity_type":"NEW_LANDFIELD_BOUGHT","data":{"buyer":{},"landfield":{"tilesCount":1,"country":"Zimbabwe","landfieldTier":2}},"created_at":"2024-03-20 00:34:30.105807"}}
{"data":{"id":"61951ca1-d2f0-47ee-a0c9-d5a1b0a90638","activity_type":"NEW_LANDFIELD_BOUGHT","data":{"buyer":{},"landfield":{"tilesCount":1,"country":"Zimbabwe","landfieldTier":2}},"created_at":"2024-03-20 00:34:56.748957"}}
{"data":{"id":"b8b637e1-9001-4f30-b28a-3810cad00629","activity_type":"NEW_LANDFIELD_BOUGHT","data":{"buyer":{},"landfield":{"tilesCount":30,"country":"Zimbabwe","landfieldTier":2}},"created_at":"2024-03-20 00:35:24.395235"}}
{"data":{"id":"284d1fe5-dc56-4e18-8a32-49da01f3ebfc","activity_type":"NEW_LANDFIELD_BOUGHT","data":{"buyer":{},"landfield":{"tilesCount":4,"country":"Zimbabwe","landfieldTier":2}},"created_at":"2024-03-20 00:35:46.832403"}}
{"data":{"id":"16dab7cc-77ca-4dff-a86f-cfd0fca2a97d","activity_type":"NEW_LANDFIELD_BOUGHT","data":{"buyer":{},"landfield":{"tilesCount":25,"country":"Zimbabwe","landfieldTier":2}},"created_at":"2024-03-20 00:37:23.494964"}}
{"data":{"created_at":"2024-03-20T00:37:38.813Z","data":{"territory":{"code":"WS-VS","name":"Vaisigano","center":[-172.637108,-13.5191306]},"t1":0,"t2":0,"esnc":20,"value":20,"user":{}},"id":"3cdfbd13-8445-46f9-a8de-0c5e18cea940","activity_type":"T3_VOTE_SUBMITTED","topic":"votes","event":"activity-feed"}}
{"data":{"id":"a5c79260-e2e0-400e-8397-54d599927eaf","activity_type":"NEW_LANDFIELD_BOUGHT","data":{"buyer":{},"landfield":{"tilesCount":25,"country":"Zimbabwe","landfieldTier":2}},"created_at":"2024-03-20 00:38:10.536648"}}
{"data":{"created_at":"2024-03-20T00:38:22.227Z","data":{"buyer":{"id":"800c5646-af9e-4b98-b240-7cb26f78f9f0","username":"METALIFEea25329"},"droid":{"name":"SY390 HWL"},"seller":{},"price":"1.99"},"id":"bf123ddb-7daf-44b9-8645-08c8d05bc47c","activity_type":"DROID_BOUGHT","topic":null,"event":"activity-feed"}}
{"data":{"created_at":"2024-03-20T00:38:26.928Z","data":{"buyer":{},"civilian":{"name":"ZTU-SF-RC1-M1"},"seller":{},"price":"0.71"},"id":"6af72818-95a0-4e35-b3df-24cb8dfc5c35","activity_type":"CIVILIAN_BOUGHT","topic":null,"event":"activity-feed"}}
{"data":{"id":"e057ab3e-1038-406e-9320-bede3b9938e2","activity_type":"NEW_LANDFIELD_BOUGHT","data":{"buyer":{},"landfield":{"tilesCount":1,"country":"Zimbabwe","landfieldTier":2}},"created_at":"2024-03-20 00:38:29.519940"}}
{"data":{"created_at":"2024-03-20T00:38:29.578Z","data":{"territory":{"code":"FR-02","name":"Aisne","center":[3.620686,49.564665]},"t1":0,"t2":0,"esnc":1000,"value":1000,"user":{}},"id":"4732f7fb-4a74-4572-8e22-242924bd7dda","activity_type":"T3_VOTE_SUBMITTED","topic":"votes","event":"activity-feed"}}
{"data":{"id":"4285c15c-108d-4fc8-b40f-97be4cd02eba","activity_type":"NEW_LANDFIELD_BOUGHT","data":{"buyer":{},"landfield":{"tilesCount":1,"country":"Zimbabwe","landfieldTier":2}},"created_at":"2024-03-20 00:38:45.799447"}}
{"data":{"id":"90962c6e-f5f1-4792-a603-27ac6f48760d","activity_type":"BID_ACCEPTED","data":{"anonymous":true},"created_at":"2024-03-20 00:38:49.358382"}}
{"data":{"id":"0f458def-5f7e-45d3-984c-c5dc5d145335","activity_type":"NEW_LANDFIELD_BOUGHT","data":{"buyer":{},"landfield":{"tilesCount":1,"country":"Zimbabwe","landfieldTier":2}},"created_at":"2024-03-20 00:39:06.101075"}}
{"data":{"id":"c64bc136-2761-47c6-97db-4e7089bc4803","activity_type":"BID_DECLINED","data":{"buyer":{},"seller":{"id":"e102210d-95d8-48b9-b936-be3e9eb77a21","username":"CRYPTOMAFIA2"},"landfield":{}},"created_at":"2024-03-20 00:39:48.978494"}}
{"data":{"created_at":"2024-03-20T00:45:58.397Z","data":{"buyer":{},"civilian":{"name":"BVF-R-ED1-M1"},"seller":{},"price":"0.27"},"id":"b2c45446-a834-4596-bcdf-17da69c277b7","activity_type":"CIVILIAN_BOUGHT","topic":null,"event":"activity-feed"}}
{"data":{"id":"92342dff-6e44-4830-bd78-5c402f8073ee","activity_type":"BID_PLACED","data":{"buyer":{"id":"5d43c754-7175-4a73-bfe0-0ad9d5bb4f7b","username":"PepegaFrog"},"seller":{},"landfield":{}},"created_at":"2024-03-20 00:46:11.874240"}}
{"data":{"id":"2d2c1acb-fe34-4d2c-af18-13b071c77205","activity_type":"BID_ACCEPTED","data":{"buyer":{"id":"5d43c754-7175-4a73-bfe0-0ad9d5bb4f7b","username":"PepegaFrog"},"seller":{},"landfield":{}},"created_at":"2024-03-20 00:46:44.024866"}}
{"data":{"id":"4da89a57-3ccf-4e7f-a516-13b8a134d4aa","activity_type":"HOLOBUILDING_CREATED","data":{"user":{"id":"5d43c754-7175-4a73-bfe0-0ad9d5bb4f7b","username":"PepegaFrog"}},"created_at":"2024-03-20 00:46:45.304705"}}
{"data":{"created_at":"2024-03-20T00:47:06.022Z","data":{"buyer":{},"civilian":{"name":"WDN-SF-RC1-M1"},"seller":{"id":"85c750d8-93f6-4e71-bc53-1b7a509d7a75","username":"Spectrum3900"},"price":"0.08"},"id":"6d12e5ac-998f-41c0-af87-72c73f3038d4","activity_type":"CIVILIAN_BOUGHT","topic":null,"event":"activity-feed"}}
{"data":{"id":"5fd22491-9a4b-409f-b8f6-aebcf30ccedc","activity_type":"BID_PLACED","data":{"buyer":{},"seller":{"id":"e7b3e560-ea86-4834-8c86-f2ad76bdecb5","username":"CODEA3N030N8RJ"},"landfield":{}},"created_at":"2024-03-20 00:47:09.527119"}}
{"data":{"created_at":"2024-03-20T00:47:33.091Z","data":{"buyer":{},"civilian":{"name":"JXR-SF-ED1-M1"},"seller":{},"price":"0.37"},"id":"5be091e6-6084-458d-8dcd-b091c38633a4","activity_type":"CIVILIAN_BOUGHT","topic":null,"event":"activity-feed"}}
{"data":{"id":"0185f439-9b77-4a42-bdf3-c33883de46e7","activity_type":"EXISTING_LANDFIELD_BOUGHT","data":{"seller":{},"buyer":{},"landfield":{"tilesCount":2,"country":"Zimbabwe","landfieldTier":2}},"created_at":"2024-03-20 00:50:00.912269"}}
{"data":{"id":"95e3063e-f4bf-4c83-b3be-e354cf170f03","activity_type":"EXISTING_LANDFIELD_BOUGHT","data":{"seller":{},"buyer":{},"landfield":{"tilesCount":263,"country":"Brazil","landfieldTier":3}},"created_at":"2024-03-20 00:51:08.331253"}}
{"data":{"created_at":"2024-03-20T00:51:26.415Z","data":{"buyer":{},"jewel":{"color_name":"SERPENTINE","is_crafted":true,"level":1,"name":"Cracked Serpentine Jewel","quality_level":"CRACKED"},"seller":{"id":"3e39b700-9a66-436f-9e87-697a4844845b","username":"ＳＫＯＯＫＵＭᄽＩＮＤＵＳＴＲＩＥＳㅣe2ㆍmeﾉmancityㆍＳＫＯＯＫＵＭᄽＩＮＤＵＳＴＲＩＥＳ"},"price":"0.8"},"id":"3ef83b3d-3cee-4b88-b6e2-2aea0e971411","activity_type":"JEWEL_BOUGHT","topic":null,"event":"activity-feed"}}
{"data":{"created_at":"2024-03-20T00:54:25.909Z","data":{"buyer":{"id":"6c5b7913-a629-4139-89dc-d0540ebea59a","username":"MurtaInvestingGroup2"},"jewel":{"color_name":"ANTHRACITE","is_crafted":false,"level":1,"name":"Common Prime Anthracite Jewel","quality_level":"COMMON"},"seller":{"id":"b9b245cd-5558-4808-b216-08d52da2af21","username":"lagunboy"},"price":null},"id":"708f0116-25cd-4b54-bd74-92167b3e91e0","activity_type":"JEWEL_BOUGHT","topic":null,"event":"activity-feed"}}
{"data":{"created_at":"2024-03-20T00:54:31.339Z","data":{"buyer":{"id":"6c5b7913-a629-4139-89dc-d0540ebea59a","username":"MurtaInvestingGroup2"},"jewel":{"color_name":"ANTHRACITE","is_crafted":false,"level":1,"name":"Common Prime Anthracite Jewel","quality_level":"COMMON"},"seller":{"id":"b9b245cd-5558-4808-b216-08d52da2af21","username":"lagunboy"},"price":null},"id":"0a903bdd-2e8e-4f74-93cc-53901efc7cdf","activity_type":"JEWEL_BOUGHT","topic":null,"event":"activity-feed"}}
{"data":{"id":"d8bc6a95-94bd-47e4-81b3-579a6356bbb4","activity_type":"HOLOBUILDING_CREATED","data":{"user":{"id":"1fa1b3a6-3d2c-480e-bda8-a9245bb2738d","username":"JMTUrbex"}},"created_at":"2024-03-20 00:54:31.455078"}}
{"data":{"created_at":"2024-03-20T00:54:34.258Z","data":{"buyer":{"id":"6c5b7913-a629-4139-89dc-d0540ebea59a","username":"MurtaInvestingGroup2"},"jewel":{"color_name":"ANTHRACITE","is_crafted":false,"level":1,"name":"Common Prime Anthracite Jewel","quality_level":"COMMON"},"seller":{"id":"b9b245cd-5558-4808-b216-08d52da2af21","username":"lagunboy"},"price":null},"id":"62d3eb65-8432-4c60-9f59-bf3cd6b9b745","activity_type":"JEWEL_BOUGHT","topic":null,"event":"activity-feed"}}
{"data":{"created_at":"2024-03-20T00:54:37.372Z","data":{"buyer":{"id":"6c5b7913-a629-4139-89dc-d0540ebea59a","username":"MurtaInvestingGroup2"},"jewel":{"color_name":"ANTHRACITE","is_crafted":false,"level":1,"name":"Common Prime Anthracite Jewel","quality_level":"COMMON"},"seller":{"id":"b9b245cd-5558-4808-b216-08d52da2af21","username":"lagunboy"},"price":null},"id":"8b2b4e4b-d5f4-4ec3-89e9-db243f2dcd67","activity_type":"JEWEL_BOUGHT","topic":null,"event":"activity-feed"}}
{"data":{"id":"a3a0c0d5-54d6-41e4-9e54-ce3f16e8916d","activity_type":"NEW_LANDFIELD_BOUGHT","data":{"buyer":{},"landfield":{"tilesCount":28,"country":"Greenland","landfieldTier":2}},"created_at":"2024-03-20 00:54:56.088047"}}
{"data":{"id":"0a43f753-df31-423a-8bbc-56d65646dfbf","activity_type":"BID_PLACED","data":{"buyer":{"id":"78e3bcf4-5652-474c-9322-d53a1fab9c56","username":"rtclaus"},"seller":{},"landfield":{}},"created_at":"2024-03-20 00:55:00.498146"}}
{"data":{"id":"39b3c8d4-6d9e-4ae6-bc4e-d0c748f8aace","activity_type":"BID_PLACED","data":{"buyer":{"id":"78e3bcf4-5652-474c-9322-d53a1fab9c56","username":"rtclaus"},"seller":{},"landfield":{}},"created_at":"2024-03-20 00:56:15.708735"}}
{"data":{"id":"956f9691-7203-4116-b284-52d9f04a83d8","activity_type":"NEW_LANDFIELD_BOUGHT","data":{"buyer":{},"landfield":{"tilesCount":1,"country":"Kyrgyzstan","landfieldTier":2}},"created_at":"2024-03-20 00:56:52.900694"}}
{"data":{"created_at":"2024-03-20T00:57:31.655Z","data":{"buyer":{"id":"a9901a8d-9788-4832-b2ef-4b649ef993c2","username":"saybooyas"},"jewel":{"color_name":"YELLOW","is_crafted":true,"level":3,"name":"Cracked Prime Yellow Jewel 3","quality_level":"CRACKED"},"seller":{"id":"77d1a4c6-0f52-4f87-9604-ce6e4bc94d96","username":"Damp63"},"price":null},"id":"b1586f2a-b09a-453a-9e50-884aec168805","activity_type":"JEWEL_BOUGHT","topic":null,"event":"activity-feed"}}
{"data":{"created_at":"2024-03-20T00:57:31.904Z","data":{"buyer":{"id":"a9901a8d-9788-4832-b2ef-4b649ef993c2","username":"saybooyas"},"jewel":{"color_name":"YELLOW","is_crafted":true,"level":3,"name":"Cracked Prime Yellow Jewel 3","quality_level":"CRACKED"},"seller":{"id":"77d1a4c6-0f52-4f87-9604-ce6e4bc94d96","username":"Damp63"},"price":null},"id":"5ca88363-c743-44ff-b02d-d5acc3d57b1d","activity_type":"JEWEL_BOUGHT","topic":null,"event":"activity-feed"}}
{"data":{"created_at":"2024-03-20T00:57:32.012Z","data":{"buyer":{"id":"a9901a8d-9788-4832-b2ef-4b649ef993c2","username":"saybooyas"},"jewel":{"color_name":"YELLOW","is_crafted":true,"level":3,"name":"Cracked Prime Yellow Jewel 3","quality_level":"CRACKED"},"seller":{"id":"77d1a4c6-0f52-4f87-9604-ce6e4bc94d96","username":"Damp63"},"price":null},"id":"c76f57e8-fbf0-4901-923c-a05ee49ad0eb","activity_type":"JEWEL_BOUGHT","topic":null,"event":"activity-feed"}}
{"data":{"created_at":"2024-03-20T00:57:32.123Z","data":{"buyer":{"id":"a9901a8d-9788-4832-b2ef-4b649ef993c2","username":"saybooyas"},"jewel":{"color_name":"YELLOW","is_crafted":true,"level":3,"name":"Cracked Prime Yellow Jewel 3","quality_level":"CRACKED"},"seller":{"id":"77d1a4c6-0f52-4f87-9604-ce6e4bc94d96","username":"Damp63"},"price":null},"id":"de11b3c9-522f-46b6-aef0-1cb8b01d83d3","activity_type":"JEWEL_BOUGHT","topic":null,"event":"activity-feed"}}
{"data":{"created_at":"2024-03-20T00:57:32.258Z","data":{"buyer":{"id":"a9901a8d-9788-4832-b2ef-4b649ef993c2","username":"saybooyas"},"jewel":{"color_name":"YELLOW","is_crafted":true,"level":3,"name":"Cracked Prime Yellow Jewel 3","quality_level":"CRACKED"},"seller":{"id":"77d1a4c6-0f52-4f87-9604-ce6e4bc94d96","username":"Damp63"},"price":null},"id":"687cdb4c-bf18-48f9-961c-f71220721daa","activity_type":"JEWEL_BOUGHT","topic":null,"event":"activity-feed"}}
{"data":{"created_at":"2024-03-20T00:57:32.342Z","data":{"buyer":{"id":"a9901a8d-9788-4832-b2ef-4b649ef993c2","username":"saybooyas"},"jewel":{"color_name":"YELLOW","is_crafted":true,"level":3,"name":"Cracked Prime Yellow Jewel 3","quality_level":"CRACKED"},"seller":{"id":"77d1a4c6-0f52-4f87-9604-ce6e4bc94d96","username":"Damp63"},"price":null},"id":"be5b2253-7b01-4688-aab0-200f61c803fd","activity_type":"JEWEL_BOUGHT","topic":null,"event":"activity-feed"}}
{"data":{"id":"24ff61ff-ee11-4236-83b6-53112c587c7b","activity_type":"HOLOBUILDING_CREATED","data":{"user":{}},"created_at":"2024-03-20 00:57:59.882780"}}
{"data":{"id":"7455835f-c689-4097-9c2c-7de96a4a475d","activity_type":"BID_PLACED","data":{"buyer":{"id":"78e3bcf4-5652-474c-9322-d53a1fab9c56","username":"rtclaus"},"seller":{"id":"63ff4d7e-cc81-4512-bce9-c6c3c5edb797","username":"MERealestate"},"landfield":{"id":"28b5f399-589e-4740-a78a-b737e52ac0a3","location":"Mueang Surat Thani, Surat Thani, Thailand"}},"created_at":"2024-03-20 00:58:24.012410"}}
{"data":{"id":"a63de47e-2b99-41f7-a636-b738e908f8ee","activity_type":"NEW_LANDFIELD_BOUGHT","data":{"buyer":{"id":"2980065f-8cd5-4450-b808-5955bb0504da","username":"EmbyenH"},"landfield":{"tilesCount":10,"id":"09bf9eb3-cab7-4cb8-b931-d22f5bc22bce","location":"Montréal, Quebec, Canada","country":"Canada","landfieldTier":2}},"created_at":"2024-03-20 00:58:56.978155"}}
{"data":{"id":"d4313f3c-e4e8-40be-93dc-9202ecf0fedc","activity_type":"NEW_LANDFIELD_BOUGHT","data":{"buyer":{},"landfield":{"tilesCount":1,"country":"Kyrgyzstan","landfieldTier":2}},"created_at":"2024-03-20 00:59:19.038772"}}
{"data":{"id":"570ae037-a2d9-44a5-9411-3c3ebf5640d6","activity_type":"NEW_LANDFIELD_BOUGHT","data":{"buyer":{},"landfield":{"tilesCount":4,"country":"Kyrgyzstan","landfieldTier":2}},"created_at":"2024-03-20 00:59:41.833778"}}
{"data":{"id":"a0aab310-36fe-40d8-90b3-c96ea2b15522","activity_type":"NEW_LANDFIELD_BOUGHT","data":{"buyer":{},"landfield":{"tilesCount":1,"country":"Kyrgyzstan","landfieldTier":2}},"created_at":"2024-03-20 01:00:16.307834"}}
{"data":{"created_at":"2024-03-20T01:00:16.499Z","data":{"buyer":{"id":"2980065f-8cd5-4450-b808-5955bb0504da","username":"EmbyenH"},"droid":{"name":"DP782"},"seller":{},"price":"0.71"},"id":"bbca028e-cbc9-40e5-9cd0-183a6f67164c","activity_type":"DROID_BOUGHT","topic":null,"event":"activity-feed"}}
{"data":{"created_at":"2024-03-20T01:00:16.506Z","data":{"buyer":{"id":"2980065f-8cd5-4450-b808-5955bb0504da","username":"EmbyenH"},"droid":{"name":"WY143"},"seller":{},"price":"0.71"},"id":"c27064f7-9779-411b-8812-55cd502036ba","activity_type":"DROID_BOUGHT","topic":null,"event":"activity-feed"}}
{"data":{"created_at":"2024-03-20T01:01:07.283Z","data":{"buyer":{},"jewel":{"color_name":"ANTHRACITE","is_crafted":false,"level":1,"name":"Common Prime Anthracite Jewel","quality_level":"COMMON"},"seller":{"id":"5b5b3294-7e3a-4a61-ab39-e760748e2720","username":"CoyoteNZ"},"price":"0.04"},"id":"58e5e725-cc3c-4b60-90b9-12f0f8e03838","activity_type":"JEWEL_BOUGHT","topic":null,"event":"activity-feed"}}
{"data":{"created_at":"2024-03-20T01:01:07.323Z","data":{"buyer":{},"jewel":{"color_name":"ANTHRACITE","is_crafted":false,"level":1,"name":"Common Prime Anthracite Jewel","quality_level":"COMMON"},"seller":{"id":"5b5b3294-7e3a-4a61-ab39-e760748e2720","username":"CoyoteNZ"},"price":"0.04"},"id":"6ef479d6-fb4b-416c-a798-341443336d41","activity_type":"JEWEL_BOUGHT","topic":null,"event":"activity-feed"}}
{"data":{"created_at":"2024-03-20T01:01:07.374Z","data":{"buyer":{},"jewel":{"color_name":"BLACK","is_crafted":false,"level":1,"name":"Common Prime Black Jewel","quality_level":"COMMON"},"seller":{"id":"5b5b3294-7e3a-4a61-ab39-e760748e2720","username":"CoyoteNZ"},"price":"0.04"},"id":"19405f99-3027-4901-a622-bd08c25cdd70","activity_type":"JEWEL_BOUGHT","topic":null,"event":"activity-feed"}}
{"data":{"created_at":"2024-03-20T01:01:07.414Z","data":{"buyer":{},"jewel":{"color_name":"ANTHRACITE","is_crafted":false,"level":1,"name":"Common Prime Anthracite Jewel","quality_level":"COMMON"},"seller":{"id":"5b5b3294-7e3a-4a61-ab39-e760748e2720","username":"CoyoteNZ"},"price":"0.04"},"id":"ac521b7d-2376-460f-a898-1c3e03735418","activity_type":"JEWEL_BOUGHT","topic":null,"event":"activity-feed"}}
{"data":{"created_at":"2024-03-20T01:01:07.460Z","data":{"buyer":{},"jewel":{"color_name":"ANTHRACITE","is_crafted":false,"level":1,"name":"Common Prime Anthracite Jewel","quality_level":"COMMON"},"seller":{"id":"5b5b3294-7e3a-4a61-ab39-e760748e2720","username":"CoyoteNZ"},"price":"0.04"},"id":"3d7db6d8-d3d6-4fde-b04f-7a0d1ef64585","activity_type":"JEWEL_BOUGHT","topic":null,"event":"activity-feed"}}
{"data":{"created_at":"2024-03-20T01:01:07.655Z","data":{"buyer":{},"jewel":{"color_name":"BLACK","is_crafted":false,"level":1,"name":"Common Prime Black Jewel","quality_level":"COMMON"},"seller":{"id":"5b5b3294-7e3a-4a61-ab39-e760748e2720","username":"CoyoteNZ"},"price":"0.04"},"id":"507219e0-0e5a-48c6-835e-fcaa00054ccd","activity_type":"JEWEL_BOUGHT","topic":null,"event":"activity-feed"}}
{"data":{"created_at":"2024-03-20T01:01:07.699Z","data":{"buyer":{},"jewel":{"color_name":"BLUE","is_crafted":false,"level":1,"name":"Common Prime Blue Jewel","quality_level":"COMMON"},"seller":{"id":"5b5b3294-7e3a-4a61-ab39-e760748e2720","username":"CoyoteNZ"},"price":"0.04"},"id":"cda20381-5923-4e64-b598-199cdee73041","activity_type":"JEWEL_BOUGHT","topic":null,"event":"activity-feed"}}
{"data":{"created_at":"2024-03-20T01:01:07.813Z","data":{"buyer":{},"jewel":{"color_name":"BLUE","is_crafted":false,"level":1,"name":"Common Prime Blue Jewel","quality_level":"COMMON"},"seller":{"id":"5b5b3294-7e3a-4a61-ab39-e760748e2720","username":"CoyoteNZ"},"price":"0.04"},"id":"6d19ed6e-2878-47a7-8050-b28c09312efe","activity_type":"JEWEL_BOUGHT","topic":null,"event":"activity-feed"}}
{"data":{"created_at":"2024-03-20T01:01:07.857Z","data":{"buyer":{},"jewel":{"color_name":"BLUE","is_crafted":false,"level":1,"name":"Common Prime Blue Jewel","quality_level":"COMMON"},"seller":{"id":"5b5b3294-7e3a-4a61-ab39-e760748e2720","username":"CoyoteNZ"},"price":"0.04"},"id":"5e7d32d0-3ef6-4be4-b0f0-4bc9b0d8214d","activity_type":"JEWEL_BOUGHT","topic":null,"event":"activity-feed"}}
{"data":{"created_at":"2024-03-20T01:01:07.892Z","data":{"buyer":{},"jewel":{"color_name":"OCHRE","is_crafted":false,"level":1,"name":"Common Prime Ochre Jewel","quality_level":"COMMON"},"seller":{"id":"5b5b3294-7e3a-4a61-ab39-e760748e2720","username":"CoyoteNZ"},"price":"0.04"},"id":"223dee2b-463e-4613-a271-b4c788994d01","activity_type":"JEWEL_BOUGHT","topic":null,"event":"activity-feed"}}
{"data":{"created_at":"2024-03-20T01:01:07.922Z","data":{"buyer":{},"jewel":{"color_name":"YELLOW","is_crafted":false,"level":1,"name":"Common Prime Yellow Jewel","quality_level":"COMMON"},"seller":{"id":"5b5b3294-7e3a-4a61-ab39-e760748e2720","username":"CoyoteNZ"},"price":"0.04"},"id":"cabb74ff-4372-4153-a4ac-1d0b8a53ea3b","activity_type":"JEWEL_BOUGHT","topic":null,"event":"activity-feed"}}
{"data":{"created_at":"2024-03-20T01:01:08.013Z","data":{"buyer":{},"jewel":{"color_name":"GREEN","is_crafted":false,"level":1,"name":"Common Prime Green Jewel","quality_level":"COMMON"},"seller":{"id":"5b5b3294-7e3a-4a61-ab39-e760748e2720","username":"CoyoteNZ"},"price":"0.04"},"id":"2dd977bd-9a3e-4563-9405-da59b691e4e1","activity_type":"JEWEL_BOUGHT","topic":null,"event":"activity-feed"}}
{"data":{"created_at":"2024-03-20T01:01:08.054Z","data":{"buyer":{},"jewel":{"color_name":"OCHRE","is_crafted":false,"level":1,"name":"Common Prime Ochre Jewel","quality_level":"COMMON"},"seller":{"id":"5b5b3294-7e3a-4a61-ab39-e760748e2720","username":"CoyoteNZ"},"price":"0.04"},"id":"98466901-5a5d-4d53-8746-562639c6dd1d","activity_type":"JEWEL_BOUGHT","topic":null,"event":"activity-feed"}}
{"data":{"created_at":"2024-03-20T01:01:08.219Z","data":{"buyer":{},"jewel":{"color_name":"YELLOW","is_crafted":false,"level":1,"name":"Common Prime Yellow Jewel","quality_level":"COMMON"},"seller":{"id":"5b5b3294-7e3a-4a61-ab39-e760748e2720","username":"CoyoteNZ"},"price":"0.04"},"id":"148ac60a-6cf4-4922-9790-6a22d565cd58","activity_type":"JEWEL_BOUGHT","topic":null,"event":"activity-feed"}}
{"data":{"created_at":"2024-03-20T01:01:08.260Z","data":{"buyer":{},"jewel":{"color_name":"YELLOW","is_crafted":false,"level":1,"name":"Common Prime Yellow Jewel","quality_level":"COMMON"},"seller":{"id":"5b5b3294-7e3a-4a61-ab39-e760748e2720","username":"CoyoteNZ"},"price":"0.04"},"id":"c560f915-721b-46ba-8e0d-c49c09450626","activity_type":"JEWEL_BOUGHT","topic":null,"event":"activity-feed"}}
{"data":{"id":"c5ff18fc-8256-45bb-86c2-061ed022ccd0","activity_type":"NEW_LANDFIELD_BOUGHT","data":{"buyer":{},"landfield":{"tilesCount":750,"country":"Chile","landfieldTier":3}},"created_at":"2024-03-20 01:02:17.467603"}}
{"data":{"id":"c1abe212-037c-4381-a507-2b83532c398b","activity_type":"HOLOBUILDING_CREATED","data":{"user":{}},"created_at":"2024-03-20 01:02:22.298025"}}
{"data":{"created_at":"2024-03-20T01:03:00.814Z","data":{"buyer":{},"jewel":{"color_name":"YELLOW","is_crafted":false,"level":1,"name":"Common Prime Yellow Jewel","quality_level":"COMMON"},"seller":{"id":"5b5b3294-7e3a-4a61-ab39-e760748e2720","username":"CoyoteNZ"},"price":"0.04"},"id":"3cbf511e-60cc-480e-aa7e-3db979ab1825","activity_type":"JEWEL_BOUGHT","topic":null,"event":"activity-feed"}}
{"data":{"created_at":"2024-03-20T01:03:11.224Z","data":{"buyer":{"id":"2980065f-8cd5-4450-b808-5955bb0504da","username":"EmbyenH"},"civilian":{"name":"KBG-SF-RC1-M1"},"seller":{},"price":"3.72"},"id":"3f1949d1-aed9-40e8-a3a7-44b408fc277b","activity_type":"CIVILIAN_BOUGHT","topic":null,"event":"activity-feed"}}
{"data":{"created_at":"2024-03-20T01:03:11.230Z","data":{"buyer":{"id":"2980065f-8cd5-4450-b808-5955bb0504da","username":"EmbyenH"},"civilian":{"name":"SXM-SF-ED1-M1"},"seller":{},"price":"0.29"},"id":"be58299c-f002-4266-ba9d-36d604deffaf","activity_type":"CIVILIAN_BOUGHT","topic":null,"event":"activity-feed"}}
{"data":{"created_at":"2024-03-20T01:03:11.236Z","data":{"buyer":{"id":"2980065f-8cd5-4450-b808-5955bb0504da","username":"EmbyenH"},"civilian":{"name":"IPU-SF-CT1-M1"},"seller":{},"price":"0.47"},"id":"32aa06e0-f5b9-4202-9d47-d772b84cf49c","activity_type":"CIVILIAN_BOUGHT","topic":null,"event":"activity-feed"}}
{"data":{"created_at":"2024-03-20T01:03:45.378Z","data":{"buyer":{"id":"2980065f-8cd5-4450-b808-5955bb0504da","username":"EmbyenH"},"jewel":{"color_name":"SLATE","is_crafted":true,"level":1,"name":"Cracked Slate Jewel","quality_level":"CRACKED"},"seller":{},"price":"0.72"},"id":"390ecd1a-6fc1-42d0-840f-58de7a036c11","activity_type":"JEWEL_BOUGHT","topic":null,"event":"activity-feed"}}
{"data":{"created_at":"2024-03-20T01:03:45.628Z","data":{"buyer":{"id":"2980065f-8cd5-4450-b808-5955bb0504da","username":"EmbyenH"},"jewel":{"color_name":"SLATE","is_crafted":true,"level":1,"name":"Cracked Slate Jewel","quality_level":"CRACKED"},"seller":{},"price":"0.72"},"id":"3cec5b4a-1512-403f-844f-9752ada241ce","activity_type":"JEWEL_BOUGHT","topic":null,"event":"activity-feed"}}
{"data":{"created_at":"2024-03-20T01:03:45.795Z","data":{"buyer":{"id":"2980065f-8cd5-4450-b808-5955bb0504da","username":"EmbyenH"},"jewel":{"color_name":"SERPENTINE","is_crafted":true,"level":1,"name":"Cracked Serpentine Jewel","quality_level":"CRACKED"},"seller":{},"price":"0.75"},"id":"fab78628-3810-4483-9ab1-17c8268ed836","activity_type":"JEWEL_BOUGHT","topic":null,"event":"activity-feed"}}
{"data":{"created_at":"2024-03-20T01:03:46.407Z","data":{"buyer":{"id":"2980065f-8cd5-4450-b808-5955bb0504da","username":"EmbyenH"},"jewel":{"color_name":"SERPENTINE","is_crafted":true,"level":1,"name":"Cracked Serpentine Jewel","quality_level":"CRACKED"},"seller":{"id":"2c07d70d-a756-47a0-bde7-cec03f9fcbfe","username":"Werner"},"price":null},"id":"bd958f58-1b85-4eea-b94e-dfdf62ae13bb","activity_type":"JEWEL_BOUGHT","topic":null,"event":"activity-feed"}}
{"data":{"id":"c0b84700-8675-48eb-b0a9-087d294eba70","activity_type":"NEW_LANDFIELD_BOUGHT","data":{"buyer":{},"landfield":{"tilesCount":36,"country":"Kyrgyzstan","landfieldTier":2}},"created_at":"2024-03-20 01:03:47.133329"}}
{"data":{"id":"768c77d0-76c5-4ff5-9065-c611ebfd3d01","activity_type":"NEW_LANDFIELD_BOUGHT","data":{"buyer":{},"landfield":{"tilesCount":1,"country":"Kyrgyzstan","landfieldTier":2}},"created_at":"2024-03-20 01:04:04.609197"}}
{"data":{"id":"20c030ad-48b4-4e11-899d-7496587ad72d","activity_type":"NEW_LANDFIELD_BOUGHT","data":{"buyer":{},"landfield":{"tilesCount":4,"country":"Kyrgyzstan","landfieldTier":2}},"created_at":"2024-03-20 01:04:45.992346"}}
{"data":{"created_at":"2024-03-20T01:05:00.224Z","data":{"buyer":{"id":"2980065f-8cd5-4450-b808-5955bb0504da","username":"EmbyenH"},"jewel":{"color_name":"CATSEYE","is_crafted":true,"level":1,"name":"Cracked Catseye Jewel","quality_level":"CRACKED"},"seller":{"id":"3e39b700-9a66-436f-9e87-697a4844845b","username":"ＳＫＯＯＫＵＭᄽＩＮＤＵＳＴＲＩＥＳㅣe2ㆍmeﾉmancityㆍＳＫＯＯＫＵＭᄽＩＮＤＵＳＴＲＩＥＳ"},"price":null},"id":"b332cb44-5c2e-41b1-b75e-dcd6e61be626","activity_type":"JEWEL_BOUGHT","topic":null,"event":"activity-feed"}}
