{"data":{"created_at":"2024-03-22T00:00:38.414Z","data":{"buyer":{},"droid":{"name":"YN424"},"seller":{},"price":"0.6"},"id":"43942b87-67f5-4df8-bd51-8f2654e5274c","activity_type":"DROID_BOUGHT","topic":null,"event":"activity-feed"}}
{"data":{"created_at":"2024-03-22T00:01:21.206Z","data":{"buyer":{},"droid":{"name":"YN424"},"seller":{},"price":"0.6"},"id":"f6ff6d99-635e-4fb9-acad-02cbf9e58fbe","activity_type":"DROID_BOUGHT","topic":null,"event":"activity-feed"}}
{"data":{"created_at":"2024-03-22T00:01:25.910Z","data":{"buyer":{},"jewel":{"color_name":"ANTHRACITE","is_crafted":true,"level":3,"name":"Cracked Prime Anthracite Jewel 3","quality_level":"CRACKED"},"seller":{"id":"d4cc518e-6281-48fe-8312-aa93d45d7027","username":"Chipolatâche"},"price":"0.27"},"id":"5db2ba7e-b9d4-4119-b540-9088ae973978","activity_type":"JEWEL_BOUGHT","topic":null,"event":"activity-feed"}}
{"data":{"created_at":"2024-03-22T00:01:25.944Z","data":{"buyer":{},"jewel":{"color_name":"ANTHRACITE","is_crafted":true,"level":3,"name":"Cracked Prime Anthracite Jewel 3","quality_level":"CRACKED"},"seller":{"id":"d4cc518e-6281-48fe-8312-aa93d45d7027","username":"Chipolatâche"},"price":"0.27"},"id":"67e98792-a4c5-4ec4-bcbb-8f6c2787e895","activity_type":"JEWEL_BOUGHT","topic":null,"event":"activity-feed"}}
{"data":{"created_at":"2024-03-22T00:01:26.004Z","data":{"buyer":{},"jewel":{"color_name":"OCHRE","is_crafted":true,"level":3,"name":"Cracked Prime Ochre Jewel 3","quality_level":"CRACKED"},"seller":{"id":"d4cc518e-6281-48fe-8312-aa93d45d7027","username":"Chipolatâche"},"price":"0.26"},"id":"bfb234b6-3bd8-466a-ba95-1968a274c63f","activity_type":"JEWEL_BOUGHT","topic":null,"event":"activity-feed"}}
{"data":{"created_at":"2024-03-22T00:01:26.324Z","data":{"buyer":{},"jewel":{"color_name":"BLUE","is_crafted":true,"level":3,"name":"Cracked Prime Blue Jewel 3","quality_level":"CRACKED"},"seller":{"id":"d4cc518e-6281-48fe-8312-aa93d45d7027","username":"Chipolatâche"},"price":"0.27"},"id":"cd88416a-c53c-4314-911d-79420e20630b","activity_type":"JEWEL_BOUGHT","topic":null,"event":"activity-feed"}}
{"data":{"id":"a900e06a-ee20-468a-88aa-32204486ba4c","activity_type":"EXISTING_LANDFIELD_BOUGHT","data":{"seller":{"id":"2b4091b9-5175-41ac-9410-284160ea2177","username":"membersonly"},"buyer":{},"landfield":{"tilesCount":17,"country":"Brazil","landfieldTier":1}},"created_at":"2024-03-22 00:01:53.903814"}}
{"data":{"id":"3f735c0f-83d5-4f70-8de5-87630e4a8c71","activity_type":"BID_ACCEPTED","data":{"buyer":{},"seller":{"id":"94abf17c-f48a-4dfb-9927-fae433ff03e4","username":"dduly12"},"landfield":{}},"created_at":"2024-03-22 00:03:42.078622"}}
{"data":{"id":"4f1cca9c-945d-4924-a589-0cc2b54c349e","activity_type":"HOLOBUILDING_CREATED","data":{"user":{}},"created_at":"2024-03-22 00:03:43.124956"}}
{"data":{"id":"af887793-6c09-4af4-bbb2-2160a12a147b","activity_type":"BID_DECLINED","data":{"buyer":{},"seller":{"id":"94abf17c-f48a-4dfb-9927-fae433ff03e4","username":"dduly12"},"landfield":{}},"created_at":"2024-03-22 00:03:59.937361"}}
{"data":{"id":"a4867fc4-93f4-4253-9d15-bfa58b7e6f32","activity_type":"BID_DECLINED","data":{"buyer":{},"seller":{"id":"94abf17c-f48a-4dfb-9927-fae433ff03e4","username":"dduly12"},"landfield":{}},"created_at":"2024-03-22 00:04:00.311108"}}
{"data":{"id":"17974251-50c3-4449-ac54-8d16bf013e30","activity_type":"BID_DECLINED","data":{"buyer":{},"seller":{"id":"94abf17c-f48a-4dfb-9927-fae433ff03e4","username":"dduly12"},"landfield":{}},"created_at":"2024-03-22 00:04:13.539798"}}
{"data":{"id":"29578676-f2de-4069-af90-669b2cf6f88e","activity_type":"BID_DECLINED","data":{"buyer":{},"seller":{"id":"94abf17c-f48a-4dfb-9927-fae433ff03e4","username":"dduly12"},"landfield":{}},"created_at":"2024-03-22 00:04:23.401193"}}
{"data":{"id":"cd1cf0e8-b004-495a-b59e-b4803d565525","activity_type":"BID_DECLINED","data":{"buyer":{},"seller":{"id":"94abf17c-f48a-4dfb-9927-fae433ff03e4","username":"dduly12"},"landfield":{}},"created_at":"2024-03-22 00:04:23.463126"}}
{"data":{"id":"51f669dc-3c13-4282-a44b-57d99a14d92c","activity_type":"BID_DECLINED","data":{"buyer":{},"seller":{"id":"94abf17c-f48a-4dfb-9927-fae433ff03e4","username":"dduly12"},"landfield":{}},"created_at":"2024-03-22 00:04:31.604142"}}
{"data":{"id":"73dc0cd5-9049-4282-8243-257a251d9f4a","activity_type":"BID_DECLINED","data":{"buyer":{},"seller":{"id":"94abf17c-f48a-4dfb-9927-fae433ff03e4","username":"dduly12"},"landfield":{}},"created_at":"2024-03-22 00:04:42.836738"}}
{"data":{"id":"6962053f-8aa4-474d-9feb-908efa34e309","activity_type":"BID_DECLINED","data":{"buyer":{},"seller":{"id":"94abf17c-f48a-4dfb-9927-fae433ff03e4","username":"dduly12"},"landfield":{}},"created_at":"2024-03-22 00:04:42.878660"}}
{"data":{"id":"c0a365b1-9f53-4ac1-a9bd-f65585e28f9f","activity_type":"BID_DECLINED","data":{"buyer":{},"seller":{"id":"94abf17c-f48a-4dfb-9927-fae433ff03e4","username":"dduly12"},"landfield":{}},"created_at":"2024-03-22 00:04:42.925870"}}
{"data":{"id":"4a0363f1-01da-47c9-8b82-467c855bffd3","activity_type":"BID_DECLINED","data":{"buyer":{},"seller":{"id":"94abf17c-f48a-4dfb-9927-fae433ff03e4","username":"dduly12"},"landfield":{}},"created_at":"2024-03-22 00:04:42.976414"}}
{"data":{"id":"f96dc4f0-2405-4b39-93b7-0270089a6c83","activity_type":"BID_DECLINED","data":{"buyer":{},"seller":{"id":"94abf17c-f48a-4dfb-9927-fae433ff03e4","username":"dduly12"},"landfield":{}},"created_at":"2024-03-22 00:05:29.569942"}}
{"data":{"id":"ad3bbd4f-f2cd-4716-aaf4-b811c4b9dfbd","activity_type":"BID_DECLINED","data":{"buyer":{},"seller":{"id":"94abf17c-f48a-4dfb-9927-fae433ff03e4","username":"dduly12"},"landfield":{}},"created_at":"2024-03-22 00:05:42.872608"}}
{"data":{"created_at":"2024-03-22T00:06:01.251Z","data":{"buyer":{},"jewel":{"color_name":"SUNRISE","is_crafted":true,"level":1,"name":"Luminous Sunrise Jewel","quality_level":"LUMINOUS"},"seller":{},"price":"1.59"},"id":"e90ea0e8-6990-4339-9f86-2f18c2f4b9d8","activity_type":"JEWEL_BOUGHT","topic":null,"event":"activity-feed"}}
{"data":{"created_at":"2024-03-22T00:06:01.526Z","data":{"buyer":{},"jewel":{"color_name":"JAMAICA","is_crafted":true,"level":1,"name":"Luminous Jamaica Jewel","quality_level":"LUMINOUS"},"seller":{},"price":"1.89"},"id":"a272695d-f67c-41de-ac1c-add410e1e205","activity_type":"JEWEL_BOUGHT","topic":null,"event":"activity-feed"}}
{"data":{"created_at":"2024-03-22T00:06:01.676Z","data":{"buyer":{},"jewel":{"color_name":"PURPLE","is_crafted":true,"level":1,"name":"Luminous Purple Jewel","quality_level":"LUMINOUS"},"seller":{},"price":"2.0"},"id":"bc5f29d9-8442-4ca3-9289-0987bb487a42","activity_type":"JEWEL_BOUGHT","topic":null,"event":"activity-feed"}}
{"data":{"created_at":"2024-03-22T00:06:01.770Z","data":{"buyer":{},"jewel":{"color_name":"PURPLE","is_crafted":true,"level":1,"name":"Luminous Purple Jewel","quality_level":"LUMINOUS"},"seller":{},"price":"2.0"},"id":"5232b834-ddc4-4c98-8963-47134473ff62","activity_type":"JEWEL_BOUGHT","topic":null,"event":"activity-feed"}}
{"data":{"created_at":"2024-03-22T00:06:01.888Z","data":{"buyer":{},"jewel":{"color_name":"PURPLE","is_crafted":true,"level":1,"name":"Luminous Purple Jewel","quality_level":"LUMINOUS"},"seller":{},"price":"2.0"},"id":"acc27d38-9cac-4ce7-8307-997e27fbfc0d","activity_type":"JEWEL_BOUGHT","topic":null,"event":"activity-feed"}}
{"data":{"created_at":"2024-03-22T00:06:02.007Z","data":{"buyer":{},"jewel":{"color_name":"SUNRISE","is_crafted":true,"level":1,"name":"Luminous Sunrise Jewel","quality_level":"LUMINOUS"},"seller":{},"price":"1.59"},"id":"51ed3d45-7017-4358-bc2e-42d5d65f0684","activity_type":"JEWEL_BOUGHT","topic":null,"event":"activity-feed"}}
{"data":{"created_at":"2024-03-22T00:06:16.270Z","data":{"buyer":{},"jewel":{"color_name":"ORANGE","is_crafted":true,"level":1,"name":"Luminous Orange Jewel","quality_level":"LUMINOUS"},"seller":{},"price":"2.5"},"id":"4f6c92e9-4292-41a2-8604-ad082c2f75a6","activity_type":"JEWEL_BOUGHT","topic":null,"event":"activity-feed"}}
{"data":{"created_at":"2024-03-22T00:06:16.324Z","data":{"buyer":{},"jewel":{"color_name":"ORANGE","is_crafted":true,"level":1,"name":"Luminous Orange Jewel","quality_level":"LUMINOUS"},"seller":{},"price":"2.5"},"id":"858fdbdd-8a68-4f3e-ab21-6daf156981a4","activity_type":"JEWEL_BOUGHT","topic":null,"event":"activity-feed"}}
{"data":{"created_at":"2024-03-22T00:06:16.374Z","data":{"buyer":{},"jewel":{"color_name":"ORANGE","is_crafted":true,"level":1,"name":"Luminous Orange Jewel","quality_level":"LUMINOUS"},"seller":{},"price":"2.5"},"id":"3132342e-82c8-48cd-a5ec-3d97ec7fda74","activity_type":"JEWEL_BOUGHT","topic":null,"event":"activity-feed"}}
{"data":{"id":"c67b8755-abbd-408c-8946-ec2ede8edccc","activity_type":"BID_PLACED","data":{"buyer":{},"seller":{"id":"8b62637f-56ff-45fe-9da1-7528054dceb1","username":"1TBTilesForSale"},"landfield":{}},"created_at":"2024-03-22 00:08:53.520790"}}
{"data":{"id":"e3d4eed7-d971-4893-88ed-29d1c01b4d2b","activity_type":"BID_PLACED","data":{"buyer":{},"seller":{"id":"8b62637f-56ff-45fe-9da1-7528054dceb1","username":"1TBTilesForSale"},"landfield":{}},"created_at":"2024-03-22 00:09:21.103980"}}
{"data":{"id":"6706331c-c9e7-487a-8987-e2e812db297f","activity_type":"BID_PLACED","data":{"buyer":{},"seller":{"id":"8b62637f-56ff-45fe-9da1-7528054dceb1","username":"1TBTilesForSale"},"landfield":{}},"created_at":"2024-03-22 00:09:57.363739"}}
{"data":{"created_at":"2024-03-22T00:11:43.770Z","data":{"buyer":{},"civilian":{"name":"MFG-R-ED1-M1"},"seller":{"id":"d896b4f3-a582-43c2-9506-e4cf7e3207f2","username":"JDJDJD"},"price":"0.08"},"id":"b3faea3b-e7bb-4362-9ee9-68a49f7cb806","activity_type":"CIVILIAN_BOUGHT","topic":null,"event":"activity-feed"}}
{"data":{"created_at":"2024-03-22T00:12:41.572Z","data":{"buyer":{},"civilian":{"name":"PRT-R-ED1-M1"},"seller":{},"price":"0.08"},"id":"99bacc7b-c57e-4290-a827-a75140ee4eb0","activity_type":"CIVILIAN_BOUGHT","topic":null,"event":"activity-feed"}}
{"data":{"id":"69f71408-5990-4bc2-9753-1daa7fd3eeb8","activity_type":"BID_PLACED","data":{"buyer":{"id":"ff3cd8e1-0deb-4e7b-a5ab-fef2b27eb3f2","username":"YourWorldExplorer"},"seller":{"id":"8b62637f-56ff-45fe-9da1-7528054dceb1","username":"1TBTilesForSale"},"landfield":{"id":"79e7bd1c-b726-48bd-81a6-31c75b93b796","location":"Iles Tuamotu-Gambier, French Polynesia"}},"created_at":"2024-03-22 00:16:07.005426"}}
{"data":{"id":"3344a28d-1198-4b43-a255-00dde07a782d","activity_type":"EXISTING_LANDFIELD_BOUGHT","data":{"seller":{"id":"94abf17c-f48a-4dfb-9927-fae433ff03e4","username":"dduly12"},"buyer":{},"landfield":{"tilesCount":24,"country":"India","landfieldTier":1}},"created_at":"2024-03-22 00:16:35.632381"}}
{"data":{"id":"7a1eed36-afe0-476c-af87-5d54a227c255","activity_type":"HOLOBUILDING_CREATED","data":{"user":{}},"created_at":"2024-03-22 00:16:36.342823"}}
{"data":{"id":"cd21d4d9-a9e5-46a8-9e2b-dfb80921743c","activity_type":"BID_PLACED","data":{"buyer":{},"seller":{"id":"8b62637f-56ff-45fe-9da1-7528054dceb1","username":"1TBTilesForSale"},"landfield":{}},"created_at":"2024-03-22 00:17:08.996481"}}
{"data":{"id":"564432ae-9ecd-4f8b-999d-4b16cc38f0e0","activity_type":"NEW_LANDFIELD_BOUGHT","data":{"buyer":{},"landfield":{"tilesCount":10,"country":"Greece","landfieldTier":2}},"created_at":"2024-03-22 00:18:34.269530"}}
{"data":{"id":"b6bbe4ae-25f3-4330-adc6-f563f628ef22","activity_type":"NEW_LANDFIELD_BOUGHT","data":{"buyer":{},"landfield":{"tilesCount":4,"country":"Kiribati","landfieldTier":2}},"created_at":"2024-03-22 00:18:49.991272"}}
{"data":{"id":"991bc773-43cf-46f9-aa49-907499c2d963","activity_type":"NEW_LANDFIELD_BOUGHT","data":{"buyer":{},"landfield":{"tilesCount":4,"country":"China","landfieldTier":2}},"created_at":"2024-03-22 00:20:16.137924"}}
{"data":{"created_at":"2024-03-22T00:20:49.703Z","data":{"buyer":{},"droid":{"name":"GN606"},"seller":{"id":"fe01a0bf-bbe9-4142-bd15-7eabd9d27609","username":"SteveMcReeve"},"price":"0.56"},"id":"fd107a31-5af3-41ce-a68b-7de8dd12743b","activity_type":"DROID_BOUGHT","topic":null,"event":"activity-feed"}}
{"data":{"id":"6f0f7ed2-dce2-4a07-9020-63fda5e83e49","activity_type":"EXISTING_LANDFIELD_BOUGHT","data":{"seller":{},"buyer":{},"landfield":{"tilesCount":750,"country":"United States of America","landfieldTier":3}},"created_at":"2024-03-22 00:21:18.648317"}}
{"data":{"id":"c64552df-8bfa-4202-bda4-e56d51f0f5d5","activity_type":"EXISTING_LANDFIELD_BOUGHT","data":{"seller":{},"buyer":{},"landfield":{"tilesCount":2,"country":"South Korea","landfieldTier":1}},"created_at":"2024-03-22 00:21:38.862448"}}
{"data":{"created_at":"2024-03-22T00:22:09.595Z","data":{"buyer":{},"jewel":{"color_name":"YELLOW","is_crafted":false,"level":1,"name":"Common Prime Yellow Jewel","quality_level":"COMMON"},"seller":{},"price":"0.05"},"id":"6b39d126-ec9d-4336-92c6-743b46d140f8","activity_type":"JEWEL_BOUGHT","topic":null,"event":"activity-feed"}}
{"data":{"created_at":"2024-03-22T00:22:10.913Z","data":{"buyer":{"id":"d896b4f3-a582-43c2-9506-e4cf7e3207f2","username":"JDJDJD"},"civilian":{"name":"LIG-SF-CT1-M1"},"seller":{},"price":"0.58"},"id":"62e273d9-6be7-4530-8649-c5292c2b3edb","activity_type":"CIVILIAN_BOUGHT","topic":null,"event":"activity-feed"}}
{"data":{"id":"5b9bb93e-7c52-4fcd-bf4f-16274519ab7e","activity_type":"BID_PLACED","data":{"buyer":{},"seller":{"id":"8b62637f-56ff-45fe-9da1-7528054dceb1","username":"1TBTilesForSale"},"landfield":{}},"created_at":"2024-03-22 00:22:17.142370"}}
{"data":{"created_at":"2024-03-22T00:22:18.888Z","data":{"buyer":{},"civilian":{"name":"UPE-SF-ED1-M1"},"seller":{},"price":"0.08"},"id":"dcf4cfe2-4e70-4412-8844-f2edcbfa4e1c","activity_type":"CIVILIAN_BOUGHT","topic":null,"event":"activity-feed"}}
{"data":{"created_at":"2024-03-22T00:22:18.895Z","data":{"buyer":{},"civilian":{"name":"PSX-SF-CT1-M1"},"seller":{"id":"687c4bc9-b850-4e38-80de-4f655395c16c","username":"NBTradingCompany"},"price":"0.13"},"id":"6f4050aa-ab79-41cc-9875-24a26f985dba","activity_type":"CIVILIAN_BOUGHT","topic":null,"event":"activity-feed"}}
{"data":{"created_at":"2024-03-22T00:22:18.901Z","data":{"buyer":{},"civilian":{"name":"WHM-SF-RC1-M1"},"seller":{},"price":"0.09"},"id":"4d0d0410-5874-4cef-880f-621cd65c8f08","activity_type":"CIVILIAN_BOUGHT","topic":null,"event":"activity-feed"}}
{"data":{"created_at":"2024-03-22T00:22:22.999Z","data":{"buyer":{"id":"d896b4f3-a582-43c2-9506-e4cf7e3207f2","username":"JDJDJD"},"civilian":{"name":"MQG-SF-ED1-M1"},"seller":{"id":"8d887d79-5fd5-49ed-a14d-32f09d32d180","username":"EugeneBoondock"},"price":"0.38"},"id":"aebe8a64-1925-48f2-a9ad-b9534136d2c3","activity_type":"CIVILIAN_BOUGHT","topic":null,"event":"activity-feed"}}
{"data":{"id":"26ba10bc-f684-4a7d-9f46-fe9156645cf4","activity_type":"EXISTING_LANDFIELD_BOUGHT","data":{"seller":{},"buyer":{},"landfield":{"tilesCount":4,"country":"United States of America","landfieldTier":1}},"created_at":"2024-03-22 00:22:37.059948"}}
{"data":{"created_at":"2024-03-22T00:22:39.080Z","data":{"buyer":{},"civilian":{"name":"IUO-SF-RC1-M1"},"seller":{"id":"bff3a53c-73c9-4ebb-834e-a83d6be75960","username":"CozVan"},"price":"0.1"},"id":"76299caf-12f8-439c-9b1e-f8126c03e2e0","activity_type":"CIVILIAN_BOUGHT","topic":null,"event":"activity-feed"}}
{"data":{"created_at":"2024-03-22T00:22:39.088Z","data":{"buyer":{},"civilian":{"name":"NTJ-SF-CT1-M1"},"seller":{"id":"687c4bc9-b850-4e38-80de-4f655395c16c","username":"NBTradingCompany"},"price":"0.13"},"id":"6bfff344-5f81-4163-b853-9bb007cc23c3","activity_type":"CIVILIAN_BOUGHT","topic":null,"event":"activity-feed"}}
{"data":{"created_at":"2024-03-22T00:22:39.093Z","data":{"buyer":{},"civilian":{"name":"WND-SF-ED1-M1"},"seller":{"id":"687c4bc9-b850-4e38-80de-4f655395c16c","username":"NBTradingCompany"},"price":"0.08"},"id":"02cf164b-1816-412f-a979-282ca390f762","activity_type":"CIVILIAN_BOUGHT","topic":null,"event":"activity-feed"}}
{"data":{"created_at":"2024-03-22T00:23:49.518Z","data":{"buyer":{"id":"d896b4f3-a582-43c2-9506-e4cf7e3207f2","username":"JDJDJD"},"civilian":{"name":"EPV-SF-ED1-M1"},"seller":{"id":"8d887d79-5fd5-49ed-a14d-32f09d32d180","username":"EugeneBoondock"},"price":"0.38"},"id":"c15996f5-6ff4-49d6-97f9-f68fd41eed09","activity_type":"CIVILIAN_BOUGHT","topic":null,"event":"activity-feed"}}
{"data":{"created_at":"2024-03-22T00:24:06.947Z","data":{"buyer":{"id":"d896b4f3-a582-43c2-9506-e4cf7e3207f2","username":"JDJDJD"},"civilian":{"name":"KVP-SF-CT1-M1"},"seller":{},"price":"0.27"},"id":"2584d33e-bbc7-488e-b774-1a3b4e4d0a49","activity_type":"CIVILIAN_BOUGHT","topic":null,"event":"activity-feed"}}
{"data":{"id":"9787c217-1769-4788-8880-c963fd4c931f","activity_type":"BID_PLACED","data":{"buyer":{},"seller":{"id":"a9efaf14-6984-4e7a-8f04-e99dee84641d","username":"VirtualViews"},"landfield":{}},"created_at":"2024-03-22 00:24:16.866822"}}
{"data":{"created_at":"2024-03-22T00:24:26.641Z","data":{"buyer":{"id":"d896b4f3-a582-43c2-9506-e4cf7e3207f2","username":"JDJDJD"},"civilian":{"name":"JAU-SF-RC1-M1"},"seller":{},"price":"0.4"},"id":"c8725df3-419c-49ad-992b-0e84362c9a11","activity_type":"CIVILIAN_BOUGHT","topic":null,"event":"activity-feed"}}
{"data":{"created_at":"2024-03-22T00:26:44.715Z","data":{"buyer":{"id":"6844b500-a95d-40e7-83c9-7240397e4d1b","username":"75ㅡpercentOFFㅡuseCODEㅡE89SX1XC0Vㅡ"},"civilian":{"name":"EWR-R-ED1-M1"},"seller":{"id":"c184c020-7bf3-4a6f-8bd1-a85928bc8e98","username":"User620385f941af446d"},"price":"0.11"},"id":"00a1c6dd-a965-4b8b-9bae-7fbad709ec93","activity_type":"CIVILIAN_BOUGHT","topic":null,"event":"activity-feed"}}
{"data":{"created_at":"2024-03-22T00:27:03.243Z","data":{"buyer":{"id":"6844b500-a95d-40e7-83c9-7240397e4d1b","username":"75ㅡpercentOFFㅡuseCODEㅡE89SX1XC0Vㅡ"},"civilian":{"name":"OBN-R-CT1-M1"},"seller":{"id":"687c4bc9-b850-4e38-80de-4f655395c16c","username":"NBTradingCompany"},"price":"0.13"},"id":"a8351f5f-cec9-435d-af52-0520cefdd345","activity_type":"CIVILIAN_BOUGHT","topic":null,"event":"activity-feed"}}
{"data":{"created_at":"2024-03-22T00:27:22.465Z","data":{"buyer":{"id":"6844b500-a95d-40e7-83c9-7240397e4d1b","username":"75ㅡpercentOFFㅡuseCODEㅡE89SX1XC0Vㅡ"},"civilian":{"name":"WPS-R-RC1-M1"},"seller":{},"price":"0.1"},"id":"a383094f-4fbe-41be-a287-dfe330123e2c","activity_type":"CIVILIAN_BOUGHT","topic":null,"event":"activity-feed"}}
{"data":{"created_at":"2024-03-22T00:27:46.547Z","data":{"buyer":{},"jewel":{"color_name":"BLACK","is_crafted":false,"level":1,"name":"Common Prime Black Jewel","quality_level":"COMMON"},"seller":{"id":"f7b94c86-6f3e-4bcb-b7ff-f1888eda483b","username":"EARTH2INSIGHT"},"price":"0.04"},"id":"c642ed89-ef98-4832-aa1d-029c44347bd9","activity_type":"JEWEL_BOUGHT","topic":null,"event":"activity-feed"}}
{"data":{"created_at":"2024-03-22T00:27:47.900Z","data":{"buyer":{"id":"d896b4f3-a582-43c2-9506-e4cf7e3207f2","username":"JDJDJD"},"civilian":{"name":"OSC-SF-RC1-M1"},"seller":{},"price":"0.4"},"id":"91b685e2-ca9e-4b4f-9583-99a1ac1b4cae","activity_type":"CIVILIAN_BOUGHT","topic":null,"event":"activity-feed"}}
{"data":{"created_at":"2024-03-22T00:27:59.530Z","data":{"buyer":{"id":"d896b4f3-a582-43c2-9506-e4cf7e3207f2","username":"JDJDJD"},"civilian":{"name":"VDI-SF-CT1-M1"},"seller":{},"price":"0.44"},"id":"d5dcc14d-5e51-4d6f-908d-363c9734211c","activity_type":"CIVILIAN_BOUGHT","topic":null,"event":"activity-feed"}}
{"data":{"created_at":"2024-03-22T00:28:11.225Z","data":{"buyer":{"id":"d896b4f3-a582-43c2-9506-e4cf7e3207f2","username":"JDJDJD"},"civilian":{"name":"SKO-SF-ED1-M1"},"seller":{},"price":"0.29"},"id":"f0a0b819-9ce1-4515-b9e9-ea29e8ba487c","activity_type":"CIVILIAN_BOUGHT","topic":null,"event":"activity-feed"}}
{"data":{"created_at":"2024-03-22T00:29:40.999Z","data":{"buyer":{},"jewel":{"color_name":"YELLOW","is_crafted":false,"level":1,"name":"Clear Prime Yellow Jewel","quality_level":"CLEAR"},"seller":{"id":"b4e6a887-ab18-42fd-8fc1-5d631c321f48","username":"KPhoenix"},"price":"0.52"},"id":"72d4cb15-a368-45f3-a4ae-284b2fa5cd94","activity_type":"JEWEL_BOUGHT","topic":null,"event":"activity-feed"}}
{"data":{"id":"855e4e65-7eb5-4431-bea0-f8c0a7a5fbe0","activity_type":"NEW_LANDFIELD_BOUGHT","data":{"buyer":{},"landfield":{"tilesCount":4,"country":"China","landfieldTier":2}},"created_at":"2024-03-22 00:29:51.207012"}}
{"data":{"created_at":"2024-03-22T00:30:15.191Z","data":{"buyer":{},"droid":{"name":"CI471"},"seller":{"id":"fe01a0bf-bbe9-4142-bd15-7eabd9d27609","username":"SteveMcReeve"},"price":"0.5"},"id":"dd77a33d-d97a-4164-b0e2-584a14ec540f","activity_type":"DROID_BOUGHT","topic":null,"event":"activity-feed"}}
{"data":{"created_at":"2024-03-22T00:30:19.594Z","data":{"buyer":{"id":"6844b500-a95d-40e7-83c9-7240397e4d1b","username":"75ㅡpercentOFFㅡuseCODEㅡE89SX1XC0Vㅡ"},"civilian":{"name":"NKQ-R-RC1-M1"},"seller":{"id":"bff3a53c-73c9-4ebb-834e-a83d6be75960","username":"CozVan"},"price":"0.11"},"id":"e4c62eb8-cc48-46ff-ac59-9c0e78c4100e","activity_type":"CIVILIAN_BOUGHT","topic":null,"event":"activity-feed"}}
{"data":{"id":"bd49be50-36b0-424e-9647-2819da294da4","activity_type":"BID_PLACED","data":{"buyer":{},"seller":{"id":"8b62637f-56ff-45fe-9da1-7528054dceb1","username":"1TBTilesForSale"},"landfield":{}},"created_at":"2024-03-22 00:30:22.291289"}}
{"data":{"created_at":"2024-03-22T00:30:39.528Z","data":{"buyer":{"id":"6844b500-a95d-40e7-83c9-7240397e4d1b","username":"75ㅡpercentOFFㅡuseCODEㅡE89SX1XC0Vㅡ"},"civilian":{"name":"TWC-R-CT1-M1"},"seller":{},"price":"0.13"},"id":"4bfe7b9d-8708-4622-83c1-5d7cee22ae1b","activity_type":"CIVILIAN_BOUGHT","topic":null,"event":"activity-feed"}}
{"data":{"created_at":"2024-03-22T00:30:51.576Z","data":{"buyer":{},"civilian":{"name":"IWG-SF-ED1-M1"},"seller":{"id":"687c4bc9-b850-4e38-80de-4f655395c16c","username":"NBTradingCompany"},"price":"0.08"},"id":"4cc56ec0-9cb1-46d8-8296-55d6077f365f","activity_type":"CIVILIAN_BOUGHT","topic":null,"event":"activity-feed"}}
{"data":{"created_at":"2024-03-22T00:30:51.591Z","data":{"buyer":{},"civilian":{"name":"ZEX-SF-RC1-M1"},"seller":{"id":"bff3a53c-73c9-4ebb-834e-a83d6be75960","username":"CozVan"},"price":"0.1"},"id":"3f1af0a0-b7b3-4b62-935f-07c51d19c30e","activity_type":"CIVILIAN_BOUGHT","topic":null,"event":"activity-feed"}}
{"data":{"created_at":"2024-03-22T00:30:51.607Z","data":{"buyer":{},"civilian":{"name":"ILJ-SF-CT1-M1"},"seller":{"id":"687c4bc9-b850-4e38-80de-4f655395c16c","username":"NBTradingCompany"},"price":"0.13"},"id":"e073ef83-8667-4c7a-b08d-ebcfb26e4bab","activity_type":"CIVILIAN_BOUGHT","topic":null,"event":"activity-feed"}}
{"data":{"created_at":"2024-03-22T00:31:06.414Z","data":{"buyer":{"id":"6844b500-a95d-40e7-83c9-7240397e4d1b","username":"75ㅡpercentOFFㅡuseCODEㅡE89SX1XC0Vㅡ"},"civilian":{"name":"BMU-R-ED1-M1"},"seller":{"id":"c184c020-7bf3-4a6f-8bd1-a85928bc8e98","username":"User620385f941af446d"},"price":"0.11"},"id":"1b550c35-10bd-4955-9ab1-4d5ff83a9f3d","activity_type":"CIVILIAN_BOUGHT","topic":null,"event":"activity-feed"}}
{"data":{"created_at":"2024-03-22T00:31:40.637Z","data":{"landfield":{},"user":{}},"id":"37bf0bb0-1473-411e-a847-77702a9cee0f","activity_type":"EPL_RENAMED","topic":null,"event":"activity-feed"}}
{"data":{"id":"fcd4ce24-75de-412a-af57-28830f3e2417","activity_type":"BID_PLACED","data":{"buyer":{"id":"fe01a0bf-bbe9-4142-bd15-7eabd9d27609","username":"SteveMcReeve"},"seller":{"id":"8b62637f-56ff-45fe-9da1-7528054dceb1","username":"1TBTilesForSale"},"landfield":{"id":"1ba7c6cb-1bfc-42ef-a623-1d592cf2219b","location":"Iles Tuamotu-Gambier, French Polynesia"}},"created_at":"2024-03-22 00:32:59.816854"}}
{"data":{"created_at":"2024-03-22T00:33:13.965Z","data":{"buyer":{"id":"d896b4f3-a582-43c2-9506-e4cf7e3207f2","username":"JDJDJD"},"civilian":{"name":"YLG-SF-RC1-M1"},"seller":{},"price":"0.4"},"id":"b99a60f9-a148-492b-bcb0-d35a405dcf35","activity_type":"CIVILIAN_BOUGHT","topic":null,"event":"activity-feed"}}
{"data":{"created_at":"2024-03-22T00:33:39.352Z","data":{"buyer":{"id":"6844b500-a95d-40e7-83c9-7240397e4d1b","username":"75ㅡpercentOFFㅡuseCODEㅡE89SX1XC0Vㅡ"},"civilian":{"name":"VKG-R-ED1-M1"},"seller":{"id":"c184c020-7bf3-4a6f-8bd1-a85928bc8e98","username":"User620385f941af446d"},"price":"0.11"},"id":"f451506b-363f-4d64-9314-d35fa4e9836f","activity_type":"CIVILIAN_BOUGHT","topic":null,"event":"activity-feed"}}
{"data":{"created_at":"2024-03-22T00:33:53.613Z","data":{"buyer":{"id":"6844b500-a95d-40e7-83c9-7240397e4d1b","username":"75ㅡpercentOFFㅡuseCODEㅡE89SX1XC0Vㅡ"},"civilian":{"name":"QYW-R-CT1-M1"},"seller":{"id":"b8bebb3c-256a-457a-afb6-0c6a60a98865","username":"gcernic"},"price":"0.14"},"id":"d63d4a5b-5925-4bd8-a274-6d03f4e22121","activity_type":"CIVILIAN_BOUGHT","topic":null,"event":"activity-feed"}}
{"data":{"created_at":"2024-03-22T00:34:05.539Z","data":{"buyer":{"id":"6844b500-a95d-40e7-83c9-7240397e4d1b","username":"75ㅡpercentOFFㅡuseCODEㅡE89SX1XC0Vㅡ"},"civilian":{"name":"HCI-R-RC1-M1"},"seller":{},"price":"0.11"},"id":"d2eeda58-6e4a-4134-b596-c34c41f407d6","activity_type":"CIVILIAN_BOUGHT","topic":null,"event":"activity-feed"}}
{"data":{"id":"1d51c715-f14c-45f4-ac01-9035eeb5e9c6","activity_type":"BID_PLACED","data":{"buyer":{"id":"af12cf06-c46f-4c97-a9ca-cca65f1dd599","username":"joskekv87"},"seller":{"id":"8b62637f-56ff-45fe-9da1-7528054dceb1","username":"1TBTilesForSale"},"landfield":{"id":"774ccbb3-bf73-4453-bd69-86974e3ee74c","location":"Iles Tuamotu-Gambier, French Polynesia"}},"created_at":"2024-03-22 00:34:11.151974"}}
{"data":{"created_at":"2024-03-22T00:34:32.977Z","data":{"buyer":{},"jewel":{"color_name":"SERPENTINE","is_crafted":true,"level":1,"name":"Cracked Serpentine Jewel","quality_level":"CRACKED"},"seller":{},"price":"0.73"},"id":"e72521e7-f311-4464-8afb-1004b9e25cca","activity_type":"JEWEL_BOUGHT","topic":null,"event":"activity-feed"}}
{"data":{"id":"bd6b94ef-5099-411e-b6a4-21e80476ad3a","activity_type":"NEW_LANDFIELD_BOUGHT","data":{"buyer":{},"landfield":{"tilesCount":91,"country":"Kenya","landfieldTier":2}},"created_at":"2024-03-22 00:34:39.087512"}}
{"data":{"created_at":"2024-03-22T00:35:26.813Z","data":{"buyer":{},"droid":{"name":"FijiLJ973_CD015"},"seller":{"id":"c184c020-7bf3-4a6f-8bd1-a85928bc8e98","username":"User620385f941af446d"},"price":"0.64"},"id":"657e340e-bdbf-4747-be06-cfd71bce28b5","activity_type":"DROID_BOUGHT","topic":null,"event":"activity-feed"}}
{"data":{"id":"89e6bc88-ad1b-4523-ae09-93241c8b0cb5","activity_type":"BID_PLACED","data":{"buyer":{},"seller":{"id":"c2299093-3544-4881-aa9f-5f53db8b1bf7","username":"tones"},"landfield":{}},"created_at":"2024-03-22 00:37:08.234413"}}
{"data":{"id":"8d1b3cd3-4ec6-43cb-9d24-e78c89d6c10f","activity_type":"BID_PLACED","data":{"buyer":{},"seller":{"id":"8b62637f-56ff-45fe-9da1-7528054dceb1","username":"1TBTilesForSale"},"landfield":{}},"created_at":"2024-03-22 00:37:13.015592"}}
{"data":{"id":"86d1ca99-6e38-4153-9961-d107cbe8af38","activity_type":"NEW_LANDFIELD_BOUGHT","data":{"buyer":{"id":"998a58f7-4b66-4b14-af83-d6c4c15a2185","username":"MetaWorldRealty"},"landfield":{"tilesCount":10,"id":"c6badfb9-ce36-484b-86dd-e831c64350a4","location":"Mountain View, California, United States","country":"United States of America","landfieldTier":3}},"created_at":"2024-03-22 00:37:36.138012"}}
{"data":{"id":"7248d2ba-cd4b-49d9-82bc-4807e4db4e4b","activity_type":"NEW_LANDFIELD_BOUGHT","data":{"buyer":{},"landfield":{"tilesCount":19,"country":"Falkland Islands  [Malvinas]","landfieldTier":2}},"created_at":"2024-03-22 00:37:51.982937"}}
{"data":{"id":"df9eb62b-e584-4bc5-bd6b-8c0ea28986a7","activity_type":"BID_PLACED","data":{"buyer":{},"seller":{"id":"d541f8e9-1c41-4a69-a493-59e7c78ccb1d","username":"ehteshamhaider24"},"landfield":{}},"created_at":"2024-03-22 00:38:00.524174"}}
{"data":{"id":"3effa6e5-f23e-40c0-8c94-564df65d256f","activity_type":"BID_PLACED","data":{"buyer":{},"seller":{"id":"cde692f2-7a84-46cd-9458-5b3e11c73f1f","username":"ReferralCodeO92M4L9TTF"},"landfield":{}},"created_at":"2024-03-22 00:38:14.926166"}}
{"data":{"id":"b9d1b3e6-d22f-4e45-afeb-544540439b95","activity_type":"BID_PLACED","data":{"buyer":{},"seller":{"id":"c0b3b731-2d2f-47a3-9d1d-57258be11753","username":"Bleaks17"},"landfield":{}},"created_at":"2024-03-22 00:38:49.896127"}}
{"data":{"id":"b19cc72c-596b-4346-98b1-b0fa774efcbb","activity_type":"BID_PLACED","data":{"anonymous":true},"created_at":"2024-03-22 00:39:40.216163"}}
{"data":{"id":"1949be69-dde7-4e3d-8679-85e55e957365","activity_type":"BID_PLACED","data":{"anonymous":true},"created_at":"2024-03-22 00:40:02.886589"}}
{"data":{"id":"74363479-713f-40f7-bb50-e27ea915f866","activity_type":"BID_PLACED","data":{"buyer":{},"seller":{"id":"c5d6933c-aae7-4ff3-a4b8-7a6fa1441f87","username":"BEATUS153"},"landfield":{}},"created_at":"2024-03-22 00:40:21.681619"}}
{"data":{"id":"da4fb9f0-0459-4a8e-a830-827ea924959b","activity_type":"BID_PLACED","data":{"anonymous":true},"created_at":"2024-03-22 00:40:40.674599"}}
{"data":{"id":"74efd397-e804-460c-bc37-b0788db80c25","activity_type":"BID_PLACED","data":{"buyer":{},"seller":{"id":"c8fe0fa1-6cda-4745-b8d7-bbcb35e13bbe","username":"E2Oprah"},"landfield":{}},"created_at":"2024-03-22 00:41:03.628487"}}
{"data":{"id":"148158bd-ff38-49d2-bd66-ba08861cbe30","activity_type":"BID_PLACED","data":{"buyer":{},"seller":{"id":"c8fe0fa1-6cda-4745-b8d7-bbcb35e13bbe","username":"E2Oprah"},"landfield":{}},"created_at":"2024-03-22 00:41:08.043280"}}
{"data":{"id":"5858696e-2907-4df1-855f-19090b410138","activity_type":"BID_PLACED","data":{"anonymous":true},"created_at":"2024-03-22 00:41:12.849491"}}
{"data":{"id":"bff846b2-cc70-4fb3-a900-a6be21ed096a","activity_type":"NEW_LANDFIELD_BOUGHT","data":{"buyer":{},"landfield":{"tilesCount":4,"country":"Latvia","landfieldTier":2}},"created_at":"2024-03-22 00:41:14.333876"}}
{"data":{"id":"f2458ad6-7f80-4df1-b14a-9dd374506a2b","activity_type":"BID_PLACED","data":{"buyer":{},"seller":{"id":"28daf73d-c9c4-4450-ab2d-654d5a7d23c6","username":"MJINVEST"},"landfield":{}},"created_at":"2024-03-22 00:41:28.323340"}}
{"data":{"id":"485573d4-20f4-496e-be34-38b70fa8fe90","activity_type":"BID_PLACED","data":{"buyer":{},"seller":{"id":"1e0c410f-915e-4d32-8231-a88f3e81fc54","username":"DenovoD"},"landfield":{}},"created_at":"2024-03-22 00:41:48.573859"}}
{"data":{"id":"2595b989-3c0a-4328-a10f-878bf87b3e2e","activity_type":"BID_DECLINED","data":{"buyer":{},"seller":{"id":"a3fb6581-361b-40ae-bebf-0bdaf9797d1d","username":"IvanAsen"},"landfield":{}},"created_at":"2024-03-22 00:44:00.120016"}}
{"data":{"id":"7c20ef58-e100-457c-b8dd-b5f497cb7556","activity_type":"BID_DECLINED","data":{"buyer":{},"seller":{"id":"a3fb6581-361b-40ae-bebf-0bdaf9797d1d","username":"IvanAsen"},"landfield":{}},"created_at":"2024-03-22 00:44:04.118685"}}
{"data":{"id":"6a3f2b03-e701-4d53-b423-5180d5c5297a","activity_type":"BID_DECLINED","data":{"buyer":{},"seller":{"id":"a3fb6581-361b-40ae-bebf-0bdaf9797d1d","username":"IvanAsen"},"landfield":{}},"created_at":"2024-03-22 00:44:07.728305"}}
{"data":{"id":"e9b4cce9-b97f-4e29-8f43-c989f75a751e","activity_type":"BID_DECLINED","data":{"buyer":{},"seller":{"id":"a3fb6581-361b-40ae-bebf-0bdaf9797d1d","username":"IvanAsen"},"landfield":{}},"created_at":"2024-03-22 00:44:12.354970"}}
{"data":{"id":"685d9c36-ae43-4ffe-bbf8-545d9fc85bc0","activity_type":"BID_DECLINED","data":{"buyer":{},"seller":{"id":"a3fb6581-361b-40ae-bebf-0bdaf9797d1d","username":"IvanAsen"},"landfield":{}},"created_at":"2024-03-22 00:44:16.687407"}}
{"data":{"id":"af5972cc-8021-47e3-8be8-61641fb2dbe4","activity_type":"BID_PLACED","data":{"buyer":{},"seller":{"id":"d1c3e5f8-348e-4397-aff5-509e37a4dce9","username":"RipLFX"},"landfield":{}},"created_at":"2024-03-22 00:44:35.930714"}}
{"data":{"created_at":"2024-03-22T00:46:08.007Z","data":{"buyer":{},"droid":{"name":"EC487"},"seller":{},"price":"0.57"},"id":"98fb7d9d-be3d-41dd-b8b9-82e417a236bb","activity_type":"DROID_BOUGHT","topic":null,"event":"activity-feed"}}
{"data":{"id":"1a58295d-9064-41af-9e89-7a338ffbce21","activity_type":"EXISTING_LANDFIELD_BOUGHT","data":{"seller":{},"buyer":{},"landfield":{"tilesCount":85,"country":"Jersey","landfieldTier":1}},"created_at":"2024-03-22 00:46:40.432997"}}
{"data":{"created_at":"2024-03-22T00:48:37.826Z","data":{"buyer":{},"droid":{"name":"RV588"},"seller":{"id":"a4c77170-680b-498e-bbd1-95a6c99f7e64","username":"ivan1979ce8"},"price":"0.88"},"id":"5900a0a6-9e01-486e-84a9-d60ca71196aa","activity_type":"DROID_BOUGHT","topic":null,"event":"activity-feed"}}
{"data":{"created_at":"2024-03-22T00:48:47.981Z","data":{"buyer":{},"droid":{"name":"BC473"},"seller":{},"price":"0.91"},"id":"cf48a024-7805-4589-a04e-e744cec8139f","activity_type":"DROID_BOUGHT","topic":null,"event":"activity-feed"}}
{"data":{"created_at":"2024-03-22T00:48:54.147Z","data":{"buyer":{},"droid":{"name":"BN104"},"seller":{},"price":"0.91"},"id":"9e798489-34aa-4868-b7da-cb9cfa2d34fb","activity_type":"DROID_BOUGHT","topic":null,"event":"activity-feed"}}
{"data":{"id":"c0830c06-3b4d-4598-bbb8-b1e3e0d6e83f","activity_type":"EXISTING_LANDFIELD_BOUGHT","data":{"seller":{"id":"272e730d-4fd2-4cc8-b065-fc7b4bf9189e","username":"mehsamj"},"buyer":{},"landfield":{"tilesCount":1,"country":"Pakistan","landfieldTier":1}},"created_at":"2024-03-22 00:51:48.871250"}}
{"data":{"id":"d09a6f20-c707-46f2-ab0b-f7eaebccd0db","activity_type":"EXISTING_LANDFIELD_BOUGHT","data":{"seller":{},"buyer":{},"landfield":{"tilesCount":1,"country":"(Disputed territory)","landfieldTier":2}},"created_at":"2024-03-22 00:52:49.272560"}}
{"data":{"created_at":"2024-03-22T00:54:10.261Z","data":{"buyer":{},"civilian":{"name":"TFM-EG-RC1-M1"},"seller":{},"price":"2.32"},"id":"44b9c5b2-2036-4aaf-80ce-25790bbfb26f","activity_type":"CIVILIAN_BOUGHT","topic":null,"event":"activity-feed"}}
{"data":{"id":"93b0e462-8487-4a99-8425-2bef5b7f2698","activity_type":"EXISTING_LANDFIELD_BOUGHT","data":{"seller":{},"buyer":{},"landfield":{"tilesCount":100,"country":"Aruba","landfieldTier":1}},"created_at":"2024-03-22 00:54:31.259168"}}
{"data":{"id":"80bb8eb7-efc5-460c-bb88-7709bbea14cb","activity_type":"NEW_LANDFIELD_BOUGHT","data":{"buyer":{"id":"07173eeb-96da-44f4-bf78-682db1e83f8f","username":"Morganix"},"landfield":{"tilesCount":210,"id":"2367866f-0b47-4ff6-b438-e8b50aef9bdd","location":"Røros, Trøndelag, Norway","country":"Norway","landfieldTier":2}},"created_at":"2024-03-22 00:54:44.027550"}}
{"data":{"created_at":"2024-03-22T00:55:05.550Z","data":{"buyer":{},"jewel":{"color_name":"ANTHRACITE","is_crafted":false,"level":1,"name":"Common Prime Anthracite Jewel","quality_level":"COMMON"},"seller":{"id":"45411457-a683-405e-8f01-eb2c901bd1f8","username":"Arween"},"price":"0.04"},"id":"97f07785-256c-4b60-ac86-45565fc94ada","activity_type":"JEWEL_BOUGHT","topic":null,"event":"activity-feed"}}
{"data":{"id":"2bfbd5a0-1eb8-442c-a23c-82efe0ac36af","activity_type":"EXISTING_LANDFIELD_BOUGHT","data":{"seller":{},"buyer":{},"landfield":{"tilesCount":1,"country":"(Disputed territory)","landfieldTier":2}},"created_at":"2024-03-22 00:55:20.679506"}}
{"data":{"created_at":"2024-03-22T00:55:43.319Z","data":{"buyer":{},"droid":{"name":"DM452"},"seller":{"id":"ec7d5e4e-5f96-45f5-ac35-a96b25ac5f93","username":"𝒜𝓃ℴ𝓃𝓎𝓂0𝓊𝓈"},"price":"0.6"},"id":"d69912f7-172a-4751-85b1-34f905507548","activity_type":"DROID_BOUGHT","topic":null,"event":"activity-feed"}}
{"data":{"created_at":"2024-03-22T00:55:50.313Z","data":{"buyer":{},"droid":{"name":"BO253 022"},"seller":{},"price":"0.64"},"id":"6b50aa64-54da-44de-9dbc-891bd57306b8","activity_type":"DROID_BOUGHT","topic":null,"event":"activity-feed"}}
{"data":{"created_at":"2024-03-22T00:55:56.378Z","data":{"buyer":{},"droid":{"name":"MB400 022"},"seller":{},"price":"0.64"},"id":"b8868bc6-9980-4ea7-890f-f1d418346279","activity_type":"DROID_BOUGHT","topic":null,"event":"activity-feed"}}
{"data":{"id":"a07e5548-a2a1-42d7-bb7d-3bd81ff14514","activity_type":"BID_PLACED","data":{"anonymous":true},"created_at":"2024-03-22 00:55:58.533761"}}
{"data":{"created_at":"2024-03-22T00:56:02.971Z","data":{"buyer":{},"droid":{"name":"IT185"},"seller":{"id":"ec7d5e4e-5f96-45f5-ac35-a96b25ac5f93","username":"𝒜𝓃ℴ𝓃𝓎𝓂0𝓊𝓈"},"price":"0.6"},"id":"7e212308-feb2-411a-8a88-94dadbaf85e1","activity_type":"DROID_BOUGHT","topic":null,"event":"activity-feed"}}
{"data":{"created_at":"2024-03-22T00:56:09.126Z","data":{"buyer":{},"jewel":{"color_name":"OCHRE","is_crafted":false,"level":1,"name":"Common Prime Ochre Jewel","quality_level":"COMMON"},"seller":{"id":"45411457-a683-405e-8f01-eb2c901bd1f8","username":"Arween"},"price":"0.04"},"id":"6c007c28-e26c-417d-a567-e39d1cd79995","activity_type":"JEWEL_BOUGHT","topic":null,"event":"activity-feed"}}
{"data":{"created_at":"2024-03-22T00:56:09.647Z","data":{"buyer":{},"droid":{"name":"QS966 015"},"seller":{},"price":"0.64"},"id":"f3c41d9c-499c-412f-b5a3-7cd00404f5b0","activity_type":"DROID_BOUGHT","topic":null,"event":"activity-feed"}}
{"data":{"created_at":"2024-03-22T00:56:09.789Z","data":{"buyer":{},"jewel":{"color_name":"OCHRE","is_crafted":false,"level":1,"name":"Common Prime Ochre Jewel","quality_level":"COMMON"},"seller":{"id":"45411457-a683-405e-8f01-eb2c901bd1f8","username":"Arween"},"price":"0.04"},"id":"d044520b-5b6d-4812-a1e0-0518a1c86fb3","activity_type":"JEWEL_BOUGHT","topic":null,"event":"activity-feed"}}
{"data":{"id":"bd296adb-4a65-4086-b6bd-440a28be348f","activity_type":"BID_PLACED","data":{"anonymous":true},"created_at":"2024-03-22 00:56:14.433084"}}
{"data":{"created_at":"2024-03-22T00:56:19.976Z","data":{"buyer":{},"droid":{"name":"CF268 022"},"seller":{},"price":"0.64"},"id":"3a17d805-531e-4738-987e-4ff1a0f61d14","activity_type":"DROID_BOUGHT","topic":null,"event":"activity-feed"}}
{"data":{"id":"3e63b6af-82be-4961-b624-1fc1c889231e","activity_type":"BID_PLACED","data":{"anonymous":true},"created_at":"2024-03-22 00:56:36.646970"}}
{"data":{"id":"2fa4ffaa-81a3-4335-bcae-a47bf620361a","activity_type":"BID_PLACED","data":{"anonymous":true},"created_at":"2024-03-22 00:56:46.883782"}}
{"data":{"created_at":"2024-03-22T00:57:12.272Z","data":{"buyer":{},"jewel":{"color_name":"OCHRE","is_crafted":false,"level":1,"name":"Common Prime Ochre Jewel","quality_level":"COMMON"},"seller":{"id":"45411457-a683-405e-8f01-eb2c901bd1f8","username":"Arween"},"price":"0.04"},"id":"f7eea3e7-8333-4ac8-9cb1-89ef677e6097","activity_type":"JEWEL_BOUGHT","topic":null,"event":"activity-feed"}}
{"data":{"created_at":"2024-03-22T00:57:12.840Z","data":{"buyer":{},"jewel":{"color_name":"OCHRE","is_crafted":false,"level":1,"name":"Common Prime Ochre Jewel","quality_level":"COMMON"},"seller":{"id":"45411457-a683-405e-8f01-eb2c901bd1f8","username":"Arween"},"price":"0.04"},"id":"9887af79-3ff4-4f44-bd88-967d3b6fd440","activity_type":"JEWEL_BOUGHT","topic":null,"event":"activity-feed"}}
{"data":{"created_at":"2024-03-22T00:57:13.451Z","data":{"buyer":{},"jewel":{"color_name":"OCHRE","is_crafted":false,"level":1,"name":"Common Prime Ochre Jewel","quality_level":"COMMON"},"seller":{"id":"45411457-a683-405e-8f01-eb2c901bd1f8","username":"Arween"},"price":"0.04"},"id":"8087805d-9cd4-41d7-a7ed-0e705bf28bca","activity_type":"JEWEL_BOUGHT","topic":null,"event":"activity-feed"}}
{"data":{"created_at":"2024-03-22T00:57:14.059Z","data":{"buyer":{},"jewel":{"color_name":"OCHRE","is_crafted":false,"level":1,"name":"Common Prime Ochre Jewel","quality_level":"COMMON"},"seller":{"id":"45411457-a683-405e-8f01-eb2c901bd1f8","username":"Arween"},"price":"0.04"},"id":"605b5cd5-93f1-46fe-95ab-bd7c39f86981","activity_type":"JEWEL_BOUGHT","topic":null,"event":"activity-feed"}}
{"data":{"id":"174a6a23-4f60-43e4-ae3b-7cb6cfedbe4d","activity_type":"BID_DECLINED","data":{"buyer":{},"seller":{"id":"c8fe0fa1-6cda-4745-b8d7-bbcb35e13bbe","username":"E2Oprah"},"landfield":{}},"created_at":"2024-03-22 00:57:45.788216"}}
{"data":{"id":"97eea4bb-a1e3-4e47-bfa3-be45ab8fa60f","activity_type":"BID_PLACED","data":{"buyer":{"id":"c571243c-cae6-4e21-b21d-9b60e65f41ec","username":"Atiye"},"seller":{"id":"8b62637f-56ff-45fe-9da1-7528054dceb1","username":"1TBTilesForSale"},"landfield":{"id":"cb14b11c-34f4-40f7-9690-7d45be43d0fc","location":"Iles Tuamotu-Gambier, French Polynesia"}},"created_at":"2024-03-22 00:58:06.892443"}}
{"data":{"created_at":"2024-03-22T00:58:10.554Z","data":{"buyer":{"id":"017389e5-2cc7-4c77-85e3-e1f1b7efc590","username":"MellyMoo"},"jewel":{"color_name":"SLATE","is_crafted":true,"level":1,"name":"Cracked Slate Jewel","quality_level":"CRACKED"},"seller":{"id":"b4e6a887-ab18-42fd-8fc1-5d631c321f48","username":"KPhoenix"},"price":null},"id":"d66a2106-e8d5-4770-a06e-c7fe01ecf3d1","activity_type":"JEWEL_BOUGHT","topic":null,"event":"activity-feed"}}
{"data":{"id":"5bc7f0f6-2bd1-4d92-933a-b378a6c64e11","activity_type":"BID_DECLINED","data":{"buyer":{"id":"012cd088-d81a-476d-86a3-a2c89bbcdbec","username":"Sofien38moncodeYVVXY9598Foublierpasdelutiliserpourunmaxdesoutien"},"seller":{"id":"626e6072-cb48-4f4a-8edb-c33f6b9a7c5c","username":"SELLOUT"},"landfield":{"id":"05395672-e9c7-4062-80e9-60f6fbcde272","location":"Le Moulinet-sur-Solin, Loiret, France"}},"created_at":"2024-03-22 00:59:39.800479"}}
{"data":{"id":"043e5abb-5237-44e6-8f6c-b26051c62930","activity_type":"EXISTING_LANDFIELD_BOUGHT","data":{"seller":{"id":"06ce98b4-6941-4654-9cd7-9f33c7ebf44d","username":"CRYPTOMAFIA"},"buyer":{},"landfield":{"tilesCount":1,"country":"Somalia","landfieldTier":2}},"created_at":"2024-03-22 01:02:06.176109"}}
{"data":{"id":"64efcc36-c9d6-4e2f-b49f-d35d0fb7ab2a","activity_type":"EXISTING_LANDFIELD_BOUGHT","data":{"seller":{"id":"011a0cfe-0749-4770-b027-fa4e5ae1a916","username":"Linz"},"buyer":{},"landfield":{"tilesCount":1,"country":"Somalia","landfieldTier":2}},"created_at":"2024-03-22 01:02:19.731214"}}
{"data":{"id":"99b45392-4927-49f2-a32d-d49e0f6a0f30","activity_type":"EXISTING_LANDFIELD_BOUGHT","data":{"seller":{"id":"011a0cfe-0749-4770-b027-fa4e5ae1a916","username":"Linz"},"buyer":{},"landfield":{"tilesCount":1,"country":"Somalia","landfieldTier":2}},"created_at":"2024-03-22 01:02:34.309408"}}
