{"data":{"created_at":"2024-04-10T00:00:15.842Z","data":{"priming":["Limestone"],"landfield":{},"user":{}},"id":"53c9eb54-ba92-48d0-aa71-bd3e9d31b67f","activity_type":"DROID_FUSED","topic":null,"event":"activity-feed"}}
{"data":{"created_at":"2024-04-10T00:00:22.666Z","data":{"priming":["Limestone"],"landfield":{},"user":{}},"id":"e8abf002-e2b3-47a8-9e7c-d7a5250d3c40","activity_type":"DROID_FUSED","topic":null,"event":"activity-feed"}}
{"data":{"created_at":"2024-04-10T00:00:39.724Z","data":{"priming":["Limestone"],"landfield":{},"user":{}},"id":"c8c6dbd6-c3fb-4817-ac99-51fba1a51557","activity_type":"DROID_FUSED","topic":null,"event":"activity-feed"}}
{"data":{"created_at":"2024-04-10T00:00:39.985Z","data":{"priming":["Vanadium"],"landfield":{"id":"0a12b918-d9e9-49ce-8c51-bc58d33afa8f","description":"Muscat","country":"OM"},"user":{"id":"3a8b63ae-d9a2-4ecb-950a-6f04dc7f16be","username":"NORTHERNWIZARDSAPRENTICE5CODEAY18L1MXUJ"}},"id":"032cc722-e539-41af-97b0-3c9ec66753af","activity_type":"DROID_FUSED","topic":null,"event":"activity-feed"}}
{"data":{"created_at":"2024-04-10T00:00:47.529Z","data":{"priming":["Limestone"],"landfield":{},"user":{}},"id":"e1c37f6b-f463-4a46-b911-b893e8c837b9","activity_type":"DROID_FUSED","topic":null,"event":"activity-feed"}}
{"data":{"created_at":"2024-04-10T00:00:57.013Z","data":{"priming":["Limestone"],"landfield":{},"user":{}},"id":"56e6310c-34eb-4b53-ada9-8b0c10f89717","activity_type":"DROID_FUSED","topic":null,"event":"activity-feed"}}
{"data":{"created_at":"2024-04-10T00:01:01.105Z","data":{"buyer":{},"jewel":{"color_name":"SANDY","is_crafted":false,"level":1,"name":"Common Prime Sandy Jewel","quality_level":"COMMON"},"seller":{},"price":"0.04"},"id":"3c220c88-d229-4942-bf77-53d6053d48e4","activity_type":"JEWEL_BOUGHT","topic":null,"event":"activity-feed"}}
{"data":{"created_at":"2024-04-10T00:01:07.526Z","data":{"priming":["Limestone"],"landfield":{},"user":{}},"id":"4131b534-10b1-47b0-b1fb-69e6b3caed7b","activity_type":"DROID_FUSED","topic":null,"event":"activity-feed"}}
{"data":{"created_at":"2024-04-10T00:01:32.493Z","data":{"priming":["Platinum"],"landfield":{"id":"3bd2ca3b-67ba-470c-806e-b01ebbe68519","description":"Antarctica","country":"AQ"},"user":{"id":"3a8b63ae-d9a2-4ecb-950a-6f04dc7f16be","username":"NORTHERNWIZARDSAPRENTICE5CODEAY18L1MXUJ"}},"id":"55b85fa8-1a8a-49ec-9869-702770609583","activity_type":"DROID_FUSED","topic":null,"event":"activity-feed"}}
{"data":{"created_at":"2024-04-10T00:01:35.313Z","data":{"priming":["Iron"],"landfield":{},"user":{}},"id":"f8021e82-a3f0-4688-a9ab-af37c7f5dfa4","activity_type":"DROID_FUSED","topic":null,"event":"activity-feed"}}
{"data":{"created_at":"2024-04-10T00:01:49.934Z","data":{"buyer":{"id":"dd5894ca-6076-49ea-88d2-63a73607c0da","username":"user324309"},"droid":{"name":"PT283"},"seller":{},"price":"0.45"},"id":"9d17e161-703b-4ca4-a58c-8e536ae17565","activity_type":"DROID_BOUGHT","topic":null,"event":"activity-feed"}}
{"data":{"created_at":"2024-04-10T00:01:58.694Z","data":{"buyer":{"id":"dd5894ca-6076-49ea-88d2-63a73607c0da","username":"user324309"},"droid":{"name":"NI207"},"seller":{},"price":"0.5"},"id":"3c0894a3-07f3-4673-8418-bc42a302def8","activity_type":"DROID_BOUGHT","topic":null,"event":"activity-feed"}}
{"data":{"created_at":"2024-04-10T00:01:59.098Z","data":{"buyer":{},"civilian":{"name":"PGD-SF-G1-F1"},"seller":{},"price":"0.15"},"id":"7288ab51-8e98-45dd-b41c-6972420cd5d1","activity_type":"CIVILIAN_BOUGHT","topic":null,"event":"activity-feed"}}
{"data":{"id":"52d7fc47-fcf7-47d2-b72f-d64c4402d71a","activity_type":"NEW_LANDFIELD_BOUGHT","data":{"buyer":{},"landfield":{"tilesCount":4,"country":"Brazil","landfieldTier":2}},"created_at":"2024-04-10 00:02:01.706946"}}
{"data":{"created_at":"2024-04-10T00:02:06.837Z","data":{"buyer":{},"civilian":{"name":"WLB-SF-ED1-M1"},"seller":{},"price":"0.16"},"id":"1924a19f-7638-4b9b-9cca-303ee24d6112","activity_type":"CIVILIAN_BOUGHT","topic":null,"event":"activity-feed"}}
{"data":{"created_at":"2024-04-10T00:02:17.606Z","data":{"buyer":{},"civilian":{"name":"QTM-SF-G1-F1"},"seller":{},"price":"0.15"},"id":"9950d22c-75d2-4dce-9e73-50a00fffca33","activity_type":"CIVILIAN_BOUGHT","topic":null,"event":"activity-feed"}}
{"data":{"created_at":"2024-04-10T00:02:28.430Z","data":{"buyer":{},"droid":{"name":"WX692"},"seller":{},"price":"0.57"},"id":"34cf40c7-4916-43eb-a3e7-3feab27387eb","activity_type":"DROID_BOUGHT","topic":null,"event":"activity-feed"}}
{"data":{"created_at":"2024-04-10T00:02:30.516Z","data":{"buyer":{},"civilian":{"name":"LCT-SF-RC1-M1"},"seller":{},"price":"0.13"},"id":"5f6a3f62-b9b4-43dc-ae5e-5fe23ec01e83","activity_type":"CIVILIAN_BOUGHT","topic":null,"event":"activity-feed"}}
{"data":{"created_at":"2024-04-10T00:02:32.312Z","data":{"buyer":{},"civilian":{"name":"WIA-SF-RC1-M1"},"seller":{},"price":"0.35"},"id":"445a47a5-6a25-4a7d-b75a-a0c57ce8b24d","activity_type":"CIVILIAN_BOUGHT","topic":null,"event":"activity-feed"}}
{"data":{"created_at":"2024-04-10T00:02:35.370Z","data":{"buyer":{},"civilian":{"name":"UGD-SF-G1-F1"},"seller":{},"price":"0.15"},"id":"3dc016b9-4db7-49af-ba4f-75b4289a1a1e","activity_type":"CIVILIAN_BOUGHT","topic":null,"event":"activity-feed"}}
{"data":{"created_at":"2024-04-10T00:02:38.772Z","data":{"buyer":{},"civilian":{"name":"WNC-SF-ED1-M1"},"seller":{},"price":"0.16"},"id":"f710ce52-ffdc-4600-899c-e7ba31bd669e","activity_type":"CIVILIAN_BOUGHT","topic":null,"event":"activity-feed"}}
{"data":{"created_at":"2024-04-10T00:02:41.304Z","data":{"buyer":{},"civilian":{"name":"BFI-SF-CT1-M1"},"seller":{},"price":"0.23"},"id":"5d036b1e-dbe2-4b10-bcfe-454a6ccb1c9d","activity_type":"CIVILIAN_BOUGHT","topic":null,"event":"activity-feed"}}
{"data":{"created_at":"2024-04-10T00:02:43.212Z","data":{"priming":["Limestone"],"landfield":{"id":"9387fb69-c9bd-443f-b460-d979898b2fa8","description":"Pirate Island / The Black Mega City","country":"RW"},"user":{"id":"3a8b63ae-d9a2-4ecb-950a-6f04dc7f16be","username":"NORTHERNWIZARDSAPRENTICE5CODEAY18L1MXUJ"}},"id":"5648818d-5fd8-4efb-b39d-7989989564ac","activity_type":"DROID_FUSED","topic":null,"event":"activity-feed"}}
{"data":{"created_at":"2024-04-10T00:02:52.334Z","data":{"buyer":{},"droid":{"name":"JK127"},"seller":{"id":"c088eafe-cfbd-41ab-9615-1358644aed66","username":"BuggerNara"},"price":"0.59"},"id":"55a90339-27a3-4879-916c-084de265f5cd","activity_type":"DROID_BOUGHT","topic":null,"event":"activity-feed"}}
{"data":{"created_at":"2024-04-10T00:03:00.838Z","data":{"priming":["Freshwater"],"landfield":{"id":"1f498b05-f0de-44ed-bf4d-7d5c371bbc4c","description":"Gitega","country":"BI"},"user":{"id":"3a8b63ae-d9a2-4ecb-950a-6f04dc7f16be","username":"NORTHERNWIZARDSAPRENTICE5CODEAY18L1MXUJ"}},"id":"6d068205-32e6-45a6-b879-5520226da526","activity_type":"DROID_FUSED","topic":null,"event":"activity-feed"}}
{"data":{"created_at":"2024-04-10T00:03:06.799Z","data":{"territory":{"code":"HR-09","name":"Lika-Senj","center":[15.375421,44.5464046]},"t1":1040,"t2":6482,"esnc":0,"value":42810,"user":{}},"id":"fda2a595-1ea7-4cc7-9c06-f5b574d27bdf","activity_type":"T3_VOTE_SUBMITTED","topic":"votes","event":"activity-feed"}}
{"data":{"created_at":"2024-04-10T00:03:13.013Z","data":{"buyer":{},"civilian":{"name":"PEB-R-RC1-M1"},"seller":{},"price":"0.13"},"id":"f10d31f9-96bf-4f5f-980a-51a417c8ea7c","activity_type":"CIVILIAN_BOUGHT","topic":null,"event":"activity-feed"}}
{"data":{"created_at":"2024-04-10T00:03:17.865Z","data":{"priming":["Iron"],"landfield":{},"user":{}},"id":"181d472f-adef-487e-a2c0-80181138e251","activity_type":"DROID_FUSED","topic":null,"event":"activity-feed"}}
{"data":{"created_at":"2024-04-10T00:03:22.419Z","data":{"buyer":{},"civilian":{"name":"XCK-SF-G1-F1"},"seller":{},"price":"0.15"},"id":"0e16d738-8932-4aa2-a551-91b1d1cdecd6","activity_type":"CIVILIAN_BOUGHT","topic":null,"event":"activity-feed"}}
{"data":{"created_at":"2024-04-10T00:03:41.752Z","data":{"buyer":{},"civilian":{"name":"Tintín"},"seller":{"id":"8bb8fe11-1326-4bd7-b956-18e6c7b6a706","username":"BeetleJuice"},"price":"0.58"},"id":"39cb32af-939a-4f47-8205-16126618b47b","activity_type":"CIVILIAN_BOUGHT","topic":null,"event":"activity-feed"}}
{"data":{"created_at":"2024-04-10T00:03:44.924Z","data":{"priming":["Sand"],"landfield":{"id":"32678a91-cb70-41f8-bdc6-560780bae64a","description":"Ras al-Khaimah","country":"AE-RK"},"user":{"id":"3a8b63ae-d9a2-4ecb-950a-6f04dc7f16be","username":"NORTHERNWIZARDSAPRENTICE5CODEAY18L1MXUJ"}},"id":"13866dc7-dc7f-483f-bb52-59be21ec4baa","activity_type":"DROID_FUSED","topic":null,"event":"activity-feed"}}
{"data":{"id":"08d08afe-832d-4d8b-8350-848c86b53371","activity_type":"NEW_LANDFIELD_BOUGHT","data":{"buyer":{},"landfield":{"tilesCount":4,"country":"Brazil","landfieldTier":2}},"created_at":"2024-04-10 00:03:44.965362"}}
{"data":{"created_at":"2024-04-10T00:03:57.522Z","data":{"offer":{"id":103359,"name":"4 Tiles Essence House","full_price":"0.02"},"buyer":{},"seller":{}},"id":"61c7f2f5-eb75-4745-90c2-1b86f40bfd32","activity_type":"BLUEPRINT_BOUGHT","topic":null,"event":"activity-feed"}}
{"data":{"created_at":"2024-04-10T00:04:05.730Z","data":{"priming":["Sand"],"landfield":{"id":"0d92d425-518b-4b2e-970e-c69b3dc41e9b","description":"Kingston","country":"JM"},"user":{"id":"3a8b63ae-d9a2-4ecb-950a-6f04dc7f16be","username":"NORTHERNWIZARDSAPRENTICE5CODEAY18L1MXUJ"}},"id":"934f2abe-be04-4e09-a287-433a6e1e0f87","activity_type":"DROID_FUSED","topic":null,"event":"activity-feed"}}
{"data":{"created_at":"2024-04-10T00:04:10.222Z","data":{"buyer":{},"droid":{"name":"FV580"},"seller":{"id":"aa0dfad5-5cb7-43a9-a6df-214da48e1630","username":"MM0796"},"price":"0.6"},"id":"93683326-bd2e-4abc-a723-99ad7db65fed","activity_type":"DROID_BOUGHT","topic":null,"event":"activity-feed"}}
{"data":{"created_at":"2024-04-10T00:04:11.717Z","data":{"buyer":{},"droid":{"name":"GA727"},"seller":{},"price":"0.57"},"id":"6e05b5c1-4933-43ac-8369-2c393cb3ef2c","activity_type":"DROID_BOUGHT","topic":null,"event":"activity-feed"}}
{"data":{"created_at":"2024-04-10T00:04:20.246Z","data":{"buyer":{},"civilian":{"name":"YSW-SF-G1-F1"},"seller":{},"price":"0.15"},"id":"28ca1f4b-7694-4a27-81f5-52111ea86a93","activity_type":"CIVILIAN_BOUGHT","topic":null,"event":"activity-feed"}}
{"data":{"created_at":"2024-04-10T00:04:26.728Z","data":{"buyer":{},"civilian":{"name":"CWV-SF-CT1-M1"},"seller":{},"price":"0.23"},"id":"8ed64f0f-c140-4105-afaa-0d6e0962278a","activity_type":"CIVILIAN_BOUGHT","topic":null,"event":"activity-feed"}}
{"data":{"created_at":"2024-04-10T00:04:26.936Z","data":{"buyer":{},"droid":{"name":"EY139"},"seller":{},"price":"0.59"},"id":"3b1f36b0-9542-44b1-bd5a-195ee88eeab3","activity_type":"DROID_BOUGHT","topic":null,"event":"activity-feed"}}
{"data":{"created_at":"2024-04-10T00:04:33.550Z","data":{"buyer":{},"civilian":{"name":"IYL-SF-CT1-M1"},"seller":{},"price":"0.23"},"id":"4b302639-841c-43d9-a07b-4e6a24f65594","activity_type":"CIVILIAN_BOUGHT","topic":null,"event":"activity-feed"}}
{"data":{"created_at":"2024-04-10T00:04:36.776Z","data":{"buyer":{},"civilian":{"name":"MDY-SF-G1-F1"},"seller":{},"price":"0.15"},"id":"0e0d2910-79a9-492d-8260-df36e410e860","activity_type":"CIVILIAN_BOUGHT","topic":null,"event":"activity-feed"}}
{"data":{"created_at":"2024-04-10T00:04:44.532Z","data":{"priming":["Iron"],"landfield":{},"user":{}},"id":"877d63f9-1419-4790-a0a5-557d779f8a83","activity_type":"DROID_FUSED","topic":null,"event":"activity-feed"}}
{"data":{"created_at":"2024-04-10T00:04:51.071Z","data":{"priming":["Iron"],"landfield":{},"user":{}},"id":"059aa551-e1f6-4622-b902-4d355b7d6e32","activity_type":"DROID_FUSED","topic":null,"event":"activity-feed"}}
{"data":{"created_at":"2024-04-10T00:04:52.062Z","data":{"priming":["Limestone"],"landfield":{},"user":{}},"id":"61083d4f-02ea-4af4-a9b0-97388ce68082","activity_type":"DROID_FUSED","topic":null,"event":"activity-feed"}}
{"data":{"created_at":"2024-04-10T00:04:54.700Z","data":{"buyer":{},"civilian":{"name":"AWQ-SF-G1-F1"},"seller":{},"price":"0.16"},"id":"eb53d88f-bac4-4066-b31e-86ba684fe71b","activity_type":"CIVILIAN_BOUGHT","topic":null,"event":"activity-feed"}}
{"data":{"created_at":"2024-04-10T00:04:57.202Z","data":{"priming":["Iron"],"landfield":{},"user":{}},"id":"bd4c24d4-fffa-4ec9-9034-7b7ea2579515","activity_type":"DROID_FUSED","topic":null,"event":"activity-feed"}}
{"data":{"created_at":"2024-04-10T00:05:00.659Z","data":{"priming":["Freshwater"],"landfield":{"id":"eb557ad7-7b26-4380-b82d-04896fb1b562","description":"Caluula","country":"SO"},"user":{"id":"3a8b63ae-d9a2-4ecb-950a-6f04dc7f16be","username":"NORTHERNWIZARDSAPRENTICE5CODEAY18L1MXUJ"}},"id":"e091484f-3196-4d60-8446-96108fe2e0a6","activity_type":"DROID_FUSED","topic":null,"event":"activity-feed"}}
