{"data":{"created_at":"2024-02-26T00:00:04.673Z","data":{"buyer":{"id":"b4e6a887-ab18-42fd-8fc1-5d631c321f48","username":"KPhoenix"},"jewel":{"color_name":"ANTHRACITE","is_crafted":false,"level":1,"name":"Common Prime Anthracite Jewel","quality_level":"COMMON"},"seller":{},"price":"0.04"},"id":"ac3bb5c6-ebed-45d9-a388-46daf358369b","activity_type":"JEWEL_BOUGHT","topic":null,"event":"activity-feed"}}
{"data":{"created_at":"2024-02-26T00:00:07.562Z","data":{"buyer":{"id":"b4e6a887-ab18-42fd-8fc1-5d631c321f48","username":"KPhoenix"},"jewel":{"color_name":"ANTHRACITE","is_crafted":false,"level":1,"name":"Common Prime Anthracite Jewel","quality_level":"COMMON"},"seller":{},"price":"0.04"},"id":"3ec52118-ffe2-4af9-b0fa-4481726c5455","activity_type":"JEWEL_BOUGHT","topic":null,"event":"activity-feed"}}
{"data":{"id":"e9058bf2-0640-4713-9c65-73a059a0f108","activity_type":"BID_PLACED","data":{"buyer":{"id":"ca415b28-93da-44dd-a988-f7c5c4ced928","username":"Saints2023"},"seller":{"id":"6bf43ee5-ab86-47ca-aa43-ec3f1b60fb82","username":"RamSah2020"},"landfield":{"id":"cf314eee-fb9d-44e9-84b8-6bd81ef2f698","location":"Manhattan, New York, New York, United States"}},"created_at":"2024-02-26 00:00:21.488201"}}
{"data":{"id":"6551f4bb-d742-474c-97b0-ce457e9e8b32","activity_type":"NEW_LANDFIELD_BOUGHT","data":{"buyer":{},"landfield":{"tilesCount":4,"country":"Netherlands","landfieldTier":3}},"created_at":"2024-02-26 00:00:45.931824"}}
{"data":{"id":"68b0bbf3-cba9-41a6-af2b-ffbb3fdfb13e","activity_type":"NEW_LANDFIELD_BOUGHT","data":{"buyer":{},"landfield":{"tilesCount":4,"country":"Netherlands","landfieldTier":3}},"created_at":"2024-02-26 00:00:45.996217"}}
{"data":{"id":"139ea363-ada8-4b98-a79c-00f332db9c49","activity_type":"NEW_LANDFIELD_BOUGHT","data":{"buyer":{},"landfield":{"tilesCount":4,"country":"Netherlands","landfieldTier":3}},"created_at":"2024-02-26 00:00:46.368375"}}
{"data":{"id":"4e2065f6-3c69-4872-a042-50c6500fe05f","activity_type":"NEW_LANDFIELD_BOUGHT","data":{"buyer":{},"landfield":{"tilesCount":4,"country":"Netherlands","landfieldTier":3}},"created_at":"2024-02-26 00:00:46.532046"}}
{"data":{"id":"7193c039-017f-4b3b-acb5-c541968dbda1","activity_type":"NEW_LANDFIELD_BOUGHT","data":{"buyer":{},"landfield":{"tilesCount":4,"country":"Netherlands","landfieldTier":3}},"created_at":"2024-02-26 00:00:46.606393"}}
{"data":{"id":"b4e8e1a0-0756-474f-9f1f-f553c83bc3a2","activity_type":"NEW_LANDFIELD_BOUGHT","data":{"buyer":{},"landfield":{"tilesCount":4,"country":"Netherlands","landfieldTier":3}},"created_at":"2024-02-26 00:00:46.685617"}}
{"data":{"id":"83dedf17-dde6-4343-9972-bbd09298a315","activity_type":"NEW_LANDFIELD_BOUGHT","data":{"buyer":{},"landfield":{"tilesCount":4,"country":"Netherlands","landfieldTier":3}},"created_at":"2024-02-26 00:00:49.079432"}}
{"data":{"id":"8eda1b7e-f9ef-4c38-b590-e70422b7fd50","activity_type":"NEW_LANDFIELD_BOUGHT","data":{"buyer":{},"landfield":{"tilesCount":4,"country":"Netherlands","landfieldTier":3}},"created_at":"2024-02-26 00:00:49.459626"}}
{"data":{"id":"a0098495-b06d-4b71-b36e-865446aa4773","activity_type":"NEW_LANDFIELD_BOUGHT","data":{"buyer":{},"landfield":{"tilesCount":4,"country":"Netherlands","landfieldTier":3}},"created_at":"2024-02-26 00:00:49.916939"}}
{"data":{"id":"607c1439-235b-4a8a-8b54-09734b4fd18e","activity_type":"NEW_LANDFIELD_BOUGHT","data":{"buyer":{},"landfield":{"tilesCount":4,"country":"Netherlands","landfieldTier":3}},"created_at":"2024-02-26 00:00:50.506593"}}
{"data":{"id":"8dadd359-04a8-4389-99c5-c28f55187be9","activity_type":"NEW_LANDFIELD_BOUGHT","data":{"buyer":{},"landfield":{"tilesCount":4,"country":"Netherlands","landfieldTier":3}},"created_at":"2024-02-26 00:00:50.677846"}}
{"data":{"id":"d779accc-9a8c-4b5a-ad15-3f3cff95a2f8","activity_type":"NEW_LANDFIELD_BOUGHT","data":{"buyer":{},"landfield":{"tilesCount":4,"country":"Netherlands","landfieldTier":3}},"created_at":"2024-02-26 00:00:52.939558"}}
{"data":{"id":"17977df3-6301-4e7d-9043-f144be2691e8","activity_type":"NEW_LANDFIELD_BOUGHT","data":{"buyer":{},"landfield":{"tilesCount":4,"country":"Netherlands","landfieldTier":3}},"created_at":"2024-02-26 00:00:53.003782"}}
{"data":{"id":"474bd603-eb94-46a9-ad65-f37eecfc6739","activity_type":"NEW_LANDFIELD_BOUGHT","data":{"buyer":{},"landfield":{"tilesCount":4,"country":"Netherlands","landfieldTier":3}},"created_at":"2024-02-26 00:00:53.135529"}}
{"data":{"id":"7f40e88c-bbe0-419f-a277-78676bf05baf","activity_type":"NEW_LANDFIELD_BOUGHT","data":{"buyer":{},"landfield":{"tilesCount":4,"country":"Netherlands","landfieldTier":3}},"created_at":"2024-02-26 00:00:53.896523"}}
{"data":{"id":"5418ad67-ccb2-4219-9bc0-36fd6001e5a6","activity_type":"NEW_LANDFIELD_BOUGHT","data":{"buyer":{},"landfield":{"tilesCount":4,"country":"Netherlands","landfieldTier":3}},"created_at":"2024-02-26 00:00:54.312172"}}
{"data":{"id":"0fc5e094-6aa9-420e-b3c5-0c5dcb186157","activity_type":"NEW_LANDFIELD_BOUGHT","data":{"buyer":{},"landfield":{"tilesCount":4,"country":"Netherlands","landfieldTier":3}},"created_at":"2024-02-26 00:00:55.059648"}}
{"data":{"id":"e2be8a02-acf3-4c06-bf67-f27f70baf6b0","activity_type":"NEW_LANDFIELD_BOUGHT","data":{"buyer":{},"landfield":{"tilesCount":4,"country":"Netherlands","landfieldTier":3}},"created_at":"2024-02-26 00:00:56.250240"}}
{"data":{"id":"a80ef056-6b72-4eba-ae77-4555cd78dce8","activity_type":"NEW_LANDFIELD_BOUGHT","data":{"buyer":{},"landfield":{"tilesCount":4,"country":"Netherlands","landfieldTier":3}},"created_at":"2024-02-26 00:00:56.352239"}}
{"data":{"id":"472afc0a-6171-42b1-98c7-30945b7eea21","activity_type":"NEW_LANDFIELD_BOUGHT","data":{"buyer":{},"landfield":{"tilesCount":4,"country":"Netherlands","landfieldTier":3}},"created_at":"2024-02-26 00:00:57.236300"}}
{"data":{"id":"a84f8390-0085-4561-88cc-ee7ca5ce1aad","activity_type":"NEW_LANDFIELD_BOUGHT","data":{"buyer":{},"landfield":{"tilesCount":4,"country":"Netherlands","landfieldTier":3}},"created_at":"2024-02-26 00:00:58.025976"}}
{"data":{"id":"dea89a69-aca8-42bf-9350-00cab1711aaa","activity_type":"BID_PLACED","data":{"buyer":{"id":"ca415b28-93da-44dd-a988-f7c5c4ced928","username":"Saints2023"},"seller":{"id":"7e9358e7-edc9-444f-bff4-d564b9e2dcf4","username":"HustlrEmpire"},"landfield":{"id":"49dd9759-178f-4b31-966b-1b4e175b54ab","location":"Manhattan, New York, New York, United States"}},"created_at":"2024-02-26 00:00:59.107555"}}
{"data":{"id":"a2c1e60c-609c-49b7-b397-f9c0ea045a0b","activity_type":"NEW_LANDFIELD_BOUGHT","data":{"buyer":{},"landfield":{"tilesCount":4,"country":"Netherlands","landfieldTier":3}},"created_at":"2024-02-26 00:00:59.633939"}}
{"data":{"id":"da0035fb-0324-4acb-ab2e-c63d2fc8068b","activity_type":"NEW_LANDFIELD_BOUGHT","data":{"buyer":{},"landfield":{"tilesCount":4,"country":"Netherlands","landfieldTier":3}},"created_at":"2024-02-26 00:01:00.346647"}}
{"data":{"id":"eea6ca24-5917-40d6-9c26-ebac3299b562","activity_type":"NEW_LANDFIELD_BOUGHT","data":{"buyer":{},"landfield":{"tilesCount":4,"country":"Netherlands","landfieldTier":3}},"created_at":"2024-02-26 00:01:00.554936"}}
{"data":{"id":"50535acb-2612-41e5-bf93-acfcc0e8c8cc","activity_type":"NEW_LANDFIELD_BOUGHT","data":{"buyer":{},"landfield":{"tilesCount":4,"country":"Netherlands","landfieldTier":3}},"created_at":"2024-02-26 00:01:01.734604"}}
{"data":{"id":"ce5260df-01c1-41b9-bc8c-e58da1d5f261","activity_type":"NEW_LANDFIELD_BOUGHT","data":{"buyer":{},"landfield":{"tilesCount":4,"country":"Netherlands","landfieldTier":3}},"created_at":"2024-02-26 00:01:01.991157"}}
{"data":{"id":"f0a9f1e1-0df7-4860-8ca1-cef66266b3fe","activity_type":"NEW_LANDFIELD_BOUGHT","data":{"buyer":{},"landfield":{"tilesCount":4,"country":"Netherlands","landfieldTier":3}},"created_at":"2024-02-26 00:01:02.573480"}}
{"data":{"id":"f3e23fd0-519c-4d15-aa7f-f5f1d660ed2f","activity_type":"NEW_LANDFIELD_BOUGHT","data":{"buyer":{},"landfield":{"tilesCount":4,"country":"Netherlands","landfieldTier":3}},"created_at":"2024-02-26 00:01:02.913926"}}
{"data":{"id":"0dcf8449-ff59-46ab-9a10-9af1097284a9","activity_type":"NEW_LANDFIELD_BOUGHT","data":{"buyer":{},"landfield":{"tilesCount":4,"country":"Netherlands","landfieldTier":3}},"created_at":"2024-02-26 00:01:03.621911"}}
{"data":{"id":"961c9bf5-8ea3-4087-940e-7c0fb1ed25a7","activity_type":"NEW_LANDFIELD_BOUGHT","data":{"buyer":{},"landfield":{"tilesCount":4,"country":"Netherlands","landfieldTier":3}},"created_at":"2024-02-26 00:01:03.849543"}}
{"data":{"id":"d771da1f-518a-46ca-8f11-d4e2bbebf33c","activity_type":"NEW_LANDFIELD_BOUGHT","data":{"buyer":{},"landfield":{"tilesCount":4,"country":"Netherlands","landfieldTier":3}},"created_at":"2024-02-26 00:01:05.468958"}}
{"data":{"id":"f9c588ca-4c25-4d9d-86f8-020ce1a9d478","activity_type":"NEW_LANDFIELD_BOUGHT","data":{"buyer":{},"landfield":{"tilesCount":4,"country":"Netherlands","landfieldTier":3}},"created_at":"2024-02-26 00:01:06.018832"}}
{"data":{"id":"ce1088e7-2dec-4bf5-bdf8-e49f5f515106","activity_type":"NEW_LANDFIELD_BOUGHT","data":{"buyer":{},"landfield":{"tilesCount":4,"country":"Netherlands","landfieldTier":3}},"created_at":"2024-02-26 00:01:06.854947"}}
{"data":{"id":"d6aef51b-c3fa-4b24-a846-c503ff0a8f5e","activity_type":"NEW_LANDFIELD_BOUGHT","data":{"buyer":{},"landfield":{"tilesCount":4,"country":"Netherlands","landfieldTier":3}},"created_at":"2024-02-26 00:01:07.116856"}}
{"data":{"id":"dc59fd32-00e7-4b0f-bed0-bd74c1688ca4","activity_type":"NEW_LANDFIELD_BOUGHT","data":{"buyer":{},"landfield":{"tilesCount":4,"country":"Netherlands","landfieldTier":3}},"created_at":"2024-02-26 00:01:07.295082"}}
{"data":{"id":"5572e4f9-894f-4dbc-bcf7-ac95e902bf1a","activity_type":"NEW_LANDFIELD_BOUGHT","data":{"buyer":{},"landfield":{"tilesCount":4,"country":"Netherlands","landfieldTier":3}},"created_at":"2024-02-26 00:01:08.569182"}}
{"data":{"id":"6d3dafda-c69c-498c-9a6a-daf902e7b158","activity_type":"NEW_LANDFIELD_BOUGHT","data":{"buyer":{},"landfield":{"tilesCount":4,"country":"Netherlands","landfieldTier":3}},"created_at":"2024-02-26 00:01:08.963755"}}
{"data":{"id":"8380cb69-5b85-48d5-a93d-be66432acef3","activity_type":"NEW_LANDFIELD_BOUGHT","data":{"buyer":{},"landfield":{"tilesCount":4,"country":"Netherlands","landfieldTier":3}},"created_at":"2024-02-26 00:01:10.049127"}}
{"data":{"id":"e01c5276-9236-47eb-bef7-47a5e16af9eb","activity_type":"NEW_LANDFIELD_BOUGHT","data":{"buyer":{},"landfield":{"tilesCount":4,"country":"Netherlands","landfieldTier":3}},"created_at":"2024-02-26 00:01:10.425191"}}
{"data":{"id":"9573b5db-a5b9-4462-a053-d204870d72bf","activity_type":"NEW_LANDFIELD_BOUGHT","data":{"buyer":{},"landfield":{"tilesCount":4,"country":"Netherlands","landfieldTier":3}},"created_at":"2024-02-26 00:01:10.980253"}}
{"data":{"id":"1c84cc93-55ac-40ec-b58d-b51b522b3c5b","activity_type":"NEW_LANDFIELD_BOUGHT","data":{"buyer":{},"landfield":{"tilesCount":4,"country":"Netherlands","landfieldTier":3}},"created_at":"2024-02-26 00:01:11.404375"}}
{"data":{"id":"86dcb411-31c4-442a-9e14-29dba62810b3","activity_type":"NEW_LANDFIELD_BOUGHT","data":{"buyer":{},"landfield":{"tilesCount":4,"country":"Netherlands","landfieldTier":3}},"created_at":"2024-02-26 00:01:13.627622"}}
{"data":{"id":"c3bfa1c4-1479-4204-ba96-b333d9952d36","activity_type":"NEW_LANDFIELD_BOUGHT","data":{"buyer":{},"landfield":{"tilesCount":4,"country":"Netherlands","landfieldTier":3}},"created_at":"2024-02-26 00:01:13.899019"}}
{"data":{"id":"8bf8ed5a-9c9d-4cb2-9685-27cbf4ca9e22","activity_type":"NEW_LANDFIELD_BOUGHT","data":{"buyer":{},"landfield":{"tilesCount":4,"country":"Netherlands","landfieldTier":3}},"created_at":"2024-02-26 00:01:14.087058"}}
{"data":{"id":"7b0bbe74-6ff4-48b4-8e3d-40248e554a8c","activity_type":"NEW_LANDFIELD_BOUGHT","data":{"buyer":{},"landfield":{"tilesCount":4,"country":"Netherlands","landfieldTier":3}},"created_at":"2024-02-26 00:01:14.230075"}}
{"data":{"id":"7c423a2c-c53d-424d-864b-73cb61ec0733","activity_type":"NEW_LANDFIELD_BOUGHT","data":{"buyer":{},"landfield":{"tilesCount":4,"country":"Netherlands","landfieldTier":3}},"created_at":"2024-02-26 00:01:15.147807"}}
{"data":{"id":"73c38615-da77-4817-8a92-1f522ee72ff4","activity_type":"NEW_LANDFIELD_BOUGHT","data":{"buyer":{},"landfield":{"tilesCount":4,"country":"Netherlands","landfieldTier":3}},"created_at":"2024-02-26 00:01:15.328535"}}
{"data":{"id":"fe0c40d1-5aa0-49d7-b57f-689cb05438e4","activity_type":"NEW_LANDFIELD_BOUGHT","data":{"buyer":{},"landfield":{"tilesCount":4,"country":"Netherlands","landfieldTier":3}},"created_at":"2024-02-26 00:01:17.724917"}}
{"data":{"id":"9097cbc3-e458-4ce1-a57b-f4d62030402b","activity_type":"NEW_LANDFIELD_BOUGHT","data":{"buyer":{},"landfield":{"tilesCount":4,"country":"Netherlands","landfieldTier":3}},"created_at":"2024-02-26 00:01:18.316416"}}
{"data":{"id":"5e60d40c-487d-4a34-a93b-7a02d6fa64f6","activity_type":"NEW_LANDFIELD_BOUGHT","data":{"buyer":{},"landfield":{"tilesCount":4,"country":"Netherlands","landfieldTier":3}},"created_at":"2024-02-26 00:01:18.623643"}}
{"data":{"id":"7c6db1fd-d5f9-4535-9a19-ae837c986981","activity_type":"NEW_LANDFIELD_BOUGHT","data":{"buyer":{},"landfield":{"tilesCount":4,"country":"Netherlands","landfieldTier":3}},"created_at":"2024-02-26 00:01:19.952483"}}
{"data":{"id":"2890d663-123f-4f6e-bac1-c96683490170","activity_type":"NEW_LANDFIELD_BOUGHT","data":{"buyer":{},"landfield":{"tilesCount":4,"country":"Netherlands","landfieldTier":3}},"created_at":"2024-02-26 00:01:21.378725"}}
{"data":{"id":"ddb9b085-43ba-4e83-9bbf-7dd20894f724","activity_type":"NEW_LANDFIELD_BOUGHT","data":{"buyer":{},"landfield":{"tilesCount":4,"country":"Netherlands","landfieldTier":3}},"created_at":"2024-02-26 00:01:21.576900"}}
{"data":{"id":"6232c920-7356-4bcc-86b1-09a02b3010b9","activity_type":"NEW_LANDFIELD_BOUGHT","data":{"buyer":{},"landfield":{"tilesCount":4,"country":"Netherlands","landfieldTier":3}},"created_at":"2024-02-26 00:01:21.646807"}}
{"data":{"id":"bef141b6-7fa4-4959-acb9-981d89484610","activity_type":"NEW_LANDFIELD_BOUGHT","data":{"buyer":{},"landfield":{"tilesCount":4,"country":"Netherlands","landfieldTier":3}},"created_at":"2024-02-26 00:01:22.562107"}}
{"data":{"id":"2030b320-6cc0-4171-8e8f-9ddbf1f636e1","activity_type":"NEW_LANDFIELD_BOUGHT","data":{"buyer":{},"landfield":{"tilesCount":4,"country":"Netherlands","landfieldTier":3}},"created_at":"2024-02-26 00:01:23.519862"}}
{"data":{"id":"1397930e-a76f-40e8-9e4d-65b25c0161de","activity_type":"NEW_LANDFIELD_BOUGHT","data":{"buyer":{},"landfield":{"tilesCount":4,"country":"Netherlands","landfieldTier":3}},"created_at":"2024-02-26 00:01:24.902056"}}
{"data":{"id":"3154fbe3-46bb-4edd-afdb-c9fa4d7d0ff0","activity_type":"NEW_LANDFIELD_BOUGHT","data":{"buyer":{},"landfield":{"tilesCount":4,"country":"Netherlands","landfieldTier":3}},"created_at":"2024-02-26 00:01:25.368669"}}
{"data":{"id":"218269e7-d9d2-4ff4-8a75-64ebdfb8dc97","activity_type":"NEW_LANDFIELD_BOUGHT","data":{"buyer":{},"landfield":{"tilesCount":4,"country":"Netherlands","landfieldTier":3}},"created_at":"2024-02-26 00:01:25.879604"}}
{"data":{"id":"90bbf064-8ae1-43e5-9c9f-506fc317c4b9","activity_type":"NEW_LANDFIELD_BOUGHT","data":{"buyer":{},"landfield":{"tilesCount":4,"country":"Netherlands","landfieldTier":3}},"created_at":"2024-02-26 00:01:26.033856"}}
{"data":{"id":"c1152256-69e9-4006-a2a4-3fb32c872420","activity_type":"NEW_LANDFIELD_BOUGHT","data":{"buyer":{},"landfield":{"tilesCount":4,"country":"Netherlands","landfieldTier":3}},"created_at":"2024-02-26 00:01:29.185848"}}
{"data":{"id":"6542573c-a798-4214-aa35-e98220657652","activity_type":"NEW_LANDFIELD_BOUGHT","data":{"buyer":{},"landfield":{"tilesCount":4,"country":"Netherlands","landfieldTier":3}},"created_at":"2024-02-26 00:01:29.436019"}}
{"data":{"created_at":"2024-02-26T00:02:03.978Z","data":{"buyer":{"id":"b4e6a887-ab18-42fd-8fc1-5d631c321f48","username":"KPhoenix"},"jewel":{"color_name":"ANTHRACITE","is_crafted":true,"level":3,"name":"Cracked Prime Anthracite Jewel 3","quality_level":"CRACKED"},"seller":{"id":"82b64825-c8f1-4693-90f9-97e67cfdeb72","username":"SteMac"},"price":null},"id":"7b6b7ded-9133-47f0-a6dd-57cbb09c2e34","activity_type":"JEWEL_BOUGHT","topic":null,"event":"activity-feed"}}
{"data":{"created_at":"2024-02-26T00:02:06.473Z","data":{"buyer":{"id":"b4e6a887-ab18-42fd-8fc1-5d631c321f48","username":"KPhoenix"},"jewel":{"color_name":"ANTHRACITE","is_crafted":true,"level":3,"name":"Cracked Prime Anthracite Jewel 3","quality_level":"CRACKED"},"seller":{"id":"82b64825-c8f1-4693-90f9-97e67cfdeb72","username":"SteMac"},"price":null},"id":"771dcb8d-3518-490b-8497-a280b4aee51c","activity_type":"JEWEL_BOUGHT","topic":null,"event":"activity-feed"}}
{"data":{"created_at":"2024-02-26T00:02:09.937Z","data":{"buyer":{"id":"b4e6a887-ab18-42fd-8fc1-5d631c321f48","username":"KPhoenix"},"jewel":{"color_name":"ANTHRACITE","is_crafted":true,"level":3,"name":"Cracked Prime Anthracite Jewel 3","quality_level":"CRACKED"},"seller":{"id":"82b64825-c8f1-4693-90f9-97e67cfdeb72","username":"SteMac"},"price":null},"id":"f591680b-9f99-4bcc-abb8-6fbbb94ce2c2","activity_type":"JEWEL_BOUGHT","topic":null,"event":"activity-feed"}}
{"data":{"created_at":"2024-02-26T00:02:12.352Z","data":{"buyer":{"id":"b4e6a887-ab18-42fd-8fc1-5d631c321f48","username":"KPhoenix"},"jewel":{"color_name":"ANTHRACITE","is_crafted":true,"level":3,"name":"Cracked Prime Anthracite Jewel 3","quality_level":"CRACKED"},"seller":{"id":"82b64825-c8f1-4693-90f9-97e67cfdeb72","username":"SteMac"},"price":null},"id":"c3054316-eb8d-4ff1-88de-97d35ad244f0","activity_type":"JEWEL_BOUGHT","topic":null,"event":"activity-feed"}}
{"data":{"created_at":"2024-02-26T00:02:14.778Z","data":{"buyer":{"id":"b4e6a887-ab18-42fd-8fc1-5d631c321f48","username":"KPhoenix"},"jewel":{"color_name":"ANTHRACITE","is_crafted":true,"level":3,"name":"Cracked Prime Anthracite Jewel 3","quality_level":"CRACKED"},"seller":{"id":"82b64825-c8f1-4693-90f9-97e67cfdeb72","username":"SteMac"},"price":null},"id":"2dff11eb-b1bb-4115-aaed-8b098f4e815a","activity_type":"JEWEL_BOUGHT","topic":null,"event":"activity-feed"}}
{"data":{"created_at":"2024-02-26T00:02:16.648Z","data":{"buyer":{"id":"b4e6a887-ab18-42fd-8fc1-5d631c321f48","username":"KPhoenix"},"jewel":{"color_name":"ANTHRACITE","is_crafted":true,"level":3,"name":"Cracked Prime Anthracite Jewel 3","quality_level":"CRACKED"},"seller":{"id":"82b64825-c8f1-4693-90f9-97e67cfdeb72","username":"SteMac"},"price":null},"id":"24160fc3-b5ba-4aa7-bcda-70ee77058390","activity_type":"JEWEL_BOUGHT","topic":null,"event":"activity-feed"}}
{"data":{"created_at":"2024-02-26T00:02:19.029Z","data":{"buyer":{"id":"b4e6a887-ab18-42fd-8fc1-5d631c321f48","username":"KPhoenix"},"jewel":{"color_name":"ANTHRACITE","is_crafted":true,"level":3,"name":"Cracked Prime Anthracite Jewel 3","quality_level":"CRACKED"},"seller":{"id":"82b64825-c8f1-4693-90f9-97e67cfdeb72","username":"SteMac"},"price":null},"id":"2bfa7b47-5877-4dce-9dea-1b3f6accf03e","activity_type":"JEWEL_BOUGHT","topic":null,"event":"activity-feed"}}
{"data":{"created_at":"2024-02-26T00:02:20.830Z","data":{"buyer":{"id":"b4e6a887-ab18-42fd-8fc1-5d631c321f48","username":"KPhoenix"},"jewel":{"color_name":"ANTHRACITE","is_crafted":true,"level":3,"name":"Cracked Prime Anthracite Jewel 3","quality_level":"CRACKED"},"seller":{"id":"82b64825-c8f1-4693-90f9-97e67cfdeb72","username":"SteMac"},"price":null},"id":"59bbf160-e1f3-41ea-b918-e931847838ea","activity_type":"JEWEL_BOUGHT","topic":null,"event":"activity-feed"}}
{"data":{"created_at":"2024-02-26T00:02:24.567Z","data":{"buyer":{"id":"b4e6a887-ab18-42fd-8fc1-5d631c321f48","username":"KPhoenix"},"jewel":{"color_name":"ANTHRACITE","is_crafted":true,"level":3,"name":"Cracked Prime Anthracite Jewel 3","quality_level":"CRACKED"},"seller":{"id":"82b64825-c8f1-4693-90f9-97e67cfdeb72","username":"SteMac"},"price":null},"id":"96a659a9-7390-43b0-94c5-1536327ed29b","activity_type":"JEWEL_BOUGHT","topic":null,"event":"activity-feed"}}
{"data":{"created_at":"2024-02-26T00:02:26.664Z","data":{"buyer":{"id":"b4e6a887-ab18-42fd-8fc1-5d631c321f48","username":"KPhoenix"},"jewel":{"color_name":"BLUE","is_crafted":true,"level":3,"name":"Cracked Prime Blue Jewel 3","quality_level":"CRACKED"},"seller":{"id":"82b64825-c8f1-4693-90f9-97e67cfdeb72","username":"SteMac"},"price":null},"id":"9400640f-df1e-4d5a-9b8a-90b2c0e83fc9","activity_type":"JEWEL_BOUGHT","topic":null,"event":"activity-feed"}}
{"data":{"created_at":"2024-02-26T00:02:28.752Z","data":{"buyer":{"id":"b4e6a887-ab18-42fd-8fc1-5d631c321f48","username":"KPhoenix"},"jewel":{"color_name":"OCHRE","is_crafted":true,"level":3,"name":"Cracked Prime Ochre Jewel 3","quality_level":"CRACKED"},"seller":{"id":"82b64825-c8f1-4693-90f9-97e67cfdeb72","username":"SteMac"},"price":null},"id":"3fc0b264-8d8a-4fa7-8ca6-4501088d28f5","activity_type":"JEWEL_BOUGHT","topic":null,"event":"activity-feed"}}
{"data":{"created_at":"2024-02-26T00:02:30.505Z","data":{"buyer":{"id":"b4e6a887-ab18-42fd-8fc1-5d631c321f48","username":"KPhoenix"},"jewel":{"color_name":"OCHRE","is_crafted":true,"level":3,"name":"Cracked Prime Ochre Jewel 3","quality_level":"CRACKED"},"seller":{"id":"82b64825-c8f1-4693-90f9-97e67cfdeb72","username":"SteMac"},"price":null},"id":"15a0c00a-3cc6-4c24-bf12-91ee94d1fa6b","activity_type":"JEWEL_BOUGHT","topic":null,"event":"activity-feed"}}
{"data":{"created_at":"2024-02-26T00:02:32.320Z","data":{"buyer":{"id":"b4e6a887-ab18-42fd-8fc1-5d631c321f48","username":"KPhoenix"},"jewel":{"color_name":"BLUE","is_crafted":true,"level":3,"name":"Cracked Prime Blue Jewel 3","quality_level":"CRACKED"},"seller":{"id":"82b64825-c8f1-4693-90f9-97e67cfdeb72","username":"SteMac"},"price":null},"id":"17613f71-e3a1-4a42-8bd2-f70931220c2b","activity_type":"JEWEL_BOUGHT","topic":null,"event":"activity-feed"}}
{"data":{"created_at":"2024-02-26T00:02:33.901Z","data":{"buyer":{"id":"b4e6a887-ab18-42fd-8fc1-5d631c321f48","username":"KPhoenix"},"jewel":{"color_name":"BLUE","is_crafted":true,"level":3,"name":"Cracked Prime Blue Jewel 3","quality_level":"CRACKED"},"seller":{"id":"82b64825-c8f1-4693-90f9-97e67cfdeb72","username":"SteMac"},"price":null},"id":"b18861f8-1fc6-4633-8a8b-6f12c887526e","activity_type":"JEWEL_BOUGHT","topic":null,"event":"activity-feed"}}
{"data":{"created_at":"2024-02-26T00:02:35.772Z","data":{"buyer":{"id":"b4e6a887-ab18-42fd-8fc1-5d631c321f48","username":"KPhoenix"},"jewel":{"color_name":"BLUE","is_crafted":true,"level":3,"name":"Cracked Prime Blue Jewel 3","quality_level":"CRACKED"},"seller":{"id":"82b64825-c8f1-4693-90f9-97e67cfdeb72","username":"SteMac"},"price":null},"id":"92ed58ed-4ef4-455f-8f38-a11853b901cd","activity_type":"JEWEL_BOUGHT","topic":null,"event":"activity-feed"}}
{"data":{"created_at":"2024-02-26T00:02:37.371Z","data":{"buyer":{"id":"b4e6a887-ab18-42fd-8fc1-5d631c321f48","username":"KPhoenix"},"jewel":{"color_name":"BLUE","is_crafted":true,"level":3,"name":"Cracked Prime Blue Jewel 3","quality_level":"CRACKED"},"seller":{"id":"82b64825-c8f1-4693-90f9-97e67cfdeb72","username":"SteMac"},"price":null},"id":"6a24aaf1-5514-40b2-9c56-a42c337b0fa7","activity_type":"JEWEL_BOUGHT","topic":null,"event":"activity-feed"}}
{"data":{"created_at":"2024-02-26T00:02:39.354Z","data":{"buyer":{"id":"b4e6a887-ab18-42fd-8fc1-5d631c321f48","username":"KPhoenix"},"jewel":{"color_name":"OCHRE","is_crafted":true,"level":3,"name":"Cracked Prime Ochre Jewel 3","quality_level":"CRACKED"},"seller":{"id":"82b64825-c8f1-4693-90f9-97e67cfdeb72","username":"SteMac"},"price":null},"id":"63929804-973a-46a1-a74e-5e50d00352cd","activity_type":"JEWEL_BOUGHT","topic":null,"event":"activity-feed"}}
{"data":{"created_at":"2024-02-26T00:02:41.182Z","data":{"buyer":{"id":"b4e6a887-ab18-42fd-8fc1-5d631c321f48","username":"KPhoenix"},"jewel":{"color_name":"OCHRE","is_crafted":true,"level":3,"name":"Cracked Prime Ochre Jewel 3","quality_level":"CRACKED"},"seller":{"id":"82b64825-c8f1-4693-90f9-97e67cfdeb72","username":"SteMac"},"price":null},"id":"e66a60ea-c694-4f0e-ab1c-c2f3d4a46617","activity_type":"JEWEL_BOUGHT","topic":null,"event":"activity-feed"}}
{"data":{"created_at":"2024-02-26T00:02:43.329Z","data":{"buyer":{"id":"b4e6a887-ab18-42fd-8fc1-5d631c321f48","username":"KPhoenix"},"jewel":{"color_name":"OCHRE","is_crafted":true,"level":3,"name":"Cracked Prime Ochre Jewel 3","quality_level":"CRACKED"},"seller":{"id":"82b64825-c8f1-4693-90f9-97e67cfdeb72","username":"SteMac"},"price":null},"id":"ed56f7f0-e407-452a-8238-c3a9e32a86e1","activity_type":"JEWEL_BOUGHT","topic":null,"event":"activity-feed"}}
{"data":{"created_at":"2024-02-26T00:02:45.081Z","data":{"buyer":{"id":"b4e6a887-ab18-42fd-8fc1-5d631c321f48","username":"KPhoenix"},"jewel":{"color_name":"OCHRE","is_crafted":true,"level":3,"name":"Cracked Prime Ochre Jewel 3","quality_level":"CRACKED"},"seller":{"id":"82b64825-c8f1-4693-90f9-97e67cfdeb72","username":"SteMac"},"price":null},"id":"e5996b7a-a877-44db-b886-9f1fdfa0be19","activity_type":"JEWEL_BOUGHT","topic":null,"event":"activity-feed"}}
{"data":{"created_at":"2024-02-26T00:02:47.033Z","data":{"buyer":{"id":"b4e6a887-ab18-42fd-8fc1-5d631c321f48","username":"KPhoenix"},"jewel":{"color_name":"OCHRE","is_crafted":true,"level":3,"name":"Cracked Prime Ochre Jewel 3","quality_level":"CRACKED"},"seller":{"id":"82b64825-c8f1-4693-90f9-97e67cfdeb72","username":"SteMac"},"price":null},"id":"bc21af9d-9b2d-44a9-a41d-408a0a7c9573","activity_type":"JEWEL_BOUGHT","topic":null,"event":"activity-feed"}}
{"data":{"created_at":"2024-02-26T00:10:43.925Z","data":{"buyer":{"id":"7db07c0d-eb85-446f-93c8-c376656ef927","username":"VirtuallandreferralcodeJESUS"},"jewel":{"color_name":"GREY","is_crafted":false,"level":1,"name":"Luminous Prime Grey Jewel","quality_level":"LUMINOUS"},"seller":{},"price":"0.46"},"id":"3af04f3f-1620-418c-949c-590c7d170be4","activity_type":"JEWEL_BOUGHT","topic":null,"event":"activity-feed"}}
{"data":{"id":"6b19a242-8604-4ff3-9c89-9efe99b667b9","activity_type":"NEW_LANDFIELD_BOUGHT","data":{"buyer":{},"landfield":{"tilesCount":4,"country":"Netherlands","landfieldTier":3}},"created_at":"2024-02-26 00:14:01.152064"}}
{"data":{"id":"63c8d307-122c-417a-bd41-e3de5b97a182","activity_type":"NEW_LANDFIELD_BOUGHT","data":{"buyer":{},"landfield":{"tilesCount":4,"country":"Netherlands","landfieldTier":3}},"created_at":"2024-02-26 00:14:01.234481"}}
{"data":{"id":"00e7c069-11e5-4c15-a773-d9c0383bab11","activity_type":"NEW_LANDFIELD_BOUGHT","data":{"buyer":{},"landfield":{"tilesCount":4,"country":"Netherlands","landfieldTier":3}},"created_at":"2024-02-26 00:14:01.304010"}}
{"data":{"id":"9937f6d7-f664-4c1b-adbf-b255d211d9f1","activity_type":"NEW_LANDFIELD_BOUGHT","data":{"buyer":{},"landfield":{"tilesCount":4,"country":"Netherlands","landfieldTier":3}},"created_at":"2024-02-26 00:14:01.383350"}}
{"data":{"id":"9c8a16c2-944a-4df5-8933-915a9e65a4ef","activity_type":"NEW_LANDFIELD_BOUGHT","data":{"buyer":{},"landfield":{"tilesCount":4,"country":"Netherlands","landfieldTier":3}},"created_at":"2024-02-26 00:14:01.482212"}}
{"data":{"id":"4f498520-ccaa-4f7f-a36f-dc85a48c94fe","activity_type":"NEW_LANDFIELD_BOUGHT","data":{"buyer":{},"landfield":{"tilesCount":4,"country":"Netherlands","landfieldTier":3}},"created_at":"2024-02-26 00:14:02.103560"}}
{"data":{"id":"9822b3b7-8323-4491-a117-78299bdeb146","activity_type":"NEW_LANDFIELD_BOUGHT","data":{"buyer":{},"landfield":{"tilesCount":4,"country":"Netherlands","landfieldTier":3}},"created_at":"2024-02-26 00:14:04.578178"}}
{"data":{"id":"63d4c1c8-30c3-4b3d-9c45-93fd7eee37a3","activity_type":"NEW_LANDFIELD_BOUGHT","data":{"buyer":{},"landfield":{"tilesCount":4,"country":"Netherlands","landfieldTier":3}},"created_at":"2024-02-26 00:14:04.815642"}}
{"data":{"id":"a94ad69d-2eb4-4ce2-a311-18303f7e879a","activity_type":"NEW_LANDFIELD_BOUGHT","data":{"buyer":{},"landfield":{"tilesCount":4,"country":"Netherlands","landfieldTier":3}},"created_at":"2024-02-26 00:14:05.131310"}}
{"data":{"id":"cea1a2d1-c02a-435e-8105-c5b9fbcc0d8b","activity_type":"NEW_LANDFIELD_BOUGHT","data":{"buyer":{},"landfield":{"tilesCount":4,"country":"Netherlands","landfieldTier":3}},"created_at":"2024-02-26 00:14:05.635337"}}
{"data":{"id":"ca5aab6b-15f2-4801-980e-cabcc014b212","activity_type":"NEW_LANDFIELD_BOUGHT","data":{"buyer":{},"landfield":{"tilesCount":4,"country":"Netherlands","landfieldTier":3}},"created_at":"2024-02-26 00:14:07.492119"}}
{"data":{"id":"d41013c5-45a1-49b5-8815-76f8ad9acb27","activity_type":"NEW_LANDFIELD_BOUGHT","data":{"buyer":{},"landfield":{"tilesCount":4,"country":"Netherlands","landfieldTier":3}},"created_at":"2024-02-26 00:14:08.298233"}}
{"data":{"id":"f3598a14-de29-4910-818e-f6745ea3e946","activity_type":"NEW_LANDFIELD_BOUGHT","data":{"buyer":{},"landfield":{"tilesCount":4,"country":"Netherlands","landfieldTier":3}},"created_at":"2024-02-26 00:14:08.378738"}}
{"data":{"id":"b8a544da-13e9-4401-bb3e-2e3491ada1d4","activity_type":"NEW_LANDFIELD_BOUGHT","data":{"buyer":{},"landfield":{"tilesCount":4,"country":"Netherlands","landfieldTier":3}},"created_at":"2024-02-26 00:14:08.698532"}}
{"data":{"id":"d757827f-e66c-4c96-802f-144be6415e29","activity_type":"NEW_LANDFIELD_BOUGHT","data":{"buyer":{},"landfield":{"tilesCount":4,"country":"Netherlands","landfieldTier":3}},"created_at":"2024-02-26 00:14:09.218760"}}
{"data":{"id":"8a264c63-d4c2-449e-96e9-003c684d15be","activity_type":"NEW_LANDFIELD_BOUGHT","data":{"buyer":{},"landfield":{"tilesCount":4,"country":"Netherlands","landfieldTier":3}},"created_at":"2024-02-26 00:14:09.954291"}}
{"data":{"id":"72b9b993-52fc-4480-9bfe-5f815a170c2c","activity_type":"NEW_LANDFIELD_BOUGHT","data":{"buyer":{},"landfield":{"tilesCount":4,"country":"Netherlands","landfieldTier":3}},"created_at":"2024-02-26 00:14:11.357978"}}
{"data":{"id":"12ad5086-ef7c-4a6e-b719-95644939c13b","activity_type":"NEW_LANDFIELD_BOUGHT","data":{"buyer":{},"landfield":{"tilesCount":4,"country":"Netherlands","landfieldTier":3}},"created_at":"2024-02-26 00:14:11.659059"}}
{"data":{"id":"d0592a9d-edac-43e7-a23a-9a3212dba3b0","activity_type":"NEW_LANDFIELD_BOUGHT","data":{"buyer":{},"landfield":{"tilesCount":4,"country":"Netherlands","landfieldTier":3}},"created_at":"2024-02-26 00:14:12.336580"}}
{"data":{"id":"6f5f5223-6634-4d28-aaa7-bc57e897d619","activity_type":"NEW_LANDFIELD_BOUGHT","data":{"buyer":{},"landfield":{"tilesCount":4,"country":"Netherlands","landfieldTier":3}},"created_at":"2024-02-26 00:14:12.551813"}}
{"data":{"id":"05138797-0a27-4b8c-acb7-c1627a41f82c","activity_type":"NEW_LANDFIELD_BOUGHT","data":{"buyer":{},"landfield":{"tilesCount":4,"country":"Netherlands","landfieldTier":3}},"created_at":"2024-02-26 00:14:13.949119"}}
{"data":{"id":"ca6bdd32-7617-4079-8f11-3c5a228f854b","activity_type":"NEW_LANDFIELD_BOUGHT","data":{"buyer":{},"landfield":{"tilesCount":4,"country":"Netherlands","landfieldTier":3}},"created_at":"2024-02-26 00:14:14.522355"}}
{"data":{"id":"471ecf90-97c8-400b-b602-c98656f7ddbc","activity_type":"NEW_LANDFIELD_BOUGHT","data":{"buyer":{},"landfield":{"tilesCount":4,"country":"Netherlands","landfieldTier":3}},"created_at":"2024-02-26 00:14:15.044655"}}
{"data":{"id":"3f2c58f2-4636-4d7c-a40a-277245ec4e84","activity_type":"NEW_LANDFIELD_BOUGHT","data":{"buyer":{},"landfield":{"tilesCount":4,"country":"Netherlands","landfieldTier":3}},"created_at":"2024-02-26 00:14:15.394261"}}
{"data":{"id":"c6175738-20a6-4c32-9778-a62802fc3c06","activity_type":"NEW_LANDFIELD_BOUGHT","data":{"buyer":{},"landfield":{"tilesCount":4,"country":"Netherlands","landfieldTier":3}},"created_at":"2024-02-26 00:14:15.900326"}}
{"data":{"id":"426ab3e3-842f-4e6c-983a-a74601b80e5a","activity_type":"NEW_LANDFIELD_BOUGHT","data":{"buyer":{},"landfield":{"tilesCount":4,"country":"Netherlands","landfieldTier":3}},"created_at":"2024-02-26 00:14:17.270090"}}
{"data":{"id":"15cc0a3e-33ea-4889-89f8-15cc460923f7","activity_type":"NEW_LANDFIELD_BOUGHT","data":{"buyer":{},"landfield":{"tilesCount":4,"country":"Netherlands","landfieldTier":3}},"created_at":"2024-02-26 00:14:18.410161"}}
{"data":{"id":"1baaeb25-a783-4afe-9f0b-a2cf744fa857","activity_type":"NEW_LANDFIELD_BOUGHT","data":{"buyer":{},"landfield":{"tilesCount":4,"country":"Netherlands","landfieldTier":3}},"created_at":"2024-02-26 00:14:19.230906"}}
{"data":{"id":"1697fcb0-8520-4923-b294-459f6a11e2cf","activity_type":"NEW_LANDFIELD_BOUGHT","data":{"buyer":{},"landfield":{"tilesCount":4,"country":"Netherlands","landfieldTier":3}},"created_at":"2024-02-26 00:14:19.488021"}}
{"data":{"id":"8555e433-32a4-43d5-9020-678f7d452b8c","activity_type":"NEW_LANDFIELD_BOUGHT","data":{"buyer":{},"landfield":{"tilesCount":4,"country":"Netherlands","landfieldTier":3}},"created_at":"2024-02-26 00:14:19.610003"}}
{"data":{"id":"1da79369-5c6d-451e-a8e8-543da8491a19","activity_type":"NEW_LANDFIELD_BOUGHT","data":{"buyer":{},"landfield":{"tilesCount":4,"country":"Netherlands","landfieldTier":3}},"created_at":"2024-02-26 00:14:19.836398"}}
{"data":{"id":"05bdae98-0878-4b5f-8e75-823d0e6f2f8e","activity_type":"NEW_LANDFIELD_BOUGHT","data":{"buyer":{},"landfield":{"tilesCount":4,"country":"Netherlands","landfieldTier":3}},"created_at":"2024-02-26 00:14:20.503726"}}
{"data":{"id":"cfe5076a-993e-42e8-99f4-e3d70b618c8a","activity_type":"NEW_LANDFIELD_BOUGHT","data":{"buyer":{},"landfield":{"tilesCount":4,"country":"Netherlands","landfieldTier":3}},"created_at":"2024-02-26 00:14:22.890847"}}
{"data":{"id":"3da5a5a8-d061-4441-8e97-efeadcfdf380","activity_type":"NEW_LANDFIELD_BOUGHT","data":{"buyer":{},"landfield":{"tilesCount":4,"country":"Netherlands","landfieldTier":3}},"created_at":"2024-02-26 00:14:23.009216"}}
{"data":{"id":"67b64cb5-3e9d-4e98-bed3-6c96fbbb31a9","activity_type":"NEW_LANDFIELD_BOUGHT","data":{"buyer":{},"landfield":{"tilesCount":4,"country":"Netherlands","landfieldTier":3}},"created_at":"2024-02-26 00:14:23.106775"}}
{"data":{"id":"f7cd4be8-f2d7-44bd-95ef-df2de01a503a","activity_type":"NEW_LANDFIELD_BOUGHT","data":{"buyer":{},"landfield":{"tilesCount":4,"country":"Netherlands","landfieldTier":3}},"created_at":"2024-02-26 00:14:24.080086"}}
{"data":{"id":"1c7d304b-f195-4485-a25b-d1a143bdfd5c","activity_type":"NEW_LANDFIELD_BOUGHT","data":{"buyer":{},"landfield":{"tilesCount":4,"country":"Netherlands","landfieldTier":3}},"created_at":"2024-02-26 00:14:24.188580"}}
{"data":{"id":"6b62198d-65d3-41ee-b679-6c8966e332d4","activity_type":"NEW_LANDFIELD_BOUGHT","data":{"buyer":{},"landfield":{"tilesCount":4,"country":"Netherlands","landfieldTier":3}},"created_at":"2024-02-26 00:14:24.854197"}}
{"data":{"id":"39f1773d-0f37-416a-8ea9-6634bf8430e3","activity_type":"NEW_LANDFIELD_BOUGHT","data":{"buyer":{},"landfield":{"tilesCount":4,"country":"Netherlands","landfieldTier":3}},"created_at":"2024-02-26 00:14:26.613575"}}
{"data":{"id":"58a09d0c-8c25-4d6b-814b-fa5f0e466c4d","activity_type":"NEW_LANDFIELD_BOUGHT","data":{"buyer":{},"landfield":{"tilesCount":4,"country":"Netherlands","landfieldTier":3}},"created_at":"2024-02-26 00:14:26.740897"}}
{"data":{"id":"7b9da4b7-30e0-4cc9-ad7d-a8e76d5d9032","activity_type":"NEW_LANDFIELD_BOUGHT","data":{"buyer":{},"landfield":{"tilesCount":4,"country":"Netherlands","landfieldTier":3}},"created_at":"2024-02-26 00:14:26.839074"}}
{"data":{"id":"c920b04a-14c4-442a-84c5-47186e8d2416","activity_type":"NEW_LANDFIELD_BOUGHT","data":{"buyer":{},"landfield":{"tilesCount":4,"country":"Netherlands","landfieldTier":3}},"created_at":"2024-02-26 00:14:29.058161"}}
{"data":{"id":"d8aca878-7993-4603-aeb6-1759b5c2e6bf","activity_type":"NEW_LANDFIELD_BOUGHT","data":{"buyer":{},"landfield":{"tilesCount":4,"country":"Netherlands","landfieldTier":3}},"created_at":"2024-02-26 00:14:29.199546"}}
{"data":{"id":"d2fde778-85db-4884-8287-dbd2569a2e93","activity_type":"NEW_LANDFIELD_BOUGHT","data":{"buyer":{},"landfield":{"tilesCount":4,"country":"Netherlands","landfieldTier":3}},"created_at":"2024-02-26 00:14:30.115787"}}
{"data":{"id":"4acea332-c88b-4741-953e-da786f2a2c61","activity_type":"NEW_LANDFIELD_BOUGHT","data":{"buyer":{},"landfield":{"tilesCount":4,"country":"Netherlands","landfieldTier":3}},"created_at":"2024-02-26 00:14:30.446321"}}
{"data":{"id":"69c7e9ed-594a-4781-a2a0-6029b0ea04fc","activity_type":"NEW_LANDFIELD_BOUGHT","data":{"buyer":{},"landfield":{"tilesCount":4,"country":"Netherlands","landfieldTier":3}},"created_at":"2024-02-26 00:14:31.905776"}}
{"data":{"id":"1905197c-c6bf-4cb8-977e-0ab400236964","activity_type":"NEW_LANDFIELD_BOUGHT","data":{"buyer":{},"landfield":{"tilesCount":4,"country":"Netherlands","landfieldTier":3}},"created_at":"2024-02-26 00:14:32.514302"}}
{"data":{"id":"6778fd55-72e1-4718-a219-a156dfe2d351","activity_type":"NEW_LANDFIELD_BOUGHT","data":{"buyer":{},"landfield":{"tilesCount":4,"country":"Netherlands","landfieldTier":3}},"created_at":"2024-02-26 00:14:33.314236"}}
{"data":{"id":"90babe37-cf3d-4322-9297-1e480889cdc6","activity_type":"NEW_LANDFIELD_BOUGHT","data":{"buyer":{},"landfield":{"tilesCount":4,"country":"Netherlands","landfieldTier":3}},"created_at":"2024-02-26 00:14:33.444583"}}
{"data":{"id":"2c44ec12-9df6-4899-91e6-05623785284c","activity_type":"NEW_LANDFIELD_BOUGHT","data":{"buyer":{},"landfield":{"tilesCount":4,"country":"Netherlands","landfieldTier":3}},"created_at":"2024-02-26 00:14:34.269196"}}
{"data":{"id":"8df3a8c2-454d-4de6-8794-44c48e6722b0","activity_type":"NEW_LANDFIELD_BOUGHT","data":{"buyer":{},"landfield":{"tilesCount":4,"country":"Netherlands","landfieldTier":3}},"created_at":"2024-02-26 00:14:35.333216"}}
{"data":{"id":"0acaef16-0c44-414b-8810-1d44e4cf1b6f","activity_type":"NEW_LANDFIELD_BOUGHT","data":{"buyer":{},"landfield":{"tilesCount":4,"country":"Netherlands","landfieldTier":3}},"created_at":"2024-02-26 00:14:35.913322"}}
{"data":{"id":"b17532cd-e7d4-4b95-ae7d-d4e2f7755c8a","activity_type":"NEW_LANDFIELD_BOUGHT","data":{"buyer":{},"landfield":{"tilesCount":4,"country":"Netherlands","landfieldTier":3}},"created_at":"2024-02-26 00:14:35.998634"}}
{"data":{"id":"91bd2e75-244c-4d30-a27e-c2d3386d31d5","activity_type":"NEW_LANDFIELD_BOUGHT","data":{"buyer":{},"landfield":{"tilesCount":4,"country":"Netherlands","landfieldTier":3}},"created_at":"2024-02-26 00:14:36.704597"}}
{"data":{"id":"5959f5ca-c3fd-4792-b7a6-908c54d74747","activity_type":"NEW_LANDFIELD_BOUGHT","data":{"buyer":{},"landfield":{"tilesCount":4,"country":"Netherlands","landfieldTier":3}},"created_at":"2024-02-26 00:14:36.777853"}}
{"data":{"id":"12da829d-bb92-4cd5-8256-e3bb34b206ed","activity_type":"NEW_LANDFIELD_BOUGHT","data":{"buyer":{},"landfield":{"tilesCount":4,"country":"Netherlands","landfieldTier":3}},"created_at":"2024-02-26 00:14:39.038632"}}
{"data":{"id":"207fcd1c-ba0d-4b6b-9461-0e72b425a61e","activity_type":"NEW_LANDFIELD_BOUGHT","data":{"buyer":{},"landfield":{"tilesCount":4,"country":"Netherlands","landfieldTier":3}},"created_at":"2024-02-26 00:14:39.663740"}}
{"data":{"id":"0cea1c3d-b187-4342-b6aa-c0c6aa18950a","activity_type":"NEW_LANDFIELD_BOUGHT","data":{"buyer":{},"landfield":{"tilesCount":4,"country":"Netherlands","landfieldTier":3}},"created_at":"2024-02-26 00:14:40.138922"}}
{"data":{"id":"fe289c45-237b-412d-ae07-11ecb99dd295","activity_type":"NEW_LANDFIELD_BOUGHT","data":{"buyer":{},"landfield":{"tilesCount":4,"country":"Netherlands","landfieldTier":3}},"created_at":"2024-02-26 00:14:40.274009"}}
{"data":{"id":"5e55ae19-7fcc-4fbe-bd5a-0c5c5b21b194","activity_type":"NEW_LANDFIELD_BOUGHT","data":{"buyer":{},"landfield":{"tilesCount":4,"country":"Netherlands","landfieldTier":3}},"created_at":"2024-02-26 00:14:41.016573"}}
{"data":{"id":"64fbfcdd-28d3-447c-9ff9-78737928da8b","activity_type":"NEW_LANDFIELD_BOUGHT","data":{"buyer":{},"landfield":{"tilesCount":4,"country":"Netherlands","landfieldTier":3}},"created_at":"2024-02-26 00:14:42.172119"}}
{"data":{"id":"eb23f5d1-7d05-438f-a309-752f16b0ad14","activity_type":"NEW_LANDFIELD_BOUGHT","data":{"buyer":{},"landfield":{"tilesCount":4,"country":"Netherlands","landfieldTier":3}},"created_at":"2024-02-26 00:14:42.716588"}}
{"data":{"created_at":"2024-02-26T00:15:30.024Z","data":{"buyer":{},"jewel":{"color_name":"GREY","is_crafted":false,"level":1,"name":"Common Prime Grey Jewel","quality_level":"COMMON"},"seller":{},"price":"0.04"},"id":"12d825f7-ce83-4529-8600-4dc48fee1173","activity_type":"JEWEL_BOUGHT","topic":null,"event":"activity-feed"}}
{"data":{"created_at":"2024-02-26T00:15:30.073Z","data":{"buyer":{},"jewel":{"color_name":"GREY","is_crafted":false,"level":1,"name":"Common Prime Grey Jewel","quality_level":"COMMON"},"seller":{},"price":"0.04"},"id":"92b840aa-8fe7-4701-b19d-ad5321a3477d","activity_type":"JEWEL_BOUGHT","topic":null,"event":"activity-feed"}}
{"data":{"created_at":"2024-02-26T00:15:30.115Z","data":{"buyer":{},"jewel":{"color_name":"GREY","is_crafted":false,"level":1,"name":"Common Prime Grey Jewel","quality_level":"COMMON"},"seller":{},"price":"0.04"},"id":"e9f9c575-b658-4b37-a500-bff84b5a979a","activity_type":"JEWEL_BOUGHT","topic":null,"event":"activity-feed"}}
{"data":{"created_at":"2024-02-26T00:15:30.155Z","data":{"buyer":{},"jewel":{"color_name":"GREY","is_crafted":false,"level":1,"name":"Common Prime Grey Jewel","quality_level":"COMMON"},"seller":{},"price":"0.04"},"id":"20450abc-5939-471e-8b28-7e288b79b4d5","activity_type":"JEWEL_BOUGHT","topic":null,"event":"activity-feed"}}
{"data":{"created_at":"2024-02-26T00:15:30.196Z","data":{"buyer":{},"jewel":{"color_name":"GREY","is_crafted":false,"level":1,"name":"Common Prime Grey Jewel","quality_level":"COMMON"},"seller":{},"price":"0.04"},"id":"87bc619c-cdb4-4d40-a3f7-914ba5fbc741","activity_type":"JEWEL_BOUGHT","topic":null,"event":"activity-feed"}}
{"data":{"created_at":"2024-02-26T00:15:30.391Z","data":{"buyer":{},"jewel":{"color_name":"GREY","is_crafted":false,"level":1,"name":"Common Prime Grey Jewel","quality_level":"COMMON"},"seller":{},"price":"0.04"},"id":"7daf32a5-ce2d-47e1-95a0-fd0db091e392","activity_type":"JEWEL_BOUGHT","topic":null,"event":"activity-feed"}}
{"data":{"created_at":"2024-02-26T00:15:30.477Z","data":{"buyer":{},"jewel":{"color_name":"GREY","is_crafted":false,"level":1,"name":"Common Prime Grey Jewel","quality_level":"COMMON"},"seller":{},"price":"0.04"},"id":"90b7a786-82f3-4bcb-93e1-c16bc49d1232","activity_type":"JEWEL_BOUGHT","topic":null,"event":"activity-feed"}}
{"data":{"created_at":"2024-02-26T00:15:30.513Z","data":{"buyer":{},"jewel":{"color_name":"GREY","is_crafted":false,"level":1,"name":"Common Prime Grey Jewel","quality_level":"COMMON"},"seller":{},"price":"0.04"},"id":"9444b33a-0659-4a45-8aec-d9e11d69d569","activity_type":"JEWEL_BOUGHT","topic":null,"event":"activity-feed"}}
{"data":{"created_at":"2024-02-26T00:15:30.551Z","data":{"buyer":{},"jewel":{"color_name":"GREY","is_crafted":false,"level":1,"name":"Common Prime Grey Jewel","quality_level":"COMMON"},"seller":{},"price":"0.04"},"id":"4c382221-929c-4ce7-a757-6e420d3aa944","activity_type":"JEWEL_BOUGHT","topic":null,"event":"activity-feed"}}
{"data":{"created_at":"2024-02-26T00:15:30.584Z","data":{"buyer":{},"jewel":{"color_name":"GREY","is_crafted":false,"level":1,"name":"Common Prime Grey Jewel","quality_level":"COMMON"},"seller":{},"price":"0.04"},"id":"a56d904d-da30-4c25-ba87-00911ee046fb","activity_type":"JEWEL_BOUGHT","topic":null,"event":"activity-feed"}}
{"data":{"created_at":"2024-02-26T00:15:30.752Z","data":{"buyer":{},"jewel":{"color_name":"GREY","is_crafted":false,"level":1,"name":"Common Prime Grey Jewel","quality_level":"COMMON"},"seller":{},"price":"0.04"},"id":"4a9a3302-fec8-445c-aa49-e08b8c1ab431","activity_type":"JEWEL_BOUGHT","topic":null,"event":"activity-feed"}}
{"data":{"created_at":"2024-02-26T00:15:30.861Z","data":{"buyer":{},"jewel":{"color_name":"GREY","is_crafted":false,"level":1,"name":"Common Prime Grey Jewel","quality_level":"COMMON"},"seller":{},"price":"0.04"},"id":"7fafb11d-8639-4df6-adc0-8673c5022c75","activity_type":"JEWEL_BOUGHT","topic":null,"event":"activity-feed"}}
{"data":{"created_at":"2024-02-26T00:15:30.898Z","data":{"buyer":{},"jewel":{"color_name":"GREY","is_crafted":false,"level":1,"name":"Common Prime Grey Jewel","quality_level":"COMMON"},"seller":{},"price":"0.04"},"id":"3e05b121-63b8-49b6-8ef7-414eaa8a9143","activity_type":"JEWEL_BOUGHT","topic":null,"event":"activity-feed"}}
{"data":{"created_at":"2024-02-26T00:15:30.929Z","data":{"buyer":{},"jewel":{"color_name":"GREY","is_crafted":false,"level":1,"name":"Common Prime Grey Jewel","quality_level":"COMMON"},"seller":{},"price":"0.04"},"id":"4cac09df-5a49-4db3-b0d1-468d7625b408","activity_type":"JEWEL_BOUGHT","topic":null,"event":"activity-feed"}}
{"data":{"created_at":"2024-02-26T00:15:30.969Z","data":{"buyer":{},"jewel":{"color_name":"GREY","is_crafted":false,"level":1,"name":"Common Prime Grey Jewel","quality_level":"COMMON"},"seller":{"id":"b88d9248-99d6-41b1-a9ca-49a280d1e374","username":"gegio12"},"price":"0.04"},"id":"346f4a3d-218b-4347-8bf3-0ea2f68312d2","activity_type":"JEWEL_BOUGHT","topic":null,"event":"activity-feed"}}
{"data":{"created_at":"2024-02-26T00:15:31.016Z","data":{"buyer":{},"jewel":{"color_name":"GREY","is_crafted":false,"level":1,"name":"Common Prime Grey Jewel","quality_level":"COMMON"},"seller":{},"price":"0.04"},"id":"53ee68e5-8687-42be-8594-e56bc54d1d55","activity_type":"JEWEL_BOUGHT","topic":null,"event":"activity-feed"}}
{"data":{"created_at":"2024-02-26T00:15:31.127Z","data":{"buyer":{},"jewel":{"color_name":"GREY","is_crafted":false,"level":1,"name":"Common Prime Grey Jewel","quality_level":"COMMON"},"seller":{},"price":"0.04"},"id":"d2a5797c-b367-4104-9fed-a50e7f0a5130","activity_type":"JEWEL_BOUGHT","topic":null,"event":"activity-feed"}}
{"data":{"created_at":"2024-02-26T00:15:31.239Z","data":{"buyer":{},"jewel":{"color_name":"GREY","is_crafted":false,"level":1,"name":"Common Prime Grey Jewel","quality_level":"COMMON"},"seller":{},"price":"0.04"},"id":"c8676fe7-be61-4613-93c2-02b488795e7b","activity_type":"JEWEL_BOUGHT","topic":null,"event":"activity-feed"}}
{"data":{"created_at":"2024-02-26T00:15:31.275Z","data":{"buyer":{},"jewel":{"color_name":"GREY","is_crafted":false,"level":1,"name":"Common Prime Grey Jewel","quality_level":"COMMON"},"seller":{},"price":"0.04"},"id":"00b3676f-2403-482d-8258-995117d9d5e7","activity_type":"JEWEL_BOUGHT","topic":null,"event":"activity-feed"}}
{"data":{"created_at":"2024-02-26T00:15:31.308Z","data":{"buyer":{},"jewel":{"color_name":"GREY","is_crafted":false,"level":1,"name":"Common Prime Grey Jewel","quality_level":"COMMON"},"seller":{},"price":"0.04"},"id":"aadd80aa-2421-4513-a758-8d58eadacab0","activity_type":"JEWEL_BOUGHT","topic":null,"event":"activity-feed"}}
{"data":{"created_at":"2024-02-26T00:15:38.901Z","data":{"buyer":{},"jewel":{"color_name":"GREY","is_crafted":false,"level":1,"name":"Common Prime Grey Jewel","quality_level":"COMMON"},"seller":{},"price":"0.04"},"id":"45ab4b38-89b5-409a-b3eb-c5589c8b9282","activity_type":"JEWEL_BOUGHT","topic":null,"event":"activity-feed"}}
{"data":{"created_at":"2024-02-26T00:15:38.935Z","data":{"buyer":{},"jewel":{"color_name":"GREY","is_crafted":false,"level":1,"name":"Common Prime Grey Jewel","quality_level":"COMMON"},"seller":{},"price":"0.04"},"id":"81b0a95c-2113-4e14-817b-bcd5484b746e","activity_type":"JEWEL_BOUGHT","topic":null,"event":"activity-feed"}}
{"data":{"created_at":"2024-02-26T00:15:38.971Z","data":{"buyer":{},"jewel":{"color_name":"GREY","is_crafted":false,"level":1,"name":"Common Prime Grey Jewel","quality_level":"COMMON"},"seller":{},"price":"0.04"},"id":"f456b426-77ba-431b-bbaa-245ea29c5508","activity_type":"JEWEL_BOUGHT","topic":null,"event":"activity-feed"}}
{"data":{"created_at":"2024-02-26T00:15:39.004Z","data":{"buyer":{},"jewel":{"color_name":"GREY","is_crafted":false,"level":1,"name":"Common Prime Grey Jewel","quality_level":"COMMON"},"seller":{},"price":"0.04"},"id":"742d6afa-a4ec-485a-841f-d6d0f164f056","activity_type":"JEWEL_BOUGHT","topic":null,"event":"activity-feed"}}
{"data":{"created_at":"2024-02-26T00:15:39.049Z","data":{"buyer":{},"jewel":{"color_name":"GREY","is_crafted":false,"level":1,"name":"Common Prime Grey Jewel","quality_level":"COMMON"},"seller":{},"price":"0.04"},"id":"491ce756-ed3a-4fdf-b3dd-65292db47001","activity_type":"JEWEL_BOUGHT","topic":null,"event":"activity-feed"}}
{"data":{"created_at":"2024-02-26T00:15:39.079Z","data":{"buyer":{},"jewel":{"color_name":"GREY","is_crafted":false,"level":1,"name":"Common Prime Grey Jewel","quality_level":"COMMON"},"seller":{},"price":"0.04"},"id":"e58052b9-5e3f-4757-a199-e12de05f433a","activity_type":"JEWEL_BOUGHT","topic":null,"event":"activity-feed"}}
{"data":{"created_at":"2024-02-26T00:15:39.256Z","data":{"buyer":{},"jewel":{"color_name":"GREY","is_crafted":false,"level":1,"name":"Common Prime Grey Jewel","quality_level":"COMMON"},"seller":{},"price":"0.04"},"id":"9cd33329-c130-46ff-87ee-4c9166eba407","activity_type":"JEWEL_BOUGHT","topic":null,"event":"activity-feed"}}
{"data":{"created_at":"2024-02-26T00:15:39.288Z","data":{"buyer":{},"jewel":{"color_name":"GREY","is_crafted":false,"level":1,"name":"Common Prime Grey Jewel","quality_level":"COMMON"},"seller":{},"price":"0.04"},"id":"29fa4dca-4cd3-496e-95b0-751af559e4b5","activity_type":"JEWEL_BOUGHT","topic":null,"event":"activity-feed"}}
{"data":{"created_at":"2024-02-26T00:15:39.340Z","data":{"buyer":{},"jewel":{"color_name":"GREY","is_crafted":false,"level":1,"name":"Common Prime Grey Jewel","quality_level":"COMMON"},"seller":{},"price":"0.04"},"id":"654f4415-707e-4f78-a642-1da92af69385","activity_type":"JEWEL_BOUGHT","topic":null,"event":"activity-feed"}}
{"data":{"created_at":"2024-02-26T00:15:39.380Z","data":{"buyer":{},"jewel":{"color_name":"GREY","is_crafted":false,"level":1,"name":"Common Prime Grey Jewel","quality_level":"COMMON"},"seller":{},"price":"0.04"},"id":"4fba9e6a-1b94-480c-996c-9d14ec0d75ca","activity_type":"JEWEL_BOUGHT","topic":null,"event":"activity-feed"}}
{"data":{"created_at":"2024-02-26T00:15:39.418Z","data":{"buyer":{},"jewel":{"color_name":"GREY","is_crafted":false,"level":1,"name":"Common Prime Grey Jewel","quality_level":"COMMON"},"seller":{},"price":"0.04"},"id":"45b95946-c295-42bd-90de-71ff14dc536e","activity_type":"JEWEL_BOUGHT","topic":null,"event":"activity-feed"}}
{"data":{"created_at":"2024-02-26T00:15:39.469Z","data":{"buyer":{},"jewel":{"color_name":"GREY","is_crafted":false,"level":1,"name":"Common Prime Grey Jewel","quality_level":"COMMON"},"seller":{},"price":"0.04"},"id":"a7837c80-01cd-453f-afd1-6a93c7786ef7","activity_type":"JEWEL_BOUGHT","topic":null,"event":"activity-feed"}}
{"data":{"created_at":"2024-02-26T00:15:39.616Z","data":{"buyer":{},"jewel":{"color_name":"GREY","is_crafted":false,"level":1,"name":"Common Prime Grey Jewel","quality_level":"COMMON"},"seller":{},"price":"0.04"},"id":"7c8ec790-6b20-4779-932b-0a2ce657f8ef","activity_type":"JEWEL_BOUGHT","topic":null,"event":"activity-feed"}}
{"data":{"created_at":"2024-02-26T00:15:39.650Z","data":{"buyer":{},"jewel":{"color_name":"GREY","is_crafted":false,"level":1,"name":"Common Prime Grey Jewel","quality_level":"COMMON"},"seller":{},"price":"0.04"},"id":"7d1116fb-5005-4382-b65e-983138d95a6b","activity_type":"JEWEL_BOUGHT","topic":null,"event":"activity-feed"}}
{"data":{"created_at":"2024-02-26T00:15:39.701Z","data":{"buyer":{},"jewel":{"color_name":"GREY","is_crafted":false,"level":1,"name":"Common Prime Grey Jewel","quality_level":"COMMON"},"seller":{},"price":"0.04"},"id":"6bff16bf-ef3d-47c0-9ac0-300ff17a86f0","activity_type":"JEWEL_BOUGHT","topic":null,"event":"activity-feed"}}
{"data":{"created_at":"2024-02-26T00:15:39.733Z","data":{"buyer":{},"jewel":{"color_name":"GREY","is_crafted":false,"level":1,"name":"Common Prime Grey Jewel","quality_level":"COMMON"},"seller":{},"price":"0.04"},"id":"2f043b03-a5d0-4f3b-bd29-789d647b7dcc","activity_type":"JEWEL_BOUGHT","topic":null,"event":"activity-feed"}}
{"data":{"created_at":"2024-02-26T00:15:39.794Z","data":{"buyer":{},"jewel":{"color_name":"GREY","is_crafted":false,"level":1,"name":"Common Prime Grey Jewel","quality_level":"COMMON"},"seller":{},"price":"0.04"},"id":"372332d2-b791-4968-9abd-17ce0d51f90a","activity_type":"JEWEL_BOUGHT","topic":null,"event":"activity-feed"}}
{"data":{"created_at":"2024-02-26T00:15:39.834Z","data":{"buyer":{},"jewel":{"color_name":"GREY","is_crafted":false,"level":1,"name":"Common Prime Grey Jewel","quality_level":"COMMON"},"seller":{},"price":"0.04"},"id":"f45cd6e2-44b1-4a7e-9b3f-1a3f25a5da0d","activity_type":"JEWEL_BOUGHT","topic":null,"event":"activity-feed"}}
{"data":{"created_at":"2024-02-26T00:15:39.970Z","data":{"buyer":{},"jewel":{"color_name":"GREY","is_crafted":false,"level":1,"name":"Common Prime Grey Jewel","quality_level":"COMMON"},"seller":{},"price":"0.04"},"id":"0b77e451-3fc7-448d-89b4-af23d268f68e","activity_type":"JEWEL_BOUGHT","topic":null,"event":"activity-feed"}}
{"data":{"created_at":"2024-02-26T00:15:40.005Z","data":{"buyer":{},"jewel":{"color_name":"GREY","is_crafted":false,"level":1,"name":"Common Prime Grey Jewel","quality_level":"COMMON"},"seller":{},"price":"0.04"},"id":"7dae893c-7f09-4f86-8a39-da362a260f12","activity_type":"JEWEL_BOUGHT","topic":null,"event":"activity-feed"}}
{"data":{"created_at":"2024-02-26T00:16:04.473Z","data":{"buyer":{},"jewel":{"color_name":"GREY","is_crafted":false,"level":1,"name":"Common Prime Grey Jewel","quality_level":"COMMON"},"seller":{},"price":"0.04"},"id":"8a1260e5-9333-4e1f-985e-b559f2eb5e37","activity_type":"JEWEL_BOUGHT","topic":null,"event":"activity-feed"}}
{"data":{"created_at":"2024-02-26T00:16:04.516Z","data":{"buyer":{},"jewel":{"color_name":"GREY","is_crafted":false,"level":1,"name":"Common Prime Grey Jewel","quality_level":"COMMON"},"seller":{},"price":"0.04"},"id":"b6907213-d278-4534-b001-c243d0f70789","activity_type":"JEWEL_BOUGHT","topic":null,"event":"activity-feed"}}
{"data":{"created_at":"2024-02-26T00:16:04.567Z","data":{"buyer":{},"jewel":{"color_name":"GREY","is_crafted":false,"level":1,"name":"Common Prime Grey Jewel","quality_level":"COMMON"},"seller":{},"price":"0.04"},"id":"5bdf1bf6-05b0-43fb-8f60-44ffc7d4045f","activity_type":"JEWEL_BOUGHT","topic":null,"event":"activity-feed"}}
{"data":{"created_at":"2024-02-26T00:16:04.599Z","data":{"buyer":{},"jewel":{"color_name":"GREY","is_crafted":false,"level":1,"name":"Common Prime Grey Jewel","quality_level":"COMMON"},"seller":{},"price":"0.04"},"id":"38db1ac9-c432-4ead-8f94-49b1902ca427","activity_type":"JEWEL_BOUGHT","topic":null,"event":"activity-feed"}}
{"data":{"created_at":"2024-02-26T00:16:04.638Z","data":{"buyer":{},"jewel":{"color_name":"GREY","is_crafted":false,"level":1,"name":"Common Prime Grey Jewel","quality_level":"COMMON"},"seller":{},"price":"0.04"},"id":"5684016a-8068-4405-a396-c2544a6a63e9","activity_type":"JEWEL_BOUGHT","topic":null,"event":"activity-feed"}}
{"data":{"created_at":"2024-02-26T00:16:04.862Z","data":{"buyer":{},"jewel":{"color_name":"GREY","is_crafted":false,"level":1,"name":"Common Prime Grey Jewel","quality_level":"COMMON"},"seller":{},"price":"0.04"},"id":"de665b99-a653-4ca0-956b-0d793da3f612","activity_type":"JEWEL_BOUGHT","topic":null,"event":"activity-feed"}}
{"data":{"created_at":"2024-02-26T00:16:04.902Z","data":{"buyer":{},"jewel":{"color_name":"GREY","is_crafted":false,"level":1,"name":"Common Prime Grey Jewel","quality_level":"COMMON"},"seller":{},"price":"0.04"},"id":"abd9aad9-c2bd-4459-80b0-697c0a3ef63a","activity_type":"JEWEL_BOUGHT","topic":null,"event":"activity-feed"}}
{"data":{"created_at":"2024-02-26T00:16:04.938Z","data":{"buyer":{},"jewel":{"color_name":"GREY","is_crafted":false,"level":1,"name":"Common Prime Grey Jewel","quality_level":"COMMON"},"seller":{},"price":"0.04"},"id":"60edab35-f1da-4a6d-bee1-dc0d7b489ae9","activity_type":"JEWEL_BOUGHT","topic":null,"event":"activity-feed"}}
{"data":{"created_at":"2024-02-26T00:16:04.969Z","data":{"buyer":{},"jewel":{"color_name":"GREY","is_crafted":false,"level":1,"name":"Common Prime Grey Jewel","quality_level":"COMMON"},"seller":{},"price":"0.04"},"id":"a5ec12a5-7a03-42ca-a3be-2445ab16e700","activity_type":"JEWEL_BOUGHT","topic":null,"event":"activity-feed"}}
{"data":{"created_at":"2024-02-26T00:16:05.113Z","data":{"buyer":{},"jewel":{"color_name":"GREY","is_crafted":false,"level":1,"name":"Common Prime Grey Jewel","quality_level":"COMMON"},"seller":{},"price":"0.04"},"id":"bdbdb969-5a76-4cd1-9d95-40a0430fceb5","activity_type":"JEWEL_BOUGHT","topic":null,"event":"activity-feed"}}
{"data":{"created_at":"2024-02-26T00:16:05.223Z","data":{"buyer":{},"jewel":{"color_name":"GREY","is_crafted":false,"level":1,"name":"Common Prime Grey Jewel","quality_level":"COMMON"},"seller":{},"price":"0.04"},"id":"68273529-1414-44ec-939c-f6b1912c45db","activity_type":"JEWEL_BOUGHT","topic":null,"event":"activity-feed"}}
{"data":{"created_at":"2024-02-26T00:16:05.272Z","data":{"buyer":{},"jewel":{"color_name":"GREY","is_crafted":false,"level":1,"name":"Common Prime Grey Jewel","quality_level":"COMMON"},"seller":{},"price":"0.04"},"id":"06698e60-6831-42da-ba8b-47b266305189","activity_type":"JEWEL_BOUGHT","topic":null,"event":"activity-feed"}}
{"data":{"created_at":"2024-02-26T00:16:05.322Z","data":{"buyer":{},"jewel":{"color_name":"GREY","is_crafted":false,"level":1,"name":"Common Prime Grey Jewel","quality_level":"COMMON"},"seller":{},"price":"0.04"},"id":"69a5933b-8740-4f8a-8656-7f472b305418","activity_type":"JEWEL_BOUGHT","topic":null,"event":"activity-feed"}}
{"data":{"created_at":"2024-02-26T00:16:05.358Z","data":{"buyer":{},"jewel":{"color_name":"GREY","is_crafted":false,"level":1,"name":"Common Prime Grey Jewel","quality_level":"COMMON"},"seller":{},"price":"0.04"},"id":"eb57a53c-33c2-4777-aad8-b7f5641be53e","activity_type":"JEWEL_BOUGHT","topic":null,"event":"activity-feed"}}
{"data":{"created_at":"2024-02-26T00:16:05.406Z","data":{"buyer":{},"jewel":{"color_name":"GREY","is_crafted":false,"level":1,"name":"Common Prime Grey Jewel","quality_level":"COMMON"},"seller":{},"price":"0.04"},"id":"9d6b4dc2-c95f-48e3-b1b3-cea23a86b99c","activity_type":"JEWEL_BOUGHT","topic":null,"event":"activity-feed"}}
{"data":{"created_at":"2024-02-26T00:16:05.536Z","data":{"buyer":{},"jewel":{"color_name":"GREY","is_crafted":false,"level":1,"name":"Common Prime Grey Jewel","quality_level":"COMMON"},"seller":{},"price":"0.04"},"id":"3121eb62-ccde-4d57-bb8e-60e4275ad944","activity_type":"JEWEL_BOUGHT","topic":null,"event":"activity-feed"}}
{"data":{"created_at":"2024-02-26T00:16:05.592Z","data":{"buyer":{},"jewel":{"color_name":"GREY","is_crafted":false,"level":1,"name":"Common Prime Grey Jewel","quality_level":"COMMON"},"seller":{},"price":"0.04"},"id":"b792be08-e144-45e4-8d03-8bdf6069bd28","activity_type":"JEWEL_BOUGHT","topic":null,"event":"activity-feed"}}
{"data":{"created_at":"2024-02-26T00:16:05.622Z","data":{"buyer":{},"jewel":{"color_name":"GREY","is_crafted":false,"level":1,"name":"Common Prime Grey Jewel","quality_level":"COMMON"},"seller":{},"price":"0.04"},"id":"6658282f-2634-4e31-a788-d82078ec894d","activity_type":"JEWEL_BOUGHT","topic":null,"event":"activity-feed"}}
{"data":{"created_at":"2024-02-26T00:16:05.688Z","data":{"buyer":{},"jewel":{"color_name":"GREY","is_crafted":false,"level":1,"name":"Common Prime Grey Jewel","quality_level":"COMMON"},"seller":{},"price":"0.04"},"id":"e53ec7c4-8a0f-4d0d-abfa-0b6608a9617c","activity_type":"JEWEL_BOUGHT","topic":null,"event":"activity-feed"}}
{"data":{"created_at":"2024-02-26T00:16:05.730Z","data":{"buyer":{},"jewel":{"color_name":"GREY","is_crafted":false,"level":1,"name":"Common Prime Grey Jewel","quality_level":"COMMON"},"seller":{},"price":"0.04"},"id":"14b9b845-4382-4314-8ceb-56b2b7c5cc21","activity_type":"JEWEL_BOUGHT","topic":null,"event":"activity-feed"}}
{"data":{"id":"ef01b900-1026-4fc2-a45c-e5b4e0754c6f","activity_type":"NEW_LANDFIELD_BOUGHT","data":{"buyer":{"id":"61928dfd-11d0-46e8-a870-871292ab5c2f","username":"AntoniosKalognomos"},"landfield":{"tilesCount":1,"id":"96a4824a-cb30-443f-a145-0d1aaddb8438","location":"Mytilini, North Aegean, Greece","country":"Greece","landfieldTier":2}},"created_at":"2024-02-26 00:16:17.528454"}}
{"data":{"created_at":"2024-02-26T00:16:31.196Z","data":{"buyer":{},"jewel":{"color_name":"GREY","is_crafted":false,"level":1,"name":"Common Prime Grey Jewel","quality_level":"COMMON"},"seller":{},"price":"0.04"},"id":"6af33d0b-fc0c-4e23-bfd4-251b824f0fee","activity_type":"JEWEL_BOUGHT","topic":null,"event":"activity-feed"}}
{"data":{"created_at":"2024-02-26T00:16:31.230Z","data":{"buyer":{},"jewel":{"color_name":"GREY","is_crafted":false,"level":1,"name":"Common Prime Grey Jewel","quality_level":"COMMON"},"seller":{},"price":"0.04"},"id":"d114a663-feb1-47a5-a418-6ebd1042a27a","activity_type":"JEWEL_BOUGHT","topic":null,"event":"activity-feed"}}
{"data":{"created_at":"2024-02-26T00:16:31.265Z","data":{"buyer":{},"jewel":{"color_name":"GREY","is_crafted":false,"level":1,"name":"Common Prime Grey Jewel","quality_level":"COMMON"},"seller":{},"price":"0.04"},"id":"3419983f-09ae-4a20-8c16-0eb3343c6b89","activity_type":"JEWEL_BOUGHT","topic":null,"event":"activity-feed"}}
{"data":{"created_at":"2024-02-26T00:16:31.294Z","data":{"buyer":{},"jewel":{"color_name":"GREY","is_crafted":false,"level":1,"name":"Common Prime Grey Jewel","quality_level":"COMMON"},"seller":{},"price":"0.04"},"id":"5536db6f-9c2b-4e0e-95e9-e2af0feb0f95","activity_type":"JEWEL_BOUGHT","topic":null,"event":"activity-feed"}}
{"data":{"created_at":"2024-02-26T00:16:31.333Z","data":{"buyer":{},"jewel":{"color_name":"GREY","is_crafted":false,"level":1,"name":"Common Prime Grey Jewel","quality_level":"COMMON"},"seller":{},"price":"0.04"},"id":"aa84c735-3418-4b1b-a78f-9de1cfa2ea1e","activity_type":"JEWEL_BOUGHT","topic":null,"event":"activity-feed"}}
{"data":{"created_at":"2024-02-26T00:16:31.367Z","data":{"buyer":{},"jewel":{"color_name":"GREY","is_crafted":false,"level":1,"name":"Common Prime Grey Jewel","quality_level":"COMMON"},"seller":{},"price":"0.04"},"id":"3b3ffabe-5a7f-48a7-8724-87ed9d243a18","activity_type":"JEWEL_BOUGHT","topic":null,"event":"activity-feed"}}
{"data":{"created_at":"2024-02-26T00:16:31.545Z","data":{"buyer":{},"jewel":{"color_name":"GREY","is_crafted":false,"level":1,"name":"Common Prime Grey Jewel","quality_level":"COMMON"},"seller":{},"price":"0.04"},"id":"adaeb30c-874b-45d4-a068-ef2000665ca2","activity_type":"JEWEL_BOUGHT","topic":null,"event":"activity-feed"}}
{"data":{"created_at":"2024-02-26T00:16:31.578Z","data":{"buyer":{},"jewel":{"color_name":"GREY","is_crafted":false,"level":1,"name":"Common Prime Grey Jewel","quality_level":"COMMON"},"seller":{},"price":"0.04"},"id":"5f54a92f-5e67-4ca6-9b08-e0e70bd615cf","activity_type":"JEWEL_BOUGHT","topic":null,"event":"activity-feed"}}
{"data":{"created_at":"2024-02-26T00:16:31.616Z","data":{"buyer":{},"jewel":{"color_name":"GREY","is_crafted":false,"level":1,"name":"Common Prime Grey Jewel","quality_level":"COMMON"},"seller":{},"price":"0.04"},"id":"c5bad251-072f-4c94-a135-d710d4e7093e","activity_type":"JEWEL_BOUGHT","topic":null,"event":"activity-feed"}}
{"data":{"created_at":"2024-02-26T00:16:31.682Z","data":{"buyer":{},"jewel":{"color_name":"GREY","is_crafted":false,"level":1,"name":"Common Prime Grey Jewel","quality_level":"COMMON"},"seller":{},"price":"0.04"},"id":"bee86779-e436-429f-bb48-51647963fd93","activity_type":"JEWEL_BOUGHT","topic":null,"event":"activity-feed"}}
{"data":{"created_at":"2024-02-26T00:16:31.716Z","data":{"buyer":{},"jewel":{"color_name":"GREY","is_crafted":false,"level":1,"name":"Common Prime Grey Jewel","quality_level":"COMMON"},"seller":{},"price":"0.04"},"id":"c3adddc5-1705-4bd3-853e-2198140a9fb6","activity_type":"JEWEL_BOUGHT","topic":null,"event":"activity-feed"}}
{"data":{"id":"4596157d-d88d-4087-aa5d-4d52f34c134d","activity_type":"EXISTING_LANDFIELD_BOUGHT","data":{"seller":{"id":"93c96433-f0a4-4347-82c2-b204c3ba02ba","username":"PANDAVERSE"},"buyer":{"id":"61928dfd-11d0-46e8-a870-871292ab5c2f","username":"AntoniosKalognomos"},"landfield":{"tilesCount":1,"id":"cd8fff71-8d44-436a-8fd8-c09c567ed21c","location":"Christmas Island","country":"Christmas Island","landfieldTier":1}},"created_at":"2024-02-26 00:17:36.127593"}}
{"data":{"created_at":"2024-02-26T00:22:40.159Z","data":{"buyer":{"id":"2eab812e-5f89-42b9-be1b-7d98672a21ac","username":"Senya"},"jewel":{"color_name":"BLACK","is_crafted":false,"level":1,"name":"Common Prime Black Jewel","quality_level":"COMMON"},"seller":{},"price":"0.03"},"id":"12bb41c4-33f9-407b-aba7-a66332ac519f","activity_type":"JEWEL_BOUGHT","topic":null,"event":"activity-feed"}}
{"data":{"created_at":"2024-02-26T00:22:42.177Z","data":{"buyer":{"id":"2eab812e-5f89-42b9-be1b-7d98672a21ac","username":"Senya"},"jewel":{"color_name":"BLACK","is_crafted":false,"level":1,"name":"Common Prime Black Jewel","quality_level":"COMMON"},"seller":{},"price":"0.03"},"id":"308f616d-f7b7-408a-b69d-e55b1a33e0b6","activity_type":"JEWEL_BOUGHT","topic":null,"event":"activity-feed"}}
{"data":{"id":"a3e92849-9de5-44e2-a8ad-ecc9c75d03b3","activity_type":"HOLOBUILDING_CREATED","data":{"user":{}},"created_at":"2024-02-26 00:22:45.593078"}}
{"data":{"created_at":"2024-02-26T00:23:22.560Z","data":{"buyer":{"id":"e3a4f0e6-b6b7-4181-b840-432cab71df29","username":"simshong"},"jewel":{"color_name":"OCHRE","is_crafted":false,"level":1,"name":"Common Prime Ochre Jewel","quality_level":"COMMON"},"seller":{},"price":"0.03"},"id":"d0764c86-5018-4bc0-a25a-d712656b99a2","activity_type":"JEWEL_BOUGHT","topic":null,"event":"activity-feed"}}
{"data":{"id":"d0543142-2922-48b1-a476-8aeafddd3723","activity_type":"HOLOBUILDING_CREATED","data":{"user":{}},"created_at":"2024-02-26 00:23:25.860683"}}
{"data":{"created_at":"2024-02-26T00:23:37.587Z","data":{"buyer":{"id":"e3a4f0e6-b6b7-4181-b840-432cab71df29","username":"simshong"},"jewel":{"color_name":"OCHRE","is_crafted":false,"level":1,"name":"Common Prime Ochre Jewel","quality_level":"COMMON"},"seller":{},"price":"0.03"},"id":"957ccc3b-d6a5-4075-ba1e-f370e0959b6f","activity_type":"JEWEL_BOUGHT","topic":null,"event":"activity-feed"}}
{"data":{"created_at":"2024-02-26T00:23:54.855Z","data":{"buyer":{"id":"458b6c8a-580c-409b-9d2b-5184e3222c13","username":"Lamppost"},"jewel":{"color_name":"GREEN","is_crafted":false,"level":1,"name":"Common Prime Green Jewel","quality_level":"COMMON"},"seller":{},"price":"0.03"},"id":"6bc4265c-53c8-4a1a-a6dc-d0294e3bedc4","activity_type":"JEWEL_BOUGHT","topic":null,"event":"activity-feed"}}
{"data":{"created_at":"2024-02-26T00:24:01.376Z","data":{"buyer":{"id":"458b6c8a-580c-409b-9d2b-5184e3222c13","username":"Lamppost"},"jewel":{"color_name":"YELLOW","is_crafted":false,"level":1,"name":"Common Prime Yellow Jewel","quality_level":"COMMON"},"seller":{},"price":"0.03"},"id":"f7bff5cc-2a20-444c-be1c-1e2669293c4d","activity_type":"JEWEL_BOUGHT","topic":null,"event":"activity-feed"}}
{"data":{"id":"79a42a6c-f464-4da4-8d34-d5c1fadd7bc8","activity_type":"HOLOBUILDING_CREATED","data":{"user":{}},"created_at":"2024-02-26 00:24:04.109523"}}
{"data":{"created_at":"2024-02-26T00:24:05.485Z","data":{"buyer":{"id":"458b6c8a-580c-409b-9d2b-5184e3222c13","username":"Lamppost"},"jewel":{"color_name":"BLACK","is_crafted":false,"level":1,"name":"Common Prime Black Jewel","quality_level":"COMMON"},"seller":{},"price":"0.03"},"id":"61b4991c-237d-4851-9e12-6bc924aaa369","activity_type":"JEWEL_BOUGHT","topic":null,"event":"activity-feed"}}
{"data":{"created_at":"2024-02-26T00:24:08.453Z","data":{"buyer":{"id":"458b6c8a-580c-409b-9d2b-5184e3222c13","username":"Lamppost"},"jewel":{"color_name":"BLACK","is_crafted":false,"level":1,"name":"Common Prime Black Jewel","quality_level":"COMMON"},"seller":{},"price":"0.03"},"id":"a146671e-57e5-4806-8ee7-dffd6af6c248","activity_type":"JEWEL_BOUGHT","topic":null,"event":"activity-feed"}}
{"data":{"created_at":"2024-02-26T00:24:11.825Z","data":{"buyer":{"id":"458b6c8a-580c-409b-9d2b-5184e3222c13","username":"Lamppost"},"jewel":{"color_name":"ANTHRACITE","is_crafted":true,"level":1,"name":"Cracked Prime Anthracite Jewel","quality_level":"CRACKED"},"seller":{},"price":"0.03"},"id":"069624cd-3bb9-4bb0-b376-0948ec01bffb","activity_type":"JEWEL_BOUGHT","topic":null,"event":"activity-feed"}}
{"data":{"created_at":"2024-02-26T00:24:14.911Z","data":{"buyer":{"id":"458b6c8a-580c-409b-9d2b-5184e3222c13","username":"Lamppost"},"jewel":{"color_name":"BLACK","is_crafted":true,"level":1,"name":"Cracked Prime Black Jewel","quality_level":"CRACKED"},"seller":{},"price":"0.03"},"id":"63a1d719-68e6-4063-aeac-9547cc4dc19d","activity_type":"JEWEL_BOUGHT","topic":null,"event":"activity-feed"}}
{"data":{"created_at":"2024-02-26T00:24:17.997Z","data":{"buyer":{"id":"458b6c8a-580c-409b-9d2b-5184e3222c13","username":"Lamppost"},"jewel":{"color_name":"BLACK","is_crafted":true,"level":1,"name":"Cracked Prime Black Jewel","quality_level":"CRACKED"},"seller":{},"price":"0.03"},"id":"01f1ee4b-fe27-46bd-aecd-e5f1eb55cde7","activity_type":"JEWEL_BOUGHT","topic":null,"event":"activity-feed"}}
{"data":{"created_at":"2024-02-26T00:24:21.220Z","data":{"buyer":{"id":"458b6c8a-580c-409b-9d2b-5184e3222c13","username":"Lamppost"},"jewel":{"color_name":"BLACK","is_crafted":true,"level":1,"name":"Cracked Prime Black Jewel","quality_level":"CRACKED"},"seller":{},"price":"0.03"},"id":"9f158335-1a67-4e28-96ce-4872119a08e4","activity_type":"JEWEL_BOUGHT","topic":null,"event":"activity-feed"}}
{"data":{"created_at":"2024-02-26T00:24:24.456Z","data":{"buyer":{"id":"458b6c8a-580c-409b-9d2b-5184e3222c13","username":"Lamppost"},"jewel":{"color_name":"BLACK","is_crafted":false,"level":1,"name":"Common Prime Black Jewel","quality_level":"COMMON"},"seller":{},"price":"0.03"},"id":"c2766b9f-b7bc-46b5-b297-d8337835074b","activity_type":"JEWEL_BOUGHT","topic":null,"event":"activity-feed"}}
{"data":{"created_at":"2024-02-26T00:24:27.502Z","data":{"buyer":{"id":"458b6c8a-580c-409b-9d2b-5184e3222c13","username":"Lamppost"},"jewel":{"color_name":"BLACK","is_crafted":true,"level":1,"name":"Cracked Prime Black Jewel","quality_level":"CRACKED"},"seller":{},"price":"0.03"},"id":"518ca412-2953-486e-8b98-fe5373520402","activity_type":"JEWEL_BOUGHT","topic":null,"event":"activity-feed"}}
{"data":{"id":"a530de46-7bb7-4e04-8425-4a395e527e10","activity_type":"HOLOBUILDING_CREATED","data":{"user":{}},"created_at":"2024-02-26 00:24:40.016464"}}
{"data":{"id":"9b96fca3-e79c-46cc-b2ad-84299602043b","activity_type":"HOLOBUILDING_CREATED","data":{"user":{}},"created_at":"2024-02-26 00:25:33.890842"}}
{"data":{"id":"9d501178-1574-4f5a-b15e-ae881ebe921f","activity_type":"HOLOBUILDING_CREATED","data":{"user":{}},"created_at":"2024-02-26 00:26:22.346657"}}
{"data":{"id":"d5c8bd21-7d4c-4af5-8a7b-f10de398f38a","activity_type":"BID_DECLINED","data":{"buyer":{},"seller":{"id":"32121b76-e160-447e-b6cd-6cf5a2b75c86","username":"SilverFox"},"landfield":{}},"created_at":"2024-02-26 00:26:30.876664"}}
{"data":{"id":"247fc905-a11b-47d8-8cd2-73648191e264","activity_type":"BID_DECLINED","data":{"buyer":{},"seller":{"id":"32121b76-e160-447e-b6cd-6cf5a2b75c86","username":"SilverFox"},"landfield":{}},"created_at":"2024-02-26 00:26:42.013279"}}
{"data":{"id":"0c4ab0c6-6447-4d20-a524-8b4e4b1b739b","activity_type":"BID_DECLINED","data":{"buyer":{},"seller":{"id":"32121b76-e160-447e-b6cd-6cf5a2b75c86","username":"SilverFox"},"landfield":{}},"created_at":"2024-02-26 00:26:50.092638"}}
{"data":{"id":"e5eece1e-990e-464e-ac45-7bca6dafbf3e","activity_type":"BID_DECLINED","data":{"buyer":{},"seller":{"id":"32121b76-e160-447e-b6cd-6cf5a2b75c86","username":"SilverFox"},"landfield":{}},"created_at":"2024-02-26 00:26:57.235234"}}
{"data":{"id":"c4cf3ecb-19ec-4e57-8ede-6a4fb3453dfe","activity_type":"BID_DECLINED","data":{"buyer":{},"seller":{"id":"32121b76-e160-447e-b6cd-6cf5a2b75c86","username":"SilverFox"},"landfield":{}},"created_at":"2024-02-26 00:27:05.820675"}}
{"data":{"id":"f67171fd-d5cd-45b1-a8ff-2c58831a2df2","activity_type":"HOLOBUILDING_CREATED","data":{"user":{}},"created_at":"2024-02-26 00:27:16.679865"}}
{"data":{"id":"f28e567d-8643-4192-922e-b70043b63952","activity_type":"HOLOBUILDING_CREATED","data":{"user":{}},"created_at":"2024-02-26 00:27:55.739581"}}
{"data":{"created_at":"2024-02-26T00:28:14.638Z","data":{"buyer":{},"jewel":{"color_name":"BLACK","is_crafted":true,"level":1,"name":"Cracked Prime Black Jewel","quality_level":"CRACKED"},"seller":{},"price":"0.03"},"id":"dd105116-5fdf-4f5c-aaa6-4bc033b6be35","activity_type":"JEWEL_BOUGHT","topic":null,"event":"activity-feed"}}
{"data":{"created_at":"2024-02-26T00:28:16.036Z","data":{"buyer":{},"jewel":{"color_name":"BLACK","is_crafted":false,"level":1,"name":"Common Prime Black Jewel","quality_level":"COMMON"},"seller":{},"price":"0.03"},"id":"f10acb5c-9282-4f69-bcb7-b9d5306835ff","activity_type":"JEWEL_BOUGHT","topic":null,"event":"activity-feed"}}
{"data":{"created_at":"2024-02-26T00:28:17.033Z","data":{"buyer":{},"jewel":{"color_name":"ANTHRACITE","is_crafted":true,"level":1,"name":"Cracked Prime Anthracite Jewel","quality_level":"CRACKED"},"seller":{},"price":"0.03"},"id":"3ba1dd46-c6ab-43de-bc20-1f6398932ca9","activity_type":"JEWEL_BOUGHT","topic":null,"event":"activity-feed"}}
{"data":{"created_at":"2024-02-26T00:28:18.042Z","data":{"buyer":{},"jewel":{"color_name":"BLACK","is_crafted":false,"level":1,"name":"Common Prime Black Jewel","quality_level":"COMMON"},"seller":{},"price":"0.03"},"id":"5eca77b4-789f-4982-9f43-9ffcc6fd671e","activity_type":"JEWEL_BOUGHT","topic":null,"event":"activity-feed"}}
{"data":{"id":"484e8246-7dce-4d56-9432-aceaf3883e62","activity_type":"HOLOBUILDING_CREATED","data":{"user":{}},"created_at":"2024-02-26 00:28:30.814062"}}
{"data":{"id":"6be7cbe0-e391-480a-abfd-15af736f213d","activity_type":"HOLOBUILDING_CREATED","data":{"user":{}},"created_at":"2024-02-26 00:29:09.257296"}}
{"data":{"id":"11045cbd-5c59-4afb-8001-c5e66b88d670","activity_type":"HOLOBUILDING_CREATED","data":{"user":{}},"created_at":"2024-02-26 00:29:47.219730"}}
{"data":{"created_at":"2024-02-26T00:30:00.008Z","data":{"buyer":{"id":"458b6c8a-580c-409b-9d2b-5184e3222c13","username":"Lamppost"},"jewel":{"color_name":"GREY","is_crafted":false,"level":1,"name":"Common Prime Grey Jewel","quality_level":"COMMON"},"seller":{},"price":"0.03"},"id":"45ece2c4-84b8-4da0-9551-b6f98a4f61a3","activity_type":"JEWEL_BOUGHT","topic":null,"event":"activity-feed"}}
{"data":{"created_at":"2024-02-26T00:30:06.955Z","data":{"buyer":{"id":"458b6c8a-580c-409b-9d2b-5184e3222c13","username":"Lamppost"},"jewel":{"color_name":"YELLOW","is_crafted":false,"level":1,"name":"Common Prime Yellow Jewel","quality_level":"COMMON"},"seller":{},"price":"0.03"},"id":"f775b02a-324f-4964-9888-ede0f6e1715b","activity_type":"JEWEL_BOUGHT","topic":null,"event":"activity-feed"}}
{"data":{"id":"b424e53d-7fc9-4516-90ad-cb1058fcdc9d","activity_type":"HOLOBUILDING_CREATED","data":{"user":{}},"created_at":"2024-02-26 00:30:59.568168"}}
{"data":{"id":"8dd17ea8-8691-4ff2-ad2e-79e7b9a5396e","activity_type":"HOLOBUILDING_CREATED","data":{"user":{}},"created_at":"2024-02-26 00:32:03.323445"}}
{"data":{"id":"a5c3e9bd-c8e9-4bd6-b1e8-d5d400e6520e","activity_type":"HOLOBUILDING_CREATED","data":{"user":{}},"created_at":"2024-02-26 00:32:35.776933"}}
{"data":{"id":"3243ccd3-908a-443d-9452-f90f507d2b42","activity_type":"HOLOBUILDING_CREATED","data":{"user":{}},"created_at":"2024-02-26 00:33:08.519186"}}
{"data":{"created_at":"2024-02-26T00:33:40.747Z","data":{"buyer":{"id":"4bd24f37-7489-44b7-88b6-2c191b6c10b7","username":"Tobitah"},"jewel":{"color_name":"BLACK","is_crafted":false,"level":1,"name":"Common Prime Black Jewel","quality_level":"COMMON"},"seller":{},"price":"0.03"},"id":"73591caa-3f1e-4d6e-bf81-b23e91d33882","activity_type":"JEWEL_BOUGHT","topic":null,"event":"activity-feed"}}
{"data":{"id":"74bc02dd-7c6b-477e-b3ec-3d1799f49d2b","activity_type":"HOLOBUILDING_CREATED","data":{"user":{}},"created_at":"2024-02-26 00:33:42.275919"}}
{"data":{"created_at":"2024-02-26T00:33:43.626Z","data":{"buyer":{"id":"4bd24f37-7489-44b7-88b6-2c191b6c10b7","username":"Tobitah"},"jewel":{"color_name":"BLACK","is_crafted":false,"level":1,"name":"Common Prime Black Jewel","quality_level":"COMMON"},"seller":{},"price":"0.03"},"id":"b1eff4f3-0468-4598-8640-93569f8789c3","activity_type":"JEWEL_BOUGHT","topic":null,"event":"activity-feed"}}
{"data":{"created_at":"2024-02-26T00:33:47.899Z","data":{"buyer":{"id":"4bd24f37-7489-44b7-88b6-2c191b6c10b7","username":"Tobitah"},"jewel":{"color_name":"OCHRE","is_crafted":false,"level":1,"name":"Common Prime Ochre Jewel","quality_level":"COMMON"},"seller":{},"price":"0.03"},"id":"240677ac-9107-46d5-902a-e0765913c2ae","activity_type":"JEWEL_BOUGHT","topic":null,"event":"activity-feed"}}
{"data":{"created_at":"2024-02-26T00:33:52.344Z","data":{"buyer":{"id":"4bd24f37-7489-44b7-88b6-2c191b6c10b7","username":"Tobitah"},"jewel":{"color_name":"BLACK","is_crafted":false,"level":1,"name":"Common Prime Black Jewel","quality_level":"COMMON"},"seller":{},"price":"0.03"},"id":"c37a25dc-644f-46b8-8e53-b0864185bb35","activity_type":"JEWEL_BOUGHT","topic":null,"event":"activity-feed"}}
{"data":{"created_at":"2024-02-26T00:33:57.337Z","data":{"buyer":{"id":"4bd24f37-7489-44b7-88b6-2c191b6c10b7","username":"Tobitah"},"jewel":{"color_name":"BLACK","is_crafted":false,"level":1,"name":"Common Prime Black Jewel","quality_level":"COMMON"},"seller":{},"price":"0.03"},"id":"2b709a50-8032-4224-b4c1-c537a5815589","activity_type":"JEWEL_BOUGHT","topic":null,"event":"activity-feed"}}
{"data":{"created_at":"2024-02-26T00:34:01.932Z","data":{"buyer":{"id":"4bd24f37-7489-44b7-88b6-2c191b6c10b7","username":"Tobitah"},"jewel":{"color_name":"OCHRE","is_crafted":false,"level":1,"name":"Common Prime Ochre Jewel","quality_level":"COMMON"},"seller":{},"price":"0.03"},"id":"d7d97a71-b6f4-4ea1-b666-9cbbaf0b338d","activity_type":"JEWEL_BOUGHT","topic":null,"event":"activity-feed"}}
{"data":{"created_at":"2024-02-26T00:34:05.077Z","data":{"buyer":{"id":"4bd24f37-7489-44b7-88b6-2c191b6c10b7","username":"Tobitah"},"jewel":{"color_name":"BLACK","is_crafted":false,"level":1,"name":"Common Prime Black Jewel","quality_level":"COMMON"},"seller":{},"price":"0.03"},"id":"4a52358a-87ac-4520-869d-8066f9a63308","activity_type":"JEWEL_BOUGHT","topic":null,"event":"activity-feed"}}
{"data":{"id":"2f1547c5-f09b-4a45-97fe-f4241de8fb11","activity_type":"HOLOBUILDING_CREATED","data":{"user":{}},"created_at":"2024-02-26 00:34:17.851250"}}
{"data":{"id":"65b94df5-ea12-4486-94f0-a9e358efd7da","activity_type":"HOLOBUILDING_CREATED","data":{"user":{}},"created_at":"2024-02-26 00:35:02.843343"}}
{"data":{"id":"95358ed8-1a1d-4a14-85bc-eeffc1c0b3d9","activity_type":"HOLOBUILDING_CREATED","data":{"user":{}},"created_at":"2024-02-26 00:35:39.863178"}}
{"data":{"id":"fbfd0c67-a0fe-448d-8041-5d221dd5e277","activity_type":"HOLOBUILDING_CREATED","data":{"user":{}},"created_at":"2024-02-26 00:36:15.217279"}}
{"data":{"id":"7d0cc68e-3d1c-401c-afed-c5f68b8eb3a6","activity_type":"HOLOBUILDING_CREATED","data":{"user":{}},"created_at":"2024-02-26 00:36:48.388615"}}
{"data":{"id":"e10c157e-ee5d-4225-a036-a725873a2afa","activity_type":"HOLOBUILDING_CREATED","data":{"user":{}},"created_at":"2024-02-26 00:37:26.999679"}}
{"data":{"created_at":"2024-02-26T00:37:57.668Z","data":{"territory":{"code":"SH-TA","name":"Tristan da Cunha","center":[-12.263909,-37.106059]},"t1":0,"t2":0,"esnc":50,"value":50,"user":{}},"id":"009c9d01-560f-43fb-b6ff-e061a0a4f935","activity_type":"T3_VOTE_SUBMITTED","topic":"votes","event":"activity-feed"}}
{"data":{"id":"8e9a60f3-9d0c-42c3-83ca-4e10c216ec47","activity_type":"HOLOBUILDING_CREATED","data":{"user":{}},"created_at":"2024-02-26 00:38:21.011827"}}
{"data":{"id":"49b731b2-e365-4fe5-8a89-e00ee8f32540","activity_type":"HOLOBUILDING_CREATED","data":{"user":{}},"created_at":"2024-02-26 00:38:53.233234"}}
{"data":{"id":"21f6ba95-01b5-4764-b7f2-7c3db639d44f","activity_type":"HOLOBUILDING_CREATED","data":{"user":{}},"created_at":"2024-02-26 00:39:25.041100"}}
{"data":{"id":"436104d1-1586-486d-8a20-8b6aaf810d2e","activity_type":"HOLOBUILDING_CREATED","data":{"user":{}},"created_at":"2024-02-26 00:39:57.672483"}}
{"data":{"created_at":"2024-02-26T00:40:16.646Z","data":{"buyer":{"id":"b4e6a887-ab18-42fd-8fc1-5d631c321f48","username":"KPhoenix"},"jewel":{"color_name":"BLACK","is_crafted":false,"level":1,"name":"Common Prime Black Jewel","quality_level":"COMMON"},"seller":{},"price":"0.03"},"id":"570f2f82-56ce-4236-b5e2-25838037979c","activity_type":"JEWEL_BOUGHT","topic":null,"event":"activity-feed"}}
{"data":{"created_at":"2024-02-26T00:40:19.286Z","data":{"buyer":{"id":"b4e6a887-ab18-42fd-8fc1-5d631c321f48","username":"KPhoenix"},"jewel":{"color_name":"ANTHRACITE","is_crafted":false,"level":1,"name":"Common Prime Anthracite Jewel","quality_level":"COMMON"},"seller":{},"price":"0.03"},"id":"1d99f38f-b681-42ea-8fe6-8256ec6d15a7","activity_type":"JEWEL_BOUGHT","topic":null,"event":"activity-feed"}}
{"data":{"id":"40902dc3-d5c3-4346-9a25-0d81563f8e2b","activity_type":"HOLOBUILDING_CREATED","data":{"user":{}},"created_at":"2024-02-26 00:40:29.668258"}}
{"data":{"id":"5d89e082-2f11-4586-b2db-233172610779","activity_type":"HOLOBUILDING_CREATED","data":{"user":{}},"created_at":"2024-02-26 00:41:01.473291"}}
{"data":{"id":"c48eda68-ee9c-4d9c-8473-384d14b976ff","activity_type":"HOLOBUILDING_CREATED","data":{"user":{}},"created_at":"2024-02-26 00:41:36.113165"}}
{"data":{"created_at":"2024-02-26T00:41:42.504Z","data":{"buyer":{"id":"b4e6a887-ab18-42fd-8fc1-5d631c321f48","username":"KPhoenix"},"jewel":{"color_name":"ANTHRACITE","is_crafted":true,"level":3,"name":"Cracked Prime Anthracite Jewel 3","quality_level":"CRACKED"},"seller":{"id":"a4c77170-680b-498e-bbd1-95a6c99f7e64","username":"ivan1979ce8"},"price":null},"id":"57269f00-6484-467d-9cbb-c2e6d369dae8","activity_type":"JEWEL_BOUGHT","topic":null,"event":"activity-feed"}}
{"data":{"created_at":"2024-02-26T00:41:44.850Z","data":{"buyer":{"id":"b4e6a887-ab18-42fd-8fc1-5d631c321f48","username":"KPhoenix"},"jewel":{"color_name":"OCHRE","is_crafted":true,"level":3,"name":"Cracked Prime Ochre Jewel 3","quality_level":"CRACKED"},"seller":{},"price":"0.25"},"id":"205cfd4e-1eec-4e72-a227-6de817ce4df0","activity_type":"JEWEL_BOUGHT","topic":null,"event":"activity-feed"}}
{"data":{"created_at":"2024-02-26T00:41:47.074Z","data":{"buyer":{"id":"b4e6a887-ab18-42fd-8fc1-5d631c321f48","username":"KPhoenix"},"jewel":{"color_name":"OCHRE","is_crafted":true,"level":3,"name":"Cracked Prime Ochre Jewel 3","quality_level":"CRACKED"},"seller":{},"price":"0.25"},"id":"4d5b66bf-d4fb-4ce3-8fc0-a37d18c28553","activity_type":"JEWEL_BOUGHT","topic":null,"event":"activity-feed"}}
{"data":{"id":"fd85f7de-cdb8-4687-aacc-e21a8568793d","activity_type":"HOLOBUILDING_CREATED","data":{"user":{}},"created_at":"2024-02-26 00:42:10.462402"}}
{"data":{"id":"5455526d-e932-4b54-9b73-4fb5d3d1bb4c","activity_type":"NEW_LANDFIELD_BOUGHT","data":{"buyer":{"id":"ec7d5e4e-5f96-45f5-ac35-a96b25ac5f93","username":"0"},"landfield":{"tilesCount":4,"id":"ecddcbf1-08e1-4211-9116-e47bc53491f9","location":"Chuuk, Micronesia","country":"Micronesia (Federated States of)","landfieldTier":2}},"created_at":"2024-02-26 00:42:18.930076"}}
{"data":{"id":"f533cd2c-2de6-4045-8596-7ca2539bd48e","activity_type":"HOLOBUILDING_CREATED","data":{"user":{}},"created_at":"2024-02-26 00:42:45.394019"}}
{"data":{"id":"f6eb12d3-9063-4fe0-a993-47ffd0df0eda","activity_type":"HOLOBUILDING_CREATED","data":{"user":{}},"created_at":"2024-02-26 00:43:21.125881"}}
{"data":{"id":"df41db6f-e009-485b-bea8-751717c90aba","activity_type":"HOLOBUILDING_CREATED","data":{"user":{}},"created_at":"2024-02-26 00:44:20.717167"}}
{"data":{"id":"287fe887-c749-429c-8d62-6f9d892010df","activity_type":"HOLOBUILDING_CREATED","data":{"user":{}},"created_at":"2024-02-26 00:45:36.155312"}}
{"data":{"id":"4eed091f-dfe3-43b1-813f-8ed183daaa27","activity_type":"HOLOBUILDING_CREATED","data":{"user":{}},"created_at":"2024-02-26 00:48:18.881004"}}
{"data":{"created_at":"2024-02-26T00:48:35.666Z","data":{"buyer":{},"jewel":{"color_name":"BLACK","is_crafted":false,"level":1,"name":"Common Prime Black Jewel","quality_level":"COMMON"},"seller":{},"price":"0.04"},"id":"9deefefd-3bba-4175-ad2c-aa4134a591da","activity_type":"JEWEL_BOUGHT","topic":null,"event":"activity-feed"}}
{"data":{"id":"f81c6b85-b3ae-400f-84b9-d29ce63028ae","activity_type":"HOLOBUILDING_CREATED","data":{"user":{}},"created_at":"2024-02-26 00:48:52.654878"}}
{"data":{"id":"f8245eb5-0165-4ae0-9923-18fc68312383","activity_type":"HOLOBUILDING_CREATED","data":{"user":{}},"created_at":"2024-02-26 00:49:28.343145"}}
{"data":{"id":"4b0c1e96-2bc6-4838-beaf-75c4715304a2","activity_type":"HOLOBUILDING_CREATED","data":{"user":{}},"created_at":"2024-02-26 00:50:00.835250"}}
{"data":{"id":"382da4a2-050c-46da-8fdf-9ac311c42481","activity_type":"HOLOBUILDING_CREATED","data":{"user":{}},"created_at":"2024-02-26 00:50:48.161787"}}
{"data":{"id":"b9ea7ec1-8b57-4d35-a800-ed02b2448dd5","activity_type":"HOLOBUILDING_CREATED","data":{"user":{}},"created_at":"2024-02-26 00:51:22.403023"}}
{"data":{"id":"1431c8b5-47b5-4bf5-91bf-cd63206a55c5","activity_type":"HOLOBUILDING_CREATED","data":{"user":{}},"created_at":"2024-02-26 00:51:55.680070"}}
{"data":{"id":"36a308ec-7bab-4b2e-a8b0-b5b8b9cbb61c","activity_type":"HOLOBUILDING_CREATED","data":{"user":{}},"created_at":"2024-02-26 00:52:04.112242"}}
{"data":{"id":"2d9c5475-43e4-471d-aa32-8a63ea4a2c92","activity_type":"HOLOBUILDING_CREATED","data":{"user":{}},"created_at":"2024-02-26 00:52:28.732366"}}
{"data":{"id":"8cbfd5fc-8d5b-4291-9d66-774cf7095083","activity_type":"HOLOBUILDING_CREATED","data":{"user":{}},"created_at":"2024-02-26 00:53:08.032655"}}
{"data":{"id":"dccf6be2-2495-4e14-8f2b-4745487d2ec9","activity_type":"HOLOBUILDING_CREATED","data":{"user":{}},"created_at":"2024-02-26 00:53:38.448451"}}
{"data":{"id":"4bdf6e83-f5d7-4e1e-9a3d-a062439158e4","activity_type":"HOLOBUILDING_CREATED","data":{"user":{}},"created_at":"2024-02-26 00:54:11.360463"}}
{"data":{"id":"6a8b200a-c4f9-4839-928c-4a63fc73c02c","activity_type":"HOLOBUILDING_CREATED","data":{"user":{}},"created_at":"2024-02-26 00:54:43.283913"}}
{"data":{"id":"6a8a1958-6a2c-44de-97a7-3277076d797c","activity_type":"HOLOBUILDING_CREATED","data":{"user":{}},"created_at":"2024-02-26 00:55:17.723499"}}
{"data":{"id":"14f41408-4232-4a68-8d87-e1d7201fde81","activity_type":"HOLOBUILDING_CREATED","data":{"user":{}},"created_at":"2024-02-26 00:55:51.167732"}}
{"data":{"id":"ce9cf4d1-3cab-48cc-987a-160f1a4ac6b5","activity_type":"HOLOBUILDING_CREATED","data":{"user":{}},"created_at":"2024-02-26 00:56:22.079446"}}
{"data":{"id":"52948305-933f-4af7-9310-0159db8c821c","activity_type":"HOLOBUILDING_CREATED","data":{"user":{}},"created_at":"2024-02-26 00:56:54.303195"}}
{"data":{"id":"5e9c881a-21b0-4d99-ae9d-23a797ac9586","activity_type":"HOLOBUILDING_CREATED","data":{"user":{}},"created_at":"2024-02-26 00:57:28.599971"}}
{"data":{"id":"1e4a634f-c4e4-4ef5-b5d8-824ed70b08e5","activity_type":"BID_PLACED","data":{"buyer":{"id":"90b604fc-5a6d-4ae7-8dee-b46e72bc99b3","username":"E2MOON"},"seller":{},"landfield":{}},"created_at":"2024-02-26 00:57:39.049757"}}
{"data":{"id":"b31259f7-80d2-4c14-a97d-6759e9518eda","activity_type":"HOLOBUILDING_CREATED","data":{"user":{}},"created_at":"2024-02-26 01:00:03.057142"}}
{"data":{"id":"8206d93a-90ff-484a-8f7a-e0a182c44c39","activity_type":"BID_PLACED","data":{"buyer":{"id":"90b604fc-5a6d-4ae7-8dee-b46e72bc99b3","username":"E2MOON"},"seller":{"id":"154fc3c2-41b7-4117-8b23-f0cd8249d996","username":"want13"},"landfield":{"id":"dae88ae0-9c06-432e-aaf5-a1af1a65732e","location":"Northeast Greenland National Park, Greenland"}},"created_at":"2024-02-26 01:01:27.549190"}}
{"data":{"created_at":"2024-02-26T01:02:39.853Z","data":{"buyer":{"id":"ec7d5e4e-5f96-45f5-ac35-a96b25ac5f93","username":"0"},"jewel":{"color_name":"SERPENTINE","is_crafted":true,"level":1,"name":"Cracked Serpentine Jewel","quality_level":"CRACKED"},"seller":{},"price":"0.6"},"id":"2af8a38e-df18-438e-8890-4a4ea1b50e9a","activity_type":"JEWEL_BOUGHT","topic":null,"event":"activity-feed"}}
{"data":{"id":"18dd9dfd-753f-4f3a-97e2-bbf0a86d5862","activity_type":"HOLOBUILDING_CREATED","data":{"user":{}},"created_at":"2024-02-26 01:03:40.755798"}}
{"data":{"id":"0e8235d7-f54b-4ca8-9372-c94233a62026","activity_type":"HOLOBUILDING_CREATED","data":{"user":{}},"created_at":"2024-02-26 01:04:15.223951"}}
{"data":{"id":"4577db72-e3b8-4a62-af08-45be5f5b4ba2","activity_type":"HOLOBUILDING_CREATED","data":{"user":{}},"created_at":"2024-02-26 01:04:50.298811"}}
{"data":{"id":"91db7fbc-44c4-4173-baa6-220f82273d2b","activity_type":"NEW_LANDFIELD_BOUGHT","data":{"buyer":{},"landfield":{"tilesCount":30,"country":"Luxembourg","landfieldTier":2}},"created_at":"2024-02-26 01:04:53.347794"}}
