{"data":{"id":"b8ec19c6-a2a1-4bbd-af97-2715b79f0fd1","activity_type":"NEW_LANDFIELD_BOUGHT","data":{"buyer":{},"landfield":{"tilesCount":11,"country":"Slovenia","landfieldTier":2}},"created_at":"2024-02-29 00:09:31.259063"}}
{"data":{"id":"b31cacc6-4bce-4b8a-8745-7d6e56956b4c","activity_type":"RESOURCE_CLAIM_APPROVED","data":{"user":{},"landfield":{"country":"AU"},"material":{"id":10,"name":"Copper"}},"created_at":"2024-02-29 00:12:41.134068"}}
{"data":{"id":"90a15253-4fb2-48c3-814e-3c7161306088","activity_type":"RESOURCE_CLAIM_APPROVED","data":{"user":{},"landfield":{"country":"AU"},"material":{"id":19,"name":"Niobium"}},"created_at":"2024-02-29 00:12:49.547243"}}
{"data":{"id":"b4da9412-32b8-4d5a-8678-adefdfc03aa6","activity_type":"RESOURCE_CLAIM_APPROVED","data":{"user":{},"landfield":{"country":"AU"},"material":{"id":31,"name":"Thorium"}},"created_at":"2024-02-29 00:13:02.084623"}}
{"data":{"id":"e79b3b9d-64ba-4c93-8906-cc3c22c297d0","activity_type":"RESOURCE_CLAIM_APPROVED","data":{"user":{},"landfield":{"country":"AU"},"material":{"id":23,"name":"Titanium"}},"created_at":"2024-02-29 00:13:53.445460"}}
{"data":{"id":"59862f1a-fe03-463f-8917-db3ef52e72af","activity_type":"NEW_LANDFIELD_BOUGHT","data":{"buyer":{},"landfield":{"tilesCount":20,"country":"Slovenia","landfieldTier":2}},"created_at":"2024-02-29 00:14:20.071327"}}
{"data":{"id":"195efb69-34cb-4f40-9569-b026285683c0","activity_type":"RESOURCE_CLAIM_APPROVED","data":{"user":{},"landfield":{"country":"AU"},"material":{"id":24,"name":"Molybdenum"}},"created_at":"2024-02-29 00:14:22.746292"}}
{"data":{"id":"cf983deb-ec3d-4bb7-a8a4-d970969b4d16","activity_type":"RESOURCE_CLAIM_APPROVED","data":{"user":{},"landfield":{"country":"AU"},"material":{"id":29,"name":"Rhenium"}},"created_at":"2024-02-29 00:14:31.631366"}}
{"data":{"id":"d4b499f3-edd2-4cfe-af57-e7593fc1c917","activity_type":"RESOURCE_CLAIM_APPROVED","data":{"user":{},"landfield":{"country":"AU"},"material":{"id":26,"name":"Tantalum"}},"created_at":"2024-02-29 00:14:39.826453"}}
{"data":{"id":"b749f9ee-db14-453d-b28e-2721e85f3418","activity_type":"RESOURCE_CLAIM_APPROVED","data":{"user":{},"landfield":{"country":"SE"},"material":{"id":12,"name":"Zinc"}},"created_at":"2024-02-29 00:16:33.574067"}}
{"data":{"id":"9b6bb8fb-ce44-4298-a9e8-cf6b6842be21","activity_type":"RESOURCE_CLAIM_APPROVED","data":{"user":{},"landfield":{"country":"SE"},"material":{"id":10,"name":"Copper"}},"created_at":"2024-02-29 00:16:45.346496"}}
{"data":{"id":"ad7b07f4-628e-400d-8baf-e3eb6d628e11","activity_type":"RESOURCE_CLAIM_APPROVED","data":{"user":{},"landfield":{"country":"SE"},"material":{"id":14,"name":"Nickel"}},"created_at":"2024-02-29 00:16:53.103938"}}
{"data":{"id":"73b41f62-8096-42ee-834b-7c8c24967285","activity_type":"RESOURCE_CLAIM_APPROVED","data":{"user":{},"landfield":{"country":"SE"},"material":{"id":9,"name":"Silver"}},"created_at":"2024-02-29 00:17:01.109167"}}
{"data":{"created_at":"2024-02-29T00:17:11.946Z","data":{"buyer":{},"jewel":{"color_name":"OCHRE","is_crafted":false,"level":1,"name":"Common Prime Ochre Jewel","quality_level":"COMMON"},"seller":{},"price":"0.03"},"id":"d7fee6a9-bd1d-4ceb-b1dd-acbbfa3850c4","activity_type":"JEWEL_BOUGHT","topic":null,"event":"activity-feed"}}
{"data":{"id":"5445e7a0-9004-4fbe-82a7-96253f4d1ad6","activity_type":"EXISTING_LANDFIELD_BOUGHT","data":{"seller":{},"buyer":{"id":"997735bf-0e15-45d7-8dfc-14305067b2d3","username":"metaverseprofessional"},"landfield":{"tilesCount":750,"country":"Mexico","landfieldTier":3}},"created_at":"2024-02-29 00:17:28.203554"}}
{"data":{"id":"99204325-c643-48ce-8bc6-ced40c8d3cdb","activity_type":"RESOURCE_CLAIM_APPROVED","data":{"user":{},"landfield":{"country":"GL"},"material":{"id":12,"name":"Zinc"}},"created_at":"2024-02-29 00:17:55.427770"}}
{"data":{"created_at":"2024-02-29T00:18:27.530Z","data":{"buyer":{},"jewel":{"color_name":"OCHRE","is_crafted":true,"level":3,"name":"Cracked Prime Ochre Jewel 3","quality_level":"CRACKED"},"seller":{"id":"58bd7f97-bfd9-4be2-8ca7-a95f7e3db52c","username":"RainbowDripz"},"price":"0.24"},"id":"1691d7ae-6b19-44e9-868b-3aabe8d0f347","activity_type":"JEWEL_BOUGHT","topic":null,"event":"activity-feed"}}
{"data":{"created_at":"2024-02-29T00:18:27.577Z","data":{"buyer":{},"jewel":{"color_name":"OCHRE","is_crafted":true,"level":3,"name":"Cracked Prime Ochre Jewel 3","quality_level":"CRACKED"},"seller":{"id":"58bd7f97-bfd9-4be2-8ca7-a95f7e3db52c","username":"RainbowDripz"},"price":"0.24"},"id":"d5531625-d872-40e9-a068-6a3ce6737255","activity_type":"JEWEL_BOUGHT","topic":null,"event":"activity-feed"}}
{"data":{"created_at":"2024-02-29T00:18:27.741Z","data":{"buyer":{},"jewel":{"color_name":"OCHRE","is_crafted":true,"level":3,"name":"Cracked Prime Ochre Jewel 3","quality_level":"CRACKED"},"seller":{"id":"58bd7f97-bfd9-4be2-8ca7-a95f7e3db52c","username":"RainbowDripz"},"price":"0.24"},"id":"33a51713-63ef-4d62-b62c-393059ebfb0c","activity_type":"JEWEL_BOUGHT","topic":null,"event":"activity-feed"}}
{"data":{"created_at":"2024-02-29T00:18:27.781Z","data":{"buyer":{},"jewel":{"color_name":"OCHRE","is_crafted":true,"level":3,"name":"Cracked Prime Ochre Jewel 3","quality_level":"CRACKED"},"seller":{"id":"58bd7f97-bfd9-4be2-8ca7-a95f7e3db52c","username":"RainbowDripz"},"price":"0.24"},"id":"9b725511-a5dc-4045-8ec4-0beb71641e5e","activity_type":"JEWEL_BOUGHT","topic":null,"event":"activity-feed"}}
{"data":{"created_at":"2024-02-29T00:18:27.823Z","data":{"buyer":{},"jewel":{"color_name":"OCHRE","is_crafted":true,"level":3,"name":"Cracked Prime Ochre Jewel 3","quality_level":"CRACKED"},"seller":{"id":"58bd7f97-bfd9-4be2-8ca7-a95f7e3db52c","username":"RainbowDripz"},"price":"0.24"},"id":"fbda7599-6da8-45e2-91b4-9961ca9314b3","activity_type":"JEWEL_BOUGHT","topic":null,"event":"activity-feed"}}
{"data":{"created_at":"2024-02-29T00:18:27.978Z","data":{"buyer":{},"jewel":{"color_name":"BLUE","is_crafted":true,"level":3,"name":"Cracked Prime Blue Jewel 3","quality_level":"CRACKED"},"seller":{"id":"58bd7f97-bfd9-4be2-8ca7-a95f7e3db52c","username":"RainbowDripz"},"price":"0.24"},"id":"c90ed1b5-2199-4b32-9d28-f4e1da1a686c","activity_type":"JEWEL_BOUGHT","topic":null,"event":"activity-feed"}}
{"data":{"created_at":"2024-02-29T00:18:28.023Z","data":{"buyer":{},"jewel":{"color_name":"BLUE","is_crafted":true,"level":3,"name":"Cracked Prime Blue Jewel 3","quality_level":"CRACKED"},"seller":{"id":"58bd7f97-bfd9-4be2-8ca7-a95f7e3db52c","username":"RainbowDripz"},"price":"0.24"},"id":"b65fad9e-9502-4277-9dd6-d749a69a3a95","activity_type":"JEWEL_BOUGHT","topic":null,"event":"activity-feed"}}
{"data":{"created_at":"2024-02-29T00:18:28.058Z","data":{"buyer":{},"jewel":{"color_name":"OCHRE","is_crafted":true,"level":3,"name":"Cracked Prime Ochre Jewel 3","quality_level":"CRACKED"},"seller":{"id":"58bd7f97-bfd9-4be2-8ca7-a95f7e3db52c","username":"RainbowDripz"},"price":"0.24"},"id":"c93af724-f4e3-4a2d-9fb8-1ba04e87bba0","activity_type":"JEWEL_BOUGHT","topic":null,"event":"activity-feed"}}
{"data":{"created_at":"2024-02-29T00:18:28.097Z","data":{"buyer":{},"jewel":{"color_name":"OCHRE","is_crafted":true,"level":3,"name":"Cracked Prime Ochre Jewel 3","quality_level":"CRACKED"},"seller":{"id":"58bd7f97-bfd9-4be2-8ca7-a95f7e3db52c","username":"RainbowDripz"},"price":"0.24"},"id":"a5d0ccbe-5822-4c5f-bfa4-de1d2a1fe11b","activity_type":"JEWEL_BOUGHT","topic":null,"event":"activity-feed"}}
{"data":{"created_at":"2024-02-29T00:18:28.131Z","data":{"buyer":{},"jewel":{"color_name":"OCHRE","is_crafted":true,"level":3,"name":"Cracked Prime Ochre Jewel 3","quality_level":"CRACKED"},"seller":{"id":"58bd7f97-bfd9-4be2-8ca7-a95f7e3db52c","username":"RainbowDripz"},"price":"0.24"},"id":"f7ce5bfd-c62f-4d5f-974e-43720d0101ea","activity_type":"JEWEL_BOUGHT","topic":null,"event":"activity-feed"}}
{"data":{"created_at":"2024-02-29T00:18:28.181Z","data":{"buyer":{},"jewel":{"color_name":"OCHRE","is_crafted":true,"level":3,"name":"Cracked Prime Ochre Jewel 3","quality_level":"CRACKED"},"seller":{"id":"58bd7f97-bfd9-4be2-8ca7-a95f7e3db52c","username":"RainbowDripz"},"price":"0.24"},"id":"77db09de-4d3b-4852-a107-abfcca2cf6fc","activity_type":"JEWEL_BOUGHT","topic":null,"event":"activity-feed"}}
{"data":{"id":"f808eeb3-1430-447d-8837-06fd8588fe28","activity_type":"RESOURCE_CLAIM_APPROVED","data":{"user":{},"landfield":{"country":"GL"},"material":{"id":10,"name":"Copper"}},"created_at":"2024-02-29 00:18:41.671716"}}
{"data":{"id":"9308d23a-aa5c-462a-a9b3-664eda418c3b","activity_type":"RESOURCE_CLAIM_APPROVED","data":{"user":{},"landfield":{"country":"GL"},"material":{"id":10,"name":"Copper"}},"created_at":"2024-02-29 00:18:41.926082"}}
{"data":{"id":"c1beff19-041a-4264-b6f4-e5a433857281","activity_type":"RESOURCE_CLAIM_APPROVED","data":{"user":{},"landfield":{"country":"GL"},"material":{"id":16,"name":"Chromium"}},"created_at":"2024-02-29 00:19:01.166482"}}
{"data":{"id":"6deebe0c-251c-4c86-ab22-5ef3e1e04668","activity_type":"RESOURCE_CLAIM_APPROVED","data":{"user":{},"landfield":{"country":"US"},"material":{"id":29,"name":"Rhenium"}},"created_at":"2024-02-29 00:19:49.596622"}}
{"data":{"id":"b1737277-77e3-4b6e-bf99-d1c28a4e5948","activity_type":"RESOURCE_CLAIM_APPROVED","data":{"user":{},"landfield":{"country":"SO"},"material":{"id":13,"name":"Tin"}},"created_at":"2024-02-29 00:23:26.497102"}}
{"data":{"created_at":"2024-02-29T00:25:28.227Z","data":{"buyer":{},"jewel":{"color_name":"SERPENTINE","is_crafted":true,"level":1,"name":"Cracked Serpentine Jewel","quality_level":"CRACKED"},"seller":{},"price":"0.67"},"id":"389a485c-092d-4316-b671-8dc476fde6b5","activity_type":"JEWEL_BOUGHT","topic":null,"event":"activity-feed"}}
{"data":{"created_at":"2024-02-29T00:25:28.279Z","data":{"buyer":{},"jewel":{"color_name":"SERPENTINE","is_crafted":true,"level":1,"name":"Cracked Serpentine Jewel","quality_level":"CRACKED"},"seller":{},"price":"0.67"},"id":"a7368857-6eb2-48d3-911c-d3c77cba5a3c","activity_type":"JEWEL_BOUGHT","topic":null,"event":"activity-feed"}}
{"data":{"created_at":"2024-02-29T00:25:28.337Z","data":{"buyer":{},"jewel":{"color_name":"SERPENTINE","is_crafted":true,"level":1,"name":"Cracked Serpentine Jewel","quality_level":"CRACKED"},"seller":{},"price":"0.67"},"id":"ae0a99fb-f430-45b0-bcfd-4bb1ba28ae3a","activity_type":"JEWEL_BOUGHT","topic":null,"event":"activity-feed"}}
{"data":{"id":"d75899db-e126-4b04-a584-62b9a6efe4f7","activity_type":"BID_PLACED","data":{"anonymous":true},"created_at":"2024-02-29 00:27:13.895010"}}
{"data":{"id":"4b9bcb9f-2975-4955-9c1f-5e8dabbc8cec","activity_type":"BID_PLACED","data":{"anonymous":true},"created_at":"2024-02-29 00:27:23.270472"}}
{"data":{"id":"0ddc2aae-78d7-48d1-b159-a4d5c6ddad30","activity_type":"BID_PLACED","data":{"anonymous":true},"created_at":"2024-02-29 00:27:33.170108"}}
{"data":{"created_at":"2024-02-29T00:28:49.722Z","data":{"buyer":{},"jewel":{"color_name":"GREY","is_crafted":true,"level":3,"name":"Cracked Prime Grey Jewel 3","quality_level":"CRACKED"},"seller":{"id":"58bd7f97-bfd9-4be2-8ca7-a95f7e3db52c","username":"RainbowDripz"},"price":"0.3"},"id":"7000a5dc-7510-4bff-ba49-7df76ae201ec","activity_type":"JEWEL_BOUGHT","topic":null,"event":"activity-feed"}}
{"data":{"created_at":"2024-02-29T00:28:54.585Z","data":{"buyer":{},"jewel":{"color_name":"GREY","is_crafted":true,"level":3,"name":"Cracked Prime Grey Jewel 3","quality_level":"CRACKED"},"seller":{"id":"58bd7f97-bfd9-4be2-8ca7-a95f7e3db52c","username":"RainbowDripz"},"price":"0.3"},"id":"1fa73729-1d5d-477e-964c-caf98e9feb29","activity_type":"JEWEL_BOUGHT","topic":null,"event":"activity-feed"}}
{"data":{"created_at":"2024-02-29T00:28:57.830Z","data":{"buyer":{},"jewel":{"color_name":"GREY","is_crafted":true,"level":3,"name":"Cracked Prime Grey Jewel 3","quality_level":"CRACKED"},"seller":{"id":"58bd7f97-bfd9-4be2-8ca7-a95f7e3db52c","username":"RainbowDripz"},"price":"0.3"},"id":"a2bb3e4d-9031-42b8-9114-ee32195ff2ec","activity_type":"JEWEL_BOUGHT","topic":null,"event":"activity-feed"}}
{"data":{"created_at":"2024-02-29T00:29:01.293Z","data":{"buyer":{},"jewel":{"color_name":"GREY","is_crafted":true,"level":3,"name":"Cracked Prime Grey Jewel 3","quality_level":"CRACKED"},"seller":{"id":"58bd7f97-bfd9-4be2-8ca7-a95f7e3db52c","username":"RainbowDripz"},"price":"0.3"},"id":"5ae38471-31cd-40a4-aaf8-314cd030c02b","activity_type":"JEWEL_BOUGHT","topic":null,"event":"activity-feed"}}
{"data":{"created_at":"2024-02-29T00:29:05.109Z","data":{"landfield":{"id":"813d8ad3-4226-4560-a178-d5a6445782b9","description":"💥PAGO PAGO💥WESTERN💥1xCYDROID💥"},"user":{"id":"5bb8a5e9-7a06-4fd5-b92d-7e54eeb41449","username":"fleet8080"}},"id":"ca4c247a-91f5-49e2-b5ce-ebf95cfed122","activity_type":"EPL_PURCHASED","topic":null,"event":"activity-feed"}}
{"data":{"created_at":"2024-02-29T00:29:06.872Z","data":{"buyer":{},"jewel":{"color_name":"GREY","is_crafted":true,"level":3,"name":"Cracked Prime Grey Jewel 3","quality_level":"CRACKED"},"seller":{},"price":"0.33"},"id":"b35b4724-92d0-4562-aad8-822001d67c5e","activity_type":"JEWEL_BOUGHT","topic":null,"event":"activity-feed"}}
{"data":{"id":"d35b8f41-543a-4a03-a1c6-97fc49c4060f","activity_type":"BID_ACCEPTED","data":{"anonymous":true},"created_at":"2024-02-29 00:29:30.671804"}}
{"data":{"created_at":"2024-02-29T00:29:45.759Z","data":{"buyer":{},"jewel":{"color_name":"GREEN","is_crafted":true,"level":3,"name":"Cracked Prime Green Jewel 3","quality_level":"CRACKED"},"seller":{"id":"82b64825-c8f1-4693-90f9-97e67cfdeb72","username":"SteMac"},"price":"0.25"},"id":"93417504-431c-4314-b306-62b45bd11456","activity_type":"JEWEL_BOUGHT","topic":null,"event":"activity-feed"}}
{"data":{"id":"c1f362c5-7df3-48fe-8cd6-36af500d44a3","activity_type":"BID_ACCEPTED","data":{"anonymous":true},"created_at":"2024-02-29 00:29:48.062765"}}
{"data":{"created_at":"2024-02-29T00:29:50.101Z","data":{"buyer":{},"jewel":{"color_name":"GREEN","is_crafted":true,"level":3,"name":"Cracked Prime Green Jewel 3","quality_level":"CRACKED"},"seller":{"id":"82b64825-c8f1-4693-90f9-97e67cfdeb72","username":"SteMac"},"price":"0.27"},"id":"fa96fca3-a9e1-455d-8db0-467d6e197c7d","activity_type":"JEWEL_BOUGHT","topic":null,"event":"activity-feed"}}
{"data":{"created_at":"2024-02-29T00:29:53.365Z","data":{"buyer":{},"jewel":{"color_name":"GREEN","is_crafted":true,"level":3,"name":"Cracked Prime Green Jewel 3","quality_level":"CRACKED"},"seller":{"id":"82b64825-c8f1-4693-90f9-97e67cfdeb72","username":"SteMac"},"price":"0.27"},"id":"8fe57ea2-63c6-4f42-b4fd-6a7a8ab577d8","activity_type":"JEWEL_BOUGHT","topic":null,"event":"activity-feed"}}
{"data":{"id":"93e719ea-ca96-4794-8f7e-4f565160b823","activity_type":"BID_ACCEPTED","data":{"anonymous":true},"created_at":"2024-02-29 00:29:55.876265"}}
{"data":{"created_at":"2024-02-29T00:29:57.012Z","data":{"buyer":{},"jewel":{"color_name":"GREEN","is_crafted":true,"level":3,"name":"Cracked Prime Green Jewel 3","quality_level":"CRACKED"},"seller":{"id":"82b64825-c8f1-4693-90f9-97e67cfdeb72","username":"SteMac"},"price":"0.28"},"id":"5fae062a-1826-49b3-8cf4-192e8bf15f15","activity_type":"JEWEL_BOUGHT","topic":null,"event":"activity-feed"}}
{"data":{"id":"9c522e2f-3603-4336-be54-0b97c0438743","activity_type":"BID_ACCEPTED","data":{"anonymous":true},"created_at":"2024-02-29 00:30:03.747201"}}
{"data":{"id":"2e0db696-1846-4534-9dd5-265c8f7639e8","activity_type":"BID_PLACED","data":{"anonymous":true},"created_at":"2024-02-29 00:30:24.207209"}}
{"data":{"id":"07608121-c0c8-491b-ba11-7c45e1e9f144","activity_type":"NEW_LANDFIELD_BOUGHT","data":{"buyer":{},"landfield":{"tilesCount":4,"country":"Israel","landfieldTier":2}},"created_at":"2024-02-29 00:30:38.149508"}}
{"data":{"id":"0f0a1d70-8da2-40cf-ae52-59a7d67d8c58","activity_type":"BID_PLACED","data":{"anonymous":true},"created_at":"2024-02-29 00:30:48.259074"}}
{"data":{"id":"fd15f9e3-5eb1-4215-bb04-1fb8eb837c10","activity_type":"BID_PLACED","data":{"anonymous":true},"created_at":"2024-02-29 00:30:58.653371"}}
{"data":{"id":"3fb22211-2399-466b-bdef-6f370f0173ef","activity_type":"EXISTING_LANDFIELD_BOUGHT","data":{"seller":{},"buyer":{},"landfield":{"tilesCount":280,"country":"Mexico","landfieldTier":3}},"created_at":"2024-02-29 00:32:10.729647"}}
{"data":{"id":"5156892a-dba0-432d-9f9e-65cd39d3cd46","activity_type":"BID_ACCEPTED","data":{"anonymous":true},"created_at":"2024-02-29 00:32:13.440900"}}
{"data":{"id":"29ff3d56-2327-4761-b849-bdc8d9f9d7c1","activity_type":"BID_ACCEPTED","data":{"anonymous":true},"created_at":"2024-02-29 00:32:22.061494"}}
{"data":{"id":"f40ca1b0-194a-428e-880f-5921f94e4ccc","activity_type":"BID_ACCEPTED","data":{"anonymous":true},"created_at":"2024-02-29 00:32:29.410134"}}
{"data":{"id":"f8a0b30d-21eb-44b2-989d-04d15d052e8c","activity_type":"BID_ACCEPTED","data":{"anonymous":true},"created_at":"2024-02-29 00:32:39.401014"}}
{"data":{"id":"c5f0c90f-40a4-441b-a52f-6430e6febdb9","activity_type":"BID_ACCEPTED","data":{"anonymous":true},"created_at":"2024-02-29 00:32:47.331155"}}
{"data":{"id":"4e8c4b1a-41d1-4d36-bab8-49946fa41d65","activity_type":"BID_ACCEPTED","data":{"anonymous":true},"created_at":"2024-02-29 00:32:56.500279"}}
{"data":{"created_at":"2024-02-29T00:33:03.427Z","data":{"landfield":{"id":"3cd6eb47-85f9-4aea-ae62-4bd8e5b4c16b","description":"💥PAGO PAGO💥WESTERN💥1xCYDROID💥"},"user":{"id":"5bb8a5e9-7a06-4fd5-b92d-7e54eeb41449","username":"fleet8080"}},"id":"194f6b07-3181-4c2e-a523-0b84e9c469a6","activity_type":"EPL_PURCHASED","topic":null,"event":"activity-feed"}}
{"data":{"id":"b91badac-6255-46cb-92d4-ab54c3adbe7e","activity_type":"BID_ACCEPTED","data":{"anonymous":true},"created_at":"2024-02-29 00:33:03.985424"}}
{"data":{"id":"75151a7e-d391-4612-a040-75408a88c3b1","activity_type":"BID_ACCEPTED","data":{"anonymous":true},"created_at":"2024-02-29 00:33:11.274844"}}
{"data":{"id":"e05e036c-d1a7-4744-8769-d891bd415b78","activity_type":"BID_ACCEPTED","data":{"anonymous":true},"created_at":"2024-02-29 00:33:17.868907"}}
{"data":{"id":"c70ca696-5a8c-4042-9f13-99e17ae377c6","activity_type":"BID_ACCEPTED","data":{"anonymous":true},"created_at":"2024-02-29 00:33:25.965059"}}
{"data":{"id":"056b90a6-5ef3-4afb-bfd5-ed160db26b02","activity_type":"BID_ACCEPTED","data":{"anonymous":true},"created_at":"2024-02-29 00:33:32.834375"}}
{"data":{"id":"f7344a7b-34d0-47ff-8ee4-cba5da774215","activity_type":"RESOURCE_CLAIM_APPROVED","data":{"user":{},"landfield":{"country":"US"},"material":{"id":28,"name":"Uranium"}},"created_at":"2024-02-29 00:35:04.287769"}}
{"data":{"id":"b080e98d-82fd-4ba9-b741-4d933dfbefa4","activity_type":"RESOURCE_CLAIM_APPROVED","data":{"user":{},"landfield":{"country":"US"},"material":{"id":22,"name":"Zirconium"}},"created_at":"2024-02-29 00:35:12.534853"}}
{"data":{"id":"53478335-cca4-4635-bb95-8c75fe46b4e2","activity_type":"RESOURCE_CLAIM_APPROVED","data":{"user":{},"landfield":{"country":"SO"},"material":{"id":31,"name":"Thorium"}},"created_at":"2024-02-29 00:35:30.825904"}}
{"data":{"id":"c37e62f5-ce46-4dca-9501-16ad81ec3a03","activity_type":"RESOURCE_CLAIM_APPROVED","data":{"user":{},"landfield":{"country":"GL"},"material":{"id":9,"name":"Silver"}},"created_at":"2024-02-29 00:35:35.943716"}}
{"data":{"id":"5df9c5c4-133b-4353-acc0-6fcb2323cfbd","activity_type":"RESOURCE_CLAIM_APPROVED","data":{"user":{},"landfield":{"country":"GL"},"material":{"id":9,"name":"Silver"}},"created_at":"2024-02-29 00:35:36.138420"}}
{"data":{"id":"8a30d531-e6d9-4d4c-8ade-786a489b6b2a","activity_type":"RESOURCE_CLAIM_APPROVED","data":{"user":{},"landfield":{"country":"GL"},"material":{"id":14,"name":"Nickel"}},"created_at":"2024-02-29 00:35:44.675052"}}
{"data":{"id":"ad442d9d-78a4-4a80-8a13-8b3062ae4797","activity_type":"RESOURCE_CLAIM_APPROVED","data":{"user":{},"landfield":{"country":"GL"},"material":{"id":14,"name":"Nickel"}},"created_at":"2024-02-29 00:35:44.933199"}}
{"data":{"id":"4d6924e1-ddfc-437e-bcb6-89fc914d2489","activity_type":"RESOURCE_CLAIM_APPROVED","data":{"user":{},"landfield":{"country":"PR"},"material":{"id":24,"name":"Molybdenum"}},"created_at":"2024-02-29 00:36:20.968442"}}
{"data":{"id":"07168dca-62d1-4f66-80fa-50f0075586ea","activity_type":"RESOURCE_CLAIM_APPROVED","data":{"user":{"id":"f7e083f1-b179-479b-8d34-f3f6e088c20c","username":"ＬｅｄｇｅＡｎｄａｒｙΩMEGACity"},"landfield":{"country":"SE","id":"a710a6f8-0637-442b-ac67-84048f0ccfbc","description":"Kristineberg"},"material":{"id":12,"name":"Zinc"}},"created_at":"2024-02-29 00:36:31.770806"}}
{"data":{"id":"3fac6e07-fc6c-4723-bd5b-807f3e2fc3c5","activity_type":"RESOURCE_CLAIM_APPROVED","data":{"user":{"id":"a64f4a23-4a02-488a-9e7f-aa8aafe27cd2","username":"JSUNDesigns"},"landfield":{"country":"GL","id":"5ae6b77f-42c4-445a-9810-1b7cc5a44507","description":"Greenland 140 Kvanefjeld REE Mine"},"material":{"id":24,"name":"Molybdenum"}},"created_at":"2024-02-29 00:36:40.342996"}}
{"data":{"id":"f7aec412-3fe9-4fbd-a419-3f7c3e84d312","activity_type":"RESOURCE_CLAIM_APPROVED","data":{"user":{"id":"a64f4a23-4a02-488a-9e7f-aa8aafe27cd2","username":"JSUNDesigns"},"landfield":{"country":"GL","id":"5ae6b77f-42c4-445a-9810-1b7cc5a44507","description":"Greenland 140 Kvanefjeld REE Mine"},"material":{"id":23,"name":"Titanium"}},"created_at":"2024-02-29 00:36:43.093828"}}
{"data":{"id":"38c2eaba-754c-411c-b02c-d8ff0549c4d6","activity_type":"RESOURCE_CLAIM_APPROVED","data":{"user":{"id":"f7e083f1-b179-479b-8d34-f3f6e088c20c","username":"ＬｅｄｇｅＡｎｄａｒｙΩMEGACity"},"landfield":{"country":"SE","id":"a710a6f8-0637-442b-ac67-84048f0ccfbc","description":"Kristineberg"},"material":{"id":23,"name":"Titanium"}},"created_at":"2024-02-29 00:36:54.074711"}}
{"data":{"id":"591057ee-578f-46cf-9d24-b59f1678e590","activity_type":"RESOURCE_CLAIM_APPROVED","data":{"user":{"id":"f7e083f1-b179-479b-8d34-f3f6e088c20c","username":"ＬｅｄｇｅＡｎｄａｒｙΩMEGACity"},"landfield":{"country":"SE","id":"a710a6f8-0637-442b-ac67-84048f0ccfbc","description":"Kristineberg"},"material":{"id":15,"name":"Tungsten"}},"created_at":"2024-02-29 00:37:05.481324"}}
{"data":{"id":"7d3b3135-c057-4e5c-99a6-8cb2d302b9a1","activity_type":"RESOURCE_CLAIM_APPROVED","data":{"user":{},"landfield":{"country":"ZM"},"material":{"id":30,"name":"Vanadium"}},"created_at":"2024-02-29 00:37:34.164784"}}
{"data":{"id":"770993b5-2f2e-47ae-ba9b-a290d8dc997c","activity_type":"RESOURCE_CLAIM_APPROVED","data":{"user":{},"landfield":{"country":"ZM"},"material":{"id":30,"name":"Vanadium"}},"created_at":"2024-02-29 00:38:17.163680"}}
{"data":{"id":"ee2ab3d0-127f-489d-ab32-83d802b39f3b","activity_type":"RESOURCE_CLAIM_APPROVED","data":{"user":{},"landfield":{"country":"ZM"},"material":{"id":30,"name":"Vanadium"}},"created_at":"2024-02-29 00:38:23.706139"}}
{"data":{"id":"22d03531-f24a-46ee-bb8f-58ad3d5e1f35","activity_type":"RESOURCE_CLAIM_APPROVED","data":{"user":{},"landfield":{"country":"ZM"},"material":{"id":30,"name":"Vanadium"}},"created_at":"2024-02-29 00:38:43.069562"}}
{"data":{"id":"e6d74bb1-046f-4385-99e4-62dc789f4f8a","activity_type":"RESOURCE_CLAIM_APPROVED","data":{"user":{},"landfield":{"country":"ZM"},"material":{"id":30,"name":"Vanadium"}},"created_at":"2024-02-29 00:38:53.542811"}}
{"data":{"id":"1acab461-58cb-4a19-9dfe-d6747326f016","activity_type":"RESOURCE_CLAIM_APPROVED","data":{"user":{},"landfield":{"country":"ZM"},"material":{"id":30,"name":"Vanadium"}},"created_at":"2024-02-29 00:39:18.955964"}}
{"data":{"id":"74884eb7-9d10-4b07-bc15-860d2a619dd9","activity_type":"RESOURCE_CLAIM_APPROVED","data":{"user":{},"landfield":{"country":"ZM"},"material":{"id":30,"name":"Vanadium"}},"created_at":"2024-02-29 00:39:20.539089"}}
{"data":{"created_at":"2024-02-29T00:40:06.533Z","data":{"territory":{"code":"SH-TA","name":"Tristan da Cunha","center":[-12.263909,-37.106059]},"t1":0,"t2":0,"esnc":40,"value":40,"user":{}},"id":"28704e88-f76f-44df-a40e-b61651c81a8f","activity_type":"T3_VOTE_SUBMITTED","topic":"votes","event":"activity-feed"}}
{"data":{"id":"975568b4-a1ad-4e7b-90a4-76c4b293e68c","activity_type":"BID_PLACED","data":{"buyer":{},"seller":{"id":"da8c321f-d56d-416c-8eed-f6d974d4fa08","username":"user291367codeEL5WFAHJLT"},"landfield":{}},"created_at":"2024-02-29 00:41:01.056827"}}
{"data":{"id":"e8c8f087-b0a5-4e82-a7bf-416f22a1c8b5","activity_type":"EXISTING_LANDFIELD_BOUGHT","data":{"seller":{"id":"27c5d4cc-0669-4299-93ac-94a4c96a76cc","username":"DJMarkinhosss"},"buyer":{"id":"458b6c8a-580c-409b-9d2b-5184e3222c13","username":"Lamppost"},"landfield":{"tilesCount":16,"id":"1dd44f01-3c5a-4171-bab8-fa18746191e6","location":"Saint George Basseterre, Saint George Basseterre, Saint Kitts and Nevis","country":"Saint Kitts and Nevis","landfieldTier":2}},"created_at":"2024-02-29 00:41:09.572030"}}
{"data":{"id":"8a95463a-426e-4cf2-b33e-85c91f3c92f6","activity_type":"NEW_LANDFIELD_BOUGHT","data":{"buyer":{"id":"6b6f39d3-dde7-47e7-b4fb-b31b8a52ac2b","username":"jpcastillos"},"landfield":{"tilesCount":3,"id":"f2357026-4c9b-46fa-ab0c-5016271caf2a","location":"Bogotá, Colombia","country":"Colombia","landfieldTier":2}},"created_at":"2024-02-29 00:41:22.724815"}}
{"data":{"created_at":"2024-02-29T00:41:50.743Z","data":{"landfield":{"id":"aa72496b-eee4-4c02-9d0f-c7303b4463c4","description":"💥PAGO PAGO💥WESTERN💥1xCYDROID💥"},"user":{"id":"5bb8a5e9-7a06-4fd5-b92d-7e54eeb41449","username":"fleet8080"}},"id":"242bfb52-7322-479c-bacf-a25d9d1dae36","activity_type":"EPL_PURCHASED","topic":null,"event":"activity-feed"}}
{"data":{"id":"edeccf8b-14ea-4fea-bf07-588357dd5eeb","activity_type":"EXISTING_LANDFIELD_BOUGHT","data":{"seller":{},"buyer":{},"landfield":{"tilesCount":750,"country":"Mexico","landfieldTier":3}},"created_at":"2024-02-29 00:44:16.668013"}}
{"data":{"id":"f35114a4-6c93-4e4a-88cc-27e896ba7d2a","activity_type":"BID_PLACED","data":{"buyer":{},"seller":{"id":"94abf17c-f48a-4dfb-9927-fae433ff03e4","username":"dduly12"},"landfield":{}},"created_at":"2024-02-29 00:44:19.974150"}}
{"data":{"id":"735f49f3-8082-4ca3-9ca0-27b6d9a7829f","activity_type":"EXISTING_LANDFIELD_BOUGHT","data":{"seller":{"id":"27c5d4cc-0669-4299-93ac-94a4c96a76cc","username":"DJMarkinhosss"},"buyer":{"id":"458b6c8a-580c-409b-9d2b-5184e3222c13","username":"Lamppost"},"landfield":{"tilesCount":12,"id":"f73acdc9-6ee2-46e1-a44b-19f688ae3236","location":"Huoixai, Bokeo, Laos","country":"Laos","landfieldTier":2}},"created_at":"2024-02-29 00:44:36.785886"}}
{"data":{"id":"f7bcf6d8-05f1-4bd3-b653-a577ecc200dd","activity_type":"BID_PLACED","data":{"buyer":{},"seller":{"id":"94abf17c-f48a-4dfb-9927-fae433ff03e4","username":"dduly12"},"landfield":{}},"created_at":"2024-02-29 00:44:47.086190"}}
{"data":{"id":"f78e759f-9c2e-4a6b-955c-badfeecf1e3b","activity_type":"BID_PLACED","data":{"buyer":{},"seller":{"id":"29cc328b-7198-4433-8ca8-4fc270cb5898","username":"MrSir"},"landfield":{}},"created_at":"2024-02-29 00:44:56.604441"}}
{"data":{"id":"183f60cf-69d4-41e3-9d49-054444825f9a","activity_type":"BID_PLACED","data":{"buyer":{},"seller":{"id":"94abf17c-f48a-4dfb-9927-fae433ff03e4","username":"dduly12"},"landfield":{}},"created_at":"2024-02-29 00:45:01.459303"}}
{"data":{"id":"8241f290-77a2-4805-9cba-602038c9241e","activity_type":"BID_PLACED","data":{"buyer":{},"seller":{"id":"6b9e2bea-642a-4e93-8ea3-e4c707fa0ccc","username":"TheMagnate"},"landfield":{}},"created_at":"2024-02-29 00:45:22.071254"}}
{"data":{"id":"f76fd729-0bba-488b-aa75-d36fe6315a21","activity_type":"BID_PLACED","data":{"buyer":{},"seller":{"id":"94abf17c-f48a-4dfb-9927-fae433ff03e4","username":"dduly12"},"landfield":{}},"created_at":"2024-02-29 00:45:25.127393"}}
{"data":{"id":"ebd18001-26fd-48ee-9d66-389baa6e2680","activity_type":"BID_PLACED","data":{"buyer":{},"seller":{"id":"5da5d057-d349-4ecd-b3eb-6d26f73137d3","username":"JohnnyCafone"},"landfield":{}},"created_at":"2024-02-29 00:45:36.433061"}}
{"data":{"id":"0c08155c-3be6-46db-940d-50fe9493ff86","activity_type":"BID_PLACED","data":{"buyer":{},"seller":{"id":"94abf17c-f48a-4dfb-9927-fae433ff03e4","username":"dduly12"},"landfield":{}},"created_at":"2024-02-29 00:46:14.958319"}}
{"data":{"id":"2c9788b9-353c-463f-aec5-8b1b3bf5e77e","activity_type":"BID_PLACED","data":{"buyer":{},"seller":{"id":"f1d6e45d-0986-422e-a05d-b09fa97212f1","username":"user085783"},"landfield":{}},"created_at":"2024-02-29 00:46:26.704567"}}
{"data":{"id":"5621a6c2-8dc7-4afc-a920-53149acd710d","activity_type":"BID_PLACED","data":{"buyer":{},"seller":{"id":"94abf17c-f48a-4dfb-9927-fae433ff03e4","username":"dduly12"},"landfield":{}},"created_at":"2024-02-29 00:46:41.560738"}}
{"data":{"id":"e967ade2-8aa6-4c31-bda0-f24ee28d8fa3","activity_type":"BID_PLACED","data":{"buyer":{},"seller":{"id":"f1d6e45d-0986-422e-a05d-b09fa97212f1","username":"user085783"},"landfield":{}},"created_at":"2024-02-29 00:46:59.282055"}}
{"data":{"id":"ccdbbfba-c39c-4b01-9ad7-456f2a143423","activity_type":"BID_PLACED","data":{"buyer":{},"seller":{"id":"94abf17c-f48a-4dfb-9927-fae433ff03e4","username":"dduly12"},"landfield":{}},"created_at":"2024-02-29 00:47:24.868214"}}
{"data":{"id":"09c7a46c-d412-4a2c-bce1-b99367cba050","activity_type":"BID_PLACED","data":{"buyer":{},"seller":{"id":"b067b24a-f9c3-4fd0-93a9-781a9a4fb1a1","username":"hellvete2"},"landfield":{}},"created_at":"2024-02-29 00:48:45.720545"}}
{"data":{"id":"f9f0df1c-0197-4f7c-929e-f0081159fd66","activity_type":"EXISTING_LANDFIELD_BOUGHT","data":{"seller":{},"buyer":{},"landfield":{"tilesCount":350,"country":"Mexico","landfieldTier":3}},"created_at":"2024-02-29 00:51:18.913542"}}
{"data":{"id":"236b50ab-04c4-4968-91d4-972761d734c2","activity_type":"EXISTING_LANDFIELD_BOUGHT","data":{"seller":{"id":"2499d57e-fa72-4e53-b58e-9b7091cee9de","username":"FlexEffect"},"buyer":{},"landfield":{"tilesCount":750,"country":"Mexico","landfieldTier":3}},"created_at":"2024-02-29 00:51:33.703191"}}
{"data":{"id":"caa976b6-73a6-46ed-82b5-5b713280d341","activity_type":"EXISTING_LANDFIELD_BOUGHT","data":{"seller":{"id":"d91ecae2-0107-4828-bf65-8c4572c99c24","username":"AshJ"},"buyer":{},"landfield":{"tilesCount":279,"country":"Mexico","landfieldTier":3}},"created_at":"2024-02-29 00:51:46.039678"}}
{"data":{"id":"c7c17ca0-ad7f-4ca4-a79c-92add6ad37e0","activity_type":"EXISTING_LANDFIELD_BOUGHT","data":{"seller":{"id":"58dd33e8-5c8f-4656-b2be-17c0667f0064","username":"good6"},"buyer":{},"landfield":{"tilesCount":750,"country":"Mexico","landfieldTier":3}},"created_at":"2024-02-29 00:51:57.303068"}}
{"data":{"id":"d2069923-1777-4edd-98b8-dc35daea7459","activity_type":"EXISTING_LANDFIELD_BOUGHT","data":{"seller":{"id":"6d6afc22-348a-4304-a2d8-56d5fa3592ad","username":"want16"},"buyer":{},"landfield":{"tilesCount":750,"country":"Mexico","landfieldTier":3}},"created_at":"2024-02-29 00:52:09.963223"}}
{"data":{"id":"89268056-8911-4b7b-9203-0fb264473d6e","activity_type":"EXISTING_LANDFIELD_BOUGHT","data":{"seller":{"id":"11cb6800-0069-4ad5-a7ed-e4d3927816af","username":"want15"},"buyer":{},"landfield":{"tilesCount":750,"country":"Mexico","landfieldTier":3}},"created_at":"2024-02-29 00:52:20.775233"}}
{"data":{"created_at":"2024-02-29T00:52:23.847Z","data":{"buyer":{},"jewel":{"color_name":"BLUE","is_crafted":false,"level":1,"name":"Common Prime Blue Jewel","quality_level":"COMMON"},"seller":{"id":"6b6f39d3-dde7-47e7-b4fb-b31b8a52ac2b","username":"jpcastillos"},"price":"0.03"},"id":"a2352eed-920d-4f42-9478-3a2c002187c5","activity_type":"JEWEL_BOUGHT","topic":null,"event":"activity-feed"}}
{"data":{"created_at":"2024-02-29T00:52:24.955Z","data":{"buyer":{},"jewel":{"color_name":"YELLOW","is_crafted":false,"level":1,"name":"Common Prime Yellow Jewel","quality_level":"COMMON"},"seller":{"id":"6b6f39d3-dde7-47e7-b4fb-b31b8a52ac2b","username":"jpcastillos"},"price":"0.03"},"id":"da69f26b-3032-4fe2-a17e-258c7b706691","activity_type":"JEWEL_BOUGHT","topic":null,"event":"activity-feed"}}
{"data":{"created_at":"2024-02-29T00:52:27.009Z","data":{"buyer":{},"jewel":{"color_name":"YELLOW","is_crafted":false,"level":1,"name":"Common Prime Yellow Jewel","quality_level":"COMMON"},"seller":{"id":"6b6f39d3-dde7-47e7-b4fb-b31b8a52ac2b","username":"jpcastillos"},"price":"0.03"},"id":"7d9ae310-7e11-45c0-935f-13b34bdc6cc4","activity_type":"JEWEL_BOUGHT","topic":null,"event":"activity-feed"}}
{"data":{"id":"147399cc-3072-41a1-a253-fdffeafd7bd9","activity_type":"EXISTING_LANDFIELD_BOUGHT","data":{"seller":{"id":"27c5d4cc-0669-4299-93ac-94a4c96a76cc","username":"DJMarkinhosss"},"buyer":{"id":"458b6c8a-580c-409b-9d2b-5184e3222c13","username":"Lamppost"},"landfield":{"tilesCount":5,"id":"a5bc6023-6327-46d0-bc72-0d75f5f9d023","location":"Saint George Basseterre, Saint George Basseterre, Saint Kitts and Nevis","country":"Saint Kitts and Nevis","landfieldTier":2}},"created_at":"2024-02-29 00:52:35.158488"}}
{"data":{"created_at":"2024-02-29T00:52:39.555Z","data":{"buyer":{},"jewel":{"color_name":"OCHRE","is_crafted":true,"level":3,"name":"Cracked Prime Ochre Jewel 3","quality_level":"CRACKED"},"seller":{"id":"58bd7f97-bfd9-4be2-8ca7-a95f7e3db52c","username":"RainbowDripz"},"price":"0.24"},"id":"9d538a92-0559-4461-9144-6299c6dba072","activity_type":"JEWEL_BOUGHT","topic":null,"event":"activity-feed"}}
{"data":{"created_at":"2024-02-29T00:52:40.989Z","data":{"buyer":{},"jewel":{"color_name":"OCHRE","is_crafted":true,"level":3,"name":"Cracked Prime Ochre Jewel 3","quality_level":"CRACKED"},"seller":{"id":"58bd7f97-bfd9-4be2-8ca7-a95f7e3db52c","username":"RainbowDripz"},"price":"0.24"},"id":"76a43f3b-b49a-4b2b-978e-4588cbd882f6","activity_type":"JEWEL_BOUGHT","topic":null,"event":"activity-feed"}}
{"data":{"created_at":"2024-02-29T00:52:46.879Z","data":{"buyer":{},"jewel":{"color_name":"SANDY","is_crafted":false,"level":1,"name":"Common Prime Sandy Jewel","quality_level":"COMMON"},"seller":{"id":"6b6f39d3-dde7-47e7-b4fb-b31b8a52ac2b","username":"jpcastillos"},"price":"0.03"},"id":"eb791077-6008-41b1-a09b-9dd0edc40bd9","activity_type":"JEWEL_BOUGHT","topic":null,"event":"activity-feed"}}
{"data":{"created_at":"2024-02-29T00:52:49.129Z","data":{"buyer":{},"jewel":{"color_name":"SANDY","is_crafted":false,"level":1,"name":"Common Prime Sandy Jewel","quality_level":"COMMON"},"seller":{"id":"6b6f39d3-dde7-47e7-b4fb-b31b8a52ac2b","username":"jpcastillos"},"price":"0.03"},"id":"a8e146c2-80d8-4d18-8a14-877fac80b2f5","activity_type":"JEWEL_BOUGHT","topic":null,"event":"activity-feed"}}
{"data":{"id":"eb7275a5-e205-4ee3-866c-d4554a9d4604","activity_type":"EXISTING_LANDFIELD_BOUGHT","data":{"seller":{"id":"7a5d0b45-f983-4068-af56-e10461962020","username":"YeahBuddy"},"buyer":{"id":"1ab950ea-daeb-495b-aec9-1a4c9b5d14e2","username":"juandavidpuertacardona"},"landfield":{"tilesCount":1,"id":"8c8b50d9-ca7c-440b-8731-c3da4313f018","location":"Alcornish, Capital, Bahrain","country":"Bahrain","landfieldTier":2}},"created_at":"2024-02-29 00:55:39.357394"}}
{"data":{"created_at":"2024-02-29T00:57:05.886Z","data":{"buyer":{},"jewel":{"color_name":"OCHRE","is_crafted":false,"level":1,"name":"Common Prime Ochre Jewel","quality_level":"COMMON"},"seller":{"id":"51f632e1-d19a-4974-a9cc-d57c21c10300","username":"TheRedhat"},"price":"0.04"},"id":"9375cd7e-00aa-48e5-af35-1f78d7a8b04e","activity_type":"JEWEL_BOUGHT","topic":null,"event":"activity-feed"}}
{"data":{"id":"8fbbf6df-707a-4ffd-81e5-0607b98271ea","activity_type":"BID_PLACED","data":{"buyer":{"id":"ca415b28-93da-44dd-a988-f7c5c4ced928","username":"Saints2023"},"seller":{},"landfield":{}},"created_at":"2024-02-29 00:57:19.598794"}}
{"data":{"created_at":"2024-02-29T00:57:25.310Z","data":{"buyer":{},"jewel":{"color_name":"OCHRE","is_crafted":false,"level":1,"name":"Common Prime Ochre Jewel","quality_level":"COMMON"},"seller":{},"price":"0.04"},"id":"346fab15-fab9-4bbe-87a3-cb37e46f887f","activity_type":"JEWEL_BOUGHT","topic":null,"event":"activity-feed"}}
{"data":{"id":"9e1f1477-b4a7-48b2-a8ea-7512ac54ecf0","activity_type":"EXISTING_LANDFIELD_BOUGHT","data":{"seller":{"id":"a4831a1a-e0bc-41ef-ac5f-43d255a121c0","username":"CodeAMOR"},"buyer":{"id":"1ab950ea-daeb-495b-aec9-1a4c9b5d14e2","username":"juandavidpuertacardona"},"landfield":{"tilesCount":1,"id":"225331b3-f857-4265-9c6b-36176466d335","location":"Muharraq, Bahrain","country":"Bahrain","landfieldTier":2}},"created_at":"2024-02-29 00:57:31.474523"}}
{"data":{"created_at":"2024-02-29T00:57:32.568Z","data":{"buyer":{},"jewel":{"color_name":"OCHRE","is_crafted":false,"level":1,"name":"Common Prime Ochre Jewel","quality_level":"COMMON"},"seller":{},"price":"0.04"},"id":"50826ebb-0106-4d93-8eb0-c551d8a5cb23","activity_type":"JEWEL_BOUGHT","topic":null,"event":"activity-feed"}}
{"data":{"id":"d1461bfc-5026-407c-b2c6-4f3c628370e0","activity_type":"BID_DECLINED","data":{"buyer":{"id":"c9efb8b8-1ba5-42c1-8759-1b4e61f75cab","username":"DrBuhhhh"},"seller":{"id":"21e16461-4678-4491-bd5f-6cd4ef6b0761","username":"WeLLozZz"},"landfield":{"id":"bdcb7f55-0965-4de7-9a80-334ed89ce76e","location":"Glarus, Glarus, Switzerland"}},"created_at":"2024-02-29 00:58:50.422598"}}
{"data":{"id":"3f34f150-d1ff-450c-b657-8ad9c3480436","activity_type":"EXISTING_LANDFIELD_BOUGHT","data":{"seller":{"id":"27c5d4cc-0669-4299-93ac-94a4c96a76cc","username":"DJMarkinhosss"},"buyer":{},"landfield":{"tilesCount":44,"country":"Saint Kitts and Nevis","landfieldTier":2}},"created_at":"2024-02-29 00:59:43.620731"}}
{"data":{"created_at":"2024-02-29T01:03:02.848Z","data":{"territory":{"code":"JP-32","name":"Shimane","center":[132.8519139,35.21505912]},"t1":0,"t2":0,"esnc":2,"value":2,"user":{}},"id":"d1d9eac2-6ffb-45b2-bc02-cd220982d2f8","activity_type":"T3_VOTE_SUBMITTED","topic":"votes","event":"activity-feed"}}
{"data":{"id":"0dc77828-d39b-4e58-a19f-405cb0aa143e","activity_type":"NEW_LANDFIELD_BOUGHT","data":{"buyer":{},"landfield":{"tilesCount":10,"country":"Greece","landfieldTier":2}},"created_at":"2024-02-29 01:03:34.358067"}}
{"data":{"created_at":"2024-02-29T01:03:41.726Z","data":{"material":{"id":23,"name":"Titanium"},"landfield":{"country":"PF"},"user":{}},"id":"ba434708-b190-46d5-acd8-1a82d42b0419","activity_type":"RESOURCE_CLAIM_CREATED","topic":null,"event":"activity-feed"}}
{"data":{"created_at":"2024-02-29T01:04:04.161Z","data":{"material":{"id":23,"name":"Titanium"},"landfield":{"country":"PF"},"user":{}},"id":"810949b0-2e38-4fdf-a8d5-9a6edeb2eb77","activity_type":"RESOURCE_CLAIM_CREATED","topic":null,"event":"activity-feed"}}
{"data":{"created_at":"2024-02-29T01:04:25.233Z","data":{"material":{"id":23,"name":"Titanium"},"landfield":{"country":"PF"},"user":{}},"id":"e11f9db0-f7fc-4570-8e0f-6ac16aa6ccbe","activity_type":"RESOURCE_CLAIM_CREATED","topic":null,"event":"activity-feed"}}
{"data":{"created_at":"2024-02-29T01:04:40.920Z","data":{"material":{"id":23,"name":"Titanium"},"landfield":{"country":"PF"},"user":{}},"id":"5216e747-6b14-4f3a-bd22-6c1e599472af","activity_type":"RESOURCE_CLAIM_CREATED","topic":null,"event":"activity-feed"}}
