{"data":{"created_at":"2024-04-11T00:00:23.403Z","data":{"buyer":{"id":"2f11b52a-6264-4f64-881a-32cfda864829","username":"user231022"},"jewel":{"color_name":"OCHRE","is_crafted":false,"level":1,"name":"Common Prime Ochre Jewel","quality_level":"COMMON"},"seller":{"id":"4345243d-9826-4dc8-903a-73935623664d","username":"tpgns6472"},"price":null},"id":"b09b805d-5d34-4fba-a79b-93e135082537","activity_type":"JEWEL_BOUGHT","topic":null,"event":"activity-feed"}}
{"data":{"id":"1abfe178-e865-4cd1-9002-f10ad6a9e48f","activity_type":"HOLOBUILDING_CREATED","data":{"user":{"id":"0c9bf253-ec86-49de-8d6d-7bb8d440347f","username":"hkj4410"}},"created_at":"2024-04-11 00:00:24.715512"}}
{"data":{"id":"7f25fc0f-9551-4b5f-91fd-c94fae227cfb","activity_type":"EXISTING_LANDFIELD_BOUGHT","data":{"seller":{},"buyer":{},"landfield":{"tilesCount":4,"country":"Samoa","landfieldTier":3}},"created_at":"2024-04-11 00:00:34.384296"}}
{"data":{"created_at":"2024-04-11T00:00:37.925Z","data":{"buyer":{"id":"2f11b52a-6264-4f64-881a-32cfda864829","username":"user231022"},"jewel":{"color_name":"BLUE","is_crafted":false,"level":1,"name":"Common Prime Blue Jewel","quality_level":"COMMON"},"seller":{"id":"4345243d-9826-4dc8-903a-73935623664d","username":"tpgns6472"},"price":null},"id":"72c602f8-5266-4cc1-9515-a0a3b939c454","activity_type":"JEWEL_BOUGHT","topic":null,"event":"activity-feed"}}
{"data":{"created_at":"2024-04-11T00:00:50.765Z","data":{"buyer":{"id":"6992512f-0cdb-421d-acfa-bc4c83b61eec","username":"RideTheSpiral"},"civilian":{"name":"GOD-R-G1-F1"},"seller":{"id":"c9d4a4e6-a357-4650-b2b4-06065d440c91","username":"PaulCandlesco"},"price":"0.17"},"id":"54f5ec9c-3e1d-4660-9bf5-37b13da1128b","activity_type":"CIVILIAN_BOUGHT","topic":null,"event":"activity-feed"}}
{"data":{"created_at":"2024-04-11T00:00:53.748Z","data":{"buyer":{"id":"2f11b52a-6264-4f64-881a-32cfda864829","username":"user231022"},"jewel":{"color_name":"ANTHRACITE","is_crafted":false,"level":1,"name":"Common Prime Anthracite Jewel","quality_level":"COMMON"},"seller":{"id":"4345243d-9826-4dc8-903a-73935623664d","username":"tpgns6472"},"price":null},"id":"4e118b72-9cea-4222-bb2c-51bf4b21714e","activity_type":"JEWEL_BOUGHT","topic":null,"event":"activity-feed"}}
{"data":{"created_at":"2024-04-11T00:00:59.301Z","data":{"buyer":{"id":"2f11b52a-6264-4f64-881a-32cfda864829","username":"user231022"},"jewel":{"color_name":"ANTHRACITE","is_crafted":false,"level":1,"name":"Common Prime Anthracite Jewel","quality_level":"COMMON"},"seller":{"id":"4345243d-9826-4dc8-903a-73935623664d","username":"tpgns6472"},"price":null},"id":"2a60e15c-45ec-4409-8497-9b82b417d648","activity_type":"JEWEL_BOUGHT","topic":null,"event":"activity-feed"}}
{"data":{"id":"a3d1946c-45da-417a-a558-63a2a56b100d","activity_type":"HOLOBUILDING_CREATED","data":{"user":{"id":"0c9bf253-ec86-49de-8d6d-7bb8d440347f","username":"hkj4410"}},"created_at":"2024-04-11 00:01:15.651018"}}
{"data":{"created_at":"2024-04-11T00:01:16.127Z","data":{"buyer":{"id":"2f11b52a-6264-4f64-881a-32cfda864829","username":"user231022"},"jewel":{"color_name":"SANDY","is_crafted":false,"level":1,"name":"Common Prime Sandy Jewel","quality_level":"COMMON"},"seller":{"id":"4345243d-9826-4dc8-903a-73935623664d","username":"tpgns6472"},"price":null},"id":"65ce95fa-f6e8-46a0-bdad-55659ad206d8","activity_type":"JEWEL_BOUGHT","topic":null,"event":"activity-feed"}}
{"data":{"created_at":"2024-04-11T00:01:18.004Z","data":{"buyer":{"id":"6992512f-0cdb-421d-acfa-bc4c83b61eec","username":"RideTheSpiral"},"civilian":{"name":"DSP-R-G1-F1"},"seller":{"id":"c9d4a4e6-a357-4650-b2b4-06065d440c91","username":"PaulCandlesco"},"price":"0.17"},"id":"3a7e6ceb-af98-4848-ac3d-2fb7283349de","activity_type":"CIVILIAN_BOUGHT","topic":null,"event":"activity-feed"}}
{"data":{"id":"c780403a-5fc1-4487-a531-a622f994fff1","activity_type":"HOLOBUILDING_CREATED","data":{"user":{"id":"4345243d-9826-4dc8-903a-73935623664d","username":"tpgns6472"}},"created_at":"2024-04-11 00:01:36.135822"}}
{"data":{"id":"1d8c2fed-6e41-4e31-bf42-8e5db163df86","activity_type":"EXISTING_LANDFIELD_BOUGHT","data":{"seller":{},"buyer":{},"landfield":{"tilesCount":4,"country":"Samoa","landfieldTier":3}},"created_at":"2024-04-11 00:01:47.361213"}}
{"data":{"id":"f1318d49-1d74-4fc0-86df-2ce096af02ee","activity_type":"EXISTING_LANDFIELD_BOUGHT","data":{"seller":{"id":"a74468c8-9c32-42b1-b74f-4cf588026d94","username":"Netzach"},"buyer":{"id":"dd5894ca-6076-49ea-88d2-63a73607c0da","username":"user324309"},"landfield":{"tilesCount":3,"id":"e5e34a4d-9510-44ef-ac83-d7eaa5c203b3","location":"Tembagapura, Mimika, Papua, Indonesia","country":"Indonesia","landfieldTier":1}},"created_at":"2024-04-11 00:01:48.365668"}}
{"data":{"id":"2f2ef631-ead6-468a-ad37-d19c3eebb83e","activity_type":"HOLOBUILDING_CREATED","data":{"user":{"id":"2eab812e-5f89-42b9-be1b-7d98672a21ac","username":"Senya"}},"created_at":"2024-04-11 00:02:04.175693"}}
{"data":{"id":"59f63ee5-faa3-49f0-ad9f-14a64027e339","activity_type":"HOLOBUILDING_CREATED","data":{"user":{"id":"0c9bf253-ec86-49de-8d6d-7bb8d440347f","username":"hkj4410"}},"created_at":"2024-04-11 00:02:05.701178"}}
{"data":{"created_at":"2024-04-11T00:02:08.016Z","data":{"buyer":{"id":"6992512f-0cdb-421d-acfa-bc4c83b61eec","username":"RideTheSpiral"},"civilian":{"name":"DKQ-R-G1-F1"},"seller":{},"price":"0.21"},"id":"407a37f0-cf2a-4992-9f13-c34288689272","activity_type":"CIVILIAN_BOUGHT","topic":null,"event":"activity-feed"}}
{"data":{"id":"a2a209f4-0b86-4e00-9893-04bc1eec3cae","activity_type":"NEW_LANDFIELD_BOUGHT","data":{"buyer":{},"landfield":{"tilesCount":16,"country":"United States of America","landfieldTier":3}},"created_at":"2024-04-11 00:02:32.952674"}}
{"data":{"id":"7537e2f3-d82b-4c28-9a17-3b94178d9c04","activity_type":"HOLOBUILDING_CREATED","data":{"user":{}},"created_at":"2024-04-11 00:02:39.323009"}}
{"data":{"created_at":"2024-04-11T00:02:42.747Z","data":{"buyer":{"id":"6992512f-0cdb-421d-acfa-bc4c83b61eec","username":"RideTheSpiral"},"civilian":{"name":"TZV-R-G1-F1"},"seller":{"id":"d243f839-5502-4431-9fe1-607fed0a5729","username":"Kief420"},"price":"0.22"},"id":"aaf5f3d5-6ba6-4a8f-98c1-443ec23f8694","activity_type":"CIVILIAN_BOUGHT","topic":null,"event":"activity-feed"}}
{"data":{"id":"6fc8594b-6cb8-481f-a448-4ab14f15459f","activity_type":"HOLOBUILDING_CREATED","data":{"user":{"id":"0c9bf253-ec86-49de-8d6d-7bb8d440347f","username":"hkj4410"}},"created_at":"2024-04-11 00:02:50.599107"}}
{"data":{"id":"2e29e46d-73a3-496f-a32c-670238108f3f","activity_type":"EXISTING_LANDFIELD_BOUGHT","data":{"seller":{},"buyer":{},"landfield":{"tilesCount":4,"country":"Samoa","landfieldTier":3}},"created_at":"2024-04-11 00:02:55.207239"}}
{"data":{"created_at":"2024-04-11T00:02:56.650Z","data":{"buyer":{"id":"9f2c2c31-bbf6-4d40-a61a-9873597f756e","username":"VanillaBryceSHP"},"droid":{"name":"KX339"},"seller":{},"price":"4.45"},"id":"cb2c2a8f-b0b1-47da-96d6-5c3ddac7b91d","activity_type":"DROID_BOUGHT","topic":null,"event":"activity-feed"}}
{"data":{"created_at":"2024-04-11T00:03:07.633Z","data":{"buyer":{"id":"6992512f-0cdb-421d-acfa-bc4c83b61eec","username":"RideTheSpiral"},"civilian":{"name":"TDE-R-G1-F1"},"seller":{"id":"d243f839-5502-4431-9fe1-607fed0a5729","username":"Kief420"},"price":"0.22"},"id":"b9f9f91c-9bfd-4a04-be8f-70cd019ba749","activity_type":"CIVILIAN_BOUGHT","topic":null,"event":"activity-feed"}}
{"data":{"created_at":"2024-04-11T00:03:15.211Z","data":{"buyer":{"id":"9f2c2c31-bbf6-4d40-a61a-9873597f756e","username":"VanillaBryceSHP"},"droid":{"name":"PO513"},"seller":{},"price":"4.45"},"id":"bdaf5212-fdc6-404c-a483-a06799908132","activity_type":"DROID_BOUGHT","topic":null,"event":"activity-feed"}}
{"data":{"id":"26bbfc53-a288-4690-853d-95c09ca9e3cb","activity_type":"EXISTING_LANDFIELD_BOUGHT","data":{"seller":{},"buyer":{},"landfield":{"tilesCount":4,"country":"Samoa","landfieldTier":3}},"created_at":"2024-04-11 00:03:25.625295"}}
{"data":{"id":"d4f38060-a81f-4dd2-8ded-960554ba76b4","activity_type":"HOLOBUILDING_CREATED","data":{"user":{"id":"2eab812e-5f89-42b9-be1b-7d98672a21ac","username":"Senya"}},"created_at":"2024-04-11 00:03:25.851249"}}
{"data":{"created_at":"2024-04-11T00:03:26.479Z","data":{"priming":["Iron"],"landfield":{"id":"ccba09c3-d896-45b9-ac0f-abb3d6362da9","description":"Suminoe Ward (住之江区), 大阪市, Osaka, Japan","country":"JP"},"user":{"id":"85c750d8-93f6-4e71-bc53-1b7a509d7a75","username":"Spectrum3900"}},"id":"5f4b402a-8192-41f1-aa4c-52202210b846","activity_type":"DROID_FUSED","topic":null,"event":"activity-feed"}}
{"data":{"id":"a01c9603-deb5-438f-8aa3-79520d8913d3","activity_type":"HOLOBUILDING_CREATED","data":{"user":{"id":"0c9bf253-ec86-49de-8d6d-7bb8d440347f","username":"hkj4410"}},"created_at":"2024-04-11 00:03:36.045174"}}
{"data":{"id":"091feced-f335-4c2a-8660-c251cac0e2d9","activity_type":"HOLOBUILDING_CREATED","data":{"user":{}},"created_at":"2024-04-11 00:03:39.382883"}}
{"data":{"id":"732b6dd8-bb06-4c5d-befa-51bafd71afc1","activity_type":"EXISTING_LANDFIELD_BOUGHT","data":{"seller":{},"buyer":{},"landfield":{"tilesCount":4,"country":"Samoa","landfieldTier":3}},"created_at":"2024-04-11 00:03:52.739265"}}
{"data":{"id":"d0b85aaa-bab2-488c-bb07-6d493a43d57e","activity_type":"EXISTING_LANDFIELD_BOUGHT","data":{"seller":{},"buyer":{},"landfield":{"tilesCount":4,"country":"Samoa","landfieldTier":3}},"created_at":"2024-04-11 00:04:20.717004"}}
{"data":{"id":"c52cccd9-19ee-4d02-be3c-efce6ec0493f","activity_type":"HOLOBUILDING_CREATED","data":{"user":{}},"created_at":"2024-04-11 00:04:25.160021"}}
{"data":{"id":"d0923174-743d-4d47-99b8-c86217bb3d11","activity_type":"HOLOBUILDING_CREATED","data":{"user":{}},"created_at":"2024-04-11 00:04:41.754733"}}
{"data":{"id":"16ebfc08-bdb1-48e7-a2fb-78cf2291f33c","activity_type":"HOLOBUILDING_CREATED","data":{"user":{"id":"0c9bf253-ec86-49de-8d6d-7bb8d440347f","username":"hkj4410"}},"created_at":"2024-04-11 00:04:43.954989"}}
{"data":{"id":"31b03cc5-5e6c-4198-83ae-efa2977731bc","activity_type":"EXISTING_LANDFIELD_BOUGHT","data":{"seller":{},"buyer":{},"landfield":{"tilesCount":4,"country":"Samoa","landfieldTier":3}},"created_at":"2024-04-11 00:04:49.389644"}}
